<?xml version="1.0" encoding="UTF-8"?>
<testsuite xmlns:xsi="http://www.w3.org/2001/XMLSchema-instance" xsi:noNamespaceSchemaLocation="https://maven.apache.org/surefire/maven-surefire-plugin/xsd/surefire-test-report.xsd" name="org.elasticsearch.index.analysis.VietnameseAnalysisIntegrationTests" time="1,208.978" tests="3" errors="3" skipped="0" failures="0">
  <properties>
    <property name="java.specification.version" value="17"/>
    <property name="sun.jnu.encoding" value="UTF-8"/>
    <property name="java.class.path" value="/usr/share/maven/boot/plexus-classworlds-2.x.jar"/>
    <property name="java.vm.vendor" value="Private Build"/>
    <property name="sun.arch.data.model" value="64"/>
    <property name="java.vendor.url" value="Unknown"/>
    <property name="user.timezone" value="Asia/Ho_Chi_Minh"/>
    <property name="maven.conf" value="/usr/share/maven/conf"/>
    <property name="java.vm.specification.version" value="17"/>
    <property name="os.name" value="Linux"/>
    <property name="sun.java.launcher" value="SUN_STANDARD"/>
    <property name="user.country" value="US"/>
    <property name="sun.boot.library.path" value="/usr/lib/jvm/java-17-openjdk-amd64/lib"/>
    <property name="sun.java.command" value="org.codehaus.plexus.classworlds.launcher.Launcher package"/>
    <property name="jdk.debug" value="release"/>
    <property name="maven.home" value="/usr/share/maven"/>
    <property name="sun.cpu.endian" value="little"/>
    <property name="user.home" value="/home/lph77"/>
    <property name="user.language" value="en"/>
    <property name="sun.stderr.encoding" value="UTF-8"/>
    <property name="java.specification.vendor" value="Oracle Corporation"/>
    <property name="java.version.date" value="2023-01-17"/>
    <property name="java.home" value="/usr/lib/jvm/java-17-openjdk-amd64"/>
    <property name="file.separator" value="/"/>
    <property name="java.vm.compressedOopsMode" value="Zero based"/>
    <property name="line.separator" value="&#10;"/>
    <property name="sun.stdout.encoding" value="UTF-8"/>
    <property name="java.vm.specification.vendor" value="Oracle Corporation"/>
    <property name="java.specification.name" value="Java Platform API Specification"/>
    <property name="sun.management.compiler" value="HotSpot 64-Bit Tiered Compilers"/>
    <property name="java.runtime.version" value="17.0.6+10-Ubuntu-0ubuntu122.04"/>
    <property name="user.name" value="lph77"/>
    <property name="path.separator" value=":"/>
    <property name="os.version" value="5.19.0-38-generic"/>
    <property name="java.runtime.name" value="OpenJDK Runtime Environment"/>
    <property name="file.encoding" value="UTF-8"/>
    <property name="guice.disable.misplaced.annotation.check" value="true"/>
    <property name="java.vm.name" value="OpenJDK 64-Bit Server VM"/>
    <property name="java.vendor.url.bug" value="Unknown"/>
    <property name="java.io.tmpdir" value="/tmp"/>
    <property name="java.version" value="17.0.6"/>
    <property name="user.dir" value="/home/lph77/Documents/GitHub/elasticsearch-analysis-vietnamese"/>
    <property name="os.arch" value="amd64"/>
    <property name="maven.multiModuleProjectDirectory" value="/home/lph77/Documents/GitHub/elasticsearch-analysis-vietnamese"/>
    <property name="java.vm.specification.name" value="Java Virtual Machine Specification"/>
    <property name="native.encoding" value="UTF-8"/>
    <property name="java.library.path" value="/usr/java/packages/lib:/usr/lib/x86_64-linux-gnu/jni:/lib/x86_64-linux-gnu:/usr/lib/x86_64-linux-gnu:/usr/lib/jni:/lib:/usr/lib"/>
    <property name="java.vm.info" value="mixed mode, sharing"/>
    <property name="java.vendor" value="Private Build"/>
    <property name="java.vm.version" value="17.0.6+10-Ubuntu-0ubuntu122.04"/>
    <property name="classworlds.conf" value="/usr/share/maven/bin/m2.conf"/>
    <property name="sun.io.unicode.encoding" value="UnicodeLittle"/>
    <property name="library.jansi.path" value="/usr/share/maven/lib/jansi-native"/>
    <property name="java.class.version" value="61.0"/>
  </properties>
  <testcase name="testVietnameseAnalyzer" classname="org.elasticsearch.index.analysis.VietnameseAnalysisIntegrationTests" time="1,200.058">
    <error message="Test abandoned because suite timeout was reached." type="java.lang.Exception">java.lang.Exception: Test abandoned because suite timeout was reached.
</error>
    <system-out><![CDATA[[2023-04-18T03:49:08,396][INFO ][o.e.i.a.VietnameseAnalysisIntegrationTests] [testVietnameseAnalyzer] before test
[2023-04-18T03:49:08,400][INFO ][o.e.i.a.VietnameseAnalysisIntegrationTests] [testVietnameseAnalyzer] [VietnameseAnalysisIntegrationTests#testVietnameseAnalyzer]: setting up test
[2023-04-18T03:49:08,420][INFO ][o.e.t.InternalTestCluster] [testVietnameseAnalyzer] Setup InternalTestCluster [SUITE-TEST_WORKER_VM=[--not-gradle--]-CLUSTER_SEED=[2570247042051784263]-HASH=[50BF6099C1C]-cluster] with seed [23AB5A11267EBE47] using [1] dedicated masters, [3] (data) nodes and [1] coord only nodes (master nodes are [auto-managed])
[2023-04-18T03:49:08,537][INFO ][o.e.n.Node               ] [testVietnameseAnalyzer] version[8.7.0], pid[43273], build[unknown/09520b59b6bc1057340b55750186466ea715e30e/2023-03-27T16:31:09.816451435Z], OS[Linux/5.19.0-38-generic/amd64], JVM[Private Build/OpenJDK 64-Bit Server VM/17.0.6/17.0.6+10-Ubuntu-0ubuntu122.04]
[2023-04-18T03:49:08,537][INFO ][o.e.n.Node               ] [testVietnameseAnalyzer] JVM home [/usr/lib/jvm/java-17-openjdk-amd64], using bundled JDK [false]
[2023-04-18T03:49:08,537][INFO ][o.e.n.Node               ] [testVietnameseAnalyzer] JVM arguments []
[2023-04-18T03:49:08,539][WARN ][o.e.d.n.Node             ] [testVietnameseAnalyzer] data_stream.dataset="deprecation.elasticsearch" data_stream.namespace="default" data_stream.type="logs" elasticsearch.event.category="settings" event.code="shared-data-path" message="setting [path.shared_data] is deprecated and will be removed in a future release"
[2023-04-18T03:49:08,576][INFO ][o.e.p.PluginsService     ] [testVietnameseAnalyzer] no modules loaded
[2023-04-18T03:49:08,576][INFO ][o.e.p.PluginsService     ] [testVietnameseAnalyzer] no plugins loaded
[2023-04-18T03:49:08,830][INFO ][o.e.e.NodeEnvironment    ] [testVietnameseAnalyzer] using [1] data paths, mounts [[/ (/dev/nvme0n1p6)]], net usable_space [42.3gb], net total_space [148.9gb], types [ext4]
[2023-04-18T03:49:08,830][INFO ][o.e.e.NodeEnvironment    ] [testVietnameseAnalyzer] heap size [7.6gb], compressed ordinary object pointers [true]
[2023-04-18T03:49:08,835][INFO ][o.e.n.Node               ] [testVietnameseAnalyzer] node name [node_s0], node ID [2AzSWawmQwCQN2-v067W1w], cluster name [SUITE-TEST_WORKER_VM=[--not-gradle--]-CLUSTER_SEED=[2570247042051784263]-HASH=[50BF6099C1C]-cluster], roles [remote_cluster_client, ingest, transform, ml, master]
[2023-04-18T03:49:09,299][INFO ][o.e.t.n.NettyAllocator   ] [testVietnameseAnalyzer] creating NettyAllocator with the following configs: [name=elasticsearch_configured, chunk_size=1mb, suggested_max_allocation_size=1mb, factors={es.unsafe.use_netty_default_chunk_and_page_size=false, g1gc_enabled=true, g1gc_region_size=4mb}]
[2023-04-18T03:49:09,311][INFO ][o.e.i.r.RecoverySettings ] [testVietnameseAnalyzer] using rate limit [89mb] with [default=89mb, read=0b, write=0b, max=0b]
[2023-04-18T03:49:09,335][INFO ][o.e.d.DiscoveryModule    ] [testVietnameseAnalyzer] using discovery type [multi-node] and seed hosts providers [settings, file]
[2023-04-18T03:49:09,646][INFO ][o.e.n.Node               ] [testVietnameseAnalyzer] initialized
[2023-04-18T03:49:09,649][INFO ][o.e.n.Node               ] [testVietnameseAnalyzer] version[8.7.0], pid[43273], build[unknown/09520b59b6bc1057340b55750186466ea715e30e/2023-03-27T16:31:09.816451435Z], OS[Linux/5.19.0-38-generic/amd64], JVM[Private Build/OpenJDK 64-Bit Server VM/17.0.6/17.0.6+10-Ubuntu-0ubuntu122.04]
[2023-04-18T03:49:09,649][INFO ][o.e.n.Node               ] [testVietnameseAnalyzer] JVM home [/usr/lib/jvm/java-17-openjdk-amd64], using bundled JDK [false]
[2023-04-18T03:49:09,649][INFO ][o.e.n.Node               ] [testVietnameseAnalyzer] JVM arguments []
[2023-04-18T03:49:09,649][WARN ][o.e.d.n.Node             ] [testVietnameseAnalyzer] data_stream.dataset="deprecation.elasticsearch" data_stream.namespace="default" data_stream.type="logs" elasticsearch.event.category="settings" event.code="shared-data-path" message="setting [path.shared_data] is deprecated and will be removed in a future release"
[2023-04-18T03:49:09,661][INFO ][o.e.p.PluginsService     ] [testVietnameseAnalyzer] no modules loaded
[2023-04-18T03:49:09,661][INFO ][o.e.p.PluginsService     ] [testVietnameseAnalyzer] no plugins loaded
[2023-04-18T03:49:09,669][INFO ][o.e.e.NodeEnvironment    ] [testVietnameseAnalyzer] using [1] data paths, mounts [[/ (/dev/nvme0n1p6)]], net usable_space [42.3gb], net total_space [148.9gb], types [ext4]
[2023-04-18T03:49:09,670][INFO ][o.e.e.NodeEnvironment    ] [testVietnameseAnalyzer] heap size [7.6gb], compressed ordinary object pointers [true]
[2023-04-18T03:49:09,671][INFO ][o.e.n.Node               ] [testVietnameseAnalyzer] node name [node_s1], node ID [MafrIhJdSnCvuux_pDLlwQ], cluster name [SUITE-TEST_WORKER_VM=[--not-gradle--]-CLUSTER_SEED=[2570247042051784263]-HASH=[50BF6099C1C]-cluster], roles [data_hot, remote_cluster_client, ingest, data, data_frozen, data_warm, data_cold, transform, ml, data_content]
[2023-04-18T03:49:09,689][INFO ][o.e.i.r.RecoverySettings ] [testVietnameseAnalyzer] using rate limit [40mb] with [default=40mb, read=0b, write=0b, max=0b]
[2023-04-18T03:49:09,691][INFO ][o.e.d.DiscoveryModule    ] [testVietnameseAnalyzer] using discovery type [multi-node] and seed hosts providers [settings, file]
[2023-04-18T03:49:09,723][INFO ][o.e.n.Node               ] [testVietnameseAnalyzer] initialized
[2023-04-18T03:49:09,725][INFO ][o.e.n.Node               ] [testVietnameseAnalyzer] version[8.7.0], pid[43273], build[unknown/09520b59b6bc1057340b55750186466ea715e30e/2023-03-27T16:31:09.816451435Z], OS[Linux/5.19.0-38-generic/amd64], JVM[Private Build/OpenJDK 64-Bit Server VM/17.0.6/17.0.6+10-Ubuntu-0ubuntu122.04]
[2023-04-18T03:49:09,725][INFO ][o.e.n.Node               ] [testVietnameseAnalyzer] JVM home [/usr/lib/jvm/java-17-openjdk-amd64], using bundled JDK [false]
[2023-04-18T03:49:09,725][INFO ][o.e.n.Node               ] [testVietnameseAnalyzer] JVM arguments []
[2023-04-18T03:49:09,726][WARN ][o.e.d.n.Node             ] [testVietnameseAnalyzer] data_stream.dataset="deprecation.elasticsearch" data_stream.namespace="default" data_stream.type="logs" elasticsearch.event.category="settings" event.code="shared-data-path" message="setting [path.shared_data] is deprecated and will be removed in a future release"
[2023-04-18T03:49:09,737][INFO ][o.e.p.PluginsService     ] [testVietnameseAnalyzer] no modules loaded
[2023-04-18T03:49:09,737][INFO ][o.e.p.PluginsService     ] [testVietnameseAnalyzer] no plugins loaded
[2023-04-18T03:49:09,745][INFO ][o.e.e.NodeEnvironment    ] [testVietnameseAnalyzer] using [1] data paths, mounts [[/ (/dev/nvme0n1p6)]], net usable_space [42.3gb], net total_space [148.9gb], types [ext4]
[2023-04-18T03:49:09,745][INFO ][o.e.e.NodeEnvironment    ] [testVietnameseAnalyzer] heap size [7.6gb], compressed ordinary object pointers [true]
[2023-04-18T03:49:09,747][INFO ][o.e.n.Node               ] [testVietnameseAnalyzer] node name [node_s2], node ID [ktHToHNZREW2s79yZWmIhg], cluster name [SUITE-TEST_WORKER_VM=[--not-gradle--]-CLUSTER_SEED=[2570247042051784263]-HASH=[50BF6099C1C]-cluster], roles [data_hot, remote_cluster_client, ingest, data, data_frozen, data_warm, data_cold, transform, ml, data_content]
[2023-04-18T03:49:09,762][INFO ][o.e.i.r.RecoverySettings ] [testVietnameseAnalyzer] using rate limit [35mb] with [default=35mb, read=0b, write=0b, max=0b]
[2023-04-18T03:49:09,763][INFO ][o.e.d.DiscoveryModule    ] [testVietnameseAnalyzer] using discovery type [multi-node] and seed hosts providers [settings, file]
[2023-04-18T03:49:09,780][INFO ][o.e.n.Node               ] [testVietnameseAnalyzer] initialized
[2023-04-18T03:49:09,782][INFO ][o.e.n.Node               ] [testVietnameseAnalyzer] version[8.7.0], pid[43273], build[unknown/09520b59b6bc1057340b55750186466ea715e30e/2023-03-27T16:31:09.816451435Z], OS[Linux/5.19.0-38-generic/amd64], JVM[Private Build/OpenJDK 64-Bit Server VM/17.0.6/17.0.6+10-Ubuntu-0ubuntu122.04]
[2023-04-18T03:49:09,782][INFO ][o.e.n.Node               ] [testVietnameseAnalyzer] JVM home [/usr/lib/jvm/java-17-openjdk-amd64], using bundled JDK [false]
[2023-04-18T03:49:09,782][INFO ][o.e.n.Node               ] [testVietnameseAnalyzer] JVM arguments []
[2023-04-18T03:49:09,782][WARN ][o.e.d.n.Node             ] [testVietnameseAnalyzer] data_stream.dataset="deprecation.elasticsearch" data_stream.namespace="default" data_stream.type="logs" elasticsearch.event.category="settings" event.code="shared-data-path" message="setting [path.shared_data] is deprecated and will be removed in a future release"
[2023-04-18T03:49:09,796][INFO ][o.e.p.PluginsService     ] [testVietnameseAnalyzer] no modules loaded
[2023-04-18T03:49:09,796][INFO ][o.e.p.PluginsService     ] [testVietnameseAnalyzer] no plugins loaded
[2023-04-18T03:49:09,811][INFO ][o.e.e.NodeEnvironment    ] [testVietnameseAnalyzer] using [1] data paths, mounts [[/ (/dev/nvme0n1p6)]], net usable_space [42.3gb], net total_space [148.9gb], types [ext4]
[2023-04-18T03:49:09,812][INFO ][o.e.e.NodeEnvironment    ] [testVietnameseAnalyzer] heap size [7.6gb], compressed ordinary object pointers [true]
[2023-04-18T03:49:09,814][INFO ][o.e.n.Node               ] [testVietnameseAnalyzer] node name [node_s3], node ID [pu8cUje4SFyvGxGaYScq5A], cluster name [SUITE-TEST_WORKER_VM=[--not-gradle--]-CLUSTER_SEED=[2570247042051784263]-HASH=[50BF6099C1C]-cluster], roles [data_hot, remote_cluster_client, ingest, data, data_frozen, data_warm, data_cold, transform, ml, data_content]
[2023-04-18T03:49:09,837][INFO ][o.e.i.r.RecoverySettings ] [testVietnameseAnalyzer] using rate limit [27mb] with [default=27mb, read=0b, write=0b, max=0b]
[2023-04-18T03:49:09,838][INFO ][o.e.d.DiscoveryModule    ] [testVietnameseAnalyzer] using discovery type [multi-node] and seed hosts providers [settings, file]
[2023-04-18T03:49:09,863][INFO ][o.e.n.Node               ] [testVietnameseAnalyzer] initialized
[2023-04-18T03:49:09,865][INFO ][o.e.n.Node               ] [testVietnameseAnalyzer] version[8.7.0], pid[43273], build[unknown/09520b59b6bc1057340b55750186466ea715e30e/2023-03-27T16:31:09.816451435Z], OS[Linux/5.19.0-38-generic/amd64], JVM[Private Build/OpenJDK 64-Bit Server VM/17.0.6/17.0.6+10-Ubuntu-0ubuntu122.04]
[2023-04-18T03:49:09,865][INFO ][o.e.n.Node               ] [testVietnameseAnalyzer] JVM home [/usr/lib/jvm/java-17-openjdk-amd64], using bundled JDK [false]
[2023-04-18T03:49:09,865][INFO ][o.e.n.Node               ] [testVietnameseAnalyzer] JVM arguments []
[2023-04-18T03:49:09,865][WARN ][o.e.d.n.Node             ] [testVietnameseAnalyzer] data_stream.dataset="deprecation.elasticsearch" data_stream.namespace="default" data_stream.type="logs" elasticsearch.event.category="settings" event.code="shared-data-path" message="setting [path.shared_data] is deprecated and will be removed in a future release"
[2023-04-18T03:49:09,878][INFO ][o.e.p.PluginsService     ] [testVietnameseAnalyzer] no modules loaded
[2023-04-18T03:49:09,878][INFO ][o.e.p.PluginsService     ] [testVietnameseAnalyzer] no plugins loaded
[2023-04-18T03:49:09,888][INFO ][o.e.e.NodeEnvironment    ] [testVietnameseAnalyzer] using [1] data paths, mounts [[/ (/dev/nvme0n1p6)]], net usable_space [42.3gb], net total_space [148.9gb], types [ext4]
[2023-04-18T03:49:09,888][INFO ][o.e.e.NodeEnvironment    ] [testVietnameseAnalyzer] heap size [7.6gb], compressed ordinary object pointers [true]
[2023-04-18T03:49:09,890][INFO ][o.e.n.Node               ] [testVietnameseAnalyzer] node name [node_s4], node ID [jb2efyFGRR2K3EqwPbq94w], cluster name [SUITE-TEST_WORKER_VM=[--not-gradle--]-CLUSTER_SEED=[2570247042051784263]-HASH=[50BF6099C1C]-cluster], roles []
[2023-04-18T03:49:09,903][INFO ][o.e.i.r.RecoverySettings ] [testVietnameseAnalyzer] using rate limit [181mb] with [default=181mb, read=0b, write=0b, max=0b]
[2023-04-18T03:49:09,904][INFO ][o.e.d.DiscoveryModule    ] [testVietnameseAnalyzer] using discovery type [multi-node] and seed hosts providers [settings, file]
[2023-04-18T03:49:09,924][INFO ][o.e.n.Node               ] [testVietnameseAnalyzer] initialized
[2023-04-18T03:49:09,928][INFO ][o.e.n.Node               ] [[test_SUITE-TEST_WORKER_VM=[--not-gradle--]-CLUSTER_SEED=[2570247042051784263]-HASH=[50BF6099C1C]-cluster[T#3]]] starting ...
[2023-04-18T03:49:09,928][INFO ][o.e.n.Node               ] [[test_SUITE-TEST_WORKER_VM=[--not-gradle--]-CLUSTER_SEED=[2570247042051784263]-HASH=[50BF6099C1C]-cluster[T#4]]] starting ...
[2023-04-18T03:49:09,928][INFO ][o.e.n.Node               ] [[test_SUITE-TEST_WORKER_VM=[--not-gradle--]-CLUSTER_SEED=[2570247042051784263]-HASH=[50BF6099C1C]-cluster[T#1]]] starting ...
[2023-04-18T03:49:09,928][INFO ][o.e.n.Node               ] [[test_SUITE-TEST_WORKER_VM=[--not-gradle--]-CLUSTER_SEED=[2570247042051784263]-HASH=[50BF6099C1C]-cluster[T#2]]] starting ...
[2023-04-18T03:49:09,928][INFO ][o.e.n.Node               ] [[test_SUITE-TEST_WORKER_VM=[--not-gradle--]-CLUSTER_SEED=[2570247042051784263]-HASH=[50BF6099C1C]-cluster[T#5]]] starting ...
[2023-04-18T03:49:10,016][INFO ][o.e.t.TransportService   ] [[test_SUITE-TEST_WORKER_VM=[--not-gradle--]-CLUSTER_SEED=[2570247042051784263]-HASH=[50BF6099C1C]-cluster[T#5]]] publish_address {127.0.0.1:13303}, bound_addresses {[::1]:13305}, {127.0.0.1:13303}
[2023-04-18T03:49:10,016][INFO ][o.e.t.TransportService   ] [[test_SUITE-TEST_WORKER_VM=[--not-gradle--]-CLUSTER_SEED=[2570247042051784263]-HASH=[50BF6099C1C]-cluster[T#3]]] publish_address {127.0.0.1:13301}, bound_addresses {[::1]:13304}, {127.0.0.1:13301}
[2023-04-18T03:49:10,016][INFO ][o.e.t.TransportService   ] [[test_SUITE-TEST_WORKER_VM=[--not-gradle--]-CLUSTER_SEED=[2570247042051784263]-HASH=[50BF6099C1C]-cluster[T#2]]] publish_address {127.0.0.1:13302}, bound_addresses {[::1]:13302}, {127.0.0.1:13302}
[2023-04-18T03:49:10,016][INFO ][o.e.t.TransportService   ] [[test_SUITE-TEST_WORKER_VM=[--not-gradle--]-CLUSTER_SEED=[2570247042051784263]-HASH=[50BF6099C1C]-cluster[T#4]]] publish_address {127.0.0.1:13304}, bound_addresses {[::1]:13303}, {127.0.0.1:13304}
[2023-04-18T03:49:10,016][INFO ][o.e.t.TransportService   ] [[test_SUITE-TEST_WORKER_VM=[--not-gradle--]-CLUSTER_SEED=[2570247042051784263]-HASH=[50BF6099C1C]-cluster[T#1]]] publish_address {127.0.0.1:13305}, bound_addresses {[::1]:13301}, {127.0.0.1:13305}
[2023-04-18T03:49:10,139][INFO ][o.e.c.c.ClusterBootstrapService] [[test_SUITE-TEST_WORKER_VM=[--not-gradle--]-CLUSTER_SEED=[2570247042051784263]-HASH=[50BF6099C1C]-cluster[T#1]]] this node has not joined a bootstrapped cluster yet; [cluster.initial_master_nodes] is set to [node_s0]
[2023-04-18T03:49:10,139][INFO ][o.e.c.c.ClusterBootstrapService] [[test_SUITE-TEST_WORKER_VM=[--not-gradle--]-CLUSTER_SEED=[2570247042051784263]-HASH=[50BF6099C1C]-cluster[T#3]]] this node has not joined a bootstrapped cluster yet; [cluster.initial_master_nodes] is set to []
[2023-04-18T03:49:10,139][INFO ][o.e.c.c.ClusterBootstrapService] [[test_SUITE-TEST_WORKER_VM=[--not-gradle--]-CLUSTER_SEED=[2570247042051784263]-HASH=[50BF6099C1C]-cluster[T#4]]] this node has not joined a bootstrapped cluster yet; [cluster.initial_master_nodes] is set to []
[2023-04-18T03:49:10,140][INFO ][o.e.c.c.ClusterBootstrapService] [[test_SUITE-TEST_WORKER_VM=[--not-gradle--]-CLUSTER_SEED=[2570247042051784263]-HASH=[50BF6099C1C]-cluster[T#5]]] this node has not joined a bootstrapped cluster yet; [cluster.initial_master_nodes] is set to []
[2023-04-18T03:49:10,140][INFO ][o.e.c.c.ClusterBootstrapService] [[test_SUITE-TEST_WORKER_VM=[--not-gradle--]-CLUSTER_SEED=[2570247042051784263]-HASH=[50BF6099C1C]-cluster[T#2]]] this node has not joined a bootstrapped cluster yet; [cluster.initial_master_nodes] is set to []
[2023-04-18T03:49:10,146][INFO ][o.e.c.c.Coordinator      ] [[test_SUITE-TEST_WORKER_VM=[--not-gradle--]-CLUSTER_SEED=[2570247042051784263]-HASH=[50BF6099C1C]-cluster[T#1]]] setting initial configuration to VotingConfiguration{2AzSWawmQwCQN2-v067W1w}
[2023-04-18T03:49:10,149][INFO ][o.e.n.Node               ] [[test_SUITE-TEST_WORKER_VM=[--not-gradle--]-CLUSTER_SEED=[2570247042051784263]-HASH=[50BF6099C1C]-cluster[T#4]]] started {node_s3}{pu8cUje4SFyvGxGaYScq5A}{lq7QCt-URAWgcLGMQ942JQ}{node_s3}{127.0.0.1}{127.0.0.1:13304}{cdfhilrstw}{8.7.0}
[2023-04-18T03:49:10,254][INFO ][o.e.c.s.MasterService    ] [node_s0] elected-as-master ([1] nodes joined)[_FINISH_ELECTION_, {node_s0}{2AzSWawmQwCQN2-v067W1w}{fyRdqOGOS4eiL9wfWPYvnQ}{node_s0}{127.0.0.1}{127.0.0.1:13305}{ilmrt}{8.7.0} completing election], term: 1, version: 1, delta: master node changed {previous [], current [{node_s0}{2AzSWawmQwCQN2-v067W1w}{fyRdqOGOS4eiL9wfWPYvnQ}{node_s0}{127.0.0.1}{127.0.0.1:13305}{ilmrt}{8.7.0}]}
[2023-04-18T03:49:10,310][INFO ][o.e.c.c.CoordinationState] [node_s0] cluster UUID set to [gjwVmgqFSPSjvCsLABdTkg]
[2023-04-18T03:49:10,326][INFO ][o.e.c.s.ClusterApplierService] [node_s0] master node changed {previous [], current [{node_s0}{2AzSWawmQwCQN2-v067W1w}{fyRdqOGOS4eiL9wfWPYvnQ}{node_s0}{127.0.0.1}{127.0.0.1:13305}{ilmrt}{8.7.0}]}, term: 1, version: 1, reason: Publication{term=1, version=1}
[2023-04-18T03:49:10,338][INFO ][o.e.r.s.FileSettingsService] [node_s0] starting file settings watcher ...
[2023-04-18T03:49:10,340][INFO ][o.e.r.s.FileSettingsService] [[elasticsearch[file-settings-watcher]]] file settings service up and running [tid=102]
[2023-04-18T03:49:10,340][INFO ][o.e.n.Node               ] [[test_SUITE-TEST_WORKER_VM=[--not-gradle--]-CLUSTER_SEED=[2570247042051784263]-HASH=[50BF6099C1C]-cluster[T#1]]] started {node_s0}{2AzSWawmQwCQN2-v067W1w}{fyRdqOGOS4eiL9wfWPYvnQ}{node_s0}{127.0.0.1}{127.0.0.1:13305}{ilmrt}{8.7.0}
[2023-04-18T03:49:10,344][INFO ][o.e.c.c.NodeJoinExecutor ] [node_s0] node-join: [{node_s0}{2AzSWawmQwCQN2-v067W1w}{fyRdqOGOS4eiL9wfWPYvnQ}{node_s0}{127.0.0.1}{127.0.0.1:13305}{ilmrt}{8.7.0}] with reason [completing election]
[2023-04-18T03:49:10,349][INFO ][o.e.c.s.MasterService    ] [node_s0] node-join[{node_s3}{pu8cUje4SFyvGxGaYScq5A}{lq7QCt-URAWgcLGMQ942JQ}{node_s3}{127.0.0.1}{127.0.0.1:13304}{cdfhilrstw}{8.7.0} joining, {node_s1}{MafrIhJdSnCvuux_pDLlwQ}{cM4JxmcEQQi1zfTTx2zJ2w}{node_s1}{127.0.0.1}{127.0.0.1:13302}{cdfhilrstw}{8.7.0} joining, {node_s2}{ktHToHNZREW2s79yZWmIhg}{7urK4ImhTuyLhsntDLrsFQ}{node_s2}{127.0.0.1}{127.0.0.1:13301}{cdfhilrstw}{8.7.0} joining, {node_s4}{jb2efyFGRR2K3EqwPbq94w}{_WDheYqRRdOoUpxaOpbSnw}{node_s4}{127.0.0.1}{127.0.0.1:13303}{8.7.0} joining], term: 1, version: 2, delta: added {{node_s2}{ktHToHNZREW2s79yZWmIhg}{7urK4ImhTuyLhsntDLrsFQ}{node_s2}{127.0.0.1}{127.0.0.1:13301}{cdfhilrstw}{8.7.0}, {node_s4}{jb2efyFGRR2K3EqwPbq94w}{_WDheYqRRdOoUpxaOpbSnw}{node_s4}{127.0.0.1}{127.0.0.1:13303}{8.7.0}, {node_s3}{pu8cUje4SFyvGxGaYScq5A}{lq7QCt-URAWgcLGMQ942JQ}{node_s3}{127.0.0.1}{127.0.0.1:13304}{cdfhilrstw}{8.7.0}, {node_s1}{MafrIhJdSnCvuux_pDLlwQ}{cM4JxmcEQQi1zfTTx2zJ2w}{node_s1}{127.0.0.1}{127.0.0.1:13302}{cdfhilrstw}{8.7.0}}
[2023-04-18T03:49:10,362][INFO ][o.e.c.s.ClusterApplierService] [node_s2] master node changed {previous [], current [{node_s0}{2AzSWawmQwCQN2-v067W1w}{fyRdqOGOS4eiL9wfWPYvnQ}{node_s0}{127.0.0.1}{127.0.0.1:13305}{ilmrt}{8.7.0}]}, added {{node_s0}{2AzSWawmQwCQN2-v067W1w}{fyRdqOGOS4eiL9wfWPYvnQ}{node_s0}{127.0.0.1}{127.0.0.1:13305}{ilmrt}{8.7.0}, {node_s4}{jb2efyFGRR2K3EqwPbq94w}{_WDheYqRRdOoUpxaOpbSnw}{node_s4}{127.0.0.1}{127.0.0.1:13303}{8.7.0}, {node_s3}{pu8cUje4SFyvGxGaYScq5A}{lq7QCt-URAWgcLGMQ942JQ}{node_s3}{127.0.0.1}{127.0.0.1:13304}{cdfhilrstw}{8.7.0}, {node_s1}{MafrIhJdSnCvuux_pDLlwQ}{cM4JxmcEQQi1zfTTx2zJ2w}{node_s1}{127.0.0.1}{127.0.0.1:13302}{cdfhilrstw}{8.7.0}}, term: 1, version: 2, reason: ApplyCommitRequest{term=1, version=2, sourceNode={node_s0}{2AzSWawmQwCQN2-v067W1w}{fyRdqOGOS4eiL9wfWPYvnQ}{node_s0}{127.0.0.1}{127.0.0.1:13305}{ilmrt}{8.7.0}}
[2023-04-18T03:49:10,362][INFO ][o.e.c.s.ClusterApplierService] [node_s4] master node changed {previous [], current [{node_s0}{2AzSWawmQwCQN2-v067W1w}{fyRdqOGOS4eiL9wfWPYvnQ}{node_s0}{127.0.0.1}{127.0.0.1:13305}{ilmrt}{8.7.0}]}, added {{node_s0}{2AzSWawmQwCQN2-v067W1w}{fyRdqOGOS4eiL9wfWPYvnQ}{node_s0}{127.0.0.1}{127.0.0.1:13305}{ilmrt}{8.7.0}, {node_s2}{ktHToHNZREW2s79yZWmIhg}{7urK4ImhTuyLhsntDLrsFQ}{node_s2}{127.0.0.1}{127.0.0.1:13301}{cdfhilrstw}{8.7.0}, {node_s3}{pu8cUje4SFyvGxGaYScq5A}{lq7QCt-URAWgcLGMQ942JQ}{node_s3}{127.0.0.1}{127.0.0.1:13304}{cdfhilrstw}{8.7.0}, {node_s1}{MafrIhJdSnCvuux_pDLlwQ}{cM4JxmcEQQi1zfTTx2zJ2w}{node_s1}{127.0.0.1}{127.0.0.1:13302}{cdfhilrstw}{8.7.0}}, term: 1, version: 2, reason: ApplyCommitRequest{term=1, version=2, sourceNode={node_s0}{2AzSWawmQwCQN2-v067W1w}{fyRdqOGOS4eiL9wfWPYvnQ}{node_s0}{127.0.0.1}{127.0.0.1:13305}{ilmrt}{8.7.0}}
[2023-04-18T03:49:10,362][INFO ][o.e.c.s.ClusterApplierService] [node_s1] master node changed {previous [], current [{node_s0}{2AzSWawmQwCQN2-v067W1w}{fyRdqOGOS4eiL9wfWPYvnQ}{node_s0}{127.0.0.1}{127.0.0.1:13305}{ilmrt}{8.7.0}]}, added {{node_s0}{2AzSWawmQwCQN2-v067W1w}{fyRdqOGOS4eiL9wfWPYvnQ}{node_s0}{127.0.0.1}{127.0.0.1:13305}{ilmrt}{8.7.0}, {node_s2}{ktHToHNZREW2s79yZWmIhg}{7urK4ImhTuyLhsntDLrsFQ}{node_s2}{127.0.0.1}{127.0.0.1:13301}{cdfhilrstw}{8.7.0}, {node_s4}{jb2efyFGRR2K3EqwPbq94w}{_WDheYqRRdOoUpxaOpbSnw}{node_s4}{127.0.0.1}{127.0.0.1:13303}{8.7.0}, {node_s3}{pu8cUje4SFyvGxGaYScq5A}{lq7QCt-URAWgcLGMQ942JQ}{node_s3}{127.0.0.1}{127.0.0.1:13304}{cdfhilrstw}{8.7.0}}, term: 1, version: 2, reason: ApplyCommitRequest{term=1, version=2, sourceNode={node_s0}{2AzSWawmQwCQN2-v067W1w}{fyRdqOGOS4eiL9wfWPYvnQ}{node_s0}{127.0.0.1}{127.0.0.1:13305}{ilmrt}{8.7.0}}
[2023-04-18T03:49:10,362][INFO ][o.e.c.s.ClusterApplierService] [node_s3] master node changed {previous [], current [{node_s0}{2AzSWawmQwCQN2-v067W1w}{fyRdqOGOS4eiL9wfWPYvnQ}{node_s0}{127.0.0.1}{127.0.0.1:13305}{ilmrt}{8.7.0}]}, added {{node_s0}{2AzSWawmQwCQN2-v067W1w}{fyRdqOGOS4eiL9wfWPYvnQ}{node_s0}{127.0.0.1}{127.0.0.1:13305}{ilmrt}{8.7.0}, {node_s2}{ktHToHNZREW2s79yZWmIhg}{7urK4ImhTuyLhsntDLrsFQ}{node_s2}{127.0.0.1}{127.0.0.1:13301}{cdfhilrstw}{8.7.0}, {node_s4}{jb2efyFGRR2K3EqwPbq94w}{_WDheYqRRdOoUpxaOpbSnw}{node_s4}{127.0.0.1}{127.0.0.1:13303}{8.7.0}, {node_s1}{MafrIhJdSnCvuux_pDLlwQ}{cM4JxmcEQQi1zfTTx2zJ2w}{node_s1}{127.0.0.1}{127.0.0.1:13302}{cdfhilrstw}{8.7.0}}, term: 1, version: 2, reason: ApplyCommitRequest{term=1, version=2, sourceNode={node_s0}{2AzSWawmQwCQN2-v067W1w}{fyRdqOGOS4eiL9wfWPYvnQ}{node_s0}{127.0.0.1}{127.0.0.1:13305}{ilmrt}{8.7.0}}
[2023-04-18T03:49:10,375][INFO ][o.e.n.Node               ] [[test_SUITE-TEST_WORKER_VM=[--not-gradle--]-CLUSTER_SEED=[2570247042051784263]-HASH=[50BF6099C1C]-cluster[T#3]]] started {node_s2}{ktHToHNZREW2s79yZWmIhg}{7urK4ImhTuyLhsntDLrsFQ}{node_s2}{127.0.0.1}{127.0.0.1:13301}{cdfhilrstw}{8.7.0}
[2023-04-18T03:49:10,405][INFO ][o.e.n.Node               ] [[test_SUITE-TEST_WORKER_VM=[--not-gradle--]-CLUSTER_SEED=[2570247042051784263]-HASH=[50BF6099C1C]-cluster[T#2]]] started {node_s1}{MafrIhJdSnCvuux_pDLlwQ}{cM4JxmcEQQi1zfTTx2zJ2w}{node_s1}{127.0.0.1}{127.0.0.1:13302}{cdfhilrstw}{8.7.0}
[2023-04-18T03:49:10,407][INFO ][o.e.n.Node               ] [[test_SUITE-TEST_WORKER_VM=[--not-gradle--]-CLUSTER_SEED=[2570247042051784263]-HASH=[50BF6099C1C]-cluster[T#5]]] started {node_s4}{jb2efyFGRR2K3EqwPbq94w}{_WDheYqRRdOoUpxaOpbSnw}{node_s4}{127.0.0.1}{127.0.0.1:13303}{8.7.0}
[2023-04-18T03:49:10,408][INFO ][o.e.c.s.ClusterApplierService] [node_s0] added {{node_s2}{ktHToHNZREW2s79yZWmIhg}{7urK4ImhTuyLhsntDLrsFQ}{node_s2}{127.0.0.1}{127.0.0.1:13301}{cdfhilrstw}{8.7.0}, {node_s4}{jb2efyFGRR2K3EqwPbq94w}{_WDheYqRRdOoUpxaOpbSnw}{node_s4}{127.0.0.1}{127.0.0.1:13303}{8.7.0}, {node_s3}{pu8cUje4SFyvGxGaYScq5A}{lq7QCt-URAWgcLGMQ942JQ}{node_s3}{127.0.0.1}{127.0.0.1:13304}{cdfhilrstw}{8.7.0}, {node_s1}{MafrIhJdSnCvuux_pDLlwQ}{cM4JxmcEQQi1zfTTx2zJ2w}{node_s1}{127.0.0.1}{127.0.0.1:13302}{cdfhilrstw}{8.7.0}}, term: 1, version: 2, reason: Publication{term=1, version=2}
[2023-04-18T03:49:10,413][INFO ][o.e.c.c.NodeJoinExecutor ] [node_s0] node-join: [{node_s3}{pu8cUje4SFyvGxGaYScq5A}{lq7QCt-URAWgcLGMQ942JQ}{node_s3}{127.0.0.1}{127.0.0.1:13304}{cdfhilrstw}{8.7.0}] with reason [joining]
[2023-04-18T03:49:10,414][INFO ][o.e.c.c.NodeJoinExecutor ] [node_s0] node-join: [{node_s1}{MafrIhJdSnCvuux_pDLlwQ}{cM4JxmcEQQi1zfTTx2zJ2w}{node_s1}{127.0.0.1}{127.0.0.1:13302}{cdfhilrstw}{8.7.0}] with reason [joining]
[2023-04-18T03:49:10,414][INFO ][o.e.c.c.NodeJoinExecutor ] [node_s0] node-join: [{node_s2}{ktHToHNZREW2s79yZWmIhg}{7urK4ImhTuyLhsntDLrsFQ}{node_s2}{127.0.0.1}{127.0.0.1:13301}{cdfhilrstw}{8.7.0}] with reason [joining]
[2023-04-18T03:49:10,415][INFO ][o.e.c.c.NodeJoinExecutor ] [node_s0] node-join: [{node_s4}{jb2efyFGRR2K3EqwPbq94w}{_WDheYqRRdOoUpxaOpbSnw}{node_s4}{127.0.0.1}{127.0.0.1:13303}{8.7.0}] with reason [joining]
[2023-04-18T03:49:10,448][INFO ][o.e.g.GatewayService     ] [node_s0] recovered [0] indices into cluster_state
[2023-04-18T03:49:10,471][INFO ][o.e.h.n.s.HealthNodeTaskExecutor] [node_s3] Node [{node_s3}{pu8cUje4SFyvGxGaYScq5A}] is selected as the current health node.
[2023-04-18T03:49:10,514][WARN ][o.e.d.c.s.Settings       ] [node_s0] data_stream.dataset="deprecation.elasticsearch" data_stream.namespace="default" data_stream.type="logs" elasticsearch.event.category="settings" event.code="index.bloom_filter_for_id_field.enabled" message="[index.bloom_filter_for_id_field.enabled] setting was deprecated in Elasticsearch and will be removed in a future release."
[2023-04-18T03:49:10,515][WARN ][o.e.d.c.s.Settings       ] [node_s0] data_stream.dataset="deprecation.elasticsearch" data_stream.namespace="default" data_stream.type="logs" elasticsearch.event.category="settings" event.code="index.bloom_filter_for_id_field.enabled" message="[index.bloom_filter_for_id_field.enabled] setting was deprecated in Elasticsearch and will be removed in a future release."
[2023-04-18T03:49:10,519][WARN ][o.e.d.c.s.Settings       ] [node_s0] data_stream.dataset="deprecation.elasticsearch" data_stream.namespace="default" data_stream.type="logs" elasticsearch.event.category="settings" event.code="index.bloom_filter_for_id_field.enabled" message="[index.bloom_filter_for_id_field.enabled] setting was deprecated in Elasticsearch and will be removed in a future release."
]]></system-out>
    <system-err><![CDATA[апр 18, 2023 3:49:10 ПРИЈЕ ПОДНЕ com.carrotsearch.randomizedtesting.RandomizedRunner$QueueUncaughtExceptionsHandler uncaughtException
WARNING: Uncaught exception in thread: Thread[elasticsearch[node_s0][masterService#updateTask][T#1],5,TGRP-VietnameseAnalysisIntegrationTests]
java.lang.UnsatisfiedLinkError: no coccoc_tokenizer_jni in java.library.path: /usr/java/packages/lib:/usr/lib/x86_64-linux-gnu/jni:/lib/x86_64-linux-gnu:/usr/lib/x86_64-linux-gnu:/usr/lib/jni:/lib:/usr/lib
	at __randomizedtesting.SeedInfo.seed([837B9552CD9155BC]:0)
	at java.base/java.lang.ClassLoader.loadLibrary(ClassLoader.java:2429)
	at java.base/java.lang.Runtime.loadLibrary0(Runtime.java:818)
	at java.base/java.lang.System.loadLibrary(System.java:1989)
	at com.coccoc.Tokenizer.<clinit>(Tokenizer.java:16)
	at org.apache.lucene.analysis.vi.VietnameseTokenizerImpl.lambda$0(VietnameseTokenizerImpl.java:54)
	at java.base/java.security.AccessController.doPrivileged(AccessController.java:318)
	at org.apache.lucene.analysis.vi.VietnameseTokenizerImpl.<init>(VietnameseTokenizerImpl.java:53)
	at org.apache.lucene.analysis.vi.VietnameseTokenizer.<init>(VietnameseTokenizer.java:45)
	at org.apache.lucene.analysis.vi.VietnameseAnalyzer.createComponents(VietnameseAnalyzer.java:88)
	at org.apache.lucene.analysis.AnalyzerWrapper.createComponents(AnalyzerWrapper.java:120)
	at org.apache.lucene.analysis.Analyzer.tokenStream(Analyzer.java:193)
	at org.elasticsearch.index.analysis.AnalysisRegistry.checkVersions(AnalysisRegistry.java:747)
	at org.elasticsearch.index.analysis.AnalysisRegistry.produceAnalyzer(AnalysisRegistry.java:710)
	at org.elasticsearch.index.analysis.AnalysisRegistry.build(AnalysisRegistry.java:602)
	at org.elasticsearch.index.analysis.AnalysisRegistry.build(AnalysisRegistry.java:210)
	at org.elasticsearch.index.IndexModule.newIndexService(IndexModule.java:515)
	at org.elasticsearch.indices.IndicesService.createIndexService(IndicesService.java:731)
	at org.elasticsearch.indices.IndicesService.createIndex(IndicesService.java:624)
	at org.elasticsearch.cluster.metadata.MetadataIndexTemplateService.validateTemplate(MetadataIndexTemplateService.java:1493)
	at org.elasticsearch.cluster.metadata.MetadataIndexTemplateService$7.execute(MetadataIndexTemplateService.java:999)
	at org.elasticsearch.cluster.metadata.MetadataIndexTemplateService$1.executeTask(MetadataIndexTemplateService.java:132)
	at org.elasticsearch.cluster.metadata.MetadataIndexTemplateService$1.executeTask(MetadataIndexTemplateService.java:129)
	at org.elasticsearch.cluster.SimpleBatchedExecutor.execute(SimpleBatchedExecutor.java:70)
	at org.elasticsearch.cluster.service.MasterService.innerExecuteTasks(MasterService.java:1055)
	at org.elasticsearch.cluster.service.MasterService.executeTasks(MasterService.java:1020)
	at org.elasticsearch.cluster.service.MasterService.runTasks(MasterService.java:278)
	at org.elasticsearch.cluster.service.MasterService$Batcher.run(MasterService.java:170)
	at org.elasticsearch.cluster.service.TaskBatcher.runIfNotProcessed(TaskBatcher.java:110)
	at org.elasticsearch.cluster.service.TaskBatcher$BatchedTask.run(TaskBatcher.java:148)
	at org.elasticsearch.common.util.concurrent.ThreadContext$ContextPreservingRunnable.run(ThreadContext.java:891)
	at org.elasticsearch.common.util.concurrent.PrioritizedEsThreadPoolExecutor$TieBreakingPrioritizedRunnable.runAndClean(PrioritizedEsThreadPoolExecutor.java:257)
	at org.elasticsearch.common.util.concurrent.PrioritizedEsThreadPoolExecutor$TieBreakingPrioritizedRunnable.run(PrioritizedEsThreadPoolExecutor.java:223)
	at java.base/java.util.concurrent.ThreadPoolExecutor.runWorker(ThreadPoolExecutor.java:1136)
	at java.base/java.util.concurrent.ThreadPoolExecutor$Worker.run(ThreadPoolExecutor.java:635)
	at java.base/java.lang.Thread.run(Thread.java:833)

апр 18, 2023 4:09:08 ПРИЈЕ ПОДНЕ com.carrotsearch.randomizedtesting.ThreadLeakControl$2 evaluate
WARNING: Suite execution timed out: org.elasticsearch.index.analysis.VietnameseAnalysisIntegrationTests
==== jstack at approximately timeout time ====
"main" ID=1 WAITING on com.carrotsearch.randomizedtesting.RandomizedRunner$2@3fa3bd98
	at java.base@17.0.6/java.lang.Object.wait(Native Method)
	- waiting on com.carrotsearch.randomizedtesting.RandomizedRunner$2@3fa3bd98
	at java.base@17.0.6/java.lang.Thread.join(Thread.java:1304)
	at java.base@17.0.6/java.lang.Thread.join(Thread.java:1372)
	at app//com.carrotsearch.randomizedtesting.RandomizedRunner.runSuite(RandomizedRunner.java:647)
	at app//com.carrotsearch.randomizedtesting.RandomizedRunner.run(RandomizedRunner.java:504)
	at app//org.apache.maven.surefire.junit4.JUnit4Provider.execute(JUnit4Provider.java:365)
	at app//org.apache.maven.surefire.junit4.JUnit4Provider.executeWithRerun(JUnit4Provider.java:272)
	at app//org.apache.maven.surefire.junit4.JUnit4Provider.executeTestSet(JUnit4Provider.java:236)
	at app//org.apache.maven.surefire.junit4.JUnit4Provider.invoke(JUnit4Provider.java:159)
	at app//org.apache.maven.surefire.booter.ForkedBooter.invokeProviderInSameClassLoader(ForkedBooter.java:386)
	at app//org.apache.maven.surefire.booter.ForkedBooter.runSuitesInProcess(ForkedBooter.java:323)
	at app//org.apache.maven.surefire.booter.ForkedBooter.main(ForkedBooter.java:143)

"Reference Handler" ID=2 RUNNABLE
	at java.base@17.0.6/java.lang.ref.Reference.waitForReferencePendingList(Native Method)
	at java.base@17.0.6/java.lang.ref.Reference.processPendingReferences(Reference.java:253)
	at java.base@17.0.6/java.lang.ref.Reference$ReferenceHandler.run(Reference.java:215)

"Finalizer" ID=3 WAITING on java.lang.ref.ReferenceQueue$Lock@42dc03c6
	at java.base@17.0.6/java.lang.Object.wait(Native Method)
	- waiting on java.lang.ref.ReferenceQueue$Lock@42dc03c6
	at java.base@17.0.6/java.lang.ref.ReferenceQueue.remove(ReferenceQueue.java:155)
	at java.base@17.0.6/java.lang.ref.ReferenceQueue.remove(ReferenceQueue.java:176)
	at java.base@17.0.6/java.lang.ref.Finalizer$FinalizerThread.run(Finalizer.java:172)

"Signal Dispatcher" ID=4 RUNNABLE

"Notification Thread" ID=20 RUNNABLE

"Common-Cleaner" ID=21 TIMED_WAITING on java.lang.ref.ReferenceQueue$Lock@3a723bde
	at java.base@17.0.6/java.lang.Object.wait(Native Method)
	- timed waiting on java.lang.ref.ReferenceQueue$Lock@3a723bde
	at java.base@17.0.6/java.lang.ref.ReferenceQueue.remove(ReferenceQueue.java:155)
	at java.base@17.0.6/jdk.internal.ref.CleanerImpl.run(CleanerImpl.java:140)
	at java.base@17.0.6/java.lang.Thread.run(Thread.java:833)
	at java.base@17.0.6/jdk.internal.misc.InnocuousThread.run(InnocuousThread.java:162)

"surefire-forkedjvm-command-thread" ID=22 RUNNABLE (in native code)
	at java.base@17.0.6/java.io.FileInputStream.readBytes(Native Method)
	at java.base@17.0.6/java.io.FileInputStream.read(FileInputStream.java:276)
	at java.base@17.0.6/java.io.BufferedInputStream.fill(BufferedInputStream.java:244)
	at java.base@17.0.6/java.io.BufferedInputStream.read(BufferedInputStream.java:263)
	- locked java.io.BufferedInputStream@40cf4b20
	at java.base@17.0.6/java.io.DataInputStream.readInt(DataInputStream.java:393)
	at app//org.apache.maven.surefire.booter.MasterProcessCommand.decode(MasterProcessCommand.java:115)
	at app//org.apache.maven.surefire.booter.CommandReader$CommandRunnable.run(CommandReader.java:386)
	at java.base@17.0.6/java.lang.Thread.run(Thread.java:833)

"ping-20s" ID=23 TIMED_WAITING on java.util.concurrent.locks.AbstractQueuedSynchronizer$ConditionObject@14b425d0
	at java.base@17.0.6/jdk.internal.misc.Unsafe.park(Native Method)
	- timed waiting on java.util.concurrent.locks.AbstractQueuedSynchronizer$ConditionObject@14b425d0
	at java.base@17.0.6/java.util.concurrent.locks.LockSupport.parkNanos(LockSupport.java:252)
	at java.base@17.0.6/java.util.concurrent.locks.AbstractQueuedSynchronizer$ConditionObject.awaitNanos(AbstractQueuedSynchronizer.java:1672)
	at java.base@17.0.6/java.util.concurrent.ScheduledThreadPoolExecutor$DelayedWorkQueue.take(ScheduledThreadPoolExecutor.java:1182)
	at java.base@17.0.6/java.util.concurrent.ScheduledThreadPoolExecutor$DelayedWorkQueue.take(ScheduledThreadPoolExecutor.java:899)
	at java.base@17.0.6/java.util.concurrent.ThreadPoolExecutor.getTask(ThreadPoolExecutor.java:1062)
	at java.base@17.0.6/java.util.concurrent.ThreadPoolExecutor.runWorker(ThreadPoolExecutor.java:1122)
	at java.base@17.0.6/java.util.concurrent.ThreadPoolExecutor$Worker.run(ThreadPoolExecutor.java:635)
	at java.base@17.0.6/java.lang.Thread.run(Thread.java:833)

"SUITE-VietnameseAnalysisIntegrationTests-seed#[837B9552CD9155BC]" ID=25 RUNNABLE
	at java.management@17.0.6/sun.management.ThreadImpl.dumpThreads0(Native Method)
	at java.management@17.0.6/sun.management.ThreadImpl.dumpAllThreads(ThreadImpl.java:521)
	at java.management@17.0.6/sun.management.ThreadImpl.dumpAllThreads(ThreadImpl.java:509)
	at app//com.carrotsearch.randomizedtesting.ThreadLeakControl.formatThreadStacksFull(ThreadLeakControl.java:708)
	at app//com.carrotsearch.randomizedtesting.ThreadLeakControl.access$1000(ThreadLeakControl.java:59)
	at app//com.carrotsearch.randomizedtesting.ThreadLeakControl$2.evaluate(ThreadLeakControl.java:437)
	- locked java.lang.Object@3f334053
	at app//com.carrotsearch.randomizedtesting.RandomizedRunner.runSuite(RandomizedRunner.java:716)
	at app//com.carrotsearch.randomizedtesting.RandomizedRunner.access$200(RandomizedRunner.java:138)
	at app//com.carrotsearch.randomizedtesting.RandomizedRunner$2.run(RandomizedRunner.java:637)

"TEST-VietnameseAnalysisIntegrationTests.testVietnameseAnalyzer-seed#[837B9552CD9155BC]" ID=29 WAITING on org.elasticsearch.common.util.concurrent.BaseFuture$Sync@59f9ade
	at java.base@17.0.6/jdk.internal.misc.Unsafe.park(Native Method)
	- waiting on org.elasticsearch.common.util.concurrent.BaseFuture$Sync@59f9ade
	at java.base@17.0.6/java.util.concurrent.locks.LockSupport.park(LockSupport.java:211)
	at java.base@17.0.6/java.util.concurrent.locks.AbstractQueuedSynchronizer.acquire(AbstractQueuedSynchronizer.java:715)
	at java.base@17.0.6/java.util.concurrent.locks.AbstractQueuedSynchronizer.acquireSharedInterruptibly(AbstractQueuedSynchronizer.java:1047)
	at app//org.elasticsearch.common.util.concurrent.BaseFuture$Sync.get(BaseFuture.java:243)
	at app//org.elasticsearch.common.util.concurrent.BaseFuture.get(BaseFuture.java:75)
	at app//org.elasticsearch.common.util.concurrent.FutureUtils.get(FutureUtils.java:45)
	at app//org.elasticsearch.action.support.PlainActionFuture.actionGet(PlainActionFuture.java:31)
	at app//org.elasticsearch.test.ESIntegTestCase.randomIndexTemplate(ESIntegTestCase.java:429)
	at app//org.elasticsearch.test.ESIntegTestCase.lambda$beforeInternal$0(ESIntegTestCase.java:365)
	at app//org.elasticsearch.test.ESIntegTestCase$$Lambda$454/0x0000000800ed8000.call(Unknown Source)
	at app//com.carrotsearch.randomizedtesting.RandomizedContext.runWithPrivateRandomness(RandomizedContext.java:187)
	at app//com.carrotsearch.randomizedtesting.RandomizedContext.runWithPrivateRandomness(RandomizedContext.java:211)
	at app//org.elasticsearch.test.ESIntegTestCase.beforeInternal(ESIntegTestCase.java:372)
	at app//org.elasticsearch.test.ESIntegTestCase.setupTestCluster(ESIntegTestCase.java:2233)
	at java.base@17.0.6/jdk.internal.reflect.NativeMethodAccessorImpl.invoke0(Native Method)
	at java.base@17.0.6/jdk.internal.reflect.NativeMethodAccessorImpl.invoke(NativeMethodAccessorImpl.java:77)
	at java.base@17.0.6/jdk.internal.reflect.DelegatingMethodAccessorImpl.invoke(DelegatingMethodAccessorImpl.java:43)
	at java.base@17.0.6/java.lang.reflect.Method.invoke(Method.java:568)
	at app//com.carrotsearch.randomizedtesting.RandomizedRunner.invoke(RandomizedRunner.java:1758)
	at app//com.carrotsearch.randomizedtesting.RandomizedRunner$9.evaluate(RandomizedRunner.java:980)
	at app//com.carrotsearch.randomizedtesting.RandomizedRunner$10.evaluate(RandomizedRunner.java:996)
	at app//com.carrotsearch.randomizedtesting.rules.StatementAdapter.evaluate(StatementAdapter.java:36)
	at app//org.apache.lucene.tests.util.TestRuleSetupTeardownChained$1.evaluate(TestRuleSetupTeardownChained.java:48)
	at app//org.apache.lucene.tests.util.AbstractBeforeAfterRule$1.evaluate(AbstractBeforeAfterRule.java:43)
	at app//org.apache.lucene.tests.util.TestRuleThreadAndTestName$1.evaluate(TestRuleThreadAndTestName.java:45)
	at app//org.apache.lucene.tests.util.TestRuleIgnoreAfterMaxFailures$1.evaluate(TestRuleIgnoreAfterMaxFailures.java:60)
	at app//org.apache.lucene.tests.util.TestRuleMarkFailure$1.evaluate(TestRuleMarkFailure.java:44)
	at app//com.carrotsearch.randomizedtesting.rules.StatementAdapter.evaluate(StatementAdapter.java:36)
	at app//com.carrotsearch.randomizedtesting.ThreadLeakControl$StatementRunner.run(ThreadLeakControl.java:390)
	at app//com.carrotsearch.randomizedtesting.ThreadLeakControl.forkTimeoutingTask(ThreadLeakControl.java:843)
	at app//com.carrotsearch.randomizedtesting.ThreadLeakControl$3.evaluate(ThreadLeakControl.java:490)
	at app//com.carrotsearch.randomizedtesting.RandomizedRunner.runSingleTest(RandomizedRunner.java:955)
	at app//com.carrotsearch.randomizedtesting.RandomizedRunner$5.evaluate(RandomizedRunner.java:840)
	at app//com.carrotsearch.randomizedtesting.RandomizedRunner$6.evaluate(RandomizedRunner.java:891)
	at app//com.carrotsearch.randomizedtesting.RandomizedRunner$7.evaluate(RandomizedRunner.java:902)
	at app//org.apache.lucene.tests.util.AbstractBeforeAfterRule$1.evaluate(AbstractBeforeAfterRule.java:43)
	at app//com.carrotsearch.randomizedtesting.rules.StatementAdapter.evaluate(StatementAdapter.java:36)
	at app//org.apache.lucene.tests.util.TestRuleStoreClassName$1.evaluate(TestRuleStoreClassName.java:38)
	at app//com.carrotsearch.randomizedtesting.rules.NoShadowingOrOverridesOnMethodsRule$1.evaluate(NoShadowingOrOverridesOnMethodsRule.java:40)
	at app//com.carrotsearch.randomizedtesting.rules.NoShadowingOrOverridesOnMethodsRule$1.evaluate(NoShadowingOrOverridesOnMethodsRule.java:40)
	at app//com.carrotsearch.randomizedtesting.rules.StatementAdapter.evaluate(StatementAdapter.java:36)
	at app//com.carrotsearch.randomizedtesting.rules.StatementAdapter.evaluate(StatementAdapter.java:36)
	at app//org.apache.lucene.tests.util.TestRuleAssertionsRequired$1.evaluate(TestRuleAssertionsRequired.java:53)
	at app//org.apache.lucene.tests.util.AbstractBeforeAfterRule$1.evaluate(AbstractBeforeAfterRule.java:43)
	at app//org.apache.lucene.tests.util.TestRuleMarkFailure$1.evaluate(TestRuleMarkFailure.java:44)
	at app//org.apache.lucene.tests.util.TestRuleIgnoreAfterMaxFailures$1.evaluate(TestRuleIgnoreAfterMaxFailures.java:60)
	at app//org.apache.lucene.tests.util.TestRuleIgnoreTestSuites$1.evaluate(TestRuleIgnoreTestSuites.java:47)
	at app//com.carrotsearch.randomizedtesting.rules.StatementAdapter.evaluate(StatementAdapter.java:36)
	at app//com.carrotsearch.randomizedtesting.ThreadLeakControl$StatementRunner.run(ThreadLeakControl.java:390)
	at app//com.carrotsearch.randomizedtesting.ThreadLeakControl.lambda$forkTimeoutingTask$0(ThreadLeakControl.java:850)
	at app//com.carrotsearch.randomizedtesting.ThreadLeakControl$$Lambda$448/0x0000000800e9b5d0.run(Unknown Source)
	at java.base@17.0.6/java.lang.Thread.run(Thread.java:833)

"elasticsearch[node_s0][[timer]]" ID=30 TIMED_WAITING
	at java.base@17.0.6/java.lang.Thread.sleep(Native Method)
	at app//org.elasticsearch.threadpool.ThreadPool$CachedTimeThread.run(ThreadPool.java:689)

"elasticsearch[node_s0][scheduler][T#1]" ID=31 TIMED_WAITING on java.util.concurrent.locks.AbstractQueuedSynchronizer$ConditionObject@15ccf328
	at java.base@17.0.6/jdk.internal.misc.Unsafe.park(Native Method)
	- timed waiting on java.util.concurrent.locks.AbstractQueuedSynchronizer$ConditionObject@15ccf328
	at java.base@17.0.6/java.util.concurrent.locks.LockSupport.parkNanos(LockSupport.java:252)
	at java.base@17.0.6/java.util.concurrent.locks.AbstractQueuedSynchronizer$ConditionObject.awaitNanos(AbstractQueuedSynchronizer.java:1672)
	at java.base@17.0.6/java.util.concurrent.ScheduledThreadPoolExecutor$DelayedWorkQueue.take(ScheduledThreadPoolExecutor.java:1182)
	at java.base@17.0.6/java.util.concurrent.ScheduledThreadPoolExecutor$DelayedWorkQueue.take(ScheduledThreadPoolExecutor.java:899)
	at java.base@17.0.6/java.util.concurrent.ThreadPoolExecutor.getTask(ThreadPoolExecutor.java:1062)
	at java.base@17.0.6/java.util.concurrent.ThreadPoolExecutor.runWorker(ThreadPoolExecutor.java:1122)
	at java.base@17.0.6/java.util.concurrent.ThreadPoolExecutor$Worker.run(ThreadPoolExecutor.java:635)
	at java.base@17.0.6/java.lang.Thread.run(Thread.java:833)

"elasticsearch[node_s1][[timer]]" ID=32 TIMED_WAITING
	at java.base@17.0.6/java.lang.Thread.sleep(Native Method)
	at app//org.elasticsearch.threadpool.ThreadPool$CachedTimeThread.run(ThreadPool.java:689)

"elasticsearch[node_s1][scheduler][T#1]" ID=33 TIMED_WAITING on java.util.concurrent.locks.AbstractQueuedSynchronizer$ConditionObject@20e3dee4
	at java.base@17.0.6/jdk.internal.misc.Unsafe.park(Native Method)
	- timed waiting on java.util.concurrent.locks.AbstractQueuedSynchronizer$ConditionObject@20e3dee4
	at java.base@17.0.6/java.util.concurrent.locks.LockSupport.parkNanos(LockSupport.java:252)
	at java.base@17.0.6/java.util.concurrent.locks.AbstractQueuedSynchronizer$ConditionObject.awaitNanos(AbstractQueuedSynchronizer.java:1672)
	at java.base@17.0.6/java.util.concurrent.ScheduledThreadPoolExecutor$DelayedWorkQueue.take(ScheduledThreadPoolExecutor.java:1182)
	at java.base@17.0.6/java.util.concurrent.ScheduledThreadPoolExecutor$DelayedWorkQueue.take(ScheduledThreadPoolExecutor.java:899)
	at java.base@17.0.6/java.util.concurrent.ThreadPoolExecutor.getTask(ThreadPoolExecutor.java:1062)
	at java.base@17.0.6/java.util.concurrent.ThreadPoolExecutor.runWorker(ThreadPoolExecutor.java:1122)
	at java.base@17.0.6/java.util.concurrent.ThreadPoolExecutor$Worker.run(ThreadPoolExecutor.java:635)
	at java.base@17.0.6/java.lang.Thread.run(Thread.java:833)

"elasticsearch[node_s2][[timer]]" ID=34 TIMED_WAITING
	at java.base@17.0.6/java.lang.Thread.sleep(Native Method)
	at app//org.elasticsearch.threadpool.ThreadPool$CachedTimeThread.run(ThreadPool.java:689)

"elasticsearch[node_s2][scheduler][T#1]" ID=35 TIMED_WAITING on java.util.concurrent.locks.AbstractQueuedSynchronizer$ConditionObject@5773373
	at java.base@17.0.6/jdk.internal.misc.Unsafe.park(Native Method)
	- timed waiting on java.util.concurrent.locks.AbstractQueuedSynchronizer$ConditionObject@5773373
	at java.base@17.0.6/java.util.concurrent.locks.LockSupport.parkNanos(LockSupport.java:252)
	at java.base@17.0.6/java.util.concurrent.locks.AbstractQueuedSynchronizer$ConditionObject.awaitNanos(AbstractQueuedSynchronizer.java:1672)
	at java.base@17.0.6/java.util.concurrent.ScheduledThreadPoolExecutor$DelayedWorkQueue.take(ScheduledThreadPoolExecutor.java:1182)
	at java.base@17.0.6/java.util.concurrent.ScheduledThreadPoolExecutor$DelayedWorkQueue.take(ScheduledThreadPoolExecutor.java:899)
	at java.base@17.0.6/java.util.concurrent.ThreadPoolExecutor.getTask(ThreadPoolExecutor.java:1062)
	at java.base@17.0.6/java.util.concurrent.ThreadPoolExecutor.runWorker(ThreadPoolExecutor.java:1122)
	at java.base@17.0.6/java.util.concurrent.ThreadPoolExecutor$Worker.run(ThreadPoolExecutor.java:635)
	at java.base@17.0.6/java.lang.Thread.run(Thread.java:833)

"elasticsearch[node_s3][[timer]]" ID=36 TIMED_WAITING
	at java.base@17.0.6/java.lang.Thread.sleep(Native Method)
	at app//org.elasticsearch.threadpool.ThreadPool$CachedTimeThread.run(ThreadPool.java:689)

"elasticsearch[node_s3][scheduler][T#1]" ID=37 TIMED_WAITING on java.util.concurrent.locks.AbstractQueuedSynchronizer$ConditionObject@7cc70069
	at java.base@17.0.6/jdk.internal.misc.Unsafe.park(Native Method)
	- timed waiting on java.util.concurrent.locks.AbstractQueuedSynchronizer$ConditionObject@7cc70069
	at java.base@17.0.6/java.util.concurrent.locks.LockSupport.parkNanos(LockSupport.java:252)
	at java.base@17.0.6/java.util.concurrent.locks.AbstractQueuedSynchronizer$ConditionObject.awaitNanos(AbstractQueuedSynchronizer.java:1672)
	at java.base@17.0.6/java.util.concurrent.ScheduledThreadPoolExecutor$DelayedWorkQueue.take(ScheduledThreadPoolExecutor.java:1182)
	at java.base@17.0.6/java.util.concurrent.ScheduledThreadPoolExecutor$DelayedWorkQueue.take(ScheduledThreadPoolExecutor.java:899)
	at java.base@17.0.6/java.util.concurrent.ThreadPoolExecutor.getTask(ThreadPoolExecutor.java:1062)
	at java.base@17.0.6/java.util.concurrent.ThreadPoolExecutor.runWorker(ThreadPoolExecutor.java:1122)
	at java.base@17.0.6/java.util.concurrent.ThreadPoolExecutor$Worker.run(ThreadPoolExecutor.java:635)
	at java.base@17.0.6/java.lang.Thread.run(Thread.java:833)

"elasticsearch[node_s4][[timer]]" ID=38 TIMED_WAITING
	at java.base@17.0.6/java.lang.Thread.sleep(Native Method)
	at app//org.elasticsearch.threadpool.ThreadPool$CachedTimeThread.run(ThreadPool.java:689)

"elasticsearch[node_s4][scheduler][T#1]" ID=39 TIMED_WAITING on java.util.concurrent.locks.AbstractQueuedSynchronizer$ConditionObject@e60e96a
	at java.base@17.0.6/jdk.internal.misc.Unsafe.park(Native Method)
	- timed waiting on java.util.concurrent.locks.AbstractQueuedSynchronizer$ConditionObject@e60e96a
	at java.base@17.0.6/java.util.concurrent.locks.LockSupport.parkNanos(LockSupport.java:252)
	at java.base@17.0.6/java.util.concurrent.locks.AbstractQueuedSynchronizer$ConditionObject.awaitNanos(AbstractQueuedSynchronizer.java:1672)
	at java.base@17.0.6/java.util.concurrent.ScheduledThreadPoolExecutor$DelayedWorkQueue.take(ScheduledThreadPoolExecutor.java:1182)
	at java.base@17.0.6/java.util.concurrent.ScheduledThreadPoolExecutor$DelayedWorkQueue.take(ScheduledThreadPoolExecutor.java:899)
	at java.base@17.0.6/java.util.concurrent.ThreadPoolExecutor.getTask(ThreadPoolExecutor.java:1062)
	at java.base@17.0.6/java.util.concurrent.ThreadPoolExecutor.runWorker(ThreadPoolExecutor.java:1122)
	at java.base@17.0.6/java.util.concurrent.ThreadPoolExecutor$Worker.run(ThreadPoolExecutor.java:635)
	at java.base@17.0.6/java.lang.Thread.run(Thread.java:833)

"elasticsearch[node_s1][transport_worker][T#1]" ID=45 RUNNABLE (in native code)
	at java.base@17.0.6/sun.nio.ch.EPoll.wait(Native Method)
	at java.base@17.0.6/sun.nio.ch.EPollSelectorImpl.doSelect(EPollSelectorImpl.java:118)
	at java.base@17.0.6/sun.nio.ch.SelectorImpl.lockAndDoSelect(SelectorImpl.java:129)
	- locked sun.nio.ch.Util$2@304a12bc
	- locked sun.nio.ch.EPollSelectorImpl@c9a436d
	at java.base@17.0.6/sun.nio.ch.SelectorImpl.select(SelectorImpl.java:146)
	at app//io.netty.channel.nio.NioEventLoop.select(NioEventLoop.java:879)
	at app//io.netty.channel.nio.NioEventLoop.run(NioEventLoop.java:526)
	at app//io.netty.util.concurrent.SingleThreadEventExecutor$4.run(SingleThreadEventExecutor.java:997)
	at app//io.netty.util.internal.ThreadExecutorMap$2.run(ThreadExecutorMap.java:74)
	at java.base@17.0.6/java.lang.Thread.run(Thread.java:833)

"elasticsearch[node_s0][transport_worker][T#1]" ID=47 RUNNABLE (in native code)
	at java.base@17.0.6/sun.nio.ch.EPoll.wait(Native Method)
	at java.base@17.0.6/sun.nio.ch.EPollSelectorImpl.doSelect(EPollSelectorImpl.java:118)
	at java.base@17.0.6/sun.nio.ch.SelectorImpl.lockAndDoSelect(SelectorImpl.java:129)
	- locked sun.nio.ch.Util$2@481adedf
	- locked sun.nio.ch.EPollSelectorImpl@41b8550f
	at java.base@17.0.6/sun.nio.ch.SelectorImpl.select(SelectorImpl.java:146)
	at app//io.netty.channel.nio.NioEventLoop.select(NioEventLoop.java:879)
	at app//io.netty.channel.nio.NioEventLoop.run(NioEventLoop.java:526)
	at app//io.netty.util.concurrent.SingleThreadEventExecutor$4.run(SingleThreadEventExecutor.java:997)
	at app//io.netty.util.internal.ThreadExecutorMap$2.run(ThreadExecutorMap.java:74)
	at java.base@17.0.6/java.lang.Thread.run(Thread.java:833)

"elasticsearch[node_s3][transport_worker][T#1]" ID=46 RUNNABLE (in native code)
	at java.base@17.0.6/sun.nio.ch.EPoll.wait(Native Method)
	at java.base@17.0.6/sun.nio.ch.EPollSelectorImpl.doSelect(EPollSelectorImpl.java:118)
	at java.base@17.0.6/sun.nio.ch.SelectorImpl.lockAndDoSelect(SelectorImpl.java:129)
	- locked sun.nio.ch.Util$2@21877076
	- locked sun.nio.ch.EPollSelectorImpl@7f58ce00
	at java.base@17.0.6/sun.nio.ch.SelectorImpl.select(SelectorImpl.java:146)
	at app//io.netty.channel.nio.NioEventLoop.select(NioEventLoop.java:879)
	at app//io.netty.channel.nio.NioEventLoop.run(NioEventLoop.java:526)
	at app//io.netty.util.concurrent.SingleThreadEventExecutor$4.run(SingleThreadEventExecutor.java:997)
	at app//io.netty.util.internal.ThreadExecutorMap$2.run(ThreadExecutorMap.java:74)
	at java.base@17.0.6/java.lang.Thread.run(Thread.java:833)

"elasticsearch[node_s2][transport_worker][T#1]" ID=48 RUNNABLE (in native code)
	at java.base@17.0.6/sun.nio.ch.EPoll.wait(Native Method)
	at java.base@17.0.6/sun.nio.ch.EPollSelectorImpl.doSelect(EPollSelectorImpl.java:118)
	at java.base@17.0.6/sun.nio.ch.SelectorImpl.lockAndDoSelect(SelectorImpl.java:129)
	- locked sun.nio.ch.Util$2@61aa1b12
	- locked sun.nio.ch.EPollSelectorImpl@62393a05
	at java.base@17.0.6/sun.nio.ch.SelectorImpl.select(SelectorImpl.java:146)
	at app//io.netty.channel.nio.NioEventLoop.select(NioEventLoop.java:879)
	at app//io.netty.channel.nio.NioEventLoop.run(NioEventLoop.java:526)
	at app//io.netty.util.concurrent.SingleThreadEventExecutor$4.run(SingleThreadEventExecutor.java:997)
	at app//io.netty.util.internal.ThreadExecutorMap$2.run(ThreadExecutorMap.java:74)
	at java.base@17.0.6/java.lang.Thread.run(Thread.java:833)

"elasticsearch[node_s4][transport_worker][T#1]" ID=49 RUNNABLE (in native code)
	at java.base@17.0.6/sun.nio.ch.EPoll.wait(Native Method)
	at java.base@17.0.6/sun.nio.ch.EPollSelectorImpl.doSelect(EPollSelectorImpl.java:118)
	at java.base@17.0.6/sun.nio.ch.SelectorImpl.lockAndDoSelect(SelectorImpl.java:129)
	- locked sun.nio.ch.Util$2@78a7f2f4
	- locked sun.nio.ch.EPollSelectorImpl@41b60b2e
	at java.base@17.0.6/sun.nio.ch.SelectorImpl.select(SelectorImpl.java:146)
	at app//io.netty.channel.nio.NioEventLoop.select(NioEventLoop.java:879)
	at app//io.netty.channel.nio.NioEventLoop.run(NioEventLoop.java:526)
	at app//io.netty.util.concurrent.SingleThreadEventExecutor$4.run(SingleThreadEventExecutor.java:997)
	at app//io.netty.util.internal.ThreadExecutorMap$2.run(ThreadExecutorMap.java:74)
	at java.base@17.0.6/java.lang.Thread.run(Thread.java:833)

"elasticsearch[node_s1][transport_worker][T#2]" ID=50 RUNNABLE (in native code)
	at java.base@17.0.6/sun.nio.ch.EPoll.wait(Native Method)
	at java.base@17.0.6/sun.nio.ch.EPollSelectorImpl.doSelect(EPollSelectorImpl.java:118)
	at java.base@17.0.6/sun.nio.ch.SelectorImpl.lockAndDoSelect(SelectorImpl.java:129)
	- locked sun.nio.ch.Util$2@7075ea81
	- locked sun.nio.ch.EPollSelectorImpl@5b371f98
	at java.base@17.0.6/sun.nio.ch.SelectorImpl.select(SelectorImpl.java:146)
	at app//io.netty.channel.nio.NioEventLoop.select(NioEventLoop.java:879)
	at app//io.netty.channel.nio.NioEventLoop.run(NioEventLoop.java:526)
	at app//io.netty.util.concurrent.SingleThreadEventExecutor$4.run(SingleThreadEventExecutor.java:997)
	at app//io.netty.util.internal.ThreadExecutorMap$2.run(ThreadExecutorMap.java:74)
	at java.base@17.0.6/java.lang.Thread.run(Thread.java:833)

"elasticsearch[node_s3][transport_worker][T#2]" ID=51 RUNNABLE (in native code)
	at java.base@17.0.6/sun.nio.ch.EPoll.wait(Native Method)
	at java.base@17.0.6/sun.nio.ch.EPollSelectorImpl.doSelect(EPollSelectorImpl.java:118)
	at java.base@17.0.6/sun.nio.ch.SelectorImpl.lockAndDoSelect(SelectorImpl.java:129)
	- locked sun.nio.ch.Util$2@1cc06658
	- locked sun.nio.ch.EPollSelectorImpl@6d5ef195
	at java.base@17.0.6/sun.nio.ch.SelectorImpl.select(SelectorImpl.java:146)
	at app//io.netty.channel.nio.NioEventLoop.select(NioEventLoop.java:879)
	at app//io.netty.channel.nio.NioEventLoop.run(NioEventLoop.java:526)
	at app//io.netty.util.concurrent.SingleThreadEventExecutor$4.run(SingleThreadEventExecutor.java:997)
	at app//io.netty.util.internal.ThreadExecutorMap$2.run(ThreadExecutorMap.java:74)
	at java.base@17.0.6/java.lang.Thread.run(Thread.java:833)

"elasticsearch[node_s2][transport_worker][T#2]" ID=52 RUNNABLE (in native code)
	at java.base@17.0.6/sun.nio.ch.EPoll.wait(Native Method)
	at java.base@17.0.6/sun.nio.ch.EPollSelectorImpl.doSelect(EPollSelectorImpl.java:118)
	at java.base@17.0.6/sun.nio.ch.SelectorImpl.lockAndDoSelect(SelectorImpl.java:129)
	- locked sun.nio.ch.Util$2@32a03f5d
	- locked sun.nio.ch.EPollSelectorImpl@51083d4e
	at java.base@17.0.6/sun.nio.ch.SelectorImpl.select(SelectorImpl.java:146)
	at app//io.netty.channel.nio.NioEventLoop.select(NioEventLoop.java:879)
	at app//io.netty.channel.nio.NioEventLoop.run(NioEventLoop.java:526)
	at app//io.netty.util.concurrent.SingleThreadEventExecutor$4.run(SingleThreadEventExecutor.java:997)
	at app//io.netty.util.internal.ThreadExecutorMap$2.run(ThreadExecutorMap.java:74)
	at java.base@17.0.6/java.lang.Thread.run(Thread.java:833)

"elasticsearch[node_s4][transport_worker][T#2]" ID=53 RUNNABLE (in native code)
	at java.base@17.0.6/sun.nio.ch.EPoll.wait(Native Method)
	at java.base@17.0.6/sun.nio.ch.EPollSelectorImpl.doSelect(EPollSelectorImpl.java:118)
	at java.base@17.0.6/sun.nio.ch.SelectorImpl.lockAndDoSelect(SelectorImpl.java:129)
	- locked sun.nio.ch.Util$2@4ee57391
	- locked sun.nio.ch.EPollSelectorImpl@54ade181
	at java.base@17.0.6/sun.nio.ch.SelectorImpl.select(SelectorImpl.java:146)
	at app//io.netty.channel.nio.NioEventLoop.select(NioEventLoop.java:879)
	at app//io.netty.channel.nio.NioEventLoop.run(NioEventLoop.java:526)
	at app//io.netty.util.concurrent.SingleThreadEventExecutor$4.run(SingleThreadEventExecutor.java:997)
	at app//io.netty.util.internal.ThreadExecutorMap$2.run(ThreadExecutorMap.java:74)
	at java.base@17.0.6/java.lang.Thread.run(Thread.java:833)

"elasticsearch[node_s2][transport_worker][T#3]" ID=54 RUNNABLE (in native code)
	at java.base@17.0.6/sun.nio.ch.EPoll.wait(Native Method)
	at java.base@17.0.6/sun.nio.ch.EPollSelectorImpl.doSelect(EPollSelectorImpl.java:118)
	at java.base@17.0.6/sun.nio.ch.SelectorImpl.lockAndDoSelect(SelectorImpl.java:129)
	- locked sun.nio.ch.Util$2@6744669e
	- locked sun.nio.ch.EPollSelectorImpl@7736d575
	at java.base@17.0.6/sun.nio.ch.SelectorImpl.select(SelectorImpl.java:146)
	at app//io.netty.channel.nio.NioEventLoop.select(NioEventLoop.java:879)
	at app//io.netty.channel.nio.NioEventLoop.run(NioEventLoop.java:526)
	at app//io.netty.util.concurrent.SingleThreadEventExecutor$4.run(SingleThreadEventExecutor.java:997)
	at app//io.netty.util.internal.ThreadExecutorMap$2.run(ThreadExecutorMap.java:74)
	at java.base@17.0.6/java.lang.Thread.run(Thread.java:833)

"elasticsearch[node_s4][transport_worker][T#3]" ID=55 RUNNABLE (in native code)
	at java.base@17.0.6/sun.nio.ch.EPoll.wait(Native Method)
	at java.base@17.0.6/sun.nio.ch.EPollSelectorImpl.doSelect(EPollSelectorImpl.java:118)
	at java.base@17.0.6/sun.nio.ch.SelectorImpl.lockAndDoSelect(SelectorImpl.java:129)
	- locked sun.nio.ch.Util$2@12aa59f9
	- locked sun.nio.ch.EPollSelectorImpl@293003c4
	at java.base@17.0.6/sun.nio.ch.SelectorImpl.select(SelectorImpl.java:146)
	at app//io.netty.channel.nio.NioEventLoop.select(NioEventLoop.java:879)
	at app//io.netty.channel.nio.NioEventLoop.run(NioEventLoop.java:526)
	at app//io.netty.util.concurrent.SingleThreadEventExecutor$4.run(SingleThreadEventExecutor.java:997)
	at app//io.netty.util.internal.ThreadExecutorMap$2.run(ThreadExecutorMap.java:74)
	at java.base@17.0.6/java.lang.Thread.run(Thread.java:833)

"elasticsearch[node_s2][transport_worker][T#4]" ID=56 RUNNABLE (in native code)
	at java.base@17.0.6/sun.nio.ch.EPoll.wait(Native Method)
	at java.base@17.0.6/sun.nio.ch.EPollSelectorImpl.doSelect(EPollSelectorImpl.java:118)
	at java.base@17.0.6/sun.nio.ch.SelectorImpl.lockAndDoSelect(SelectorImpl.java:129)
	- locked sun.nio.ch.Util$2@6d84f0ea
	- locked sun.nio.ch.EPollSelectorImpl@2cd81d52
	at java.base@17.0.6/sun.nio.ch.SelectorImpl.select(SelectorImpl.java:146)
	at app//io.netty.channel.nio.NioEventLoop.select(NioEventLoop.java:879)
	at app//io.netty.channel.nio.NioEventLoop.run(NioEventLoop.java:526)
	at app//io.netty.util.concurrent.SingleThreadEventExecutor$4.run(SingleThreadEventExecutor.java:997)
	at app//io.netty.util.internal.ThreadExecutorMap$2.run(ThreadExecutorMap.java:74)
	at java.base@17.0.6/java.lang.Thread.run(Thread.java:833)

"elasticsearch[node_s4][transport_worker][T#4]" ID=57 RUNNABLE (in native code)
	at java.base@17.0.6/sun.nio.ch.EPoll.wait(Native Method)
	at java.base@17.0.6/sun.nio.ch.EPollSelectorImpl.doSelect(EPollSelectorImpl.java:118)
	at java.base@17.0.6/sun.nio.ch.SelectorImpl.lockAndDoSelect(SelectorImpl.java:129)
	- locked sun.nio.ch.Util$2@6c7dfca1
	- locked sun.nio.ch.EPollSelectorImpl@457afcc9
	at java.base@17.0.6/sun.nio.ch.SelectorImpl.select(SelectorImpl.java:146)
	at app//io.netty.channel.nio.NioEventLoop.select(NioEventLoop.java:879)
	at app//io.netty.channel.nio.NioEventLoop.run(NioEventLoop.java:526)
	at app//io.netty.util.concurrent.SingleThreadEventExecutor$4.run(SingleThreadEventExecutor.java:997)
	at app//io.netty.util.internal.ThreadExecutorMap$2.run(ThreadExecutorMap.java:74)
	at java.base@17.0.6/java.lang.Thread.run(Thread.java:833)

"elasticsearch[node_s0][transport_worker][T#2]" ID=58 RUNNABLE (in native code)
	at java.base@17.0.6/sun.nio.ch.EPoll.wait(Native Method)
	at java.base@17.0.6/sun.nio.ch.EPollSelectorImpl.doSelect(EPollSelectorImpl.java:118)
	at java.base@17.0.6/sun.nio.ch.SelectorImpl.lockAndDoSelect(SelectorImpl.java:129)
	- locked sun.nio.ch.Util$2@f33572c
	- locked sun.nio.ch.EPollSelectorImpl@636de915
	at java.base@17.0.6/sun.nio.ch.SelectorImpl.select(SelectorImpl.java:146)
	at app//io.netty.channel.nio.NioEventLoop.select(NioEventLoop.java:879)
	at app//io.netty.channel.nio.NioEventLoop.run(NioEventLoop.java:526)
	at app//io.netty.util.concurrent.SingleThreadEventExecutor$4.run(SingleThreadEventExecutor.java:997)
	at app//io.netty.util.internal.ThreadExecutorMap$2.run(ThreadExecutorMap.java:74)
	at java.base@17.0.6/java.lang.Thread.run(Thread.java:833)

"elasticsearch[node_s0][transport_worker][T#3]" ID=59 RUNNABLE (in native code)
	at java.base@17.0.6/sun.nio.ch.EPoll.wait(Native Method)
	at java.base@17.0.6/sun.nio.ch.EPollSelectorImpl.doSelect(EPollSelectorImpl.java:118)
	at java.base@17.0.6/sun.nio.ch.SelectorImpl.lockAndDoSelect(SelectorImpl.java:129)
	- locked sun.nio.ch.Util$2@6076892d
	- locked sun.nio.ch.EPollSelectorImpl@7278bd5e
	at java.base@17.0.6/sun.nio.ch.SelectorImpl.select(SelectorImpl.java:146)
	at app//io.netty.channel.nio.NioEventLoop.select(NioEventLoop.java:879)
	at app//io.netty.channel.nio.NioEventLoop.run(NioEventLoop.java:526)
	at app//io.netty.util.concurrent.SingleThreadEventExecutor$4.run(SingleThreadEventExecutor.java:997)
	at app//io.netty.util.internal.ThreadExecutorMap$2.run(ThreadExecutorMap.java:74)
	at java.base@17.0.6/java.lang.Thread.run(Thread.java:833)

"elasticsearch[node_s0][transport_worker][T#4]" ID=60 RUNNABLE (in native code)
	at java.base@17.0.6/sun.nio.ch.EPoll.wait(Native Method)
	at java.base@17.0.6/sun.nio.ch.EPollSelectorImpl.doSelect(EPollSelectorImpl.java:118)
	at java.base@17.0.6/sun.nio.ch.SelectorImpl.lockAndDoSelect(SelectorImpl.java:129)
	- locked sun.nio.ch.Util$2@67670e0a
	- locked sun.nio.ch.EPollSelectorImpl@6b4e76b2
	at java.base@17.0.6/sun.nio.ch.SelectorImpl.select(SelectorImpl.java:146)
	at app//io.netty.channel.nio.NioEventLoop.select(NioEventLoop.java:879)
	at app//io.netty.channel.nio.NioEventLoop.run(NioEventLoop.java:526)
	at app//io.netty.util.concurrent.SingleThreadEventExecutor$4.run(SingleThreadEventExecutor.java:997)
	at app//io.netty.util.internal.ThreadExecutorMap$2.run(ThreadExecutorMap.java:74)
	at java.base@17.0.6/java.lang.Thread.run(Thread.java:833)

"elasticsearch[node_s0][generic][T#1]" ID=61 TIMED_WAITING on org.elasticsearch.common.util.concurrent.EsExecutors$ExecutorScalingQueue@3f25b517
	at java.base@17.0.6/jdk.internal.misc.Unsafe.park(Native Method)
	- timed waiting on org.elasticsearch.common.util.concurrent.EsExecutors$ExecutorScalingQueue@3f25b517
	at java.base@17.0.6/java.util.concurrent.locks.LockSupport.parkNanos(LockSupport.java:252)
	at java.base@17.0.6/java.util.concurrent.LinkedTransferQueue.awaitMatch(LinkedTransferQueue.java:676)
	at java.base@17.0.6/java.util.concurrent.LinkedTransferQueue.xfer(LinkedTransferQueue.java:616)
	at java.base@17.0.6/java.util.concurrent.LinkedTransferQueue.poll(LinkedTransferQueue.java:1294)
	at java.base@17.0.6/java.util.concurrent.ThreadPoolExecutor.getTask(ThreadPoolExecutor.java:1061)
	at java.base@17.0.6/java.util.concurrent.ThreadPoolExecutor.runWorker(ThreadPoolExecutor.java:1122)
	at java.base@17.0.6/java.util.concurrent.ThreadPoolExecutor$Worker.run(ThreadPoolExecutor.java:635)
	at java.base@17.0.6/java.lang.Thread.run(Thread.java:833)

"elasticsearch[node_s1][generic][T#1]" ID=63 TIMED_WAITING on org.elasticsearch.common.util.concurrent.EsExecutors$ExecutorScalingQueue@8007de0
	at java.base@17.0.6/jdk.internal.misc.Unsafe.park(Native Method)
	- timed waiting on org.elasticsearch.common.util.concurrent.EsExecutors$ExecutorScalingQueue@8007de0
	at java.base@17.0.6/java.util.concurrent.locks.LockSupport.parkNanos(LockSupport.java:252)
	at java.base@17.0.6/java.util.concurrent.LinkedTransferQueue.awaitMatch(LinkedTransferQueue.java:676)
	at java.base@17.0.6/java.util.concurrent.LinkedTransferQueue.xfer(LinkedTransferQueue.java:616)
	at java.base@17.0.6/java.util.concurrent.LinkedTransferQueue.poll(LinkedTransferQueue.java:1294)
	at java.base@17.0.6/java.util.concurrent.ThreadPoolExecutor.getTask(ThreadPoolExecutor.java:1061)
	at java.base@17.0.6/java.util.concurrent.ThreadPoolExecutor.runWorker(ThreadPoolExecutor.java:1122)
	at java.base@17.0.6/java.util.concurrent.ThreadPoolExecutor$Worker.run(ThreadPoolExecutor.java:635)
	at java.base@17.0.6/java.lang.Thread.run(Thread.java:833)

"elasticsearch[node_s3][generic][T#1]" ID=64 TIMED_WAITING on org.elasticsearch.common.util.concurrent.EsExecutors$ExecutorScalingQueue@57c835b4
	at java.base@17.0.6/jdk.internal.misc.Unsafe.park(Native Method)
	- timed waiting on org.elasticsearch.common.util.concurrent.EsExecutors$ExecutorScalingQueue@57c835b4
	at java.base@17.0.6/java.util.concurrent.locks.LockSupport.parkNanos(LockSupport.java:252)
	at java.base@17.0.6/java.util.concurrent.LinkedTransferQueue.awaitMatch(LinkedTransferQueue.java:676)
	at java.base@17.0.6/java.util.concurrent.LinkedTransferQueue.xfer(LinkedTransferQueue.java:616)
	at java.base@17.0.6/java.util.concurrent.LinkedTransferQueue.poll(LinkedTransferQueue.java:1294)
	at java.base@17.0.6/java.util.concurrent.ThreadPoolExecutor.getTask(ThreadPoolExecutor.java:1061)
	at java.base@17.0.6/java.util.concurrent.ThreadPoolExecutor.runWorker(ThreadPoolExecutor.java:1122)
	at java.base@17.0.6/java.util.concurrent.ThreadPoolExecutor$Worker.run(ThreadPoolExecutor.java:635)
	at java.base@17.0.6/java.lang.Thread.run(Thread.java:833)

"elasticsearch[node_s2][generic][T#1]" ID=65 TIMED_WAITING on org.elasticsearch.common.util.concurrent.EsExecutors$ExecutorScalingQueue@4fab3219
	at java.base@17.0.6/jdk.internal.misc.Unsafe.park(Native Method)
	- timed waiting on org.elasticsearch.common.util.concurrent.EsExecutors$ExecutorScalingQueue@4fab3219
	at java.base@17.0.6/java.util.concurrent.locks.LockSupport.parkNanos(LockSupport.java:252)
	at java.base@17.0.6/java.util.concurrent.LinkedTransferQueue.awaitMatch(LinkedTransferQueue.java:676)
	at java.base@17.0.6/java.util.concurrent.LinkedTransferQueue.xfer(LinkedTransferQueue.java:616)
	at java.base@17.0.6/java.util.concurrent.LinkedTransferQueue.poll(LinkedTransferQueue.java:1294)
	at java.base@17.0.6/java.util.concurrent.ThreadPoolExecutor.getTask(ThreadPoolExecutor.java:1061)
	at java.base@17.0.6/java.util.concurrent.ThreadPoolExecutor.runWorker(ThreadPoolExecutor.java:1122)
	at java.base@17.0.6/java.util.concurrent.ThreadPoolExecutor$Worker.run(ThreadPoolExecutor.java:635)
	at java.base@17.0.6/java.lang.Thread.run(Thread.java:833)

"elasticsearch[node_s4][generic][T#1]" ID=66 TIMED_WAITING on org.elasticsearch.common.util.concurrent.EsExecutors$ExecutorScalingQueue@5db4bbf6
	at java.base@17.0.6/jdk.internal.misc.Unsafe.park(Native Method)
	- timed waiting on org.elasticsearch.common.util.concurrent.EsExecutors$ExecutorScalingQueue@5db4bbf6
	at java.base@17.0.6/java.util.concurrent.locks.LockSupport.parkNanos(LockSupport.java:252)
	at java.base@17.0.6/java.util.concurrent.LinkedTransferQueue.awaitMatch(LinkedTransferQueue.java:676)
	at java.base@17.0.6/java.util.concurrent.LinkedTransferQueue.xfer(LinkedTransferQueue.java:616)
	at java.base@17.0.6/java.util.concurrent.LinkedTransferQueue.poll(LinkedTransferQueue.java:1294)
	at java.base@17.0.6/java.util.concurrent.ThreadPoolExecutor.getTask(ThreadPoolExecutor.java:1061)
	at java.base@17.0.6/java.util.concurrent.ThreadPoolExecutor.runWorker(ThreadPoolExecutor.java:1122)
	at java.base@17.0.6/java.util.concurrent.ThreadPoolExecutor$Worker.run(ThreadPoolExecutor.java:635)
	at java.base@17.0.6/java.lang.Thread.run(Thread.java:833)

"elasticsearch[node_s4][clusterApplierService#updateTask][T#1]" ID=73 WAITING on java.util.concurrent.locks.AbstractQueuedSynchronizer$ConditionObject@565032dd
	at java.base@17.0.6/jdk.internal.misc.Unsafe.park(Native Method)
	- waiting on java.util.concurrent.locks.AbstractQueuedSynchronizer$ConditionObject@565032dd
	at java.base@17.0.6/java.util.concurrent.locks.LockSupport.park(LockSupport.java:341)
	at java.base@17.0.6/java.util.concurrent.locks.AbstractQueuedSynchronizer$ConditionNode.block(AbstractQueuedSynchronizer.java:506)
	at java.base@17.0.6/java.util.concurrent.ForkJoinPool.unmanagedBlock(ForkJoinPool.java:3463)
	at java.base@17.0.6/java.util.concurrent.ForkJoinPool.managedBlock(ForkJoinPool.java:3434)
	at java.base@17.0.6/java.util.concurrent.locks.AbstractQueuedSynchronizer$ConditionObject.await(AbstractQueuedSynchronizer.java:1623)
	at java.base@17.0.6/java.util.concurrent.PriorityBlockingQueue.take(PriorityBlockingQueue.java:535)
	at java.base@17.0.6/java.util.concurrent.ThreadPoolExecutor.getTask(ThreadPoolExecutor.java:1062)
	at java.base@17.0.6/java.util.concurrent.ThreadPoolExecutor.runWorker(ThreadPoolExecutor.java:1122)
	at java.base@17.0.6/java.util.concurrent.ThreadPoolExecutor$Worker.run(ThreadPoolExecutor.java:635)
	at java.base@17.0.6/java.lang.Thread.run(Thread.java:833)

"elasticsearch[node_s2][clusterApplierService#updateTask][T#1]" ID=71 WAITING on java.util.concurrent.locks.AbstractQueuedSynchronizer$ConditionObject@40a3d836
	at java.base@17.0.6/jdk.internal.misc.Unsafe.park(Native Method)
	- waiting on java.util.concurrent.locks.AbstractQueuedSynchronizer$ConditionObject@40a3d836
	at java.base@17.0.6/java.util.concurrent.locks.LockSupport.park(LockSupport.java:341)
	at java.base@17.0.6/java.util.concurrent.locks.AbstractQueuedSynchronizer$ConditionNode.block(AbstractQueuedSynchronizer.java:506)
	at java.base@17.0.6/java.util.concurrent.ForkJoinPool.unmanagedBlock(ForkJoinPool.java:3463)
	at java.base@17.0.6/java.util.concurrent.ForkJoinPool.managedBlock(ForkJoinPool.java:3434)
	at java.base@17.0.6/java.util.concurrent.locks.AbstractQueuedSynchronizer$ConditionObject.await(AbstractQueuedSynchronizer.java:1623)
	at java.base@17.0.6/java.util.concurrent.PriorityBlockingQueue.take(PriorityBlockingQueue.java:535)
	at java.base@17.0.6/java.util.concurrent.ThreadPoolExecutor.getTask(ThreadPoolExecutor.java:1062)
	at java.base@17.0.6/java.util.concurrent.ThreadPoolExecutor.runWorker(ThreadPoolExecutor.java:1122)
	at java.base@17.0.6/java.util.concurrent.ThreadPoolExecutor$Worker.run(ThreadPoolExecutor.java:635)
	at java.base@17.0.6/java.lang.Thread.run(Thread.java:833)

"elasticsearch[node_s1][clusterApplierService#updateTask][T#1]" ID=72 WAITING on java.util.concurrent.locks.AbstractQueuedSynchronizer$ConditionObject@568e11c1
	at java.base@17.0.6/jdk.internal.misc.Unsafe.park(Native Method)
	- waiting on java.util.concurrent.locks.AbstractQueuedSynchronizer$ConditionObject@568e11c1
	at java.base@17.0.6/java.util.concurrent.locks.LockSupport.park(LockSupport.java:341)
	at java.base@17.0.6/java.util.concurrent.locks.AbstractQueuedSynchronizer$ConditionNode.block(AbstractQueuedSynchronizer.java:506)
	at java.base@17.0.6/java.util.concurrent.ForkJoinPool.unmanagedBlock(ForkJoinPool.java:3463)
	at java.base@17.0.6/java.util.concurrent.ForkJoinPool.managedBlock(ForkJoinPool.java:3434)
	at java.base@17.0.6/java.util.concurrent.locks.AbstractQueuedSynchronizer$ConditionObject.await(AbstractQueuedSynchronizer.java:1623)
	at java.base@17.0.6/java.util.concurrent.PriorityBlockingQueue.take(PriorityBlockingQueue.java:535)
	at java.base@17.0.6/java.util.concurrent.ThreadPoolExecutor.getTask(ThreadPoolExecutor.java:1062)
	at java.base@17.0.6/java.util.concurrent.ThreadPoolExecutor.runWorker(ThreadPoolExecutor.java:1122)
	at java.base@17.0.6/java.util.concurrent.ThreadPoolExecutor$Worker.run(ThreadPoolExecutor.java:635)
	at java.base@17.0.6/java.lang.Thread.run(Thread.java:833)

"elasticsearch[node_s0][clusterApplierService#updateTask][T#1]" ID=74 WAITING on java.util.concurrent.locks.AbstractQueuedSynchronizer$ConditionObject@2e9d7bed
	at java.base@17.0.6/jdk.internal.misc.Unsafe.park(Native Method)
	- waiting on java.util.concurrent.locks.AbstractQueuedSynchronizer$ConditionObject@2e9d7bed
	at java.base@17.0.6/java.util.concurrent.locks.LockSupport.park(LockSupport.java:341)
	at java.base@17.0.6/java.util.concurrent.locks.AbstractQueuedSynchronizer$ConditionNode.block(AbstractQueuedSynchronizer.java:506)
	at java.base@17.0.6/java.util.concurrent.ForkJoinPool.unmanagedBlock(ForkJoinPool.java:3463)
	at java.base@17.0.6/java.util.concurrent.ForkJoinPool.managedBlock(ForkJoinPool.java:3434)
	at java.base@17.0.6/java.util.concurrent.locks.AbstractQueuedSynchronizer$ConditionObject.await(AbstractQueuedSynchronizer.java:1623)
	at java.base@17.0.6/java.util.concurrent.PriorityBlockingQueue.take(PriorityBlockingQueue.java:535)
	at java.base@17.0.6/java.util.concurrent.ThreadPoolExecutor.getTask(ThreadPoolExecutor.java:1062)
	at java.base@17.0.6/java.util.concurrent.ThreadPoolExecutor.runWorker(ThreadPoolExecutor.java:1122)
	at java.base@17.0.6/java.util.concurrent.ThreadPoolExecutor$Worker.run(ThreadPoolExecutor.java:635)
	at java.base@17.0.6/java.lang.Thread.run(Thread.java:833)

"elasticsearch[node_s2][generic][T#2]" ID=75 TIMED_WAITING on org.elasticsearch.common.util.concurrent.EsExecutors$ExecutorScalingQueue@4fab3219
	at java.base@17.0.6/jdk.internal.misc.Unsafe.park(Native Method)
	- timed waiting on org.elasticsearch.common.util.concurrent.EsExecutors$ExecutorScalingQueue@4fab3219
	at java.base@17.0.6/java.util.concurrent.locks.LockSupport.parkNanos(LockSupport.java:252)
	at java.base@17.0.6/java.util.concurrent.LinkedTransferQueue.awaitMatch(LinkedTransferQueue.java:676)
	at java.base@17.0.6/java.util.concurrent.LinkedTransferQueue.xfer(LinkedTransferQueue.java:616)
	at java.base@17.0.6/java.util.concurrent.LinkedTransferQueue.poll(LinkedTransferQueue.java:1294)
	at java.base@17.0.6/java.util.concurrent.ThreadPoolExecutor.getTask(ThreadPoolExecutor.java:1061)
	at java.base@17.0.6/java.util.concurrent.ThreadPoolExecutor.runWorker(ThreadPoolExecutor.java:1122)
	at java.base@17.0.6/java.util.concurrent.ThreadPoolExecutor$Worker.run(ThreadPoolExecutor.java:635)
	at java.base@17.0.6/java.lang.Thread.run(Thread.java:833)

"elasticsearch[node_s4][generic][T#2]" ID=76 TIMED_WAITING on org.elasticsearch.common.util.concurrent.EsExecutors$ExecutorScalingQueue@5db4bbf6
	at java.base@17.0.6/jdk.internal.misc.Unsafe.park(Native Method)
	- timed waiting on org.elasticsearch.common.util.concurrent.EsExecutors$ExecutorScalingQueue@5db4bbf6
	at java.base@17.0.6/java.util.concurrent.locks.LockSupport.parkNanos(LockSupport.java:252)
	at java.base@17.0.6/java.util.concurrent.LinkedTransferQueue.awaitMatch(LinkedTransferQueue.java:676)
	at java.base@17.0.6/java.util.concurrent.LinkedTransferQueue.xfer(LinkedTransferQueue.java:616)
	at java.base@17.0.6/java.util.concurrent.LinkedTransferQueue.poll(LinkedTransferQueue.java:1294)
	at java.base@17.0.6/java.util.concurrent.ThreadPoolExecutor.getTask(ThreadPoolExecutor.java:1061)
	at java.base@17.0.6/java.util.concurrent.ThreadPoolExecutor.runWorker(ThreadPoolExecutor.java:1122)
	at java.base@17.0.6/java.util.concurrent.ThreadPoolExecutor$Worker.run(ThreadPoolExecutor.java:635)
	at java.base@17.0.6/java.lang.Thread.run(Thread.java:833)

"elasticsearch[node_s3][generic][T#2]" ID=77 TIMED_WAITING on org.elasticsearch.common.util.concurrent.EsExecutors$ExecutorScalingQueue@57c835b4
	at java.base@17.0.6/jdk.internal.misc.Unsafe.park(Native Method)
	- timed waiting on org.elasticsearch.common.util.concurrent.EsExecutors$ExecutorScalingQueue@57c835b4
	at java.base@17.0.6/java.util.concurrent.locks.LockSupport.parkNanos(LockSupport.java:252)
	at java.base@17.0.6/java.util.concurrent.LinkedTransferQueue.awaitMatch(LinkedTransferQueue.java:676)
	at java.base@17.0.6/java.util.concurrent.LinkedTransferQueue.xfer(LinkedTransferQueue.java:616)
	at java.base@17.0.6/java.util.concurrent.LinkedTransferQueue.poll(LinkedTransferQueue.java:1294)
	at java.base@17.0.6/java.util.concurrent.ThreadPoolExecutor.getTask(ThreadPoolExecutor.java:1061)
	at java.base@17.0.6/java.util.concurrent.ThreadPoolExecutor.runWorker(ThreadPoolExecutor.java:1122)
	at java.base@17.0.6/java.util.concurrent.ThreadPoolExecutor$Worker.run(ThreadPoolExecutor.java:635)
	at java.base@17.0.6/java.lang.Thread.run(Thread.java:833)

"elasticsearch[node_s1][generic][T#2]" ID=78 TIMED_WAITING on org.elasticsearch.common.util.concurrent.EsExecutors$ExecutorScalingQueue@8007de0
	at java.base@17.0.6/jdk.internal.misc.Unsafe.park(Native Method)
	- timed waiting on org.elasticsearch.common.util.concurrent.EsExecutors$ExecutorScalingQueue@8007de0
	at java.base@17.0.6/java.util.concurrent.locks.LockSupport.parkNanos(LockSupport.java:252)
	at java.base@17.0.6/java.util.concurrent.LinkedTransferQueue.awaitMatch(LinkedTransferQueue.java:676)
	at java.base@17.0.6/java.util.concurrent.LinkedTransferQueue.xfer(LinkedTransferQueue.java:616)
	at java.base@17.0.6/java.util.concurrent.LinkedTransferQueue.poll(LinkedTransferQueue.java:1294)
	at java.base@17.0.6/java.util.concurrent.ThreadPoolExecutor.getTask(ThreadPoolExecutor.java:1061)
	at java.base@17.0.6/java.util.concurrent.ThreadPoolExecutor.runWorker(ThreadPoolExecutor.java:1122)
	at java.base@17.0.6/java.util.concurrent.ThreadPoolExecutor$Worker.run(ThreadPoolExecutor.java:635)
	at java.base@17.0.6/java.lang.Thread.run(Thread.java:833)

"elasticsearch[node_s0][cluster_coordination][T#1]" ID=79 WAITING on java.util.concurrent.LinkedTransferQueue@790c6239
	at java.base@17.0.6/jdk.internal.misc.Unsafe.park(Native Method)
	- waiting on java.util.concurrent.LinkedTransferQueue@790c6239
	at java.base@17.0.6/java.util.concurrent.locks.LockSupport.park(LockSupport.java:341)
	at java.base@17.0.6/java.util.concurrent.LinkedTransferQueue$Node.block(LinkedTransferQueue.java:470)
	at java.base@17.0.6/java.util.concurrent.ForkJoinPool.unmanagedBlock(ForkJoinPool.java:3463)
	at java.base@17.0.6/java.util.concurrent.ForkJoinPool.managedBlock(ForkJoinPool.java:3434)
	at java.base@17.0.6/java.util.concurrent.LinkedTransferQueue.awaitMatch(LinkedTransferQueue.java:669)
	at java.base@17.0.6/java.util.concurrent.LinkedTransferQueue.xfer(LinkedTransferQueue.java:616)
	at java.base@17.0.6/java.util.concurrent.LinkedTransferQueue.take(LinkedTransferQueue.java:1286)
	at java.base@17.0.6/java.util.concurrent.ThreadPoolExecutor.getTask(ThreadPoolExecutor.java:1062)
	at java.base@17.0.6/java.util.concurrent.ThreadPoolExecutor.runWorker(ThreadPoolExecutor.java:1122)
	at java.base@17.0.6/java.util.concurrent.ThreadPoolExecutor$Worker.run(ThreadPoolExecutor.java:635)
	at java.base@17.0.6/java.lang.Thread.run(Thread.java:833)

"elasticsearch[node_s2][generic][T#3]" ID=83 TIMED_WAITING on org.elasticsearch.common.util.concurrent.EsExecutors$ExecutorScalingQueue@4fab3219
	at java.base@17.0.6/jdk.internal.misc.Unsafe.park(Native Method)
	- timed waiting on org.elasticsearch.common.util.concurrent.EsExecutors$ExecutorScalingQueue@4fab3219
	at java.base@17.0.6/java.util.concurrent.locks.LockSupport.parkNanos(LockSupport.java:252)
	at java.base@17.0.6/java.util.concurrent.LinkedTransferQueue.awaitMatch(LinkedTransferQueue.java:676)
	at java.base@17.0.6/java.util.concurrent.LinkedTransferQueue.xfer(LinkedTransferQueue.java:616)
	at java.base@17.0.6/java.util.concurrent.LinkedTransferQueue.poll(LinkedTransferQueue.java:1294)
	at java.base@17.0.6/java.util.concurrent.ThreadPoolExecutor.getTask(ThreadPoolExecutor.java:1061)
	at java.base@17.0.6/java.util.concurrent.ThreadPoolExecutor.runWorker(ThreadPoolExecutor.java:1122)
	at java.base@17.0.6/java.util.concurrent.ThreadPoolExecutor$Worker.run(ThreadPoolExecutor.java:635)
	at java.base@17.0.6/java.lang.Thread.run(Thread.java:833)

"elasticsearch[node_s4][generic][T#3]" ID=81 TIMED_WAITING on org.elasticsearch.common.util.concurrent.EsExecutors$ExecutorScalingQueue@5db4bbf6
	at java.base@17.0.6/jdk.internal.misc.Unsafe.park(Native Method)
	- timed waiting on org.elasticsearch.common.util.concurrent.EsExecutors$ExecutorScalingQueue@5db4bbf6
	at java.base@17.0.6/java.util.concurrent.locks.LockSupport.parkNanos(LockSupport.java:252)
	at java.base@17.0.6/java.util.concurrent.LinkedTransferQueue.awaitMatch(LinkedTransferQueue.java:676)
	at java.base@17.0.6/java.util.concurrent.LinkedTransferQueue.xfer(LinkedTransferQueue.java:616)
	at java.base@17.0.6/java.util.concurrent.LinkedTransferQueue.poll(LinkedTransferQueue.java:1294)
	at java.base@17.0.6/java.util.concurrent.ThreadPoolExecutor.getTask(ThreadPoolExecutor.java:1061)
	at java.base@17.0.6/java.util.concurrent.ThreadPoolExecutor.runWorker(ThreadPoolExecutor.java:1122)
	at java.base@17.0.6/java.util.concurrent.ThreadPoolExecutor$Worker.run(ThreadPoolExecutor.java:635)
	at java.base@17.0.6/java.lang.Thread.run(Thread.java:833)

"elasticsearch[node_s3][generic][T#3]" ID=82 TIMED_WAITING on org.elasticsearch.common.util.concurrent.EsExecutors$ExecutorScalingQueue@57c835b4
	at java.base@17.0.6/jdk.internal.misc.Unsafe.park(Native Method)
	- timed waiting on org.elasticsearch.common.util.concurrent.EsExecutors$ExecutorScalingQueue@57c835b4
	at java.base@17.0.6/java.util.concurrent.locks.LockSupport.parkNanos(LockSupport.java:252)
	at java.base@17.0.6/java.util.concurrent.LinkedTransferQueue.awaitMatch(LinkedTransferQueue.java:676)
	at java.base@17.0.6/java.util.concurrent.LinkedTransferQueue.xfer(LinkedTransferQueue.java:616)
	at java.base@17.0.6/java.util.concurrent.LinkedTransferQueue.poll(LinkedTransferQueue.java:1294)
	at java.base@17.0.6/java.util.concurrent.ThreadPoolExecutor.getTask(ThreadPoolExecutor.java:1061)
	at java.base@17.0.6/java.util.concurrent.ThreadPoolExecutor.runWorker(ThreadPoolExecutor.java:1122)
	at java.base@17.0.6/java.util.concurrent.ThreadPoolExecutor$Worker.run(ThreadPoolExecutor.java:635)
	at java.base@17.0.6/java.lang.Thread.run(Thread.java:833)

"elasticsearch[node_s1][generic][T#3]" ID=84 TIMED_WAITING on org.elasticsearch.common.util.concurrent.EsExecutors$ExecutorScalingQueue@8007de0
	at java.base@17.0.6/jdk.internal.misc.Unsafe.park(Native Method)
	- timed waiting on org.elasticsearch.common.util.concurrent.EsExecutors$ExecutorScalingQueue@8007de0
	at java.base@17.0.6/java.util.concurrent.locks.LockSupport.parkNanos(LockSupport.java:252)
	at java.base@17.0.6/java.util.concurrent.LinkedTransferQueue.awaitMatch(LinkedTransferQueue.java:676)
	at java.base@17.0.6/java.util.concurrent.LinkedTransferQueue.xfer(LinkedTransferQueue.java:616)
	at java.base@17.0.6/java.util.concurrent.LinkedTransferQueue.poll(LinkedTransferQueue.java:1294)
	at java.base@17.0.6/java.util.concurrent.ThreadPoolExecutor.getTask(ThreadPoolExecutor.java:1061)
	at java.base@17.0.6/java.util.concurrent.ThreadPoolExecutor.runWorker(ThreadPoolExecutor.java:1122)
	at java.base@17.0.6/java.util.concurrent.ThreadPoolExecutor$Worker.run(ThreadPoolExecutor.java:635)
	at java.base@17.0.6/java.lang.Thread.run(Thread.java:833)

"elasticsearch[node_s0][generic][T#2]" ID=85 TIMED_WAITING on org.elasticsearch.common.util.concurrent.EsExecutors$ExecutorScalingQueue@3f25b517
	at java.base@17.0.6/jdk.internal.misc.Unsafe.park(Native Method)
	- timed waiting on org.elasticsearch.common.util.concurrent.EsExecutors$ExecutorScalingQueue@3f25b517
	at java.base@17.0.6/java.util.concurrent.locks.LockSupport.parkNanos(LockSupport.java:252)
	at java.base@17.0.6/java.util.concurrent.LinkedTransferQueue.awaitMatch(LinkedTransferQueue.java:676)
	at java.base@17.0.6/java.util.concurrent.LinkedTransferQueue.xfer(LinkedTransferQueue.java:616)
	at java.base@17.0.6/java.util.concurrent.LinkedTransferQueue.poll(LinkedTransferQueue.java:1294)
	at java.base@17.0.6/java.util.concurrent.ThreadPoolExecutor.getTask(ThreadPoolExecutor.java:1061)
	at java.base@17.0.6/java.util.concurrent.ThreadPoolExecutor.runWorker(ThreadPoolExecutor.java:1122)
	at java.base@17.0.6/java.util.concurrent.ThreadPoolExecutor$Worker.run(ThreadPoolExecutor.java:635)
	at java.base@17.0.6/java.lang.Thread.run(Thread.java:833)

"elasticsearch[node_s0][generic][T#3]" ID=86 TIMED_WAITING on org.elasticsearch.common.util.concurrent.EsExecutors$ExecutorScalingQueue@3f25b517
	at java.base@17.0.6/jdk.internal.misc.Unsafe.park(Native Method)
	- timed waiting on org.elasticsearch.common.util.concurrent.EsExecutors$ExecutorScalingQueue@3f25b517
	at java.base@17.0.6/java.util.concurrent.locks.LockSupport.parkNanos(LockSupport.java:252)
	at java.base@17.0.6/java.util.concurrent.LinkedTransferQueue.awaitMatch(LinkedTransferQueue.java:676)
	at java.base@17.0.6/java.util.concurrent.LinkedTransferQueue.xfer(LinkedTransferQueue.java:616)
	at java.base@17.0.6/java.util.concurrent.LinkedTransferQueue.poll(LinkedTransferQueue.java:1294)
	at java.base@17.0.6/java.util.concurrent.ThreadPoolExecutor.getTask(ThreadPoolExecutor.java:1061)
	at java.base@17.0.6/java.util.concurrent.ThreadPoolExecutor.runWorker(ThreadPoolExecutor.java:1122)
	at java.base@17.0.6/java.util.concurrent.ThreadPoolExecutor$Worker.run(ThreadPoolExecutor.java:635)
	at java.base@17.0.6/java.lang.Thread.run(Thread.java:833)

"elasticsearch[node_s3][generic][T#4]" ID=87 TIMED_WAITING on org.elasticsearch.common.util.concurrent.EsExecutors$ExecutorScalingQueue@57c835b4
	at java.base@17.0.6/jdk.internal.misc.Unsafe.park(Native Method)
	- timed waiting on org.elasticsearch.common.util.concurrent.EsExecutors$ExecutorScalingQueue@57c835b4
	at java.base@17.0.6/java.util.concurrent.locks.LockSupport.parkNanos(LockSupport.java:252)
	at java.base@17.0.6/java.util.concurrent.LinkedTransferQueue.awaitMatch(LinkedTransferQueue.java:676)
	at java.base@17.0.6/java.util.concurrent.LinkedTransferQueue.xfer(LinkedTransferQueue.java:616)
	at java.base@17.0.6/java.util.concurrent.LinkedTransferQueue.poll(LinkedTransferQueue.java:1294)
	at java.base@17.0.6/java.util.concurrent.ThreadPoolExecutor.getTask(ThreadPoolExecutor.java:1061)
	at java.base@17.0.6/java.util.concurrent.ThreadPoolExecutor.runWorker(ThreadPoolExecutor.java:1122)
	at java.base@17.0.6/java.util.concurrent.ThreadPoolExecutor$Worker.run(ThreadPoolExecutor.java:635)
	at java.base@17.0.6/java.lang.Thread.run(Thread.java:833)

"elasticsearch[node_s2][generic][T#4]" ID=88 TIMED_WAITING on org.elasticsearch.common.util.concurrent.EsExecutors$ExecutorScalingQueue@4fab3219
	at java.base@17.0.6/jdk.internal.misc.Unsafe.park(Native Method)
	- timed waiting on org.elasticsearch.common.util.concurrent.EsExecutors$ExecutorScalingQueue@4fab3219
	at java.base@17.0.6/java.util.concurrent.locks.LockSupport.parkNanos(LockSupport.java:252)
	at java.base@17.0.6/java.util.concurrent.LinkedTransferQueue.awaitMatch(LinkedTransferQueue.java:676)
	at java.base@17.0.6/java.util.concurrent.LinkedTransferQueue.xfer(LinkedTransferQueue.java:616)
	at java.base@17.0.6/java.util.concurrent.LinkedTransferQueue.poll(LinkedTransferQueue.java:1294)
	at java.base@17.0.6/java.util.concurrent.ThreadPoolExecutor.getTask(ThreadPoolExecutor.java:1061)
	at java.base@17.0.6/java.util.concurrent.ThreadPoolExecutor.runWorker(ThreadPoolExecutor.java:1122)
	at java.base@17.0.6/java.util.concurrent.ThreadPoolExecutor$Worker.run(ThreadPoolExecutor.java:635)
	at java.base@17.0.6/java.lang.Thread.run(Thread.java:833)

"elasticsearch[node_s1][generic][T#4]" ID=89 TIMED_WAITING on org.elasticsearch.common.util.concurrent.EsExecutors$ExecutorScalingQueue@8007de0
	at java.base@17.0.6/jdk.internal.misc.Unsafe.park(Native Method)
	- timed waiting on org.elasticsearch.common.util.concurrent.EsExecutors$ExecutorScalingQueue@8007de0
	at java.base@17.0.6/java.util.concurrent.locks.LockSupport.parkNanos(LockSupport.java:252)
	at java.base@17.0.6/java.util.concurrent.LinkedTransferQueue.awaitMatch(LinkedTransferQueue.java:676)
	at java.base@17.0.6/java.util.concurrent.LinkedTransferQueue.xfer(LinkedTransferQueue.java:616)
	at java.base@17.0.6/java.util.concurrent.LinkedTransferQueue.poll(LinkedTransferQueue.java:1294)
	at java.base@17.0.6/java.util.concurrent.ThreadPoolExecutor.getTask(ThreadPoolExecutor.java:1061)
	at java.base@17.0.6/java.util.concurrent.ThreadPoolExecutor.runWorker(ThreadPoolExecutor.java:1122)
	at java.base@17.0.6/java.util.concurrent.ThreadPoolExecutor$Worker.run(ThreadPoolExecutor.java:635)
	at java.base@17.0.6/java.lang.Thread.run(Thread.java:833)

"elasticsearch[node_s4][generic][T#4]" ID=90 TIMED_WAITING on org.elasticsearch.common.util.concurrent.EsExecutors$ExecutorScalingQueue@5db4bbf6
	at java.base@17.0.6/jdk.internal.misc.Unsafe.park(Native Method)
	- timed waiting on org.elasticsearch.common.util.concurrent.EsExecutors$ExecutorScalingQueue@5db4bbf6
	at java.base@17.0.6/java.util.concurrent.locks.LockSupport.parkNanos(LockSupport.java:252)
	at java.base@17.0.6/java.util.concurrent.LinkedTransferQueue.awaitMatch(LinkedTransferQueue.java:676)
	at java.base@17.0.6/java.util.concurrent.LinkedTransferQueue.xfer(LinkedTransferQueue.java:616)
	at java.base@17.0.6/java.util.concurrent.LinkedTransferQueue.poll(LinkedTransferQueue.java:1294)
	at java.base@17.0.6/java.util.concurrent.ThreadPoolExecutor.getTask(ThreadPoolExecutor.java:1061)
	at java.base@17.0.6/java.util.concurrent.ThreadPoolExecutor.runWorker(ThreadPoolExecutor.java:1122)
	at java.base@17.0.6/java.util.concurrent.ThreadPoolExecutor$Worker.run(ThreadPoolExecutor.java:635)
	at java.base@17.0.6/java.lang.Thread.run(Thread.java:833)

"elasticsearch[node_s0][generic][T#4]" ID=91 TIMED_WAITING on org.elasticsearch.common.util.concurrent.EsExecutors$ExecutorScalingQueue@3f25b517
	at java.base@17.0.6/jdk.internal.misc.Unsafe.park(Native Method)
	- timed waiting on org.elasticsearch.common.util.concurrent.EsExecutors$ExecutorScalingQueue@3f25b517
	at java.base@17.0.6/java.util.concurrent.locks.LockSupport.parkNanos(LockSupport.java:252)
	at java.base@17.0.6/java.util.concurrent.LinkedTransferQueue.awaitMatch(LinkedTransferQueue.java:676)
	at java.base@17.0.6/java.util.concurrent.LinkedTransferQueue.xfer(LinkedTransferQueue.java:616)
	at java.base@17.0.6/java.util.concurrent.LinkedTransferQueue.poll(LinkedTransferQueue.java:1294)
	at java.base@17.0.6/java.util.concurrent.ThreadPoolExecutor.getTask(ThreadPoolExecutor.java:1061)
	at java.base@17.0.6/java.util.concurrent.ThreadPoolExecutor.runWorker(ThreadPoolExecutor.java:1122)
	at java.base@17.0.6/java.util.concurrent.ThreadPoolExecutor$Worker.run(ThreadPoolExecutor.java:635)
	at java.base@17.0.6/java.lang.Thread.run(Thread.java:833)

"elasticsearch[node_s3][AsyncLucenePersistedState#updateTask][T#1]" ID=92 WAITING on java.util.concurrent.LinkedTransferQueue@27306746
	at java.base@17.0.6/jdk.internal.misc.Unsafe.park(Native Method)
	- waiting on java.util.concurrent.LinkedTransferQueue@27306746
	at java.base@17.0.6/java.util.concurrent.locks.LockSupport.park(LockSupport.java:341)
	at java.base@17.0.6/java.util.concurrent.LinkedTransferQueue$Node.block(LinkedTransferQueue.java:470)
	at java.base@17.0.6/java.util.concurrent.ForkJoinPool.unmanagedBlock(ForkJoinPool.java:3463)
	at java.base@17.0.6/java.util.concurrent.ForkJoinPool.managedBlock(ForkJoinPool.java:3434)
	at java.base@17.0.6/java.util.concurrent.LinkedTransferQueue.awaitMatch(LinkedTransferQueue.java:669)
	at java.base@17.0.6/java.util.concurrent.LinkedTransferQueue.xfer(LinkedTransferQueue.java:616)
	at java.base@17.0.6/java.util.concurrent.LinkedTransferQueue.take(LinkedTransferQueue.java:1286)
	at app//org.elasticsearch.common.util.concurrent.SizeBlockingQueue.take(SizeBlockingQueue.java:152)
	at java.base@17.0.6/java.util.concurrent.ThreadPoolExecutor.getTask(ThreadPoolExecutor.java:1062)
	at java.base@17.0.6/java.util.concurrent.ThreadPoolExecutor.runWorker(ThreadPoolExecutor.java:1122)
	at java.base@17.0.6/java.util.concurrent.ThreadPoolExecutor$Worker.run(ThreadPoolExecutor.java:635)
	at java.base@17.0.6/java.lang.Thread.run(Thread.java:833)

"elasticsearch[node_s1][AsyncLucenePersistedState#updateTask][T#1]" ID=93 WAITING on java.util.concurrent.LinkedTransferQueue@1167a78
	at java.base@17.0.6/jdk.internal.misc.Unsafe.park(Native Method)
	- waiting on java.util.concurrent.LinkedTransferQueue@1167a78
	at java.base@17.0.6/java.util.concurrent.locks.LockSupport.park(LockSupport.java:341)
	at java.base@17.0.6/java.util.concurrent.LinkedTransferQueue$Node.block(LinkedTransferQueue.java:470)
	at java.base@17.0.6/java.util.concurrent.ForkJoinPool.unmanagedBlock(ForkJoinPool.java:3463)
	at java.base@17.0.6/java.util.concurrent.ForkJoinPool.managedBlock(ForkJoinPool.java:3434)
	at java.base@17.0.6/java.util.concurrent.LinkedTransferQueue.awaitMatch(LinkedTransferQueue.java:669)
	at java.base@17.0.6/java.util.concurrent.LinkedTransferQueue.xfer(LinkedTransferQueue.java:616)
	at java.base@17.0.6/java.util.concurrent.LinkedTransferQueue.take(LinkedTransferQueue.java:1286)
	at app//org.elasticsearch.common.util.concurrent.SizeBlockingQueue.take(SizeBlockingQueue.java:152)
	at java.base@17.0.6/java.util.concurrent.ThreadPoolExecutor.getTask(ThreadPoolExecutor.java:1062)
	at java.base@17.0.6/java.util.concurrent.ThreadPoolExecutor.runWorker(ThreadPoolExecutor.java:1122)
	at java.base@17.0.6/java.util.concurrent.ThreadPoolExecutor$Worker.run(ThreadPoolExecutor.java:635)
	at java.base@17.0.6/java.lang.Thread.run(Thread.java:833)

"elasticsearch[node_s2][AsyncLucenePersistedState#updateTask][T#1]" ID=94 WAITING on java.util.concurrent.LinkedTransferQueue@44912ba4
	at java.base@17.0.6/jdk.internal.misc.Unsafe.park(Native Method)
	- waiting on java.util.concurrent.LinkedTransferQueue@44912ba4
	at java.base@17.0.6/java.util.concurrent.locks.LockSupport.park(LockSupport.java:341)
	at java.base@17.0.6/java.util.concurrent.LinkedTransferQueue$Node.block(LinkedTransferQueue.java:470)
	at java.base@17.0.6/java.util.concurrent.ForkJoinPool.unmanagedBlock(ForkJoinPool.java:3463)
	at java.base@17.0.6/java.util.concurrent.ForkJoinPool.managedBlock(ForkJoinPool.java:3434)
	at java.base@17.0.6/java.util.concurrent.LinkedTransferQueue.awaitMatch(LinkedTransferQueue.java:669)
	at java.base@17.0.6/java.util.concurrent.LinkedTransferQueue.xfer(LinkedTransferQueue.java:616)
	at java.base@17.0.6/java.util.concurrent.LinkedTransferQueue.take(LinkedTransferQueue.java:1286)
	at app//org.elasticsearch.common.util.concurrent.SizeBlockingQueue.take(SizeBlockingQueue.java:152)
	at java.base@17.0.6/java.util.concurrent.ThreadPoolExecutor.getTask(ThreadPoolExecutor.java:1062)
	at java.base@17.0.6/java.util.concurrent.ThreadPoolExecutor.runWorker(ThreadPoolExecutor.java:1122)
	at java.base@17.0.6/java.util.concurrent.ThreadPoolExecutor$Worker.run(ThreadPoolExecutor.java:635)
	at java.base@17.0.6/java.lang.Thread.run(Thread.java:833)

"elasticsearch[node_s3][clusterApplierService#updateTask][T#1]" ID=95 WAITING on java.util.concurrent.locks.AbstractQueuedSynchronizer$ConditionObject@5e9684a5
	at java.base@17.0.6/jdk.internal.misc.Unsafe.park(Native Method)
	- waiting on java.util.concurrent.locks.AbstractQueuedSynchronizer$ConditionObject@5e9684a5
	at java.base@17.0.6/java.util.concurrent.locks.LockSupport.park(LockSupport.java:341)
	at java.base@17.0.6/java.util.concurrent.locks.AbstractQueuedSynchronizer$ConditionNode.block(AbstractQueuedSynchronizer.java:506)
	at java.base@17.0.6/java.util.concurrent.ForkJoinPool.unmanagedBlock(ForkJoinPool.java:3463)
	at java.base@17.0.6/java.util.concurrent.ForkJoinPool.managedBlock(ForkJoinPool.java:3434)
	at java.base@17.0.6/java.util.concurrent.locks.AbstractQueuedSynchronizer$ConditionObject.await(AbstractQueuedSynchronizer.java:1623)
	at java.base@17.0.6/java.util.concurrent.PriorityBlockingQueue.take(PriorityBlockingQueue.java:535)
	at java.base@17.0.6/java.util.concurrent.ThreadPoolExecutor.getTask(ThreadPoolExecutor.java:1062)
	at java.base@17.0.6/java.util.concurrent.ThreadPoolExecutor.runWorker(ThreadPoolExecutor.java:1122)
	at java.base@17.0.6/java.util.concurrent.ThreadPoolExecutor$Worker.run(ThreadPoolExecutor.java:635)
	at java.base@17.0.6/java.lang.Thread.run(Thread.java:833)

"elasticsearch[node_s4][cluster_coordination][T#1]" ID=96 WAITING on java.util.concurrent.LinkedTransferQueue@7a38c266
	at java.base@17.0.6/jdk.internal.misc.Unsafe.park(Native Method)
	- waiting on java.util.concurrent.LinkedTransferQueue@7a38c266
	at java.base@17.0.6/java.util.concurrent.locks.LockSupport.park(LockSupport.java:341)
	at java.base@17.0.6/java.util.concurrent.LinkedTransferQueue$Node.block(LinkedTransferQueue.java:470)
	at java.base@17.0.6/java.util.concurrent.ForkJoinPool.unmanagedBlock(ForkJoinPool.java:3463)
	at java.base@17.0.6/java.util.concurrent.ForkJoinPool.managedBlock(ForkJoinPool.java:3434)
	at java.base@17.0.6/java.util.concurrent.LinkedTransferQueue.awaitMatch(LinkedTransferQueue.java:669)
	at java.base@17.0.6/java.util.concurrent.LinkedTransferQueue.xfer(LinkedTransferQueue.java:616)
	at java.base@17.0.6/java.util.concurrent.LinkedTransferQueue.take(LinkedTransferQueue.java:1286)
	at java.base@17.0.6/java.util.concurrent.ThreadPoolExecutor.getTask(ThreadPoolExecutor.java:1062)
	at java.base@17.0.6/java.util.concurrent.ThreadPoolExecutor.runWorker(ThreadPoolExecutor.java:1122)
	at java.base@17.0.6/java.util.concurrent.ThreadPoolExecutor$Worker.run(ThreadPoolExecutor.java:635)
	at java.base@17.0.6/java.lang.Thread.run(Thread.java:833)

"elasticsearch[node_s1][cluster_coordination][T#1]" ID=97 WAITING on java.util.concurrent.LinkedTransferQueue@484fb2e3
	at java.base@17.0.6/jdk.internal.misc.Unsafe.park(Native Method)
	- waiting on java.util.concurrent.LinkedTransferQueue@484fb2e3
	at java.base@17.0.6/java.util.concurrent.locks.LockSupport.park(LockSupport.java:341)
	at java.base@17.0.6/java.util.concurrent.LinkedTransferQueue$Node.block(LinkedTransferQueue.java:470)
	at java.base@17.0.6/java.util.concurrent.ForkJoinPool.unmanagedBlock(ForkJoinPool.java:3463)
	at java.base@17.0.6/java.util.concurrent.ForkJoinPool.managedBlock(ForkJoinPool.java:3434)
	at java.base@17.0.6/java.util.concurrent.LinkedTransferQueue.awaitMatch(LinkedTransferQueue.java:669)
	at java.base@17.0.6/java.util.concurrent.LinkedTransferQueue.xfer(LinkedTransferQueue.java:616)
	at java.base@17.0.6/java.util.concurrent.LinkedTransferQueue.take(LinkedTransferQueue.java:1286)
	at java.base@17.0.6/java.util.concurrent.ThreadPoolExecutor.getTask(ThreadPoolExecutor.java:1062)
	at java.base@17.0.6/java.util.concurrent.ThreadPoolExecutor.runWorker(ThreadPoolExecutor.java:1122)
	at java.base@17.0.6/java.util.concurrent.ThreadPoolExecutor$Worker.run(ThreadPoolExecutor.java:635)
	at java.base@17.0.6/java.lang.Thread.run(Thread.java:833)

"elasticsearch[node_s2][cluster_coordination][T#1]" ID=98 WAITING on java.util.concurrent.LinkedTransferQueue@5ce6c45
	at java.base@17.0.6/jdk.internal.misc.Unsafe.park(Native Method)
	- waiting on java.util.concurrent.LinkedTransferQueue@5ce6c45
	at java.base@17.0.6/java.util.concurrent.locks.LockSupport.park(LockSupport.java:341)
	at java.base@17.0.6/java.util.concurrent.LinkedTransferQueue$Node.block(LinkedTransferQueue.java:470)
	at java.base@17.0.6/java.util.concurrent.ForkJoinPool.unmanagedBlock(ForkJoinPool.java:3463)
	at java.base@17.0.6/java.util.concurrent.ForkJoinPool.managedBlock(ForkJoinPool.java:3434)
	at java.base@17.0.6/java.util.concurrent.LinkedTransferQueue.awaitMatch(LinkedTransferQueue.java:669)
	at java.base@17.0.6/java.util.concurrent.LinkedTransferQueue.xfer(LinkedTransferQueue.java:616)
	at java.base@17.0.6/java.util.concurrent.LinkedTransferQueue.take(LinkedTransferQueue.java:1286)
	at java.base@17.0.6/java.util.concurrent.ThreadPoolExecutor.getTask(ThreadPoolExecutor.java:1062)
	at java.base@17.0.6/java.util.concurrent.ThreadPoolExecutor.runWorker(ThreadPoolExecutor.java:1122)
	at java.base@17.0.6/java.util.concurrent.ThreadPoolExecutor$Worker.run(ThreadPoolExecutor.java:635)
	at java.base@17.0.6/java.lang.Thread.run(Thread.java:833)

"elasticsearch[node_s3][cluster_coordination][T#1]" ID=99 WAITING on java.util.concurrent.LinkedTransferQueue@6f1763f5
	at java.base@17.0.6/jdk.internal.misc.Unsafe.park(Native Method)
	- waiting on java.util.concurrent.LinkedTransferQueue@6f1763f5
	at java.base@17.0.6/java.util.concurrent.locks.LockSupport.park(LockSupport.java:341)
	at java.base@17.0.6/java.util.concurrent.LinkedTransferQueue$Node.block(LinkedTransferQueue.java:470)
	at java.base@17.0.6/java.util.concurrent.ForkJoinPool.unmanagedBlock(ForkJoinPool.java:3463)
	at java.base@17.0.6/java.util.concurrent.ForkJoinPool.managedBlock(ForkJoinPool.java:3434)
	at java.base@17.0.6/java.util.concurrent.LinkedTransferQueue.awaitMatch(LinkedTransferQueue.java:669)
	at java.base@17.0.6/java.util.concurrent.LinkedTransferQueue.xfer(LinkedTransferQueue.java:616)
	at java.base@17.0.6/java.util.concurrent.LinkedTransferQueue.take(LinkedTransferQueue.java:1286)
	at java.base@17.0.6/java.util.concurrent.ThreadPoolExecutor.getTask(ThreadPoolExecutor.java:1062)
	at java.base@17.0.6/java.util.concurrent.ThreadPoolExecutor.runWorker(ThreadPoolExecutor.java:1122)
	at java.base@17.0.6/java.util.concurrent.ThreadPoolExecutor$Worker.run(ThreadPoolExecutor.java:635)
	at java.base@17.0.6/java.lang.Thread.run(Thread.java:833)

"elasticsearch[node_s0][management][T#1]" ID=100 TIMED_WAITING on org.elasticsearch.common.util.concurrent.EsExecutors$ExecutorScalingQueue@5380a783
	at java.base@17.0.6/jdk.internal.misc.Unsafe.park(Native Method)
	- timed waiting on org.elasticsearch.common.util.concurrent.EsExecutors$ExecutorScalingQueue@5380a783
	at java.base@17.0.6/java.util.concurrent.locks.LockSupport.parkNanos(LockSupport.java:252)
	at java.base@17.0.6/java.util.concurrent.LinkedTransferQueue.awaitMatch(LinkedTransferQueue.java:676)
	at java.base@17.0.6/java.util.concurrent.LinkedTransferQueue.xfer(LinkedTransferQueue.java:616)
	at java.base@17.0.6/java.util.concurrent.LinkedTransferQueue.poll(LinkedTransferQueue.java:1294)
	at java.base@17.0.6/java.util.concurrent.ThreadPoolExecutor.getTask(ThreadPoolExecutor.java:1061)
	at java.base@17.0.6/java.util.concurrent.ThreadPoolExecutor.runWorker(ThreadPoolExecutor.java:1122)
	at java.base@17.0.6/java.util.concurrent.ThreadPoolExecutor$Worker.run(ThreadPoolExecutor.java:635)
	at java.base@17.0.6/java.lang.Thread.run(Thread.java:833)

"FileSystemWatchService" ID=101 RUNNABLE (in native code)
	at java.base@17.0.6/sun.nio.fs.LinuxWatchService.poll(Native Method)
	at java.base@17.0.6/sun.nio.fs.LinuxWatchService$Poller.run(LinuxWatchService.java:314)
	at java.base@17.0.6/java.lang.Thread.run(Thread.java:833)

"elasticsearch[file-settings-watcher]" ID=102 WAITING on java.util.concurrent.locks.AbstractQueuedSynchronizer$ConditionObject@66eddfba
	at java.base@17.0.6/jdk.internal.misc.Unsafe.park(Native Method)
	- waiting on java.util.concurrent.locks.AbstractQueuedSynchronizer$ConditionObject@66eddfba
	at java.base@17.0.6/java.util.concurrent.locks.LockSupport.park(LockSupport.java:341)
	at java.base@17.0.6/java.util.concurrent.locks.AbstractQueuedSynchronizer$ConditionNode.block(AbstractQueuedSynchronizer.java:506)
	at java.base@17.0.6/java.util.concurrent.ForkJoinPool.unmanagedBlock(ForkJoinPool.java:3463)
	at java.base@17.0.6/java.util.concurrent.ForkJoinPool.managedBlock(ForkJoinPool.java:3434)
	at java.base@17.0.6/java.util.concurrent.locks.AbstractQueuedSynchronizer$ConditionObject.await(AbstractQueuedSynchronizer.java:1623)
	at java.base@17.0.6/java.util.concurrent.LinkedBlockingDeque.takeFirst(LinkedBlockingDeque.java:485)
	at java.base@17.0.6/java.util.concurrent.LinkedBlockingDeque.take(LinkedBlockingDeque.java:673)
	at java.base@17.0.6/sun.nio.fs.AbstractWatchService.take(AbstractWatchService.java:118)
	at app//org.elasticsearch.reservedstate.service.FileSettingsService.watcherThread(FileSettingsService.java:279)
	at app//org.elasticsearch.reservedstate.service.FileSettingsService$$Lambda$3476/0x000000080145aab8.run(Unknown Source)
	at java.base@17.0.6/java.lang.Thread.run(Thread.java:833)

"elasticsearch[node_s0][management][T#2]" ID=103 TIMED_WAITING on org.elasticsearch.common.util.concurrent.EsExecutors$ExecutorScalingQueue@5380a783
	at java.base@17.0.6/jdk.internal.misc.Unsafe.park(Native Method)
	- timed waiting on org.elasticsearch.common.util.concurrent.EsExecutors$ExecutorScalingQueue@5380a783
	at java.base@17.0.6/java.util.concurrent.locks.LockSupport.parkNanos(LockSupport.java:252)
	at java.base@17.0.6/java.util.concurrent.LinkedTransferQueue.awaitMatch(LinkedTransferQueue.java:676)
	at java.base@17.0.6/java.util.concurrent.LinkedTransferQueue.xfer(LinkedTransferQueue.java:616)
	at java.base@17.0.6/java.util.concurrent.LinkedTransferQueue.poll(LinkedTransferQueue.java:1294)
	at java.base@17.0.6/java.util.concurrent.ThreadPoolExecutor.getTask(ThreadPoolExecutor.java:1061)
	at java.base@17.0.6/java.util.concurrent.ThreadPoolExecutor.runWorker(ThreadPoolExecutor.java:1122)
	at java.base@17.0.6/java.util.concurrent.ThreadPoolExecutor$Worker.run(ThreadPoolExecutor.java:635)
	at java.base@17.0.6/java.lang.Thread.run(Thread.java:833)

"elasticsearch[node_s1][management][T#1]" ID=104 WAITING on org.elasticsearch.common.util.concurrent.EsExecutors$ExecutorScalingQueue@10b72b66
	at java.base@17.0.6/jdk.internal.misc.Unsafe.park(Native Method)
	- waiting on org.elasticsearch.common.util.concurrent.EsExecutors$ExecutorScalingQueue@10b72b66
	at java.base@17.0.6/java.util.concurrent.locks.LockSupport.park(LockSupport.java:341)
	at java.base@17.0.6/java.util.concurrent.LinkedTransferQueue$Node.block(LinkedTransferQueue.java:470)
	at java.base@17.0.6/java.util.concurrent.ForkJoinPool.unmanagedBlock(ForkJoinPool.java:3463)
	at java.base@17.0.6/java.util.concurrent.ForkJoinPool.managedBlock(ForkJoinPool.java:3434)
	at java.base@17.0.6/java.util.concurrent.LinkedTransferQueue.awaitMatch(LinkedTransferQueue.java:669)
	at java.base@17.0.6/java.util.concurrent.LinkedTransferQueue.xfer(LinkedTransferQueue.java:616)
	at java.base@17.0.6/java.util.concurrent.LinkedTransferQueue.take(LinkedTransferQueue.java:1286)
	at java.base@17.0.6/java.util.concurrent.ThreadPoolExecutor.getTask(ThreadPoolExecutor.java:1062)
	at java.base@17.0.6/java.util.concurrent.ThreadPoolExecutor.runWorker(ThreadPoolExecutor.java:1122)
	at java.base@17.0.6/java.util.concurrent.ThreadPoolExecutor$Worker.run(ThreadPoolExecutor.java:635)
	at java.base@17.0.6/java.lang.Thread.run(Thread.java:833)

"elasticsearch[node_s3][management][T#1]" ID=105 TIMED_WAITING on org.elasticsearch.common.util.concurrent.EsExecutors$ExecutorScalingQueue@44ebea4e
	at java.base@17.0.6/jdk.internal.misc.Unsafe.park(Native Method)
	- timed waiting on org.elasticsearch.common.util.concurrent.EsExecutors$ExecutorScalingQueue@44ebea4e
	at java.base@17.0.6/java.util.concurrent.locks.LockSupport.parkNanos(LockSupport.java:252)
	at java.base@17.0.6/java.util.concurrent.LinkedTransferQueue.awaitMatch(LinkedTransferQueue.java:676)
	at java.base@17.0.6/java.util.concurrent.LinkedTransferQueue.xfer(LinkedTransferQueue.java:616)
	at java.base@17.0.6/java.util.concurrent.LinkedTransferQueue.poll(LinkedTransferQueue.java:1294)
	at java.base@17.0.6/java.util.concurrent.ThreadPoolExecutor.getTask(ThreadPoolExecutor.java:1061)
	at java.base@17.0.6/java.util.concurrent.ThreadPoolExecutor.runWorker(ThreadPoolExecutor.java:1122)
	at java.base@17.0.6/java.util.concurrent.ThreadPoolExecutor$Worker.run(ThreadPoolExecutor.java:635)
	at java.base@17.0.6/java.lang.Thread.run(Thread.java:833)

"elasticsearch[node_s2][management][T#1]" ID=106 WAITING on org.elasticsearch.common.util.concurrent.EsExecutors$ExecutorScalingQueue@1201e1ef
	at java.base@17.0.6/jdk.internal.misc.Unsafe.park(Native Method)
	- waiting on org.elasticsearch.common.util.concurrent.EsExecutors$ExecutorScalingQueue@1201e1ef
	at java.base@17.0.6/java.util.concurrent.locks.LockSupport.park(LockSupport.java:341)
	at java.base@17.0.6/java.util.concurrent.LinkedTransferQueue$Node.block(LinkedTransferQueue.java:470)
	at java.base@17.0.6/java.util.concurrent.ForkJoinPool.unmanagedBlock(ForkJoinPool.java:3463)
	at java.base@17.0.6/java.util.concurrent.ForkJoinPool.managedBlock(ForkJoinPool.java:3434)
	at java.base@17.0.6/java.util.concurrent.LinkedTransferQueue.awaitMatch(LinkedTransferQueue.java:669)
	at java.base@17.0.6/java.util.concurrent.LinkedTransferQueue.xfer(LinkedTransferQueue.java:616)
	at java.base@17.0.6/java.util.concurrent.LinkedTransferQueue.take(LinkedTransferQueue.java:1286)
	at java.base@17.0.6/java.util.concurrent.ThreadPoolExecutor.getTask(ThreadPoolExecutor.java:1062)
	at java.base@17.0.6/java.util.concurrent.ThreadPoolExecutor.runWorker(ThreadPoolExecutor.java:1122)
	at java.base@17.0.6/java.util.concurrent.ThreadPoolExecutor$Worker.run(ThreadPoolExecutor.java:635)
	at java.base@17.0.6/java.lang.Thread.run(Thread.java:833)

"elasticsearch[node_s4][management][T#1]" ID=107 WAITING on org.elasticsearch.common.util.concurrent.EsExecutors$ExecutorScalingQueue@1a99fc1a
	at java.base@17.0.6/jdk.internal.misc.Unsafe.park(Native Method)
	- waiting on org.elasticsearch.common.util.concurrent.EsExecutors$ExecutorScalingQueue@1a99fc1a
	at java.base@17.0.6/java.util.concurrent.locks.LockSupport.park(LockSupport.java:341)
	at java.base@17.0.6/java.util.concurrent.LinkedTransferQueue$Node.block(LinkedTransferQueue.java:470)
	at java.base@17.0.6/java.util.concurrent.ForkJoinPool.unmanagedBlock(ForkJoinPool.java:3463)
	at java.base@17.0.6/java.util.concurrent.ForkJoinPool.managedBlock(ForkJoinPool.java:3434)
	at java.base@17.0.6/java.util.concurrent.LinkedTransferQueue.awaitMatch(LinkedTransferQueue.java:669)
	at java.base@17.0.6/java.util.concurrent.LinkedTransferQueue.xfer(LinkedTransferQueue.java:616)
	at java.base@17.0.6/java.util.concurrent.LinkedTransferQueue.take(LinkedTransferQueue.java:1286)
	at java.base@17.0.6/java.util.concurrent.ThreadPoolExecutor.getTask(ThreadPoolExecutor.java:1062)
	at java.base@17.0.6/java.util.concurrent.ThreadPoolExecutor.runWorker(ThreadPoolExecutor.java:1122)
	at java.base@17.0.6/java.util.concurrent.ThreadPoolExecutor$Worker.run(ThreadPoolExecutor.java:635)
	at java.base@17.0.6/java.lang.Thread.run(Thread.java:833)

"elasticsearch[node_s3][management][T#2]" ID=108 TIMED_WAITING on org.elasticsearch.common.util.concurrent.EsExecutors$ExecutorScalingQueue@44ebea4e
	at java.base@17.0.6/jdk.internal.misc.Unsafe.park(Native Method)
	- timed waiting on org.elasticsearch.common.util.concurrent.EsExecutors$ExecutorScalingQueue@44ebea4e
	at java.base@17.0.6/java.util.concurrent.locks.LockSupport.parkNanos(LockSupport.java:252)
	at java.base@17.0.6/java.util.concurrent.LinkedTransferQueue.awaitMatch(LinkedTransferQueue.java:676)
	at java.base@17.0.6/java.util.concurrent.LinkedTransferQueue.xfer(LinkedTransferQueue.java:616)
	at java.base@17.0.6/java.util.concurrent.LinkedTransferQueue.poll(LinkedTransferQueue.java:1294)
	at java.base@17.0.6/java.util.concurrent.ThreadPoolExecutor.getTask(ThreadPoolExecutor.java:1061)
	at java.base@17.0.6/java.util.concurrent.ThreadPoolExecutor.runWorker(ThreadPoolExecutor.java:1122)
	at java.base@17.0.6/java.util.concurrent.ThreadPoolExecutor$Worker.run(ThreadPoolExecutor.java:635)
	at java.base@17.0.6/java.lang.Thread.run(Thread.java:833)

"elasticsearch[node_s0][masterService#updateTask][T#2]" ID=109 WAITING on java.util.concurrent.locks.AbstractQueuedSynchronizer$ConditionObject@33dc1834
	at java.base@17.0.6/jdk.internal.misc.Unsafe.park(Native Method)
	- waiting on java.util.concurrent.locks.AbstractQueuedSynchronizer$ConditionObject@33dc1834
	at java.base@17.0.6/java.util.concurrent.locks.LockSupport.park(LockSupport.java:341)
	at java.base@17.0.6/java.util.concurrent.locks.AbstractQueuedSynchronizer$ConditionNode.block(AbstractQueuedSynchronizer.java:506)
	at java.base@17.0.6/java.util.concurrent.ForkJoinPool.unmanagedBlock(ForkJoinPool.java:3463)
	at java.base@17.0.6/java.util.concurrent.ForkJoinPool.managedBlock(ForkJoinPool.java:3434)
	at java.base@17.0.6/java.util.concurrent.locks.AbstractQueuedSynchronizer$ConditionObject.await(AbstractQueuedSynchronizer.java:1623)
	at java.base@17.0.6/java.util.concurrent.PriorityBlockingQueue.take(PriorityBlockingQueue.java:535)
	at java.base@17.0.6/java.util.concurrent.ThreadPoolExecutor.getTask(ThreadPoolExecutor.java:1062)
	at java.base@17.0.6/java.util.concurrent.ThreadPoolExecutor.runWorker(ThreadPoolExecutor.java:1122)
	at java.base@17.0.6/java.util.concurrent.ThreadPoolExecutor$Worker.run(ThreadPoolExecutor.java:635)
	at java.base@17.0.6/java.lang.Thread.run(Thread.java:833)

"elasticsearch[node_s1][generic][T#5]" ID=110 TIMED_WAITING on org.elasticsearch.common.util.concurrent.EsExecutors$ExecutorScalingQueue@8007de0
	at java.base@17.0.6/jdk.internal.misc.Unsafe.park(Native Method)
	- timed waiting on org.elasticsearch.common.util.concurrent.EsExecutors$ExecutorScalingQueue@8007de0
	at java.base@17.0.6/java.util.concurrent.locks.LockSupport.parkNanos(LockSupport.java:252)
	at java.base@17.0.6/java.util.concurrent.LinkedTransferQueue.awaitMatch(LinkedTransferQueue.java:676)
	at java.base@17.0.6/java.util.concurrent.LinkedTransferQueue.xfer(LinkedTransferQueue.java:616)
	at java.base@17.0.6/java.util.concurrent.LinkedTransferQueue.poll(LinkedTransferQueue.java:1294)
	at java.base@17.0.6/java.util.concurrent.ThreadPoolExecutor.getTask(ThreadPoolExecutor.java:1061)
	at java.base@17.0.6/java.util.concurrent.ThreadPoolExecutor.runWorker(ThreadPoolExecutor.java:1122)
	at java.base@17.0.6/java.util.concurrent.ThreadPoolExecutor$Worker.run(ThreadPoolExecutor.java:635)
	at java.base@17.0.6/java.lang.Thread.run(Thread.java:833)

"elasticsearch[node_s4][generic][T#5]" ID=111 TIMED_WAITING on org.elasticsearch.common.util.concurrent.EsExecutors$ExecutorScalingQueue@5db4bbf6
	at java.base@17.0.6/jdk.internal.misc.Unsafe.park(Native Method)
	- timed waiting on org.elasticsearch.common.util.concurrent.EsExecutors$ExecutorScalingQueue@5db4bbf6
	at java.base@17.0.6/java.util.concurrent.locks.LockSupport.parkNanos(LockSupport.java:252)
	at java.base@17.0.6/java.util.concurrent.LinkedTransferQueue.awaitMatch(LinkedTransferQueue.java:676)
	at java.base@17.0.6/java.util.concurrent.LinkedTransferQueue.xfer(LinkedTransferQueue.java:616)
	at java.base@17.0.6/java.util.concurrent.LinkedTransferQueue.poll(LinkedTransferQueue.java:1294)
	at java.base@17.0.6/java.util.concurrent.ThreadPoolExecutor.getTask(ThreadPoolExecutor.java:1061)
	at java.base@17.0.6/java.util.concurrent.ThreadPoolExecutor.runWorker(ThreadPoolExecutor.java:1122)
	at java.base@17.0.6/java.util.concurrent.ThreadPoolExecutor$Worker.run(ThreadPoolExecutor.java:635)
	at java.base@17.0.6/java.lang.Thread.run(Thread.java:833)

"elasticsearch[node_s3][generic][T#5]" ID=112 TIMED_WAITING on org.elasticsearch.common.util.concurrent.EsExecutors$ExecutorScalingQueue@57c835b4
	at java.base@17.0.6/jdk.internal.misc.Unsafe.park(Native Method)
	- timed waiting on org.elasticsearch.common.util.concurrent.EsExecutors$ExecutorScalingQueue@57c835b4
	at java.base@17.0.6/java.util.concurrent.locks.LockSupport.parkNanos(LockSupport.java:252)
	at java.base@17.0.6/java.util.concurrent.LinkedTransferQueue.awaitMatch(LinkedTransferQueue.java:676)
	at java.base@17.0.6/java.util.concurrent.LinkedTransferQueue.xfer(LinkedTransferQueue.java:616)
	at java.base@17.0.6/java.util.concurrent.LinkedTransferQueue.poll(LinkedTransferQueue.java:1294)
	at java.base@17.0.6/java.util.concurrent.ThreadPoolExecutor.getTask(ThreadPoolExecutor.java:1061)
	at java.base@17.0.6/java.util.concurrent.ThreadPoolExecutor.runWorker(ThreadPoolExecutor.java:1122)
	at java.base@17.0.6/java.util.concurrent.ThreadPoolExecutor$Worker.run(ThreadPoolExecutor.java:635)
	at java.base@17.0.6/java.lang.Thread.run(Thread.java:833)

"elasticsearch[node_s2][generic][T#5]" ID=113 TIMED_WAITING on org.elasticsearch.common.util.concurrent.EsExecutors$ExecutorScalingQueue@4fab3219
	at java.base@17.0.6/jdk.internal.misc.Unsafe.park(Native Method)
	- timed waiting on org.elasticsearch.common.util.concurrent.EsExecutors$ExecutorScalingQueue@4fab3219
	at java.base@17.0.6/java.util.concurrent.locks.LockSupport.parkNanos(LockSupport.java:252)
	at java.base@17.0.6/java.util.concurrent.LinkedTransferQueue.awaitMatch(LinkedTransferQueue.java:676)
	at java.base@17.0.6/java.util.concurrent.LinkedTransferQueue.xfer(LinkedTransferQueue.java:616)
	at java.base@17.0.6/java.util.concurrent.LinkedTransferQueue.poll(LinkedTransferQueue.java:1294)
	at java.base@17.0.6/java.util.concurrent.ThreadPoolExecutor.getTask(ThreadPoolExecutor.java:1061)
	at java.base@17.0.6/java.util.concurrent.ThreadPoolExecutor.runWorker(ThreadPoolExecutor.java:1122)
	at java.base@17.0.6/java.util.concurrent.ThreadPoolExecutor$Worker.run(ThreadPoolExecutor.java:635)
	at java.base@17.0.6/java.lang.Thread.run(Thread.java:833)

"elasticsearch[node_s0][generic][T#5]" ID=114 TIMED_WAITING on org.elasticsearch.common.util.concurrent.EsExecutors$ExecutorScalingQueue@3f25b517
	at java.base@17.0.6/jdk.internal.misc.Unsafe.park(Native Method)
	- timed waiting on org.elasticsearch.common.util.concurrent.EsExecutors$ExecutorScalingQueue@3f25b517
	at java.base@17.0.6/java.util.concurrent.locks.LockSupport.parkNanos(LockSupport.java:252)
	at java.base@17.0.6/java.util.concurrent.LinkedTransferQueue.awaitMatch(LinkedTransferQueue.java:676)
	at java.base@17.0.6/java.util.concurrent.LinkedTransferQueue.xfer(LinkedTransferQueue.java:616)
	at java.base@17.0.6/java.util.concurrent.LinkedTransferQueue.poll(LinkedTransferQueue.java:1294)
	at java.base@17.0.6/java.util.concurrent.ThreadPoolExecutor.getTask(ThreadPoolExecutor.java:1061)
	at java.base@17.0.6/java.util.concurrent.ThreadPoolExecutor.runWorker(ThreadPoolExecutor.java:1122)
	at java.base@17.0.6/java.util.concurrent.ThreadPoolExecutor$Worker.run(ThreadPoolExecutor.java:635)
	at java.base@17.0.6/java.lang.Thread.run(Thread.java:833)

"elasticsearch[node_s1][generic][T#6]" ID=115 TIMED_WAITING on org.elasticsearch.common.util.concurrent.EsExecutors$ExecutorScalingQueue@8007de0
	at java.base@17.0.6/jdk.internal.misc.Unsafe.park(Native Method)
	- timed waiting on org.elasticsearch.common.util.concurrent.EsExecutors$ExecutorScalingQueue@8007de0
	at java.base@17.0.6/java.util.concurrent.locks.LockSupport.parkNanos(LockSupport.java:252)
	at java.base@17.0.6/java.util.concurrent.LinkedTransferQueue.awaitMatch(LinkedTransferQueue.java:676)
	at java.base@17.0.6/java.util.concurrent.LinkedTransferQueue.xfer(LinkedTransferQueue.java:616)
	at java.base@17.0.6/java.util.concurrent.LinkedTransferQueue.poll(LinkedTransferQueue.java:1294)
	at java.base@17.0.6/java.util.concurrent.ThreadPoolExecutor.getTask(ThreadPoolExecutor.java:1061)
	at java.base@17.0.6/java.util.concurrent.ThreadPoolExecutor.runWorker(ThreadPoolExecutor.java:1122)
	at java.base@17.0.6/java.util.concurrent.ThreadPoolExecutor$Worker.run(ThreadPoolExecutor.java:635)
	at java.base@17.0.6/java.lang.Thread.run(Thread.java:833)

"elasticsearch[node_s3][generic][T#6]" ID=116 TIMED_WAITING on org.elasticsearch.common.util.concurrent.EsExecutors$ExecutorScalingQueue@57c835b4
	at java.base@17.0.6/jdk.internal.misc.Unsafe.park(Native Method)
	- timed waiting on org.elasticsearch.common.util.concurrent.EsExecutors$ExecutorScalingQueue@57c835b4
	at java.base@17.0.6/java.util.concurrent.locks.LockSupport.parkNanos(LockSupport.java:252)
	at java.base@17.0.6/java.util.concurrent.LinkedTransferQueue.awaitMatch(LinkedTransferQueue.java:676)
	at java.base@17.0.6/java.util.concurrent.LinkedTransferQueue.xfer(LinkedTransferQueue.java:616)
	at java.base@17.0.6/java.util.concurrent.LinkedTransferQueue.poll(LinkedTransferQueue.java:1294)
	at java.base@17.0.6/java.util.concurrent.ThreadPoolExecutor.getTask(ThreadPoolExecutor.java:1061)
	at java.base@17.0.6/java.util.concurrent.ThreadPoolExecutor.runWorker(ThreadPoolExecutor.java:1122)
	at java.base@17.0.6/java.util.concurrent.ThreadPoolExecutor$Worker.run(ThreadPoolExecutor.java:635)
	at java.base@17.0.6/java.lang.Thread.run(Thread.java:833)

"elasticsearch[node_s4][generic][T#6]" ID=117 TIMED_WAITING on org.elasticsearch.common.util.concurrent.EsExecutors$ExecutorScalingQueue@5db4bbf6
	at java.base@17.0.6/jdk.internal.misc.Unsafe.park(Native Method)
	- timed waiting on org.elasticsearch.common.util.concurrent.EsExecutors$ExecutorScalingQueue@5db4bbf6
	at java.base@17.0.6/java.util.concurrent.locks.LockSupport.parkNanos(LockSupport.java:252)
	at java.base@17.0.6/java.util.concurrent.LinkedTransferQueue.awaitMatch(LinkedTransferQueue.java:676)
	at java.base@17.0.6/java.util.concurrent.LinkedTransferQueue.xfer(LinkedTransferQueue.java:616)
	at java.base@17.0.6/java.util.concurrent.LinkedTransferQueue.poll(LinkedTransferQueue.java:1294)
	at java.base@17.0.6/java.util.concurrent.ThreadPoolExecutor.getTask(ThreadPoolExecutor.java:1061)
	at java.base@17.0.6/java.util.concurrent.ThreadPoolExecutor.runWorker(ThreadPoolExecutor.java:1122)
	at java.base@17.0.6/java.util.concurrent.ThreadPoolExecutor$Worker.run(ThreadPoolExecutor.java:635)
	at java.base@17.0.6/java.lang.Thread.run(Thread.java:833)

"elasticsearch[node_s0][generic][T#6]" ID=118 TIMED_WAITING on org.elasticsearch.common.util.concurrent.EsExecutors$ExecutorScalingQueue@3f25b517
	at java.base@17.0.6/jdk.internal.misc.Unsafe.park(Native Method)
	- timed waiting on org.elasticsearch.common.util.concurrent.EsExecutors$ExecutorScalingQueue@3f25b517
	at java.base@17.0.6/java.util.concurrent.locks.LockSupport.parkNanos(LockSupport.java:252)
	at java.base@17.0.6/java.util.concurrent.LinkedTransferQueue.awaitMatch(LinkedTransferQueue.java:676)
	at java.base@17.0.6/java.util.concurrent.LinkedTransferQueue.xfer(LinkedTransferQueue.java:616)
	at java.base@17.0.6/java.util.concurrent.LinkedTransferQueue.poll(LinkedTransferQueue.java:1294)
	at java.base@17.0.6/java.util.concurrent.ThreadPoolExecutor.getTask(ThreadPoolExecutor.java:1061)
	at java.base@17.0.6/java.util.concurrent.ThreadPoolExecutor.runWorker(ThreadPoolExecutor.java:1122)
	at java.base@17.0.6/java.util.concurrent.ThreadPoolExecutor$Worker.run(ThreadPoolExecutor.java:635)
	at java.base@17.0.6/java.lang.Thread.run(Thread.java:833)

"elasticsearch[node_s2][generic][T#6]" ID=119 TIMED_WAITING on org.elasticsearch.common.util.concurrent.EsExecutors$ExecutorScalingQueue@4fab3219
	at java.base@17.0.6/jdk.internal.misc.Unsafe.park(Native Method)
	- timed waiting on org.elasticsearch.common.util.concurrent.EsExecutors$ExecutorScalingQueue@4fab3219
	at java.base@17.0.6/java.util.concurrent.locks.LockSupport.parkNanos(LockSupport.java:252)
	at java.base@17.0.6/java.util.concurrent.LinkedTransferQueue.awaitMatch(LinkedTransferQueue.java:676)
	at java.base@17.0.6/java.util.concurrent.LinkedTransferQueue.xfer(LinkedTransferQueue.java:616)
	at java.base@17.0.6/java.util.concurrent.LinkedTransferQueue.poll(LinkedTransferQueue.java:1294)
	at java.base@17.0.6/java.util.concurrent.ThreadPoolExecutor.getTask(ThreadPoolExecutor.java:1061)
	at java.base@17.0.6/java.util.concurrent.ThreadPoolExecutor.runWorker(ThreadPoolExecutor.java:1122)
	at java.base@17.0.6/java.util.concurrent.ThreadPoolExecutor$Worker.run(ThreadPoolExecutor.java:635)
	at java.base@17.0.6/java.lang.Thread.run(Thread.java:833)

^^==============================================

]]></system-err>
  </testcase>
  <testcase name="org.elasticsearch.index.analysis.VietnameseAnalysisIntegrationTests" classname="org.elasticsearch.index.analysis.VietnameseAnalysisIntegrationTests" time="1,208.001">
    <error message="Suite timeout exceeded (&gt;= 1200000 msec)." type="java.lang.Exception">java.lang.Exception: Suite timeout exceeded (>= 1200000 msec).
</error>
    <system-out><![CDATA[[2023-04-18T04:09:13,346][INFO ][o.e.r.s.FileSettingsService] [[elasticsearch[file-settings-watcher]]] shutting down watcher thread
[2023-04-18T04:09:13,346][INFO ][o.e.i.a.VietnameseAnalysisIntegrationTests] [testVietnameseAnalyzer] [VietnameseAnalysisIntegrationTests#testVietnameseAnalyzer]: cleaning up after test
[2023-04-18T04:09:13,350][INFO ][o.e.i.a.VietnameseAnalysisIntegrationTests] [testVietnameseAnalyzer] after test
[2023-04-18T04:09:13,351][WARN ][o.e.e.NodeEnvironment    ] [suite] lock assertion failed
java.nio.channels.ClosedByInterruptException: null
	at java.nio.channels.spi.AbstractInterruptibleChannel.end(AbstractInterruptibleChannel.java:199) ~[?:?]
	at sun.nio.ch.FileChannelImpl.endBlocking(FileChannelImpl.java:171) ~[?:?]
	at sun.nio.ch.FileChannelImpl.size(FileChannelImpl.java:395) ~[?:?]
	at org.apache.lucene.tests.mockfile.FilterFileChannel.size(FilterFileChannel.java:82) ~[lucene-test-framework-9.5.0.jar:9.5.0 13803aa6ea7fee91f798cfeded4296182ac43a21 - 2023-01-25 16:44:59]
	at org.apache.lucene.tests.mockfile.FilterFileChannel.size(FilterFileChannel.java:82) ~[lucene-test-framework-9.5.0.jar:9.5.0 13803aa6ea7fee91f798cfeded4296182ac43a21 - 2023-01-25 16:44:59]
	at org.apache.lucene.tests.mockfile.FilterFileChannel.size(FilterFileChannel.java:82) ~[lucene-test-framework-9.5.0.jar:9.5.0 13803aa6ea7fee91f798cfeded4296182ac43a21 - 2023-01-25 16:44:59]
	at org.apache.lucene.store.NativeFSLockFactory$NativeFSLock.ensureValid(NativeFSLockFactory.java:169) ~[lucene-core-9.5.0.jar:9.5.0 13803aa6ea7fee91f798cfeded4296182ac43a21 - 2023-01-25 16:44:59]
	at org.elasticsearch.env.NodeEnvironment.assertEnvIsLocked(NodeEnvironment.java:1283) ~[elasticsearch-8.7.0.jar:8.7.0]
	at org.elasticsearch.env.NodeEnvironment.nodeDataPaths(NodeEnvironment.java:1046) ~[elasticsearch-8.7.0.jar:8.7.0]
	at org.elasticsearch.test.InternalTestCluster$NodeAndClient.markNodeDataDirsAsPendingForWipe(InternalTestCluster.java:1066) ~[framework-8.7.0.jar:8.7.0]
	at org.elasticsearch.test.InternalTestCluster$NodeAndClient.close(InternalTestCluster.java:1050) ~[framework-8.7.0.jar:8.7.0]
	at org.elasticsearch.core.IOUtils.close(IOUtils.java:71) ~[elasticsearch-core-8.7.0.jar:8.7.0]
	at org.elasticsearch.core.IOUtils.close(IOUtils.java:119) ~[elasticsearch-core-8.7.0.jar:8.7.0]
	at org.elasticsearch.test.InternalTestCluster.close(InternalTestCluster.java:902) ~[framework-8.7.0.jar:8.7.0]
	at org.elasticsearch.core.IOUtils.close(IOUtils.java:71) ~[elasticsearch-core-8.7.0.jar:8.7.0]
	at org.elasticsearch.core.IOUtils.close(IOUtils.java:119) ~[elasticsearch-core-8.7.0.jar:8.7.0]
	at org.elasticsearch.test.ESIntegTestCase.clearClusters(ESIntegTestCase.java:537) ~[framework-8.7.0.jar:8.7.0]
	at org.elasticsearch.test.ESIntegTestCase.afterClass(ESIntegTestCase.java:2258) ~[framework-8.7.0.jar:8.7.0]
	at jdk.internal.reflect.NativeMethodAccessorImpl.invoke0(Native Method) ~[?:?]
	at jdk.internal.reflect.NativeMethodAccessorImpl.invoke(NativeMethodAccessorImpl.java:77) ~[?:?]
	at jdk.internal.reflect.DelegatingMethodAccessorImpl.invoke(DelegatingMethodAccessorImpl.java:43) ~[?:?]
	at java.lang.reflect.Method.invoke(Method.java:568) ~[?:?]
	at com.carrotsearch.randomizedtesting.RandomizedRunner.invoke(RandomizedRunner.java:1758) ~[randomizedtesting-runner-2.8.0.jar:?]
	at com.carrotsearch.randomizedtesting.RandomizedRunner$7.evaluate(RandomizedRunner.java:909) ~[randomizedtesting-runner-2.8.0.jar:?]
	at org.apache.lucene.tests.util.AbstractBeforeAfterRule$1.evaluate(AbstractBeforeAfterRule.java:43) ~[lucene-test-framework-9.5.0.jar:9.5.0 13803aa6ea7fee91f798cfeded4296182ac43a21 - 2023-01-25 16:44:59]
	at com.carrotsearch.randomizedtesting.rules.StatementAdapter.evaluate(StatementAdapter.java:36) ~[randomizedtesting-runner-2.8.0.jar:?]
	at org.apache.lucene.tests.util.TestRuleStoreClassName$1.evaluate(TestRuleStoreClassName.java:38) ~[lucene-test-framework-9.5.0.jar:9.5.0 13803aa6ea7fee91f798cfeded4296182ac43a21 - 2023-01-25 16:44:59]
	at com.carrotsearch.randomizedtesting.rules.NoShadowingOrOverridesOnMethodsRule$1.evaluate(NoShadowingOrOverridesOnMethodsRule.java:40) ~[randomizedtesting-runner-2.8.0.jar:?]
	at com.carrotsearch.randomizedtesting.rules.NoShadowingOrOverridesOnMethodsRule$1.evaluate(NoShadowingOrOverridesOnMethodsRule.java:40) ~[randomizedtesting-runner-2.8.0.jar:?]
	at com.carrotsearch.randomizedtesting.rules.StatementAdapter.evaluate(StatementAdapter.java:36) ~[randomizedtesting-runner-2.8.0.jar:?]
	at com.carrotsearch.randomizedtesting.rules.StatementAdapter.evaluate(StatementAdapter.java:36) ~[randomizedtesting-runner-2.8.0.jar:?]
	at org.apache.lucene.tests.util.TestRuleAssertionsRequired$1.evaluate(TestRuleAssertionsRequired.java:53) ~[lucene-test-framework-9.5.0.jar:9.5.0 13803aa6ea7fee91f798cfeded4296182ac43a21 - 2023-01-25 16:44:59]
	at org.apache.lucene.tests.util.AbstractBeforeAfterRule$1.evaluate(AbstractBeforeAfterRule.java:43) ~[lucene-test-framework-9.5.0.jar:9.5.0 13803aa6ea7fee91f798cfeded4296182ac43a21 - 2023-01-25 16:44:59]
	at org.apache.lucene.tests.util.TestRuleMarkFailure$1.evaluate(TestRuleMarkFailure.java:44) ~[lucene-test-framework-9.5.0.jar:9.5.0 13803aa6ea7fee91f798cfeded4296182ac43a21 - 2023-01-25 16:44:59]
	at org.apache.lucene.tests.util.TestRuleIgnoreAfterMaxFailures$1.evaluate(TestRuleIgnoreAfterMaxFailures.java:60) ~[lucene-test-framework-9.5.0.jar:9.5.0 13803aa6ea7fee91f798cfeded4296182ac43a21 - 2023-01-25 16:44:59]
	at org.apache.lucene.tests.util.TestRuleIgnoreTestSuites$1.evaluate(TestRuleIgnoreTestSuites.java:47) ~[lucene-test-framework-9.5.0.jar:9.5.0 13803aa6ea7fee91f798cfeded4296182ac43a21 - 2023-01-25 16:44:59]
	at com.carrotsearch.randomizedtesting.rules.StatementAdapter.evaluate(StatementAdapter.java:36) ~[randomizedtesting-runner-2.8.0.jar:?]
	at com.carrotsearch.randomizedtesting.ThreadLeakControl$StatementRunner.run(ThreadLeakControl.java:390) ~[randomizedtesting-runner-2.8.0.jar:?]
	at com.carrotsearch.randomizedtesting.ThreadLeakControl.lambda$forkTimeoutingTask$0(ThreadLeakControl.java:850) ~[randomizedtesting-runner-2.8.0.jar:?]
	at java.lang.Thread.run(Thread.java:833) ~[?:?]
[2023-04-18T04:09:13,366][WARN ][o.e.e.NodeEnvironment    ] [suite] lock assertion failed
java.nio.channels.ClosedByInterruptException: null
	at java.nio.channels.spi.AbstractInterruptibleChannel.end(AbstractInterruptibleChannel.java:199) ~[?:?]
	at sun.nio.ch.FileChannelImpl.endBlocking(FileChannelImpl.java:171) ~[?:?]
	at sun.nio.ch.FileChannelImpl.size(FileChannelImpl.java:395) ~[?:?]
	at org.apache.lucene.tests.mockfile.FilterFileChannel.size(FilterFileChannel.java:82) ~[lucene-test-framework-9.5.0.jar:9.5.0 13803aa6ea7fee91f798cfeded4296182ac43a21 - 2023-01-25 16:44:59]
	at org.apache.lucene.tests.mockfile.FilterFileChannel.size(FilterFileChannel.java:82) ~[lucene-test-framework-9.5.0.jar:9.5.0 13803aa6ea7fee91f798cfeded4296182ac43a21 - 2023-01-25 16:44:59]
	at org.apache.lucene.tests.mockfile.FilterFileChannel.size(FilterFileChannel.java:82) ~[lucene-test-framework-9.5.0.jar:9.5.0 13803aa6ea7fee91f798cfeded4296182ac43a21 - 2023-01-25 16:44:59]
	at org.apache.lucene.store.NativeFSLockFactory$NativeFSLock.ensureValid(NativeFSLockFactory.java:169) ~[lucene-core-9.5.0.jar:9.5.0 13803aa6ea7fee91f798cfeded4296182ac43a21 - 2023-01-25 16:44:59]
	at org.elasticsearch.env.NodeEnvironment.assertEnvIsLocked(NodeEnvironment.java:1283) ~[elasticsearch-8.7.0.jar:8.7.0]
	at org.elasticsearch.env.NodeEnvironment.nodeDataPaths(NodeEnvironment.java:1046) ~[elasticsearch-8.7.0.jar:8.7.0]
	at org.elasticsearch.test.InternalTestCluster$NodeAndClient.markNodeDataDirsAsPendingForWipe(InternalTestCluster.java:1066) ~[framework-8.7.0.jar:8.7.0]
	at org.elasticsearch.test.InternalTestCluster$NodeAndClient.close(InternalTestCluster.java:1050) ~[framework-8.7.0.jar:8.7.0]
	at org.elasticsearch.core.IOUtils.close(IOUtils.java:71) ~[elasticsearch-core-8.7.0.jar:8.7.0]
	at org.elasticsearch.core.IOUtils.close(IOUtils.java:119) ~[elasticsearch-core-8.7.0.jar:8.7.0]
	at org.elasticsearch.test.InternalTestCluster.close(InternalTestCluster.java:902) ~[framework-8.7.0.jar:8.7.0]
	at org.elasticsearch.core.IOUtils.close(IOUtils.java:71) ~[elasticsearch-core-8.7.0.jar:8.7.0]
	at org.elasticsearch.core.IOUtils.close(IOUtils.java:119) ~[elasticsearch-core-8.7.0.jar:8.7.0]
	at org.elasticsearch.test.ESIntegTestCase.clearClusters(ESIntegTestCase.java:537) ~[framework-8.7.0.jar:8.7.0]
	at org.elasticsearch.test.ESIntegTestCase.afterClass(ESIntegTestCase.java:2258) ~[framework-8.7.0.jar:8.7.0]
	at jdk.internal.reflect.NativeMethodAccessorImpl.invoke0(Native Method) ~[?:?]
	at jdk.internal.reflect.NativeMethodAccessorImpl.invoke(NativeMethodAccessorImpl.java:77) ~[?:?]
	at jdk.internal.reflect.DelegatingMethodAccessorImpl.invoke(DelegatingMethodAccessorImpl.java:43) ~[?:?]
	at java.lang.reflect.Method.invoke(Method.java:568) ~[?:?]
	at com.carrotsearch.randomizedtesting.RandomizedRunner.invoke(RandomizedRunner.java:1758) ~[randomizedtesting-runner-2.8.0.jar:?]
	at com.carrotsearch.randomizedtesting.RandomizedRunner$7.evaluate(RandomizedRunner.java:909) ~[randomizedtesting-runner-2.8.0.jar:?]
	at org.apache.lucene.tests.util.AbstractBeforeAfterRule$1.evaluate(AbstractBeforeAfterRule.java:43) ~[lucene-test-framework-9.5.0.jar:9.5.0 13803aa6ea7fee91f798cfeded4296182ac43a21 - 2023-01-25 16:44:59]
	at com.carrotsearch.randomizedtesting.rules.StatementAdapter.evaluate(StatementAdapter.java:36) ~[randomizedtesting-runner-2.8.0.jar:?]
	at org.apache.lucene.tests.util.TestRuleStoreClassName$1.evaluate(TestRuleStoreClassName.java:38) ~[lucene-test-framework-9.5.0.jar:9.5.0 13803aa6ea7fee91f798cfeded4296182ac43a21 - 2023-01-25 16:44:59]
	at com.carrotsearch.randomizedtesting.rules.NoShadowingOrOverridesOnMethodsRule$1.evaluate(NoShadowingOrOverridesOnMethodsRule.java:40) ~[randomizedtesting-runner-2.8.0.jar:?]
	at com.carrotsearch.randomizedtesting.rules.NoShadowingOrOverridesOnMethodsRule$1.evaluate(NoShadowingOrOverridesOnMethodsRule.java:40) ~[randomizedtesting-runner-2.8.0.jar:?]
	at com.carrotsearch.randomizedtesting.rules.StatementAdapter.evaluate(StatementAdapter.java:36) ~[randomizedtesting-runner-2.8.0.jar:?]
	at com.carrotsearch.randomizedtesting.rules.StatementAdapter.evaluate(StatementAdapter.java:36) ~[randomizedtesting-runner-2.8.0.jar:?]
	at org.apache.lucene.tests.util.TestRuleAssertionsRequired$1.evaluate(TestRuleAssertionsRequired.java:53) ~[lucene-test-framework-9.5.0.jar:9.5.0 13803aa6ea7fee91f798cfeded4296182ac43a21 - 2023-01-25 16:44:59]
	at org.apache.lucene.tests.util.AbstractBeforeAfterRule$1.evaluate(AbstractBeforeAfterRule.java:43) ~[lucene-test-framework-9.5.0.jar:9.5.0 13803aa6ea7fee91f798cfeded4296182ac43a21 - 2023-01-25 16:44:59]
	at org.apache.lucene.tests.util.TestRuleMarkFailure$1.evaluate(TestRuleMarkFailure.java:44) ~[lucene-test-framework-9.5.0.jar:9.5.0 13803aa6ea7fee91f798cfeded4296182ac43a21 - 2023-01-25 16:44:59]
	at org.apache.lucene.tests.util.TestRuleIgnoreAfterMaxFailures$1.evaluate(TestRuleIgnoreAfterMaxFailures.java:60) ~[lucene-test-framework-9.5.0.jar:9.5.0 13803aa6ea7fee91f798cfeded4296182ac43a21 - 2023-01-25 16:44:59]
	at org.apache.lucene.tests.util.TestRuleIgnoreTestSuites$1.evaluate(TestRuleIgnoreTestSuites.java:47) ~[lucene-test-framework-9.5.0.jar:9.5.0 13803aa6ea7fee91f798cfeded4296182ac43a21 - 2023-01-25 16:44:59]
	at com.carrotsearch.randomizedtesting.rules.StatementAdapter.evaluate(StatementAdapter.java:36) ~[randomizedtesting-runner-2.8.0.jar:?]
	at com.carrotsearch.randomizedtesting.ThreadLeakControl$StatementRunner.run(ThreadLeakControl.java:390) ~[randomizedtesting-runner-2.8.0.jar:?]
	at com.carrotsearch.randomizedtesting.ThreadLeakControl.lambda$forkTimeoutingTask$0(ThreadLeakControl.java:850) ~[randomizedtesting-runner-2.8.0.jar:?]
	at java.lang.Thread.run(Thread.java:833) ~[?:?]
[2023-04-18T04:09:13,367][WARN ][o.e.e.NodeEnvironment    ] [suite] lock assertion failed
java.nio.channels.ClosedByInterruptException: null
	at java.nio.channels.spi.AbstractInterruptibleChannel.end(AbstractInterruptibleChannel.java:199) ~[?:?]
	at sun.nio.ch.FileChannelImpl.endBlocking(FileChannelImpl.java:171) ~[?:?]
	at sun.nio.ch.FileChannelImpl.size(FileChannelImpl.java:395) ~[?:?]
	at org.apache.lucene.tests.mockfile.FilterFileChannel.size(FilterFileChannel.java:82) ~[lucene-test-framework-9.5.0.jar:9.5.0 13803aa6ea7fee91f798cfeded4296182ac43a21 - 2023-01-25 16:44:59]
	at org.apache.lucene.tests.mockfile.FilterFileChannel.size(FilterFileChannel.java:82) ~[lucene-test-framework-9.5.0.jar:9.5.0 13803aa6ea7fee91f798cfeded4296182ac43a21 - 2023-01-25 16:44:59]
	at org.apache.lucene.tests.mockfile.FilterFileChannel.size(FilterFileChannel.java:82) ~[lucene-test-framework-9.5.0.jar:9.5.0 13803aa6ea7fee91f798cfeded4296182ac43a21 - 2023-01-25 16:44:59]
	at org.apache.lucene.store.NativeFSLockFactory$NativeFSLock.ensureValid(NativeFSLockFactory.java:169) ~[lucene-core-9.5.0.jar:9.5.0 13803aa6ea7fee91f798cfeded4296182ac43a21 - 2023-01-25 16:44:59]
	at org.elasticsearch.env.NodeEnvironment.assertEnvIsLocked(NodeEnvironment.java:1283) ~[elasticsearch-8.7.0.jar:8.7.0]
	at org.elasticsearch.env.NodeEnvironment.nodeDataPaths(NodeEnvironment.java:1046) ~[elasticsearch-8.7.0.jar:8.7.0]
	at org.elasticsearch.test.InternalTestCluster$NodeAndClient.markNodeDataDirsAsPendingForWipe(InternalTestCluster.java:1066) ~[framework-8.7.0.jar:8.7.0]
	at org.elasticsearch.test.InternalTestCluster$NodeAndClient.close(InternalTestCluster.java:1050) ~[framework-8.7.0.jar:8.7.0]
	at org.elasticsearch.core.IOUtils.close(IOUtils.java:71) ~[elasticsearch-core-8.7.0.jar:8.7.0]
	at org.elasticsearch.core.IOUtils.close(IOUtils.java:119) ~[elasticsearch-core-8.7.0.jar:8.7.0]
	at org.elasticsearch.test.InternalTestCluster.close(InternalTestCluster.java:902) ~[framework-8.7.0.jar:8.7.0]
	at org.elasticsearch.core.IOUtils.close(IOUtils.java:71) ~[elasticsearch-core-8.7.0.jar:8.7.0]
	at org.elasticsearch.core.IOUtils.close(IOUtils.java:119) ~[elasticsearch-core-8.7.0.jar:8.7.0]
	at org.elasticsearch.test.ESIntegTestCase.clearClusters(ESIntegTestCase.java:537) ~[framework-8.7.0.jar:8.7.0]
	at org.elasticsearch.test.ESIntegTestCase.afterClass(ESIntegTestCase.java:2258) ~[framework-8.7.0.jar:8.7.0]
	at jdk.internal.reflect.NativeMethodAccessorImpl.invoke0(Native Method) ~[?:?]
	at jdk.internal.reflect.NativeMethodAccessorImpl.invoke(NativeMethodAccessorImpl.java:77) ~[?:?]
	at jdk.internal.reflect.DelegatingMethodAccessorImpl.invoke(DelegatingMethodAccessorImpl.java:43) ~[?:?]
	at java.lang.reflect.Method.invoke(Method.java:568) ~[?:?]
	at com.carrotsearch.randomizedtesting.RandomizedRunner.invoke(RandomizedRunner.java:1758) ~[randomizedtesting-runner-2.8.0.jar:?]
	at com.carrotsearch.randomizedtesting.RandomizedRunner$7.evaluate(RandomizedRunner.java:909) ~[randomizedtesting-runner-2.8.0.jar:?]
	at org.apache.lucene.tests.util.AbstractBeforeAfterRule$1.evaluate(AbstractBeforeAfterRule.java:43) ~[lucene-test-framework-9.5.0.jar:9.5.0 13803aa6ea7fee91f798cfeded4296182ac43a21 - 2023-01-25 16:44:59]
	at com.carrotsearch.randomizedtesting.rules.StatementAdapter.evaluate(StatementAdapter.java:36) ~[randomizedtesting-runner-2.8.0.jar:?]
	at org.apache.lucene.tests.util.TestRuleStoreClassName$1.evaluate(TestRuleStoreClassName.java:38) ~[lucene-test-framework-9.5.0.jar:9.5.0 13803aa6ea7fee91f798cfeded4296182ac43a21 - 2023-01-25 16:44:59]
	at com.carrotsearch.randomizedtesting.rules.NoShadowingOrOverridesOnMethodsRule$1.evaluate(NoShadowingOrOverridesOnMethodsRule.java:40) ~[randomizedtesting-runner-2.8.0.jar:?]
	at com.carrotsearch.randomizedtesting.rules.NoShadowingOrOverridesOnMethodsRule$1.evaluate(NoShadowingOrOverridesOnMethodsRule.java:40) ~[randomizedtesting-runner-2.8.0.jar:?]
	at com.carrotsearch.randomizedtesting.rules.StatementAdapter.evaluate(StatementAdapter.java:36) ~[randomizedtesting-runner-2.8.0.jar:?]
	at com.carrotsearch.randomizedtesting.rules.StatementAdapter.evaluate(StatementAdapter.java:36) ~[randomizedtesting-runner-2.8.0.jar:?]
	at org.apache.lucene.tests.util.TestRuleAssertionsRequired$1.evaluate(TestRuleAssertionsRequired.java:53) ~[lucene-test-framework-9.5.0.jar:9.5.0 13803aa6ea7fee91f798cfeded4296182ac43a21 - 2023-01-25 16:44:59]
	at org.apache.lucene.tests.util.AbstractBeforeAfterRule$1.evaluate(AbstractBeforeAfterRule.java:43) ~[lucene-test-framework-9.5.0.jar:9.5.0 13803aa6ea7fee91f798cfeded4296182ac43a21 - 2023-01-25 16:44:59]
	at org.apache.lucene.tests.util.TestRuleMarkFailure$1.evaluate(TestRuleMarkFailure.java:44) ~[lucene-test-framework-9.5.0.jar:9.5.0 13803aa6ea7fee91f798cfeded4296182ac43a21 - 2023-01-25 16:44:59]
	at org.apache.lucene.tests.util.TestRuleIgnoreAfterMaxFailures$1.evaluate(TestRuleIgnoreAfterMaxFailures.java:60) ~[lucene-test-framework-9.5.0.jar:9.5.0 13803aa6ea7fee91f798cfeded4296182ac43a21 - 2023-01-25 16:44:59]
	at org.apache.lucene.tests.util.TestRuleIgnoreTestSuites$1.evaluate(TestRuleIgnoreTestSuites.java:47) ~[lucene-test-framework-9.5.0.jar:9.5.0 13803aa6ea7fee91f798cfeded4296182ac43a21 - 2023-01-25 16:44:59]
	at com.carrotsearch.randomizedtesting.rules.StatementAdapter.evaluate(StatementAdapter.java:36) ~[randomizedtesting-runner-2.8.0.jar:?]
	at com.carrotsearch.randomizedtesting.ThreadLeakControl$StatementRunner.run(ThreadLeakControl.java:390) ~[randomizedtesting-runner-2.8.0.jar:?]
	at com.carrotsearch.randomizedtesting.ThreadLeakControl.lambda$forkTimeoutingTask$0(ThreadLeakControl.java:850) ~[randomizedtesting-runner-2.8.0.jar:?]
	at java.lang.Thread.run(Thread.java:833) ~[?:?]
[2023-04-18T04:09:13,368][WARN ][o.e.e.NodeEnvironment    ] [suite] lock assertion failed
java.nio.channels.ClosedByInterruptException: null
	at java.nio.channels.spi.AbstractInterruptibleChannel.end(AbstractInterruptibleChannel.java:199) ~[?:?]
	at sun.nio.ch.FileChannelImpl.endBlocking(FileChannelImpl.java:171) ~[?:?]
	at sun.nio.ch.FileChannelImpl.size(FileChannelImpl.java:395) ~[?:?]
	at org.apache.lucene.tests.mockfile.FilterFileChannel.size(FilterFileChannel.java:82) ~[lucene-test-framework-9.5.0.jar:9.5.0 13803aa6ea7fee91f798cfeded4296182ac43a21 - 2023-01-25 16:44:59]
	at org.apache.lucene.tests.mockfile.FilterFileChannel.size(FilterFileChannel.java:82) ~[lucene-test-framework-9.5.0.jar:9.5.0 13803aa6ea7fee91f798cfeded4296182ac43a21 - 2023-01-25 16:44:59]
	at org.apache.lucene.tests.mockfile.FilterFileChannel.size(FilterFileChannel.java:82) ~[lucene-test-framework-9.5.0.jar:9.5.0 13803aa6ea7fee91f798cfeded4296182ac43a21 - 2023-01-25 16:44:59]
	at org.apache.lucene.store.NativeFSLockFactory$NativeFSLock.ensureValid(NativeFSLockFactory.java:169) ~[lucene-core-9.5.0.jar:9.5.0 13803aa6ea7fee91f798cfeded4296182ac43a21 - 2023-01-25 16:44:59]
	at org.elasticsearch.env.NodeEnvironment.assertEnvIsLocked(NodeEnvironment.java:1283) ~[elasticsearch-8.7.0.jar:8.7.0]
	at org.elasticsearch.env.NodeEnvironment.nodeDataPaths(NodeEnvironment.java:1046) ~[elasticsearch-8.7.0.jar:8.7.0]
	at org.elasticsearch.test.InternalTestCluster$NodeAndClient.markNodeDataDirsAsPendingForWipe(InternalTestCluster.java:1066) ~[framework-8.7.0.jar:8.7.0]
	at org.elasticsearch.test.InternalTestCluster$NodeAndClient.close(InternalTestCluster.java:1050) ~[framework-8.7.0.jar:8.7.0]
	at org.elasticsearch.core.IOUtils.close(IOUtils.java:71) ~[elasticsearch-core-8.7.0.jar:8.7.0]
	at org.elasticsearch.core.IOUtils.close(IOUtils.java:119) ~[elasticsearch-core-8.7.0.jar:8.7.0]
	at org.elasticsearch.test.InternalTestCluster.close(InternalTestCluster.java:902) ~[framework-8.7.0.jar:8.7.0]
	at org.elasticsearch.core.IOUtils.close(IOUtils.java:71) ~[elasticsearch-core-8.7.0.jar:8.7.0]
	at org.elasticsearch.core.IOUtils.close(IOUtils.java:119) ~[elasticsearch-core-8.7.0.jar:8.7.0]
	at org.elasticsearch.test.ESIntegTestCase.clearClusters(ESIntegTestCase.java:537) ~[framework-8.7.0.jar:8.7.0]
	at org.elasticsearch.test.ESIntegTestCase.afterClass(ESIntegTestCase.java:2258) ~[framework-8.7.0.jar:8.7.0]
	at jdk.internal.reflect.NativeMethodAccessorImpl.invoke0(Native Method) ~[?:?]
	at jdk.internal.reflect.NativeMethodAccessorImpl.invoke(NativeMethodAccessorImpl.java:77) ~[?:?]
	at jdk.internal.reflect.DelegatingMethodAccessorImpl.invoke(DelegatingMethodAccessorImpl.java:43) ~[?:?]
	at java.lang.reflect.Method.invoke(Method.java:568) ~[?:?]
	at com.carrotsearch.randomizedtesting.RandomizedRunner.invoke(RandomizedRunner.java:1758) ~[randomizedtesting-runner-2.8.0.jar:?]
	at com.carrotsearch.randomizedtesting.RandomizedRunner$7.evaluate(RandomizedRunner.java:909) ~[randomizedtesting-runner-2.8.0.jar:?]
	at org.apache.lucene.tests.util.AbstractBeforeAfterRule$1.evaluate(AbstractBeforeAfterRule.java:43) ~[lucene-test-framework-9.5.0.jar:9.5.0 13803aa6ea7fee91f798cfeded4296182ac43a21 - 2023-01-25 16:44:59]
	at com.carrotsearch.randomizedtesting.rules.StatementAdapter.evaluate(StatementAdapter.java:36) ~[randomizedtesting-runner-2.8.0.jar:?]
	at org.apache.lucene.tests.util.TestRuleStoreClassName$1.evaluate(TestRuleStoreClassName.java:38) ~[lucene-test-framework-9.5.0.jar:9.5.0 13803aa6ea7fee91f798cfeded4296182ac43a21 - 2023-01-25 16:44:59]
	at com.carrotsearch.randomizedtesting.rules.NoShadowingOrOverridesOnMethodsRule$1.evaluate(NoShadowingOrOverridesOnMethodsRule.java:40) ~[randomizedtesting-runner-2.8.0.jar:?]
	at com.carrotsearch.randomizedtesting.rules.NoShadowingOrOverridesOnMethodsRule$1.evaluate(NoShadowingOrOverridesOnMethodsRule.java:40) ~[randomizedtesting-runner-2.8.0.jar:?]
	at com.carrotsearch.randomizedtesting.rules.StatementAdapter.evaluate(StatementAdapter.java:36) ~[randomizedtesting-runner-2.8.0.jar:?]
	at com.carrotsearch.randomizedtesting.rules.StatementAdapter.evaluate(StatementAdapter.java:36) ~[randomizedtesting-runner-2.8.0.jar:?]
	at org.apache.lucene.tests.util.TestRuleAssertionsRequired$1.evaluate(TestRuleAssertionsRequired.java:53) ~[lucene-test-framework-9.5.0.jar:9.5.0 13803aa6ea7fee91f798cfeded4296182ac43a21 - 2023-01-25 16:44:59]
	at org.apache.lucene.tests.util.AbstractBeforeAfterRule$1.evaluate(AbstractBeforeAfterRule.java:43) ~[lucene-test-framework-9.5.0.jar:9.5.0 13803aa6ea7fee91f798cfeded4296182ac43a21 - 2023-01-25 16:44:59]
	at org.apache.lucene.tests.util.TestRuleMarkFailure$1.evaluate(TestRuleMarkFailure.java:44) ~[lucene-test-framework-9.5.0.jar:9.5.0 13803aa6ea7fee91f798cfeded4296182ac43a21 - 2023-01-25 16:44:59]
	at org.apache.lucene.tests.util.TestRuleIgnoreAfterMaxFailures$1.evaluate(TestRuleIgnoreAfterMaxFailures.java:60) ~[lucene-test-framework-9.5.0.jar:9.5.0 13803aa6ea7fee91f798cfeded4296182ac43a21 - 2023-01-25 16:44:59]
	at org.apache.lucene.tests.util.TestRuleIgnoreTestSuites$1.evaluate(TestRuleIgnoreTestSuites.java:47) ~[lucene-test-framework-9.5.0.jar:9.5.0 13803aa6ea7fee91f798cfeded4296182ac43a21 - 2023-01-25 16:44:59]
	at com.carrotsearch.randomizedtesting.rules.StatementAdapter.evaluate(StatementAdapter.java:36) ~[randomizedtesting-runner-2.8.0.jar:?]
	at com.carrotsearch.randomizedtesting.ThreadLeakControl$StatementRunner.run(ThreadLeakControl.java:390) ~[randomizedtesting-runner-2.8.0.jar:?]
	at com.carrotsearch.randomizedtesting.ThreadLeakControl.lambda$forkTimeoutingTask$0(ThreadLeakControl.java:850) ~[randomizedtesting-runner-2.8.0.jar:?]
	at java.lang.Thread.run(Thread.java:833) ~[?:?]
[2023-04-18T04:09:13,369][WARN ][o.e.e.NodeEnvironment    ] [suite] lock assertion failed
java.nio.channels.ClosedByInterruptException: null
	at java.nio.channels.spi.AbstractInterruptibleChannel.end(AbstractInterruptibleChannel.java:199) ~[?:?]
	at sun.nio.ch.FileChannelImpl.endBlocking(FileChannelImpl.java:171) ~[?:?]
	at sun.nio.ch.FileChannelImpl.size(FileChannelImpl.java:395) ~[?:?]
	at org.apache.lucene.tests.mockfile.FilterFileChannel.size(FilterFileChannel.java:82) ~[lucene-test-framework-9.5.0.jar:9.5.0 13803aa6ea7fee91f798cfeded4296182ac43a21 - 2023-01-25 16:44:59]
	at org.apache.lucene.tests.mockfile.FilterFileChannel.size(FilterFileChannel.java:82) ~[lucene-test-framework-9.5.0.jar:9.5.0 13803aa6ea7fee91f798cfeded4296182ac43a21 - 2023-01-25 16:44:59]
	at org.apache.lucene.tests.mockfile.FilterFileChannel.size(FilterFileChannel.java:82) ~[lucene-test-framework-9.5.0.jar:9.5.0 13803aa6ea7fee91f798cfeded4296182ac43a21 - 2023-01-25 16:44:59]
	at org.apache.lucene.store.NativeFSLockFactory$NativeFSLock.ensureValid(NativeFSLockFactory.java:169) ~[lucene-core-9.5.0.jar:9.5.0 13803aa6ea7fee91f798cfeded4296182ac43a21 - 2023-01-25 16:44:59]
	at org.elasticsearch.env.NodeEnvironment.assertEnvIsLocked(NodeEnvironment.java:1283) ~[elasticsearch-8.7.0.jar:8.7.0]
	at org.elasticsearch.env.NodeEnvironment.nodeDataPaths(NodeEnvironment.java:1046) ~[elasticsearch-8.7.0.jar:8.7.0]
	at org.elasticsearch.test.InternalTestCluster$NodeAndClient.markNodeDataDirsAsPendingForWipe(InternalTestCluster.java:1066) ~[framework-8.7.0.jar:8.7.0]
	at org.elasticsearch.test.InternalTestCluster$NodeAndClient.close(InternalTestCluster.java:1050) ~[framework-8.7.0.jar:8.7.0]
	at org.elasticsearch.core.IOUtils.close(IOUtils.java:71) ~[elasticsearch-core-8.7.0.jar:8.7.0]
	at org.elasticsearch.core.IOUtils.close(IOUtils.java:119) ~[elasticsearch-core-8.7.0.jar:8.7.0]
	at org.elasticsearch.test.InternalTestCluster.close(InternalTestCluster.java:902) ~[framework-8.7.0.jar:8.7.0]
	at org.elasticsearch.core.IOUtils.close(IOUtils.java:71) ~[elasticsearch-core-8.7.0.jar:8.7.0]
	at org.elasticsearch.core.IOUtils.close(IOUtils.java:119) ~[elasticsearch-core-8.7.0.jar:8.7.0]
	at org.elasticsearch.test.ESIntegTestCase.clearClusters(ESIntegTestCase.java:537) ~[framework-8.7.0.jar:8.7.0]
	at org.elasticsearch.test.ESIntegTestCase.afterClass(ESIntegTestCase.java:2258) ~[framework-8.7.0.jar:8.7.0]
	at jdk.internal.reflect.NativeMethodAccessorImpl.invoke0(Native Method) ~[?:?]
	at jdk.internal.reflect.NativeMethodAccessorImpl.invoke(NativeMethodAccessorImpl.java:77) ~[?:?]
	at jdk.internal.reflect.DelegatingMethodAccessorImpl.invoke(DelegatingMethodAccessorImpl.java:43) ~[?:?]
	at java.lang.reflect.Method.invoke(Method.java:568) ~[?:?]
	at com.carrotsearch.randomizedtesting.RandomizedRunner.invoke(RandomizedRunner.java:1758) ~[randomizedtesting-runner-2.8.0.jar:?]
	at com.carrotsearch.randomizedtesting.RandomizedRunner$7.evaluate(RandomizedRunner.java:909) ~[randomizedtesting-runner-2.8.0.jar:?]
	at org.apache.lucene.tests.util.AbstractBeforeAfterRule$1.evaluate(AbstractBeforeAfterRule.java:43) ~[lucene-test-framework-9.5.0.jar:9.5.0 13803aa6ea7fee91f798cfeded4296182ac43a21 - 2023-01-25 16:44:59]
	at com.carrotsearch.randomizedtesting.rules.StatementAdapter.evaluate(StatementAdapter.java:36) ~[randomizedtesting-runner-2.8.0.jar:?]
	at org.apache.lucene.tests.util.TestRuleStoreClassName$1.evaluate(TestRuleStoreClassName.java:38) ~[lucene-test-framework-9.5.0.jar:9.5.0 13803aa6ea7fee91f798cfeded4296182ac43a21 - 2023-01-25 16:44:59]
	at com.carrotsearch.randomizedtesting.rules.NoShadowingOrOverridesOnMethodsRule$1.evaluate(NoShadowingOrOverridesOnMethodsRule.java:40) ~[randomizedtesting-runner-2.8.0.jar:?]
	at com.carrotsearch.randomizedtesting.rules.NoShadowingOrOverridesOnMethodsRule$1.evaluate(NoShadowingOrOverridesOnMethodsRule.java:40) ~[randomizedtesting-runner-2.8.0.jar:?]
	at com.carrotsearch.randomizedtesting.rules.StatementAdapter.evaluate(StatementAdapter.java:36) ~[randomizedtesting-runner-2.8.0.jar:?]
	at com.carrotsearch.randomizedtesting.rules.StatementAdapter.evaluate(StatementAdapter.java:36) ~[randomizedtesting-runner-2.8.0.jar:?]
	at org.apache.lucene.tests.util.TestRuleAssertionsRequired$1.evaluate(TestRuleAssertionsRequired.java:53) ~[lucene-test-framework-9.5.0.jar:9.5.0 13803aa6ea7fee91f798cfeded4296182ac43a21 - 2023-01-25 16:44:59]
	at org.apache.lucene.tests.util.AbstractBeforeAfterRule$1.evaluate(AbstractBeforeAfterRule.java:43) ~[lucene-test-framework-9.5.0.jar:9.5.0 13803aa6ea7fee91f798cfeded4296182ac43a21 - 2023-01-25 16:44:59]
	at org.apache.lucene.tests.util.TestRuleMarkFailure$1.evaluate(TestRuleMarkFailure.java:44) ~[lucene-test-framework-9.5.0.jar:9.5.0 13803aa6ea7fee91f798cfeded4296182ac43a21 - 2023-01-25 16:44:59]
	at org.apache.lucene.tests.util.TestRuleIgnoreAfterMaxFailures$1.evaluate(TestRuleIgnoreAfterMaxFailures.java:60) ~[lucene-test-framework-9.5.0.jar:9.5.0 13803aa6ea7fee91f798cfeded4296182ac43a21 - 2023-01-25 16:44:59]
	at org.apache.lucene.tests.util.TestRuleIgnoreTestSuites$1.evaluate(TestRuleIgnoreTestSuites.java:47) ~[lucene-test-framework-9.5.0.jar:9.5.0 13803aa6ea7fee91f798cfeded4296182ac43a21 - 2023-01-25 16:44:59]
	at com.carrotsearch.randomizedtesting.rules.StatementAdapter.evaluate(StatementAdapter.java:36) ~[randomizedtesting-runner-2.8.0.jar:?]
	at com.carrotsearch.randomizedtesting.ThreadLeakControl$StatementRunner.run(ThreadLeakControl.java:390) ~[randomizedtesting-runner-2.8.0.jar:?]
	at com.carrotsearch.randomizedtesting.ThreadLeakControl.lambda$forkTimeoutingTask$0(ThreadLeakControl.java:850) ~[randomizedtesting-runner-2.8.0.jar:?]
	at java.lang.Thread.run(Thread.java:833) ~[?:?]
]]></system-out>
    <system-err><![CDATA[REPRODUCE WITH: ./gradlew 'null' --tests "org.elasticsearch.index.analysis.VietnameseAnalysisIntegrationTests.testVietnameseAnalyzer" -Dtests.seed=837B9552CD9155BC -Dtests.locale=bs-Cyrl-BA -Dtests.timezone=Africa/Maputo -Druntime.java=17
апр 18, 2023 4:09:08 ПРИЈЕ ПОДНЕ com.carrotsearch.randomizedtesting.ThreadLeakControl checkThreadLeaks
WARNING: Will linger awaiting termination of 80 leaked thread(s).
апр 18, 2023 4:09:13 ПРИЈЕ ПОДНЕ com.carrotsearch.randomizedtesting.ThreadLeakControl checkThreadLeaks
SEVERE: 80 threads leaked from SUITE scope at org.elasticsearch.index.analysis.VietnameseAnalysisIntegrationTests: 
   1) Thread[id=65, name=elasticsearch[node_s2][generic][T#1], state=TIMED_WAITING, group=TGRP-VietnameseAnalysisIntegrationTests]
        at java.base@17.0.6/jdk.internal.misc.Unsafe.park(Native Method)
        at java.base@17.0.6/java.util.concurrent.locks.LockSupport.parkNanos(LockSupport.java:252)
        at java.base@17.0.6/java.util.concurrent.LinkedTransferQueue.awaitMatch(LinkedTransferQueue.java:676)
        at java.base@17.0.6/java.util.concurrent.LinkedTransferQueue.xfer(LinkedTransferQueue.java:616)
        at java.base@17.0.6/java.util.concurrent.LinkedTransferQueue.poll(LinkedTransferQueue.java:1294)
        at java.base@17.0.6/java.util.concurrent.ThreadPoolExecutor.getTask(ThreadPoolExecutor.java:1061)
        at java.base@17.0.6/java.util.concurrent.ThreadPoolExecutor.runWorker(ThreadPoolExecutor.java:1122)
        at java.base@17.0.6/java.util.concurrent.ThreadPoolExecutor$Worker.run(ThreadPoolExecutor.java:635)
        at java.base@17.0.6/java.lang.Thread.run(Thread.java:833)
   2) Thread[id=79, name=elasticsearch[node_s0][cluster_coordination][T#1], state=WAITING, group=TGRP-VietnameseAnalysisIntegrationTests]
        at java.base@17.0.6/jdk.internal.misc.Unsafe.park(Native Method)
        at java.base@17.0.6/java.util.concurrent.locks.LockSupport.park(LockSupport.java:341)
        at java.base@17.0.6/java.util.concurrent.LinkedTransferQueue$Node.block(LinkedTransferQueue.java:470)
        at java.base@17.0.6/java.util.concurrent.ForkJoinPool.unmanagedBlock(ForkJoinPool.java:3463)
        at java.base@17.0.6/java.util.concurrent.ForkJoinPool.managedBlock(ForkJoinPool.java:3434)
        at java.base@17.0.6/java.util.concurrent.LinkedTransferQueue.awaitMatch(LinkedTransferQueue.java:669)
        at java.base@17.0.6/java.util.concurrent.LinkedTransferQueue.xfer(LinkedTransferQueue.java:616)
        at java.base@17.0.6/java.util.concurrent.LinkedTransferQueue.take(LinkedTransferQueue.java:1286)
        at java.base@17.0.6/java.util.concurrent.ThreadPoolExecutor.getTask(ThreadPoolExecutor.java:1062)
        at java.base@17.0.6/java.util.concurrent.ThreadPoolExecutor.runWorker(ThreadPoolExecutor.java:1122)
        at java.base@17.0.6/java.util.concurrent.ThreadPoolExecutor$Worker.run(ThreadPoolExecutor.java:635)
        at java.base@17.0.6/java.lang.Thread.run(Thread.java:833)
   3) Thread[id=29, name=TEST-VietnameseAnalysisIntegrationTests.testVietnameseAnalyzer-seed#[837B9552CD9155BC], state=WAITING, group=TGRP-VietnameseAnalysisIntegrationTests]
        at java.base@17.0.6/jdk.internal.misc.Unsafe.park(Native Method)
        at java.base@17.0.6/java.util.concurrent.locks.LockSupport.park(LockSupport.java:211)
        at java.base@17.0.6/java.util.concurrent.locks.AbstractQueuedSynchronizer.acquire(AbstractQueuedSynchronizer.java:715)
        at java.base@17.0.6/java.util.concurrent.locks.AbstractQueuedSynchronizer.acquireSharedInterruptibly(AbstractQueuedSynchronizer.java:1047)
        at app//org.elasticsearch.common.util.concurrent.BaseFuture$Sync.get(BaseFuture.java:243)
        at app//org.elasticsearch.common.util.concurrent.BaseFuture.get(BaseFuture.java:75)
        at app//org.elasticsearch.common.util.concurrent.FutureUtils.get(FutureUtils.java:45)
        at app//org.elasticsearch.action.support.PlainActionFuture.actionGet(PlainActionFuture.java:31)
        at app//org.elasticsearch.test.ESIntegTestCase.randomIndexTemplate(ESIntegTestCase.java:429)
        at app//org.elasticsearch.test.ESIntegTestCase.lambda$beforeInternal$0(ESIntegTestCase.java:365)
        at app//org.elasticsearch.test.ESIntegTestCase$$Lambda$454/0x0000000800ed8000.call(Unknown Source)
        at app//com.carrotsearch.randomizedtesting.RandomizedContext.runWithPrivateRandomness(RandomizedContext.java:187)
        at app//com.carrotsearch.randomizedtesting.RandomizedContext.runWithPrivateRandomness(RandomizedContext.java:211)
        at app//org.elasticsearch.test.ESIntegTestCase.beforeInternal(ESIntegTestCase.java:372)
        at app//org.elasticsearch.test.ESIntegTestCase.setupTestCluster(ESIntegTestCase.java:2233)
        at java.base@17.0.6/jdk.internal.reflect.NativeMethodAccessorImpl.invoke0(Native Method)
        at java.base@17.0.6/jdk.internal.reflect.NativeMethodAccessorImpl.invoke(NativeMethodAccessorImpl.java:77)
        at java.base@17.0.6/jdk.internal.reflect.DelegatingMethodAccessorImpl.invoke(DelegatingMethodAccessorImpl.java:43)
        at java.base@17.0.6/java.lang.reflect.Method.invoke(Method.java:568)
        at app//com.carrotsearch.randomizedtesting.RandomizedRunner.invoke(RandomizedRunner.java:1758)
        at app//com.carrotsearch.randomizedtesting.RandomizedRunner$9.evaluate(RandomizedRunner.java:980)
        at app//com.carrotsearch.randomizedtesting.RandomizedRunner$10.evaluate(RandomizedRunner.java:996)
        at app//com.carrotsearch.randomizedtesting.rules.StatementAdapter.evaluate(StatementAdapter.java:36)
        at app//org.apache.lucene.tests.util.TestRuleSetupTeardownChained$1.evaluate(TestRuleSetupTeardownChained.java:48)
        at app//org.apache.lucene.tests.util.AbstractBeforeAfterRule$1.evaluate(AbstractBeforeAfterRule.java:43)
        at app//org.apache.lucene.tests.util.TestRuleThreadAndTestName$1.evaluate(TestRuleThreadAndTestName.java:45)
        at app//org.apache.lucene.tests.util.TestRuleIgnoreAfterMaxFailures$1.evaluate(TestRuleIgnoreAfterMaxFailures.java:60)
        at app//org.apache.lucene.tests.util.TestRuleMarkFailure$1.evaluate(TestRuleMarkFailure.java:44)
        at app//com.carrotsearch.randomizedtesting.rules.StatementAdapter.evaluate(StatementAdapter.java:36)
        at app//com.carrotsearch.randomizedtesting.ThreadLeakControl$StatementRunner.run(ThreadLeakControl.java:390)
        at app//com.carrotsearch.randomizedtesting.ThreadLeakControl.forkTimeoutingTask(ThreadLeakControl.java:843)
        at app//com.carrotsearch.randomizedtesting.ThreadLeakControl$3.evaluate(ThreadLeakControl.java:490)
        at app//com.carrotsearch.randomizedtesting.RandomizedRunner.runSingleTest(RandomizedRunner.java:955)
        at app//com.carrotsearch.randomizedtesting.RandomizedRunner$5.evaluate(RandomizedRunner.java:840)
        at app//com.carrotsearch.randomizedtesting.RandomizedRunner$6.evaluate(RandomizedRunner.java:891)
        at app//com.carrotsearch.randomizedtesting.RandomizedRunner$7.evaluate(RandomizedRunner.java:902)
        at app//org.apache.lucene.tests.util.AbstractBeforeAfterRule$1.evaluate(AbstractBeforeAfterRule.java:43)
        at app//com.carrotsearch.randomizedtesting.rules.StatementAdapter.evaluate(StatementAdapter.java:36)
        at app//org.apache.lucene.tests.util.TestRuleStoreClassName$1.evaluate(TestRuleStoreClassName.java:38)
        at app//com.carrotsearch.randomizedtesting.rules.NoShadowingOrOverridesOnMethodsRule$1.evaluate(NoShadowingOrOverridesOnMethodsRule.java:40)
        at app//com.carrotsearch.randomizedtesting.rules.NoShadowingOrOverridesOnMethodsRule$1.evaluate(NoShadowingOrOverridesOnMethodsRule.java:40)
        at app//com.carrotsearch.randomizedtesting.rules.StatementAdapter.evaluate(StatementAdapter.java:36)
        at app//com.carrotsearch.randomizedtesting.rules.StatementAdapter.evaluate(StatementAdapter.java:36)
        at app//org.apache.lucene.tests.util.TestRuleAssertionsRequired$1.evaluate(TestRuleAssertionsRequired.java:53)
        at app//org.apache.lucene.tests.util.AbstractBeforeAfterRule$1.evaluate(AbstractBeforeAfterRule.java:43)
        at app//org.apache.lucene.tests.util.TestRuleMarkFailure$1.evaluate(TestRuleMarkFailure.java:44)
        at app//org.apache.lucene.tests.util.TestRuleIgnoreAfterMaxFailures$1.evaluate(TestRuleIgnoreAfterMaxFailures.java:60)
        at app//org.apache.lucene.tests.util.TestRuleIgnoreTestSuites$1.evaluate(TestRuleIgnoreTestSuites.java:47)
        at app//com.carrotsearch.randomizedtesting.rules.StatementAdapter.evaluate(StatementAdapter.java:36)
        at app//com.carrotsearch.randomizedtesting.ThreadLeakControl$StatementRunner.run(ThreadLeakControl.java:390)
        at app//com.carrotsearch.randomizedtesting.ThreadLeakControl.lambda$forkTimeoutingTask$0(ThreadLeakControl.java:850)
        at app//com.carrotsearch.randomizedtesting.ThreadLeakControl$$Lambda$448/0x0000000800e9b5d0.run(Unknown Source)
        at java.base@17.0.6/java.lang.Thread.run(Thread.java:833)
   4) Thread[id=110, name=elasticsearch[node_s1][generic][T#5], state=TIMED_WAITING, group=TGRP-VietnameseAnalysisIntegrationTests]
        at java.base@17.0.6/jdk.internal.misc.Unsafe.park(Native Method)
        at java.base@17.0.6/java.util.concurrent.locks.LockSupport.parkNanos(LockSupport.java:252)
        at java.base@17.0.6/java.util.concurrent.LinkedTransferQueue.awaitMatch(LinkedTransferQueue.java:676)
        at java.base@17.0.6/java.util.concurrent.LinkedTransferQueue.xfer(LinkedTransferQueue.java:616)
        at java.base@17.0.6/java.util.concurrent.LinkedTransferQueue.poll(LinkedTransferQueue.java:1294)
        at java.base@17.0.6/java.util.concurrent.ThreadPoolExecutor.getTask(ThreadPoolExecutor.java:1061)
        at java.base@17.0.6/java.util.concurrent.ThreadPoolExecutor.runWorker(ThreadPoolExecutor.java:1122)
        at java.base@17.0.6/java.util.concurrent.ThreadPoolExecutor$Worker.run(ThreadPoolExecutor.java:635)
        at java.base@17.0.6/java.lang.Thread.run(Thread.java:833)
   5) Thread[id=99, name=elasticsearch[node_s3][cluster_coordination][T#1], state=WAITING, group=TGRP-VietnameseAnalysisIntegrationTests]
        at java.base@17.0.6/jdk.internal.misc.Unsafe.park(Native Method)
        at java.base@17.0.6/java.util.concurrent.locks.LockSupport.park(LockSupport.java:341)
        at java.base@17.0.6/java.util.concurrent.LinkedTransferQueue$Node.block(LinkedTransferQueue.java:470)
        at java.base@17.0.6/java.util.concurrent.ForkJoinPool.unmanagedBlock(ForkJoinPool.java:3463)
        at java.base@17.0.6/java.util.concurrent.ForkJoinPool.managedBlock(ForkJoinPool.java:3434)
        at java.base@17.0.6/java.util.concurrent.LinkedTransferQueue.awaitMatch(LinkedTransferQueue.java:669)
        at java.base@17.0.6/java.util.concurrent.LinkedTransferQueue.xfer(LinkedTransferQueue.java:616)
        at java.base@17.0.6/java.util.concurrent.LinkedTransferQueue.take(LinkedTransferQueue.java:1286)
        at java.base@17.0.6/java.util.concurrent.ThreadPoolExecutor.getTask(ThreadPoolExecutor.java:1062)
        at java.base@17.0.6/java.util.concurrent.ThreadPoolExecutor.runWorker(ThreadPoolExecutor.java:1122)
        at java.base@17.0.6/java.util.concurrent.ThreadPoolExecutor$Worker.run(ThreadPoolExecutor.java:635)
        at java.base@17.0.6/java.lang.Thread.run(Thread.java:833)
   6) Thread[id=109, name=elasticsearch[node_s0][masterService#updateTask][T#2], state=WAITING, group=TGRP-VietnameseAnalysisIntegrationTests]
        at java.base@17.0.6/jdk.internal.misc.Unsafe.park(Native Method)
        at java.base@17.0.6/java.util.concurrent.locks.LockSupport.park(LockSupport.java:341)
        at java.base@17.0.6/java.util.concurrent.locks.AbstractQueuedSynchronizer$ConditionNode.block(AbstractQueuedSynchronizer.java:506)
        at java.base@17.0.6/java.util.concurrent.ForkJoinPool.unmanagedBlock(ForkJoinPool.java:3463)
        at java.base@17.0.6/java.util.concurrent.ForkJoinPool.managedBlock(ForkJoinPool.java:3434)
        at java.base@17.0.6/java.util.concurrent.locks.AbstractQueuedSynchronizer$ConditionObject.await(AbstractQueuedSynchronizer.java:1623)
        at java.base@17.0.6/java.util.concurrent.PriorityBlockingQueue.take(PriorityBlockingQueue.java:535)
        at java.base@17.0.6/java.util.concurrent.ThreadPoolExecutor.getTask(ThreadPoolExecutor.java:1062)
        at java.base@17.0.6/java.util.concurrent.ThreadPoolExecutor.runWorker(ThreadPoolExecutor.java:1122)
        at java.base@17.0.6/java.util.concurrent.ThreadPoolExecutor$Worker.run(ThreadPoolExecutor.java:635)
        at java.base@17.0.6/java.lang.Thread.run(Thread.java:833)
   7) Thread[id=93, name=elasticsearch[node_s1][AsyncLucenePersistedState#updateTask][T#1], state=WAITING, group=TGRP-VietnameseAnalysisIntegrationTests]
        at java.base@17.0.6/jdk.internal.misc.Unsafe.park(Native Method)
        at java.base@17.0.6/java.util.concurrent.locks.LockSupport.park(LockSupport.java:341)
        at java.base@17.0.6/java.util.concurrent.LinkedTransferQueue$Node.block(LinkedTransferQueue.java:470)
        at java.base@17.0.6/java.util.concurrent.ForkJoinPool.unmanagedBlock(ForkJoinPool.java:3463)
        at java.base@17.0.6/java.util.concurrent.ForkJoinPool.managedBlock(ForkJoinPool.java:3434)
        at java.base@17.0.6/java.util.concurrent.LinkedTransferQueue.awaitMatch(LinkedTransferQueue.java:669)
        at java.base@17.0.6/java.util.concurrent.LinkedTransferQueue.xfer(LinkedTransferQueue.java:616)
        at java.base@17.0.6/java.util.concurrent.LinkedTransferQueue.take(LinkedTransferQueue.java:1286)
        at app//org.elasticsearch.common.util.concurrent.SizeBlockingQueue.take(SizeBlockingQueue.java:152)
        at java.base@17.0.6/java.util.concurrent.ThreadPoolExecutor.getTask(ThreadPoolExecutor.java:1062)
        at java.base@17.0.6/java.util.concurrent.ThreadPoolExecutor.runWorker(ThreadPoolExecutor.java:1122)
        at java.base@17.0.6/java.util.concurrent.ThreadPoolExecutor$Worker.run(ThreadPoolExecutor.java:635)
        at java.base@17.0.6/java.lang.Thread.run(Thread.java:833)
   8) Thread[id=46, name=elasticsearch[node_s3][transport_worker][T#1], state=RUNNABLE, group=TGRP-VietnameseAnalysisIntegrationTests]
        at java.base@17.0.6/sun.nio.ch.EPoll.wait(Native Method)
        at java.base@17.0.6/sun.nio.ch.EPollSelectorImpl.doSelect(EPollSelectorImpl.java:118)
        at java.base@17.0.6/sun.nio.ch.SelectorImpl.lockAndDoSelect(SelectorImpl.java:129)
        at java.base@17.0.6/sun.nio.ch.SelectorImpl.select(SelectorImpl.java:146)
        at app//io.netty.channel.nio.NioEventLoop.select(NioEventLoop.java:879)
        at app//io.netty.channel.nio.NioEventLoop.run(NioEventLoop.java:526)
        at app//io.netty.util.concurrent.SingleThreadEventExecutor$4.run(SingleThreadEventExecutor.java:997)
        at app//io.netty.util.internal.ThreadExecutorMap$2.run(ThreadExecutorMap.java:74)
        at java.base@17.0.6/java.lang.Thread.run(Thread.java:833)
   9) Thread[id=60, name=elasticsearch[node_s0][transport_worker][T#4], state=RUNNABLE, group=TGRP-VietnameseAnalysisIntegrationTests]
        at java.base@17.0.6/sun.nio.ch.EPoll.wait(Native Method)
        at java.base@17.0.6/sun.nio.ch.EPollSelectorImpl.doSelect(EPollSelectorImpl.java:118)
        at java.base@17.0.6/sun.nio.ch.SelectorImpl.lockAndDoSelect(SelectorImpl.java:129)
        at java.base@17.0.6/sun.nio.ch.SelectorImpl.select(SelectorImpl.java:146)
        at app//io.netty.channel.nio.NioEventLoop.select(NioEventLoop.java:879)
        at app//io.netty.channel.nio.NioEventLoop.run(NioEventLoop.java:526)
        at app//io.netty.util.concurrent.SingleThreadEventExecutor$4.run(SingleThreadEventExecutor.java:997)
        at app//io.netty.util.internal.ThreadExecutorMap$2.run(ThreadExecutorMap.java:74)
        at java.base@17.0.6/java.lang.Thread.run(Thread.java:833)
  10) Thread[id=100, name=elasticsearch[node_s0][management][T#1], state=TIMED_WAITING, group=TGRP-VietnameseAnalysisIntegrationTests]
        at java.base@17.0.6/jdk.internal.misc.Unsafe.park(Native Method)
        at java.base@17.0.6/java.util.concurrent.locks.LockSupport.parkNanos(LockSupport.java:252)
        at java.base@17.0.6/java.util.concurrent.LinkedTransferQueue.awaitMatch(LinkedTransferQueue.java:676)
        at java.base@17.0.6/java.util.concurrent.LinkedTransferQueue.xfer(LinkedTransferQueue.java:616)
        at java.base@17.0.6/java.util.concurrent.LinkedTransferQueue.poll(LinkedTransferQueue.java:1294)
        at java.base@17.0.6/java.util.concurrent.ThreadPoolExecutor.getTask(ThreadPoolExecutor.java:1061)
        at java.base@17.0.6/java.util.concurrent.ThreadPoolExecutor.runWorker(ThreadPoolExecutor.java:1122)
        at java.base@17.0.6/java.util.concurrent.ThreadPoolExecutor$Worker.run(ThreadPoolExecutor.java:635)
        at java.base@17.0.6/java.lang.Thread.run(Thread.java:833)
  11) Thread[id=88, name=elasticsearch[node_s2][generic][T#4], state=TIMED_WAITING, group=TGRP-VietnameseAnalysisIntegrationTests]
        at java.base@17.0.6/jdk.internal.misc.Unsafe.park(Native Method)
        at java.base@17.0.6/java.util.concurrent.locks.LockSupport.parkNanos(LockSupport.java:252)
        at java.base@17.0.6/java.util.concurrent.LinkedTransferQueue.awaitMatch(LinkedTransferQueue.java:676)
        at java.base@17.0.6/java.util.concurrent.LinkedTransferQueue.xfer(LinkedTransferQueue.java:616)
        at java.base@17.0.6/java.util.concurrent.LinkedTransferQueue.poll(LinkedTransferQueue.java:1294)
        at java.base@17.0.6/java.util.concurrent.ThreadPoolExecutor.getTask(ThreadPoolExecutor.java:1061)
        at java.base@17.0.6/java.util.concurrent.ThreadPoolExecutor.runWorker(ThreadPoolExecutor.java:1122)
        at java.base@17.0.6/java.util.concurrent.ThreadPoolExecutor$Worker.run(ThreadPoolExecutor.java:635)
        at java.base@17.0.6/java.lang.Thread.run(Thread.java:833)
  12) Thread[id=64, name=elasticsearch[node_s3][generic][T#1], state=TIMED_WAITING, group=TGRP-VietnameseAnalysisIntegrationTests]
        at java.base@17.0.6/jdk.internal.misc.Unsafe.park(Native Method)
        at java.base@17.0.6/java.util.concurrent.locks.LockSupport.parkNanos(LockSupport.java:252)
        at java.base@17.0.6/java.util.concurrent.LinkedTransferQueue.awaitMatch(LinkedTransferQueue.java:676)
        at java.base@17.0.6/java.util.concurrent.LinkedTransferQueue.xfer(LinkedTransferQueue.java:616)
        at java.base@17.0.6/java.util.concurrent.LinkedTransferQueue.poll(LinkedTransferQueue.java:1294)
        at java.base@17.0.6/java.util.concurrent.ThreadPoolExecutor.getTask(ThreadPoolExecutor.java:1061)
        at java.base@17.0.6/java.util.concurrent.ThreadPoolExecutor.runWorker(ThreadPoolExecutor.java:1122)
        at java.base@17.0.6/java.util.concurrent.ThreadPoolExecutor$Worker.run(ThreadPoolExecutor.java:635)
        at java.base@17.0.6/java.lang.Thread.run(Thread.java:833)
  13) Thread[id=119, name=elasticsearch[node_s2][generic][T#6], state=TIMED_WAITING, group=TGRP-VietnameseAnalysisIntegrationTests]
        at java.base@17.0.6/jdk.internal.misc.Unsafe.park(Native Method)
        at java.base@17.0.6/java.util.concurrent.locks.LockSupport.parkNanos(LockSupport.java:252)
        at java.base@17.0.6/java.util.concurrent.LinkedTransferQueue.awaitMatch(LinkedTransferQueue.java:676)
        at java.base@17.0.6/java.util.concurrent.LinkedTransferQueue.xfer(LinkedTransferQueue.java:616)
        at java.base@17.0.6/java.util.concurrent.LinkedTransferQueue.poll(LinkedTransferQueue.java:1294)
        at java.base@17.0.6/java.util.concurrent.ThreadPoolExecutor.getTask(ThreadPoolExecutor.java:1061)
        at java.base@17.0.6/java.util.concurrent.ThreadPoolExecutor.runWorker(ThreadPoolExecutor.java:1122)
        at java.base@17.0.6/java.util.concurrent.ThreadPoolExecutor$Worker.run(ThreadPoolExecutor.java:635)
        at java.base@17.0.6/java.lang.Thread.run(Thread.java:833)
  14) Thread[id=32, name=elasticsearch[node_s1][[timer]], state=TIMED_WAITING, group=TGRP-VietnameseAnalysisIntegrationTests]
        at java.base@17.0.6/java.lang.Thread.sleep(Native Method)
        at app//org.elasticsearch.threadpool.ThreadPool$CachedTimeThread.run(ThreadPool.java:689)
  15) Thread[id=34, name=elasticsearch[node_s2][[timer]], state=TIMED_WAITING, group=TGRP-VietnameseAnalysisIntegrationTests]
        at java.base@17.0.6/java.lang.Thread.sleep(Native Method)
        at app//org.elasticsearch.threadpool.ThreadPool$CachedTimeThread.run(ThreadPool.java:689)
  16) Thread[id=47, name=elasticsearch[node_s0][transport_worker][T#1], state=RUNNABLE, group=TGRP-VietnameseAnalysisIntegrationTests]
        at java.base@17.0.6/sun.nio.ch.EPoll.wait(Native Method)
        at java.base@17.0.6/sun.nio.ch.EPollSelectorImpl.doSelect(EPollSelectorImpl.java:118)
        at java.base@17.0.6/sun.nio.ch.SelectorImpl.lockAndDoSelect(SelectorImpl.java:129)
        at java.base@17.0.6/sun.nio.ch.SelectorImpl.select(SelectorImpl.java:146)
        at app//io.netty.channel.nio.NioEventLoop.select(NioEventLoop.java:879)
        at app//io.netty.channel.nio.NioEventLoop.run(NioEventLoop.java:526)
        at app//io.netty.util.concurrent.SingleThreadEventExecutor$4.run(SingleThreadEventExecutor.java:997)
        at app//io.netty.util.internal.ThreadExecutorMap$2.run(ThreadExecutorMap.java:74)
        at java.base@17.0.6/java.lang.Thread.run(Thread.java:833)
  17) Thread[id=56, name=elasticsearch[node_s2][transport_worker][T#4], state=RUNNABLE, group=TGRP-VietnameseAnalysisIntegrationTests]
        at java.base@17.0.6/sun.nio.ch.EPoll.wait(Native Method)
        at java.base@17.0.6/sun.nio.ch.EPollSelectorImpl.doSelect(EPollSelectorImpl.java:118)
        at java.base@17.0.6/sun.nio.ch.SelectorImpl.lockAndDoSelect(SelectorImpl.java:129)
        at java.base@17.0.6/sun.nio.ch.SelectorImpl.select(SelectorImpl.java:146)
        at app//io.netty.channel.nio.NioEventLoop.select(NioEventLoop.java:879)
        at app//io.netty.channel.nio.NioEventLoop.run(NioEventLoop.java:526)
        at app//io.netty.util.concurrent.SingleThreadEventExecutor$4.run(SingleThreadEventExecutor.java:997)
        at app//io.netty.util.internal.ThreadExecutorMap$2.run(ThreadExecutorMap.java:74)
        at java.base@17.0.6/java.lang.Thread.run(Thread.java:833)
  18) Thread[id=103, name=elasticsearch[node_s0][management][T#2], state=TIMED_WAITING, group=TGRP-VietnameseAnalysisIntegrationTests]
        at java.base@17.0.6/jdk.internal.misc.Unsafe.park(Native Method)
        at java.base@17.0.6/java.util.concurrent.locks.LockSupport.parkNanos(LockSupport.java:252)
        at java.base@17.0.6/java.util.concurrent.LinkedTransferQueue.awaitMatch(LinkedTransferQueue.java:676)
        at java.base@17.0.6/java.util.concurrent.LinkedTransferQueue.xfer(LinkedTransferQueue.java:616)
        at java.base@17.0.6/java.util.concurrent.LinkedTransferQueue.poll(LinkedTransferQueue.java:1294)
        at java.base@17.0.6/java.util.concurrent.ThreadPoolExecutor.getTask(ThreadPoolExecutor.java:1061)
        at java.base@17.0.6/java.util.concurrent.ThreadPoolExecutor.runWorker(ThreadPoolExecutor.java:1122)
        at java.base@17.0.6/java.util.concurrent.ThreadPoolExecutor$Worker.run(ThreadPoolExecutor.java:635)
        at java.base@17.0.6/java.lang.Thread.run(Thread.java:833)
  19) Thread[id=55, name=elasticsearch[node_s4][transport_worker][T#3], state=RUNNABLE, group=TGRP-VietnameseAnalysisIntegrationTests]
        at java.base@17.0.6/sun.nio.ch.EPoll.wait(Native Method)
        at java.base@17.0.6/sun.nio.ch.EPollSelectorImpl.doSelect(EPollSelectorImpl.java:118)
        at java.base@17.0.6/sun.nio.ch.SelectorImpl.lockAndDoSelect(SelectorImpl.java:129)
        at java.base@17.0.6/sun.nio.ch.SelectorImpl.select(SelectorImpl.java:146)
        at app//io.netty.channel.nio.NioEventLoop.select(NioEventLoop.java:879)
        at app//io.netty.channel.nio.NioEventLoop.run(NioEventLoop.java:526)
        at app//io.netty.util.concurrent.SingleThreadEventExecutor$4.run(SingleThreadEventExecutor.java:997)
        at app//io.netty.util.internal.ThreadExecutorMap$2.run(ThreadExecutorMap.java:74)
        at java.base@17.0.6/java.lang.Thread.run(Thread.java:833)
  20) Thread[id=35, name=elasticsearch[node_s2][scheduler][T#1], state=TIMED_WAITING, group=TGRP-VietnameseAnalysisIntegrationTests]
        at java.base@17.0.6/jdk.internal.misc.Unsafe.park(Native Method)
        at java.base@17.0.6/java.util.concurrent.locks.LockSupport.parkNanos(LockSupport.java:252)
        at java.base@17.0.6/java.util.concurrent.locks.AbstractQueuedSynchronizer$ConditionObject.awaitNanos(AbstractQueuedSynchronizer.java:1672)
        at java.base@17.0.6/java.util.concurrent.ScheduledThreadPoolExecutor$DelayedWorkQueue.take(ScheduledThreadPoolExecutor.java:1182)
        at java.base@17.0.6/java.util.concurrent.ScheduledThreadPoolExecutor$DelayedWorkQueue.take(ScheduledThreadPoolExecutor.java:899)
        at java.base@17.0.6/java.util.concurrent.ThreadPoolExecutor.getTask(ThreadPoolExecutor.java:1062)
        at java.base@17.0.6/java.util.concurrent.ThreadPoolExecutor.runWorker(ThreadPoolExecutor.java:1122)
        at java.base@17.0.6/java.util.concurrent.ThreadPoolExecutor$Worker.run(ThreadPoolExecutor.java:635)
        at java.base@17.0.6/java.lang.Thread.run(Thread.java:833)
  21) Thread[id=82, name=elasticsearch[node_s3][generic][T#3], state=TIMED_WAITING, group=TGRP-VietnameseAnalysisIntegrationTests]
        at java.base@17.0.6/jdk.internal.misc.Unsafe.park(Native Method)
        at java.base@17.0.6/java.util.concurrent.locks.LockSupport.parkNanos(LockSupport.java:252)
        at java.base@17.0.6/java.util.concurrent.LinkedTransferQueue.awaitMatch(LinkedTransferQueue.java:676)
        at java.base@17.0.6/java.util.concurrent.LinkedTransferQueue.xfer(LinkedTransferQueue.java:616)
        at java.base@17.0.6/java.util.concurrent.LinkedTransferQueue.poll(LinkedTransferQueue.java:1294)
        at java.base@17.0.6/java.util.concurrent.ThreadPoolExecutor.getTask(ThreadPoolExecutor.java:1061)
        at java.base@17.0.6/java.util.concurrent.ThreadPoolExecutor.runWorker(ThreadPoolExecutor.java:1122)
        at java.base@17.0.6/java.util.concurrent.ThreadPoolExecutor$Worker.run(ThreadPoolExecutor.java:635)
        at java.base@17.0.6/java.lang.Thread.run(Thread.java:833)
  22) Thread[id=95, name=elasticsearch[node_s3][clusterApplierService#updateTask][T#1], state=WAITING, group=TGRP-VietnameseAnalysisIntegrationTests]
        at java.base@17.0.6/jdk.internal.misc.Unsafe.park(Native Method)
        at java.base@17.0.6/java.util.concurrent.locks.LockSupport.park(LockSupport.java:341)
        at java.base@17.0.6/java.util.concurrent.locks.AbstractQueuedSynchronizer$ConditionNode.block(AbstractQueuedSynchronizer.java:506)
        at java.base@17.0.6/java.util.concurrent.ForkJoinPool.unmanagedBlock(ForkJoinPool.java:3463)
        at java.base@17.0.6/java.util.concurrent.ForkJoinPool.managedBlock(ForkJoinPool.java:3434)
        at java.base@17.0.6/java.util.concurrent.locks.AbstractQueuedSynchronizer$ConditionObject.await(AbstractQueuedSynchronizer.java:1623)
        at java.base@17.0.6/java.util.concurrent.PriorityBlockingQueue.take(PriorityBlockingQueue.java:535)
        at java.base@17.0.6/java.util.concurrent.ThreadPoolExecutor.getTask(ThreadPoolExecutor.java:1062)
        at java.base@17.0.6/java.util.concurrent.ThreadPoolExecutor.runWorker(ThreadPoolExecutor.java:1122)
        at java.base@17.0.6/java.util.concurrent.ThreadPoolExecutor$Worker.run(ThreadPoolExecutor.java:635)
        at java.base@17.0.6/java.lang.Thread.run(Thread.java:833)
  23) Thread[id=111, name=elasticsearch[node_s4][generic][T#5], state=TIMED_WAITING, group=TGRP-VietnameseAnalysisIntegrationTests]
        at java.base@17.0.6/jdk.internal.misc.Unsafe.park(Native Method)
        at java.base@17.0.6/java.util.concurrent.locks.LockSupport.parkNanos(LockSupport.java:252)
        at java.base@17.0.6/java.util.concurrent.LinkedTransferQueue.awaitMatch(LinkedTransferQueue.java:676)
        at java.base@17.0.6/java.util.concurrent.LinkedTransferQueue.xfer(LinkedTransferQueue.java:616)
        at java.base@17.0.6/java.util.concurrent.LinkedTransferQueue.poll(LinkedTransferQueue.java:1294)
        at java.base@17.0.6/java.util.concurrent.ThreadPoolExecutor.getTask(ThreadPoolExecutor.java:1061)
        at java.base@17.0.6/java.util.concurrent.ThreadPoolExecutor.runWorker(ThreadPoolExecutor.java:1122)
        at java.base@17.0.6/java.util.concurrent.ThreadPoolExecutor$Worker.run(ThreadPoolExecutor.java:635)
        at java.base@17.0.6/java.lang.Thread.run(Thread.java:833)
  24) Thread[id=49, name=elasticsearch[node_s4][transport_worker][T#1], state=RUNNABLE, group=TGRP-VietnameseAnalysisIntegrationTests]
        at java.base@17.0.6/sun.nio.ch.EPoll.wait(Native Method)
        at java.base@17.0.6/sun.nio.ch.EPollSelectorImpl.doSelect(EPollSelectorImpl.java:118)
        at java.base@17.0.6/sun.nio.ch.SelectorImpl.lockAndDoSelect(SelectorImpl.java:129)
        at java.base@17.0.6/sun.nio.ch.SelectorImpl.select(SelectorImpl.java:146)
        at app//io.netty.channel.nio.NioEventLoop.select(NioEventLoop.java:879)
        at app//io.netty.channel.nio.NioEventLoop.run(NioEventLoop.java:526)
        at app//io.netty.util.concurrent.SingleThreadEventExecutor$4.run(SingleThreadEventExecutor.java:997)
        at app//io.netty.util.internal.ThreadExecutorMap$2.run(ThreadExecutorMap.java:74)
        at java.base@17.0.6/java.lang.Thread.run(Thread.java:833)
  25) Thread[id=73, name=elasticsearch[node_s4][clusterApplierService#updateTask][T#1], state=WAITING, group=TGRP-VietnameseAnalysisIntegrationTests]
        at java.base@17.0.6/jdk.internal.misc.Unsafe.park(Native Method)
        at java.base@17.0.6/java.util.concurrent.locks.LockSupport.park(LockSupport.java:341)
        at java.base@17.0.6/java.util.concurrent.locks.AbstractQueuedSynchronizer$ConditionNode.block(AbstractQueuedSynchronizer.java:506)
        at java.base@17.0.6/java.util.concurrent.ForkJoinPool.unmanagedBlock(ForkJoinPool.java:3463)
        at java.base@17.0.6/java.util.concurrent.ForkJoinPool.managedBlock(ForkJoinPool.java:3434)
        at java.base@17.0.6/java.util.concurrent.locks.AbstractQueuedSynchronizer$ConditionObject.await(AbstractQueuedSynchronizer.java:1623)
        at java.base@17.0.6/java.util.concurrent.PriorityBlockingQueue.take(PriorityBlockingQueue.java:535)
        at java.base@17.0.6/java.util.concurrent.ThreadPoolExecutor.getTask(ThreadPoolExecutor.java:1062)
        at java.base@17.0.6/java.util.concurrent.ThreadPoolExecutor.runWorker(ThreadPoolExecutor.java:1122)
        at java.base@17.0.6/java.util.concurrent.ThreadPoolExecutor$Worker.run(ThreadPoolExecutor.java:635)
        at java.base@17.0.6/java.lang.Thread.run(Thread.java:833)
  26) Thread[id=116, name=elasticsearch[node_s3][generic][T#6], state=TIMED_WAITING, group=TGRP-VietnameseAnalysisIntegrationTests]
        at java.base@17.0.6/jdk.internal.misc.Unsafe.park(Native Method)
        at java.base@17.0.6/java.util.concurrent.locks.LockSupport.parkNanos(LockSupport.java:252)
        at java.base@17.0.6/java.util.concurrent.LinkedTransferQueue.awaitMatch(LinkedTransferQueue.java:676)
        at java.base@17.0.6/java.util.concurrent.LinkedTransferQueue.xfer(LinkedTransferQueue.java:616)
        at java.base@17.0.6/java.util.concurrent.LinkedTransferQueue.poll(LinkedTransferQueue.java:1294)
        at java.base@17.0.6/java.util.concurrent.ThreadPoolExecutor.getTask(ThreadPoolExecutor.java:1061)
        at java.base@17.0.6/java.util.concurrent.ThreadPoolExecutor.runWorker(ThreadPoolExecutor.java:1122)
        at java.base@17.0.6/java.util.concurrent.ThreadPoolExecutor$Worker.run(ThreadPoolExecutor.java:635)
        at java.base@17.0.6/java.lang.Thread.run(Thread.java:833)
  27) Thread[id=74, name=elasticsearch[node_s0][clusterApplierService#updateTask][T#1], state=WAITING, group=TGRP-VietnameseAnalysisIntegrationTests]
        at java.base@17.0.6/jdk.internal.misc.Unsafe.park(Native Method)
        at java.base@17.0.6/java.util.concurrent.locks.LockSupport.park(LockSupport.java:341)
        at java.base@17.0.6/java.util.concurrent.locks.AbstractQueuedSynchronizer$ConditionNode.block(AbstractQueuedSynchronizer.java:506)
        at java.base@17.0.6/java.util.concurrent.ForkJoinPool.unmanagedBlock(ForkJoinPool.java:3463)
        at java.base@17.0.6/java.util.concurrent.ForkJoinPool.managedBlock(ForkJoinPool.java:3434)
        at java.base@17.0.6/java.util.concurrent.locks.AbstractQueuedSynchronizer$ConditionObject.await(AbstractQueuedSynchronizer.java:1623)
        at java.base@17.0.6/java.util.concurrent.PriorityBlockingQueue.take(PriorityBlockingQueue.java:535)
        at java.base@17.0.6/java.util.concurrent.ThreadPoolExecutor.getTask(ThreadPoolExecutor.java:1062)
        at java.base@17.0.6/java.util.concurrent.ThreadPoolExecutor.runWorker(ThreadPoolExecutor.java:1122)
        at java.base@17.0.6/java.util.concurrent.ThreadPoolExecutor$Worker.run(ThreadPoolExecutor.java:635)
        at java.base@17.0.6/java.lang.Thread.run(Thread.java:833)
  28) Thread[id=54, name=elasticsearch[node_s2][transport_worker][T#3], state=RUNNABLE, group=TGRP-VietnameseAnalysisIntegrationTests]
        at java.base@17.0.6/sun.nio.ch.EPoll.wait(Native Method)
        at java.base@17.0.6/sun.nio.ch.EPollSelectorImpl.doSelect(EPollSelectorImpl.java:118)
        at java.base@17.0.6/sun.nio.ch.SelectorImpl.lockAndDoSelect(SelectorImpl.java:129)
        at java.base@17.0.6/sun.nio.ch.SelectorImpl.select(SelectorImpl.java:146)
        at app//io.netty.channel.nio.NioEventLoop.select(NioEventLoop.java:879)
        at app//io.netty.channel.nio.NioEventLoop.run(NioEventLoop.java:526)
        at app//io.netty.util.concurrent.SingleThreadEventExecutor$4.run(SingleThreadEventExecutor.java:997)
        at app//io.netty.util.internal.ThreadExecutorMap$2.run(ThreadExecutorMap.java:74)
        at java.base@17.0.6/java.lang.Thread.run(Thread.java:833)
  29) Thread[id=117, name=elasticsearch[node_s4][generic][T#6], state=TIMED_WAITING, group=TGRP-VietnameseAnalysisIntegrationTests]
        at java.base@17.0.6/jdk.internal.misc.Unsafe.park(Native Method)
        at java.base@17.0.6/java.util.concurrent.locks.LockSupport.parkNanos(LockSupport.java:252)
        at java.base@17.0.6/java.util.concurrent.LinkedTransferQueue.awaitMatch(LinkedTransferQueue.java:676)
        at java.base@17.0.6/java.util.concurrent.LinkedTransferQueue.xfer(LinkedTransferQueue.java:616)
        at java.base@17.0.6/java.util.concurrent.LinkedTransferQueue.poll(LinkedTransferQueue.java:1294)
        at java.base@17.0.6/java.util.concurrent.ThreadPoolExecutor.getTask(ThreadPoolExecutor.java:1061)
        at java.base@17.0.6/java.util.concurrent.ThreadPoolExecutor.runWorker(ThreadPoolExecutor.java:1122)
        at java.base@17.0.6/java.util.concurrent.ThreadPoolExecutor$Worker.run(ThreadPoolExecutor.java:635)
        at java.base@17.0.6/java.lang.Thread.run(Thread.java:833)
  30) Thread[id=61, name=elasticsearch[node_s0][generic][T#1], state=TIMED_WAITING, group=TGRP-VietnameseAnalysisIntegrationTests]
        at java.base@17.0.6/jdk.internal.misc.Unsafe.park(Native Method)
        at java.base@17.0.6/java.util.concurrent.locks.LockSupport.parkNanos(LockSupport.java:252)
        at java.base@17.0.6/java.util.concurrent.LinkedTransferQueue.awaitMatch(LinkedTransferQueue.java:676)
        at java.base@17.0.6/java.util.concurrent.LinkedTransferQueue.xfer(LinkedTransferQueue.java:616)
        at java.base@17.0.6/java.util.concurrent.LinkedTransferQueue.poll(LinkedTransferQueue.java:1294)
        at java.base@17.0.6/java.util.concurrent.ThreadPoolExecutor.getTask(ThreadPoolExecutor.java:1061)
        at java.base@17.0.6/java.util.concurrent.ThreadPoolExecutor.runWorker(ThreadPoolExecutor.java:1122)
        at java.base@17.0.6/java.util.concurrent.ThreadPoolExecutor$Worker.run(ThreadPoolExecutor.java:635)
        at java.base@17.0.6/java.lang.Thread.run(Thread.java:833)
  31) Thread[id=81, name=elasticsearch[node_s4][generic][T#3], state=TIMED_WAITING, group=TGRP-VietnameseAnalysisIntegrationTests]
        at java.base@17.0.6/jdk.internal.misc.Unsafe.park(Native Method)
        at java.base@17.0.6/java.util.concurrent.locks.LockSupport.parkNanos(LockSupport.java:252)
        at java.base@17.0.6/java.util.concurrent.LinkedTransferQueue.awaitMatch(LinkedTransferQueue.java:676)
        at java.base@17.0.6/java.util.concurrent.LinkedTransferQueue.xfer(LinkedTransferQueue.java:616)
        at java.base@17.0.6/java.util.concurrent.LinkedTransferQueue.poll(LinkedTransferQueue.java:1294)
        at java.base@17.0.6/java.util.concurrent.ThreadPoolExecutor.getTask(ThreadPoolExecutor.java:1061)
        at java.base@17.0.6/java.util.concurrent.ThreadPoolExecutor.runWorker(ThreadPoolExecutor.java:1122)
        at java.base@17.0.6/java.util.concurrent.ThreadPoolExecutor$Worker.run(ThreadPoolExecutor.java:635)
        at java.base@17.0.6/java.lang.Thread.run(Thread.java:833)
  32) Thread[id=91, name=elasticsearch[node_s0][generic][T#4], state=TIMED_WAITING, group=TGRP-VietnameseAnalysisIntegrationTests]
        at java.base@17.0.6/jdk.internal.misc.Unsafe.park(Native Method)
        at java.base@17.0.6/java.util.concurrent.locks.LockSupport.parkNanos(LockSupport.java:252)
        at java.base@17.0.6/java.util.concurrent.LinkedTransferQueue.awaitMatch(LinkedTransferQueue.java:676)
        at java.base@17.0.6/java.util.concurrent.LinkedTransferQueue.xfer(LinkedTransferQueue.java:616)
        at java.base@17.0.6/java.util.concurrent.LinkedTransferQueue.poll(LinkedTransferQueue.java:1294)
        at java.base@17.0.6/java.util.concurrent.ThreadPoolExecutor.getTask(ThreadPoolExecutor.java:1061)
        at java.base@17.0.6/java.util.concurrent.ThreadPoolExecutor.runWorker(ThreadPoolExecutor.java:1122)
        at java.base@17.0.6/java.util.concurrent.ThreadPoolExecutor$Worker.run(ThreadPoolExecutor.java:635)
        at java.base@17.0.6/java.lang.Thread.run(Thread.java:833)
  33) Thread[id=107, name=elasticsearch[node_s4][management][T#1], state=WAITING, group=TGRP-VietnameseAnalysisIntegrationTests]
        at java.base@17.0.6/jdk.internal.misc.Unsafe.park(Native Method)
        at java.base@17.0.6/java.util.concurrent.locks.LockSupport.park(LockSupport.java:341)
        at java.base@17.0.6/java.util.concurrent.LinkedTransferQueue$Node.block(LinkedTransferQueue.java:470)
        at java.base@17.0.6/java.util.concurrent.ForkJoinPool.unmanagedBlock(ForkJoinPool.java:3463)
        at java.base@17.0.6/java.util.concurrent.ForkJoinPool.managedBlock(ForkJoinPool.java:3434)
        at java.base@17.0.6/java.util.concurrent.LinkedTransferQueue.awaitMatch(LinkedTransferQueue.java:669)
        at java.base@17.0.6/java.util.concurrent.LinkedTransferQueue.xfer(LinkedTransferQueue.java:616)
        at java.base@17.0.6/java.util.concurrent.LinkedTransferQueue.take(LinkedTransferQueue.java:1286)
        at java.base@17.0.6/java.util.concurrent.ThreadPoolExecutor.getTask(ThreadPoolExecutor.java:1062)
        at java.base@17.0.6/java.util.concurrent.ThreadPoolExecutor.runWorker(ThreadPoolExecutor.java:1122)
        at java.base@17.0.6/java.util.concurrent.ThreadPoolExecutor$Worker.run(ThreadPoolExecutor.java:635)
        at java.base@17.0.6/java.lang.Thread.run(Thread.java:833)
  34) Thread[id=71, name=elasticsearch[node_s2][clusterApplierService#updateTask][T#1], state=WAITING, group=TGRP-VietnameseAnalysisIntegrationTests]
        at java.base@17.0.6/jdk.internal.misc.Unsafe.park(Native Method)
        at java.base@17.0.6/java.util.concurrent.locks.LockSupport.park(LockSupport.java:341)
        at java.base@17.0.6/java.util.concurrent.locks.AbstractQueuedSynchronizer$ConditionNode.block(AbstractQueuedSynchronizer.java:506)
        at java.base@17.0.6/java.util.concurrent.ForkJoinPool.unmanagedBlock(ForkJoinPool.java:3463)
        at java.base@17.0.6/java.util.concurrent.ForkJoinPool.managedBlock(ForkJoinPool.java:3434)
        at java.base@17.0.6/java.util.concurrent.locks.AbstractQueuedSynchronizer$ConditionObject.await(AbstractQueuedSynchronizer.java:1623)
        at java.base@17.0.6/java.util.concurrent.PriorityBlockingQueue.take(PriorityBlockingQueue.java:535)
        at java.base@17.0.6/java.util.concurrent.ThreadPoolExecutor.getTask(ThreadPoolExecutor.java:1062)
        at java.base@17.0.6/java.util.concurrent.ThreadPoolExecutor.runWorker(ThreadPoolExecutor.java:1122)
        at java.base@17.0.6/java.util.concurrent.ThreadPoolExecutor$Worker.run(ThreadPoolExecutor.java:635)
        at java.base@17.0.6/java.lang.Thread.run(Thread.java:833)
  35) Thread[id=76, name=elasticsearch[node_s4][generic][T#2], state=TIMED_WAITING, group=TGRP-VietnameseAnalysisIntegrationTests]
        at java.base@17.0.6/jdk.internal.misc.Unsafe.park(Native Method)
        at java.base@17.0.6/java.util.concurrent.locks.LockSupport.parkNanos(LockSupport.java:252)
        at java.base@17.0.6/java.util.concurrent.LinkedTransferQueue.awaitMatch(LinkedTransferQueue.java:676)
        at java.base@17.0.6/java.util.concurrent.LinkedTransferQueue.xfer(LinkedTransferQueue.java:616)
        at java.base@17.0.6/java.util.concurrent.LinkedTransferQueue.poll(LinkedTransferQueue.java:1294)
        at java.base@17.0.6/java.util.concurrent.ThreadPoolExecutor.getTask(ThreadPoolExecutor.java:1061)
        at java.base@17.0.6/java.util.concurrent.ThreadPoolExecutor.runWorker(ThreadPoolExecutor.java:1122)
        at java.base@17.0.6/java.util.concurrent.ThreadPoolExecutor$Worker.run(ThreadPoolExecutor.java:635)
        at java.base@17.0.6/java.lang.Thread.run(Thread.java:833)
  36) Thread[id=118, name=elasticsearch[node_s0][generic][T#6], state=TIMED_WAITING, group=TGRP-VietnameseAnalysisIntegrationTests]
        at java.base@17.0.6/jdk.internal.misc.Unsafe.park(Native Method)
        at java.base@17.0.6/java.util.concurrent.locks.LockSupport.parkNanos(LockSupport.java:252)
        at java.base@17.0.6/java.util.concurrent.LinkedTransferQueue.awaitMatch(LinkedTransferQueue.java:676)
        at java.base@17.0.6/java.util.concurrent.LinkedTransferQueue.xfer(LinkedTransferQueue.java:616)
        at java.base@17.0.6/java.util.concurrent.LinkedTransferQueue.poll(LinkedTransferQueue.java:1294)
        at java.base@17.0.6/java.util.concurrent.ThreadPoolExecutor.getTask(ThreadPoolExecutor.java:1061)
        at java.base@17.0.6/java.util.concurrent.ThreadPoolExecutor.runWorker(ThreadPoolExecutor.java:1122)
        at java.base@17.0.6/java.util.concurrent.ThreadPoolExecutor$Worker.run(ThreadPoolExecutor.java:635)
        at java.base@17.0.6/java.lang.Thread.run(Thread.java:833)
  37) Thread[id=37, name=elasticsearch[node_s3][scheduler][T#1], state=TIMED_WAITING, group=TGRP-VietnameseAnalysisIntegrationTests]
        at java.base@17.0.6/jdk.internal.misc.Unsafe.park(Native Method)
        at java.base@17.0.6/java.util.concurrent.locks.LockSupport.parkNanos(LockSupport.java:252)
        at java.base@17.0.6/java.util.concurrent.locks.AbstractQueuedSynchronizer$ConditionObject.awaitNanos(AbstractQueuedSynchronizer.java:1672)
        at java.base@17.0.6/java.util.concurrent.ScheduledThreadPoolExecutor$DelayedWorkQueue.take(ScheduledThreadPoolExecutor.java:1182)
        at java.base@17.0.6/java.util.concurrent.ScheduledThreadPoolExecutor$DelayedWorkQueue.take(ScheduledThreadPoolExecutor.java:899)
        at java.base@17.0.6/java.util.concurrent.ThreadPoolExecutor.getTask(ThreadPoolExecutor.java:1062)
        at java.base@17.0.6/java.util.concurrent.ThreadPoolExecutor.runWorker(ThreadPoolExecutor.java:1122)
        at java.base@17.0.6/java.util.concurrent.ThreadPoolExecutor$Worker.run(ThreadPoolExecutor.java:635)
        at java.base@17.0.6/java.lang.Thread.run(Thread.java:833)
  38) Thread[id=98, name=elasticsearch[node_s2][cluster_coordination][T#1], state=WAITING, group=TGRP-VietnameseAnalysisIntegrationTests]
        at java.base@17.0.6/jdk.internal.misc.Unsafe.park(Native Method)
        at java.base@17.0.6/java.util.concurrent.locks.LockSupport.park(LockSupport.java:341)
        at java.base@17.0.6/java.util.concurrent.LinkedTransferQueue$Node.block(LinkedTransferQueue.java:470)
        at java.base@17.0.6/java.util.concurrent.ForkJoinPool.unmanagedBlock(ForkJoinPool.java:3463)
        at java.base@17.0.6/java.util.concurrent.ForkJoinPool.managedBlock(ForkJoinPool.java:3434)
        at java.base@17.0.6/java.util.concurrent.LinkedTransferQueue.awaitMatch(LinkedTransferQueue.java:669)
        at java.base@17.0.6/java.util.concurrent.LinkedTransferQueue.xfer(LinkedTransferQueue.java:616)
        at java.base@17.0.6/java.util.concurrent.LinkedTransferQueue.take(LinkedTransferQueue.java:1286)
        at java.base@17.0.6/java.util.concurrent.ThreadPoolExecutor.getTask(ThreadPoolExecutor.java:1062)
        at java.base@17.0.6/java.util.concurrent.ThreadPoolExecutor.runWorker(ThreadPoolExecutor.java:1122)
        at java.base@17.0.6/java.util.concurrent.ThreadPoolExecutor$Worker.run(ThreadPoolExecutor.java:635)
        at java.base@17.0.6/java.lang.Thread.run(Thread.java:833)
  39) Thread[id=78, name=elasticsearch[node_s1][generic][T#2], state=TIMED_WAITING, group=TGRP-VietnameseAnalysisIntegrationTests]
        at java.base@17.0.6/jdk.internal.misc.Unsafe.park(Native Method)
        at java.base@17.0.6/java.util.concurrent.locks.LockSupport.parkNanos(LockSupport.java:252)
        at java.base@17.0.6/java.util.concurrent.LinkedTransferQueue.awaitMatch(LinkedTransferQueue.java:676)
        at java.base@17.0.6/java.util.concurrent.LinkedTransferQueue.xfer(LinkedTransferQueue.java:616)
        at java.base@17.0.6/java.util.concurrent.LinkedTransferQueue.poll(LinkedTransferQueue.java:1294)
        at java.base@17.0.6/java.util.concurrent.ThreadPoolExecutor.getTask(ThreadPoolExecutor.java:1061)
        at java.base@17.0.6/java.util.concurrent.ThreadPoolExecutor.runWorker(ThreadPoolExecutor.java:1122)
        at java.base@17.0.6/java.util.concurrent.ThreadPoolExecutor$Worker.run(ThreadPoolExecutor.java:635)
        at java.base@17.0.6/java.lang.Thread.run(Thread.java:833)
  40) Thread[id=96, name=elasticsearch[node_s4][cluster_coordination][T#1], state=WAITING, group=TGRP-VietnameseAnalysisIntegrationTests]
        at java.base@17.0.6/jdk.internal.misc.Unsafe.park(Native Method)
        at java.base@17.0.6/java.util.concurrent.locks.LockSupport.park(LockSupport.java:341)
        at java.base@17.0.6/java.util.concurrent.LinkedTransferQueue$Node.block(LinkedTransferQueue.java:470)
        at java.base@17.0.6/java.util.concurrent.ForkJoinPool.unmanagedBlock(ForkJoinPool.java:3463)
        at java.base@17.0.6/java.util.concurrent.ForkJoinPool.managedBlock(ForkJoinPool.java:3434)
        at java.base@17.0.6/java.util.concurrent.LinkedTransferQueue.awaitMatch(LinkedTransferQueue.java:669)
        at java.base@17.0.6/java.util.concurrent.LinkedTransferQueue.xfer(LinkedTransferQueue.java:616)
        at java.base@17.0.6/java.util.concurrent.LinkedTransferQueue.take(LinkedTransferQueue.java:1286)
        at java.base@17.0.6/java.util.concurrent.ThreadPoolExecutor.getTask(ThreadPoolExecutor.java:1062)
        at java.base@17.0.6/java.util.concurrent.ThreadPoolExecutor.runWorker(ThreadPoolExecutor.java:1122)
        at java.base@17.0.6/java.util.concurrent.ThreadPoolExecutor$Worker.run(ThreadPoolExecutor.java:635)
        at java.base@17.0.6/java.lang.Thread.run(Thread.java:833)
  41) Thread[id=58, name=elasticsearch[node_s0][transport_worker][T#2], state=RUNNABLE, group=TGRP-VietnameseAnalysisIntegrationTests]
        at java.base@17.0.6/sun.nio.ch.EPoll.wait(Native Method)
        at java.base@17.0.6/sun.nio.ch.EPollSelectorImpl.doSelect(EPollSelectorImpl.java:118)
        at java.base@17.0.6/sun.nio.ch.SelectorImpl.lockAndDoSelect(SelectorImpl.java:129)
        at java.base@17.0.6/sun.nio.ch.SelectorImpl.select(SelectorImpl.java:146)
        at app//io.netty.channel.nio.NioEventLoop.select(NioEventLoop.java:879)
        at app//io.netty.channel.nio.NioEventLoop.run(NioEventLoop.java:526)
        at app//io.netty.util.concurrent.SingleThreadEventExecutor$4.run(SingleThreadEventExecutor.java:997)
        at app//io.netty.util.internal.ThreadExecutorMap$2.run(ThreadExecutorMap.java:74)
        at java.base@17.0.6/java.lang.Thread.run(Thread.java:833)
  42) Thread[id=31, name=elasticsearch[node_s0][scheduler][T#1], state=TIMED_WAITING, group=TGRP-VietnameseAnalysisIntegrationTests]
        at java.base@17.0.6/jdk.internal.misc.Unsafe.park(Native Method)
        at java.base@17.0.6/java.util.concurrent.locks.LockSupport.parkNanos(LockSupport.java:252)
        at java.base@17.0.6/java.util.concurrent.locks.AbstractQueuedSynchronizer$ConditionObject.awaitNanos(AbstractQueuedSynchronizer.java:1672)
        at java.base@17.0.6/java.util.concurrent.ScheduledThreadPoolExecutor$DelayedWorkQueue.take(ScheduledThreadPoolExecutor.java:1182)
        at java.base@17.0.6/java.util.concurrent.ScheduledThreadPoolExecutor$DelayedWorkQueue.take(ScheduledThreadPoolExecutor.java:899)
        at java.base@17.0.6/java.util.concurrent.ThreadPoolExecutor.getTask(ThreadPoolExecutor.java:1062)
        at java.base@17.0.6/java.util.concurrent.ThreadPoolExecutor.runWorker(ThreadPoolExecutor.java:1122)
        at java.base@17.0.6/java.util.concurrent.ThreadPoolExecutor$Worker.run(ThreadPoolExecutor.java:635)
        at java.base@17.0.6/java.lang.Thread.run(Thread.java:833)
  43) Thread[id=75, name=elasticsearch[node_s2][generic][T#2], state=TIMED_WAITING, group=TGRP-VietnameseAnalysisIntegrationTests]
        at java.base@17.0.6/jdk.internal.misc.Unsafe.park(Native Method)
        at java.base@17.0.6/java.util.concurrent.locks.LockSupport.parkNanos(LockSupport.java:252)
        at java.base@17.0.6/java.util.concurrent.LinkedTransferQueue.awaitMatch(LinkedTransferQueue.java:676)
        at java.base@17.0.6/java.util.concurrent.LinkedTransferQueue.xfer(LinkedTransferQueue.java:616)
        at java.base@17.0.6/java.util.concurrent.LinkedTransferQueue.poll(LinkedTransferQueue.java:1294)
        at java.base@17.0.6/java.util.concurrent.ThreadPoolExecutor.getTask(ThreadPoolExecutor.java:1061)
        at java.base@17.0.6/java.util.concurrent.ThreadPoolExecutor.runWorker(ThreadPoolExecutor.java:1122)
        at java.base@17.0.6/java.util.concurrent.ThreadPoolExecutor$Worker.run(ThreadPoolExecutor.java:635)
        at java.base@17.0.6/java.lang.Thread.run(Thread.java:833)
  44) Thread[id=50, name=elasticsearch[node_s1][transport_worker][T#2], state=RUNNABLE, group=TGRP-VietnameseAnalysisIntegrationTests]
        at java.base@17.0.6/sun.nio.ch.EPoll.wait(Native Method)
        at java.base@17.0.6/sun.nio.ch.EPollSelectorImpl.doSelect(EPollSelectorImpl.java:118)
        at java.base@17.0.6/sun.nio.ch.SelectorImpl.lockAndDoSelect(SelectorImpl.java:129)
        at java.base@17.0.6/sun.nio.ch.SelectorImpl.select(SelectorImpl.java:146)
        at app//io.netty.channel.nio.NioEventLoop.select(NioEventLoop.java:879)
        at app//io.netty.channel.nio.NioEventLoop.run(NioEventLoop.java:526)
        at app//io.netty.util.concurrent.SingleThreadEventExecutor$4.run(SingleThreadEventExecutor.java:997)
        at app//io.netty.util.internal.ThreadExecutorMap$2.run(ThreadExecutorMap.java:74)
        at java.base@17.0.6/java.lang.Thread.run(Thread.java:833)
  45) Thread[id=53, name=elasticsearch[node_s4][transport_worker][T#2], state=RUNNABLE, group=TGRP-VietnameseAnalysisIntegrationTests]
        at java.base@17.0.6/sun.nio.ch.EPoll.wait(Native Method)
        at java.base@17.0.6/sun.nio.ch.EPollSelectorImpl.doSelect(EPollSelectorImpl.java:118)
        at java.base@17.0.6/sun.nio.ch.SelectorImpl.lockAndDoSelect(SelectorImpl.java:129)
        at java.base@17.0.6/sun.nio.ch.SelectorImpl.select(SelectorImpl.java:146)
        at app//io.netty.channel.nio.NioEventLoop.select(NioEventLoop.java:879)
        at app//io.netty.channel.nio.NioEventLoop.run(NioEventLoop.java:526)
        at app//io.netty.util.concurrent.SingleThreadEventExecutor$4.run(SingleThreadEventExecutor.java:997)
        at app//io.netty.util.internal.ThreadExecutorMap$2.run(ThreadExecutorMap.java:74)
        at java.base@17.0.6/java.lang.Thread.run(Thread.java:833)
  46) Thread[id=36, name=elasticsearch[node_s3][[timer]], state=TIMED_WAITING, group=TGRP-VietnameseAnalysisIntegrationTests]
        at java.base@17.0.6/java.lang.Thread.sleep(Native Method)
        at app//org.elasticsearch.threadpool.ThreadPool$CachedTimeThread.run(ThreadPool.java:689)
  47) Thread[id=83, name=elasticsearch[node_s2][generic][T#3], state=TIMED_WAITING, group=TGRP-VietnameseAnalysisIntegrationTests]
        at java.base@17.0.6/jdk.internal.misc.Unsafe.park(Native Method)
        at java.base@17.0.6/java.util.concurrent.locks.LockSupport.parkNanos(LockSupport.java:252)
        at java.base@17.0.6/java.util.concurrent.LinkedTransferQueue.awaitMatch(LinkedTransferQueue.java:676)
        at java.base@17.0.6/java.util.concurrent.LinkedTransferQueue.xfer(LinkedTransferQueue.java:616)
        at java.base@17.0.6/java.util.concurrent.LinkedTransferQueue.poll(LinkedTransferQueue.java:1294)
        at java.base@17.0.6/java.util.concurrent.ThreadPoolExecutor.getTask(ThreadPoolExecutor.java:1061)
        at java.base@17.0.6/java.util.concurrent.ThreadPoolExecutor.runWorker(ThreadPoolExecutor.java:1122)
        at java.base@17.0.6/java.util.concurrent.ThreadPoolExecutor$Worker.run(ThreadPoolExecutor.java:635)
        at java.base@17.0.6/java.lang.Thread.run(Thread.java:833)
  48) Thread[id=94, name=elasticsearch[node_s2][AsyncLucenePersistedState#updateTask][T#1], state=WAITING, group=TGRP-VietnameseAnalysisIntegrationTests]
        at java.base@17.0.6/jdk.internal.misc.Unsafe.park(Native Method)
        at java.base@17.0.6/java.util.concurrent.locks.LockSupport.park(LockSupport.java:341)
        at java.base@17.0.6/java.util.concurrent.LinkedTransferQueue$Node.block(LinkedTransferQueue.java:470)
        at java.base@17.0.6/java.util.concurrent.ForkJoinPool.unmanagedBlock(ForkJoinPool.java:3463)
        at java.base@17.0.6/java.util.concurrent.ForkJoinPool.managedBlock(ForkJoinPool.java:3434)
        at java.base@17.0.6/java.util.concurrent.LinkedTransferQueue.awaitMatch(LinkedTransferQueue.java:669)
        at java.base@17.0.6/java.util.concurrent.LinkedTransferQueue.xfer(LinkedTransferQueue.java:616)
        at java.base@17.0.6/java.util.concurrent.LinkedTransferQueue.take(LinkedTransferQueue.java:1286)
        at app//org.elasticsearch.common.util.concurrent.SizeBlockingQueue.take(SizeBlockingQueue.java:152)
        at java.base@17.0.6/java.util.concurrent.ThreadPoolExecutor.getTask(ThreadPoolExecutor.java:1062)
        at java.base@17.0.6/java.util.concurrent.ThreadPoolExecutor.runWorker(ThreadPoolExecutor.java:1122)
        at java.base@17.0.6/java.util.concurrent.ThreadPoolExecutor$Worker.run(ThreadPoolExecutor.java:635)
        at java.base@17.0.6/java.lang.Thread.run(Thread.java:833)
  49) Thread[id=77, name=elasticsearch[node_s3][generic][T#2], state=TIMED_WAITING, group=TGRP-VietnameseAnalysisIntegrationTests]
        at java.base@17.0.6/jdk.internal.misc.Unsafe.park(Native Method)
        at java.base@17.0.6/java.util.concurrent.locks.LockSupport.parkNanos(LockSupport.java:252)
        at java.base@17.0.6/java.util.concurrent.LinkedTransferQueue.awaitMatch(LinkedTransferQueue.java:676)
        at java.base@17.0.6/java.util.concurrent.LinkedTransferQueue.xfer(LinkedTransferQueue.java:616)
        at java.base@17.0.6/java.util.concurrent.LinkedTransferQueue.poll(LinkedTransferQueue.java:1294)
        at java.base@17.0.6/java.util.concurrent.ThreadPoolExecutor.getTask(ThreadPoolExecutor.java:1061)
        at java.base@17.0.6/java.util.concurrent.ThreadPoolExecutor.runWorker(ThreadPoolExecutor.java:1122)
        at java.base@17.0.6/java.util.concurrent.ThreadPoolExecutor$Worker.run(ThreadPoolExecutor.java:635)
        at java.base@17.0.6/java.lang.Thread.run(Thread.java:833)
  50) Thread[id=97, name=elasticsearch[node_s1][cluster_coordination][T#1], state=WAITING, group=TGRP-VietnameseAnalysisIntegrationTests]
        at java.base@17.0.6/jdk.internal.misc.Unsafe.park(Native Method)
        at java.base@17.0.6/java.util.concurrent.locks.LockSupport.park(LockSupport.java:341)
        at java.base@17.0.6/java.util.concurrent.LinkedTransferQueue$Node.block(LinkedTransferQueue.java:470)
        at java.base@17.0.6/java.util.concurrent.ForkJoinPool.unmanagedBlock(ForkJoinPool.java:3463)
        at java.base@17.0.6/java.util.concurrent.ForkJoinPool.managedBlock(ForkJoinPool.java:3434)
        at java.base@17.0.6/java.util.concurrent.LinkedTransferQueue.awaitMatch(LinkedTransferQueue.java:669)
        at java.base@17.0.6/java.util.concurrent.LinkedTransferQueue.xfer(LinkedTransferQueue.java:616)
        at java.base@17.0.6/java.util.concurrent.LinkedTransferQueue.take(LinkedTransferQueue.java:1286)
        at java.base@17.0.6/java.util.concurrent.ThreadPoolExecutor.getTask(ThreadPoolExecutor.java:1062)
        at java.base@17.0.6/java.util.concurrent.ThreadPoolExecutor.runWorker(ThreadPoolExecutor.java:1122)
        at java.base@17.0.6/java.util.concurrent.ThreadPoolExecutor$Worker.run(ThreadPoolExecutor.java:635)
        at java.base@17.0.6/java.lang.Thread.run(Thread.java:833)
  51) Thread[id=89, name=elasticsearch[node_s1][generic][T#4], state=TIMED_WAITING, group=TGRP-VietnameseAnalysisIntegrationTests]
        at java.base@17.0.6/jdk.internal.misc.Unsafe.park(Native Method)
        at java.base@17.0.6/java.util.concurrent.locks.LockSupport.parkNanos(LockSupport.java:252)
        at java.base@17.0.6/java.util.concurrent.LinkedTransferQueue.awaitMatch(LinkedTransferQueue.java:676)
        at java.base@17.0.6/java.util.concurrent.LinkedTransferQueue.xfer(LinkedTransferQueue.java:616)
        at java.base@17.0.6/java.util.concurrent.LinkedTransferQueue.poll(LinkedTransferQueue.java:1294)
        at java.base@17.0.6/java.util.concurrent.ThreadPoolExecutor.getTask(ThreadPoolExecutor.java:1061)
        at java.base@17.0.6/java.util.concurrent.ThreadPoolExecutor.runWorker(ThreadPoolExecutor.java:1122)
        at java.base@17.0.6/java.util.concurrent.ThreadPoolExecutor$Worker.run(ThreadPoolExecutor.java:635)
        at java.base@17.0.6/java.lang.Thread.run(Thread.java:833)
  52) Thread[id=101, name=FileSystemWatchService, state=RUNNABLE, group=TGRP-VietnameseAnalysisIntegrationTests]
        at java.base@17.0.6/sun.nio.fs.LinuxWatchService.poll(Native Method)
        at java.base@17.0.6/sun.nio.fs.LinuxWatchService$Poller.run(LinuxWatchService.java:314)
        at java.base@17.0.6/java.lang.Thread.run(Thread.java:833)
  53) Thread[id=113, name=elasticsearch[node_s2][generic][T#5], state=TIMED_WAITING, group=TGRP-VietnameseAnalysisIntegrationTests]
        at java.base@17.0.6/jdk.internal.misc.Unsafe.park(Native Method)
        at java.base@17.0.6/java.util.concurrent.locks.LockSupport.parkNanos(LockSupport.java:252)
        at java.base@17.0.6/java.util.concurrent.LinkedTransferQueue.awaitMatch(LinkedTransferQueue.java:676)
        at java.base@17.0.6/java.util.concurrent.LinkedTransferQueue.xfer(LinkedTransferQueue.java:616)
        at java.base@17.0.6/java.util.concurrent.LinkedTransferQueue.poll(LinkedTransferQueue.java:1294)
        at java.base@17.0.6/java.util.concurrent.ThreadPoolExecutor.getTask(ThreadPoolExecutor.java:1061)
        at java.base@17.0.6/java.util.concurrent.ThreadPoolExecutor.runWorker(ThreadPoolExecutor.java:1122)
        at java.base@17.0.6/java.util.concurrent.ThreadPoolExecutor$Worker.run(ThreadPoolExecutor.java:635)
        at java.base@17.0.6/java.lang.Thread.run(Thread.java:833)
  54) Thread[id=48, name=elasticsearch[node_s2][transport_worker][T#1], state=RUNNABLE, group=TGRP-VietnameseAnalysisIntegrationTests]
        at java.base@17.0.6/sun.nio.ch.EPoll.wait(Native Method)
        at java.base@17.0.6/sun.nio.ch.EPollSelectorImpl.doSelect(EPollSelectorImpl.java:118)
        at java.base@17.0.6/sun.nio.ch.SelectorImpl.lockAndDoSelect(SelectorImpl.java:129)
        at java.base@17.0.6/sun.nio.ch.SelectorImpl.select(SelectorImpl.java:146)
        at app//io.netty.channel.nio.NioEventLoop.select(NioEventLoop.java:879)
        at app//io.netty.channel.nio.NioEventLoop.run(NioEventLoop.java:526)
        at app//io.netty.util.concurrent.SingleThreadEventExecutor$4.run(SingleThreadEventExecutor.java:997)
        at app//io.netty.util.internal.ThreadExecutorMap$2.run(ThreadExecutorMap.java:74)
        at java.base@17.0.6/java.lang.Thread.run(Thread.java:833)
  55) Thread[id=63, name=elasticsearch[node_s1][generic][T#1], state=TIMED_WAITING, group=TGRP-VietnameseAnalysisIntegrationTests]
        at java.base@17.0.6/jdk.internal.misc.Unsafe.park(Native Method)
        at java.base@17.0.6/java.util.concurrent.locks.LockSupport.parkNanos(LockSupport.java:252)
        at java.base@17.0.6/java.util.concurrent.LinkedTransferQueue.awaitMatch(LinkedTransferQueue.java:676)
        at java.base@17.0.6/java.util.concurrent.LinkedTransferQueue.xfer(LinkedTransferQueue.java:616)
        at java.base@17.0.6/java.util.concurrent.LinkedTransferQueue.poll(LinkedTransferQueue.java:1294)
        at java.base@17.0.6/java.util.concurrent.ThreadPoolExecutor.getTask(ThreadPoolExecutor.java:1061)
        at java.base@17.0.6/java.util.concurrent.ThreadPoolExecutor.runWorker(ThreadPoolExecutor.java:1122)
        at java.base@17.0.6/java.util.concurrent.ThreadPoolExecutor$Worker.run(ThreadPoolExecutor.java:635)
        at java.base@17.0.6/java.lang.Thread.run(Thread.java:833)
  56) Thread[id=72, name=elasticsearch[node_s1][clusterApplierService#updateTask][T#1], state=WAITING, group=TGRP-VietnameseAnalysisIntegrationTests]
        at java.base@17.0.6/jdk.internal.misc.Unsafe.park(Native Method)
        at java.base@17.0.6/java.util.concurrent.locks.LockSupport.park(LockSupport.java:341)
        at java.base@17.0.6/java.util.concurrent.locks.AbstractQueuedSynchronizer$ConditionNode.block(AbstractQueuedSynchronizer.java:506)
        at java.base@17.0.6/java.util.concurrent.ForkJoinPool.unmanagedBlock(ForkJoinPool.java:3463)
        at java.base@17.0.6/java.util.concurrent.ForkJoinPool.managedBlock(ForkJoinPool.java:3434)
        at java.base@17.0.6/java.util.concurrent.locks.AbstractQueuedSynchronizer$ConditionObject.await(AbstractQueuedSynchronizer.java:1623)
        at java.base@17.0.6/java.util.concurrent.PriorityBlockingQueue.take(PriorityBlockingQueue.java:535)
        at java.base@17.0.6/java.util.concurrent.ThreadPoolExecutor.getTask(ThreadPoolExecutor.java:1062)
        at java.base@17.0.6/java.util.concurrent.ThreadPoolExecutor.runWorker(ThreadPoolExecutor.java:1122)
        at java.base@17.0.6/java.util.concurrent.ThreadPoolExecutor$Worker.run(ThreadPoolExecutor.java:635)
        at java.base@17.0.6/java.lang.Thread.run(Thread.java:833)
  57) Thread[id=106, name=elasticsearch[node_s2][management][T#1], state=WAITING, group=TGRP-VietnameseAnalysisIntegrationTests]
        at java.base@17.0.6/jdk.internal.misc.Unsafe.park(Native Method)
        at java.base@17.0.6/java.util.concurrent.locks.LockSupport.park(LockSupport.java:341)
        at java.base@17.0.6/java.util.concurrent.LinkedTransferQueue$Node.block(LinkedTransferQueue.java:470)
        at java.base@17.0.6/java.util.concurrent.ForkJoinPool.unmanagedBlock(ForkJoinPool.java:3463)
        at java.base@17.0.6/java.util.concurrent.ForkJoinPool.managedBlock(ForkJoinPool.java:3434)
        at java.base@17.0.6/java.util.concurrent.LinkedTransferQueue.awaitMatch(LinkedTransferQueue.java:669)
        at java.base@17.0.6/java.util.concurrent.LinkedTransferQueue.xfer(LinkedTransferQueue.java:616)
        at java.base@17.0.6/java.util.concurrent.LinkedTransferQueue.take(LinkedTransferQueue.java:1286)
        at java.base@17.0.6/java.util.concurrent.ThreadPoolExecutor.getTask(ThreadPoolExecutor.java:1062)
        at java.base@17.0.6/java.util.concurrent.ThreadPoolExecutor.runWorker(ThreadPoolExecutor.java:1122)
        at java.base@17.0.6/java.util.concurrent.ThreadPoolExecutor$Worker.run(ThreadPoolExecutor.java:635)
        at java.base@17.0.6/java.lang.Thread.run(Thread.java:833)
  58) Thread[id=57, name=elasticsearch[node_s4][transport_worker][T#4], state=RUNNABLE, group=TGRP-VietnameseAnalysisIntegrationTests]
        at java.base@17.0.6/sun.nio.ch.EPoll.wait(Native Method)
        at java.base@17.0.6/sun.nio.ch.EPollSelectorImpl.doSelect(EPollSelectorImpl.java:118)
        at java.base@17.0.6/sun.nio.ch.SelectorImpl.lockAndDoSelect(SelectorImpl.java:129)
        at java.base@17.0.6/sun.nio.ch.SelectorImpl.select(SelectorImpl.java:146)
        at app//io.netty.channel.nio.NioEventLoop.select(NioEventLoop.java:879)
        at app//io.netty.channel.nio.NioEventLoop.run(NioEventLoop.java:526)
        at app//io.netty.util.concurrent.SingleThreadEventExecutor$4.run(SingleThreadEventExecutor.java:997)
        at app//io.netty.util.internal.ThreadExecutorMap$2.run(ThreadExecutorMap.java:74)
        at java.base@17.0.6/java.lang.Thread.run(Thread.java:833)
  59) Thread[id=39, name=elasticsearch[node_s4][scheduler][T#1], state=TIMED_WAITING, group=TGRP-VietnameseAnalysisIntegrationTests]
        at java.base@17.0.6/jdk.internal.misc.Unsafe.park(Native Method)
        at java.base@17.0.6/java.util.concurrent.locks.LockSupport.parkNanos(LockSupport.java:252)
        at java.base@17.0.6/java.util.concurrent.locks.AbstractQueuedSynchronizer$ConditionObject.awaitNanos(AbstractQueuedSynchronizer.java:1672)
        at java.base@17.0.6/java.util.concurrent.ScheduledThreadPoolExecutor$DelayedWorkQueue.take(ScheduledThreadPoolExecutor.java:1182)
        at java.base@17.0.6/java.util.concurrent.ScheduledThreadPoolExecutor$DelayedWorkQueue.take(ScheduledThreadPoolExecutor.java:899)
        at java.base@17.0.6/java.util.concurrent.ThreadPoolExecutor.getTask(ThreadPoolExecutor.java:1062)
        at java.base@17.0.6/java.util.concurrent.ThreadPoolExecutor.runWorker(ThreadPoolExecutor.java:1122)
        at java.base@17.0.6/java.util.concurrent.ThreadPoolExecutor$Worker.run(ThreadPoolExecutor.java:635)
        at java.base@17.0.6/java.lang.Thread.run(Thread.java:833)
  60) Thread[id=108, name=elasticsearch[node_s3][management][T#2], state=TIMED_WAITING, group=TGRP-VietnameseAnalysisIntegrationTests]
        at java.base@17.0.6/jdk.internal.misc.Unsafe.park(Native Method)
        at java.base@17.0.6/java.util.concurrent.locks.LockSupport.parkNanos(LockSupport.java:252)
        at java.base@17.0.6/java.util.concurrent.LinkedTransferQueue.awaitMatch(LinkedTransferQueue.java:676)
        at java.base@17.0.6/java.util.concurrent.LinkedTransferQueue.xfer(LinkedTransferQueue.java:616)
        at java.base@17.0.6/java.util.concurrent.LinkedTransferQueue.poll(LinkedTransferQueue.java:1294)
        at java.base@17.0.6/java.util.concurrent.ThreadPoolExecutor.getTask(ThreadPoolExecutor.java:1061)
        at java.base@17.0.6/java.util.concurrent.ThreadPoolExecutor.runWorker(ThreadPoolExecutor.java:1122)
        at java.base@17.0.6/java.util.concurrent.ThreadPoolExecutor$Worker.run(ThreadPoolExecutor.java:635)
        at java.base@17.0.6/java.lang.Thread.run(Thread.java:833)
  61) Thread[id=84, name=elasticsearch[node_s1][generic][T#3], state=TIMED_WAITING, group=TGRP-VietnameseAnalysisIntegrationTests]
        at java.base@17.0.6/jdk.internal.misc.Unsafe.park(Native Method)
        at java.base@17.0.6/java.util.concurrent.locks.LockSupport.parkNanos(LockSupport.java:252)
        at java.base@17.0.6/java.util.concurrent.LinkedTransferQueue.awaitMatch(LinkedTransferQueue.java:676)
        at java.base@17.0.6/java.util.concurrent.LinkedTransferQueue.xfer(LinkedTransferQueue.java:616)
        at java.base@17.0.6/java.util.concurrent.LinkedTransferQueue.poll(LinkedTransferQueue.java:1294)
        at java.base@17.0.6/java.util.concurrent.ThreadPoolExecutor.getTask(ThreadPoolExecutor.java:1061)
        at java.base@17.0.6/java.util.concurrent.ThreadPoolExecutor.runWorker(ThreadPoolExecutor.java:1122)
        at java.base@17.0.6/java.util.concurrent.ThreadPoolExecutor$Worker.run(ThreadPoolExecutor.java:635)
        at java.base@17.0.6/java.lang.Thread.run(Thread.java:833)
  62) Thread[id=105, name=elasticsearch[node_s3][management][T#1], state=TIMED_WAITING, group=TGRP-VietnameseAnalysisIntegrationTests]
        at java.base@17.0.6/jdk.internal.misc.Unsafe.park(Native Method)
        at java.base@17.0.6/java.util.concurrent.locks.LockSupport.parkNanos(LockSupport.java:252)
        at java.base@17.0.6/java.util.concurrent.LinkedTransferQueue.awaitMatch(LinkedTransferQueue.java:676)
        at java.base@17.0.6/java.util.concurrent.LinkedTransferQueue.xfer(LinkedTransferQueue.java:616)
        at java.base@17.0.6/java.util.concurrent.LinkedTransferQueue.poll(LinkedTransferQueue.java:1294)
        at java.base@17.0.6/java.util.concurrent.ThreadPoolExecutor.getTask(ThreadPoolExecutor.java:1061)
        at java.base@17.0.6/java.util.concurrent.ThreadPoolExecutor.runWorker(ThreadPoolExecutor.java:1122)
        at java.base@17.0.6/java.util.concurrent.ThreadPoolExecutor$Worker.run(ThreadPoolExecutor.java:635)
        at java.base@17.0.6/java.lang.Thread.run(Thread.java:833)
  63) Thread[id=66, name=elasticsearch[node_s4][generic][T#1], state=TIMED_WAITING, group=TGRP-VietnameseAnalysisIntegrationTests]
        at java.base@17.0.6/jdk.internal.misc.Unsafe.park(Native Method)
        at java.base@17.0.6/java.util.concurrent.locks.LockSupport.parkNanos(LockSupport.java:252)
        at java.base@17.0.6/java.util.concurrent.LinkedTransferQueue.awaitMatch(LinkedTransferQueue.java:676)
        at java.base@17.0.6/java.util.concurrent.LinkedTransferQueue.xfer(LinkedTransferQueue.java:616)
        at java.base@17.0.6/java.util.concurrent.LinkedTransferQueue.poll(LinkedTransferQueue.java:1294)
        at java.base@17.0.6/java.util.concurrent.ThreadPoolExecutor.getTask(ThreadPoolExecutor.java:1061)
        at java.base@17.0.6/java.util.concurrent.ThreadPoolExecutor.runWorker(ThreadPoolExecutor.java:1122)
        at java.base@17.0.6/java.util.concurrent.ThreadPoolExecutor$Worker.run(ThreadPoolExecutor.java:635)
        at java.base@17.0.6/java.lang.Thread.run(Thread.java:833)
  64) Thread[id=38, name=elasticsearch[node_s4][[timer]], state=TIMED_WAITING, group=TGRP-VietnameseAnalysisIntegrationTests]
        at java.base@17.0.6/java.lang.Thread.sleep(Native Method)
        at app//org.elasticsearch.threadpool.ThreadPool$CachedTimeThread.run(ThreadPool.java:689)
  65) Thread[id=59, name=elasticsearch[node_s0][transport_worker][T#3], state=RUNNABLE, group=TGRP-VietnameseAnalysisIntegrationTests]
        at java.base@17.0.6/sun.nio.ch.EPoll.wait(Native Method)
        at java.base@17.0.6/sun.nio.ch.EPollSelectorImpl.doSelect(EPollSelectorImpl.java:118)
        at java.base@17.0.6/sun.nio.ch.SelectorImpl.lockAndDoSelect(SelectorImpl.java:129)
        at java.base@17.0.6/sun.nio.ch.SelectorImpl.select(SelectorImpl.java:146)
        at app//io.netty.channel.nio.NioEventLoop.select(NioEventLoop.java:879)
        at app//io.netty.channel.nio.NioEventLoop.run(NioEventLoop.java:526)
        at app//io.netty.util.concurrent.SingleThreadEventExecutor$4.run(SingleThreadEventExecutor.java:997)
        at app//io.netty.util.internal.ThreadExecutorMap$2.run(ThreadExecutorMap.java:74)
        at java.base@17.0.6/java.lang.Thread.run(Thread.java:833)
  66) Thread[id=30, name=elasticsearch[node_s0][[timer]], state=TIMED_WAITING, group=TGRP-VietnameseAnalysisIntegrationTests]
        at java.base@17.0.6/java.lang.Thread.sleep(Native Method)
        at app//org.elasticsearch.threadpool.ThreadPool$CachedTimeThread.run(ThreadPool.java:689)
  67) Thread[id=51, name=elasticsearch[node_s3][transport_worker][T#2], state=RUNNABLE, group=TGRP-VietnameseAnalysisIntegrationTests]
        at java.base@17.0.6/sun.nio.ch.EPoll.wait(Native Method)
        at java.base@17.0.6/sun.nio.ch.EPollSelectorImpl.doSelect(EPollSelectorImpl.java:118)
        at java.base@17.0.6/sun.nio.ch.SelectorImpl.lockAndDoSelect(SelectorImpl.java:129)
        at java.base@17.0.6/sun.nio.ch.SelectorImpl.select(SelectorImpl.java:146)
        at app//io.netty.channel.nio.NioEventLoop.select(NioEventLoop.java:879)
        at app//io.netty.channel.nio.NioEventLoop.run(NioEventLoop.java:526)
        at app//io.netty.util.concurrent.SingleThreadEventExecutor$4.run(SingleThreadEventExecutor.java:997)
        at app//io.netty.util.internal.ThreadExecutorMap$2.run(ThreadExecutorMap.java:74)
        at java.base@17.0.6/java.lang.Thread.run(Thread.java:833)
  68) Thread[id=45, name=elasticsearch[node_s1][transport_worker][T#1], state=RUNNABLE, group=TGRP-VietnameseAnalysisIntegrationTests]
        at java.base@17.0.6/sun.nio.ch.EPoll.wait(Native Method)
        at java.base@17.0.6/sun.nio.ch.EPollSelectorImpl.doSelect(EPollSelectorImpl.java:118)
        at java.base@17.0.6/sun.nio.ch.SelectorImpl.lockAndDoSelect(SelectorImpl.java:129)
        at java.base@17.0.6/sun.nio.ch.SelectorImpl.select(SelectorImpl.java:146)
        at app//io.netty.channel.nio.NioEventLoop.select(NioEventLoop.java:879)
        at app//io.netty.channel.nio.NioEventLoop.run(NioEventLoop.java:526)
        at app//io.netty.util.concurrent.SingleThreadEventExecutor$4.run(SingleThreadEventExecutor.java:997)
        at app//io.netty.util.internal.ThreadExecutorMap$2.run(ThreadExecutorMap.java:74)
        at java.base@17.0.6/java.lang.Thread.run(Thread.java:833)
  69) Thread[id=87, name=elasticsearch[node_s3][generic][T#4], state=TIMED_WAITING, group=TGRP-VietnameseAnalysisIntegrationTests]
        at java.base@17.0.6/jdk.internal.misc.Unsafe.park(Native Method)
        at java.base@17.0.6/java.util.concurrent.locks.LockSupport.parkNanos(LockSupport.java:252)
        at java.base@17.0.6/java.util.concurrent.LinkedTransferQueue.awaitMatch(LinkedTransferQueue.java:676)
        at java.base@17.0.6/java.util.concurrent.LinkedTransferQueue.xfer(LinkedTransferQueue.java:616)
        at java.base@17.0.6/java.util.concurrent.LinkedTransferQueue.poll(LinkedTransferQueue.java:1294)
        at java.base@17.0.6/java.util.concurrent.ThreadPoolExecutor.getTask(ThreadPoolExecutor.java:1061)
        at java.base@17.0.6/java.util.concurrent.ThreadPoolExecutor.runWorker(ThreadPoolExecutor.java:1122)
        at java.base@17.0.6/java.util.concurrent.ThreadPoolExecutor$Worker.run(ThreadPoolExecutor.java:635)
        at java.base@17.0.6/java.lang.Thread.run(Thread.java:833)
  70) Thread[id=92, name=elasticsearch[node_s3][AsyncLucenePersistedState#updateTask][T#1], state=WAITING, group=TGRP-VietnameseAnalysisIntegrationTests]
        at java.base@17.0.6/jdk.internal.misc.Unsafe.park(Native Method)
        at java.base@17.0.6/java.util.concurrent.locks.LockSupport.park(LockSupport.java:341)
        at java.base@17.0.6/java.util.concurrent.LinkedTransferQueue$Node.block(LinkedTransferQueue.java:470)
        at java.base@17.0.6/java.util.concurrent.ForkJoinPool.unmanagedBlock(ForkJoinPool.java:3463)
        at java.base@17.0.6/java.util.concurrent.ForkJoinPool.managedBlock(ForkJoinPool.java:3434)
        at java.base@17.0.6/java.util.concurrent.LinkedTransferQueue.awaitMatch(LinkedTransferQueue.java:669)
        at java.base@17.0.6/java.util.concurrent.LinkedTransferQueue.xfer(LinkedTransferQueue.java:616)
        at java.base@17.0.6/java.util.concurrent.LinkedTransferQueue.take(LinkedTransferQueue.java:1286)
        at app//org.elasticsearch.common.util.concurrent.SizeBlockingQueue.take(SizeBlockingQueue.java:152)
        at java.base@17.0.6/java.util.concurrent.ThreadPoolExecutor.getTask(ThreadPoolExecutor.java:1062)
        at java.base@17.0.6/java.util.concurrent.ThreadPoolExecutor.runWorker(ThreadPoolExecutor.java:1122)
        at java.base@17.0.6/java.util.concurrent.ThreadPoolExecutor$Worker.run(ThreadPoolExecutor.java:635)
        at java.base@17.0.6/java.lang.Thread.run(Thread.java:833)
  71) Thread[id=104, name=elasticsearch[node_s1][management][T#1], state=WAITING, group=TGRP-VietnameseAnalysisIntegrationTests]
        at java.base@17.0.6/jdk.internal.misc.Unsafe.park(Native Method)
        at java.base@17.0.6/java.util.concurrent.locks.LockSupport.park(LockSupport.java:341)
        at java.base@17.0.6/java.util.concurrent.LinkedTransferQueue$Node.block(LinkedTransferQueue.java:470)
        at java.base@17.0.6/java.util.concurrent.ForkJoinPool.unmanagedBlock(ForkJoinPool.java:3463)
        at java.base@17.0.6/java.util.concurrent.ForkJoinPool.managedBlock(ForkJoinPool.java:3434)
        at java.base@17.0.6/java.util.concurrent.LinkedTransferQueue.awaitMatch(LinkedTransferQueue.java:669)
        at java.base@17.0.6/java.util.concurrent.LinkedTransferQueue.xfer(LinkedTransferQueue.java:616)
        at java.base@17.0.6/java.util.concurrent.LinkedTransferQueue.take(LinkedTransferQueue.java:1286)
        at java.base@17.0.6/java.util.concurrent.ThreadPoolExecutor.getTask(ThreadPoolExecutor.java:1062)
        at java.base@17.0.6/java.util.concurrent.ThreadPoolExecutor.runWorker(ThreadPoolExecutor.java:1122)
        at java.base@17.0.6/java.util.concurrent.ThreadPoolExecutor$Worker.run(ThreadPoolExecutor.java:635)
        at java.base@17.0.6/java.lang.Thread.run(Thread.java:833)
  72) Thread[id=86, name=elasticsearch[node_s0][generic][T#3], state=TIMED_WAITING, group=TGRP-VietnameseAnalysisIntegrationTests]
        at java.base@17.0.6/jdk.internal.misc.Unsafe.park(Native Method)
        at java.base@17.0.6/java.util.concurrent.locks.LockSupport.parkNanos(LockSupport.java:252)
        at java.base@17.0.6/java.util.concurrent.LinkedTransferQueue.awaitMatch(LinkedTransferQueue.java:676)
        at java.base@17.0.6/java.util.concurrent.LinkedTransferQueue.xfer(LinkedTransferQueue.java:616)
        at java.base@17.0.6/java.util.concurrent.LinkedTransferQueue.poll(LinkedTransferQueue.java:1294)
        at java.base@17.0.6/java.util.concurrent.ThreadPoolExecutor.getTask(ThreadPoolExecutor.java:1061)
        at java.base@17.0.6/java.util.concurrent.ThreadPoolExecutor.runWorker(ThreadPoolExecutor.java:1122)
        at java.base@17.0.6/java.util.concurrent.ThreadPoolExecutor$Worker.run(ThreadPoolExecutor.java:635)
        at java.base@17.0.6/java.lang.Thread.run(Thread.java:833)
  73) Thread[id=112, name=elasticsearch[node_s3][generic][T#5], state=TIMED_WAITING, group=TGRP-VietnameseAnalysisIntegrationTests]
        at java.base@17.0.6/jdk.internal.misc.Unsafe.park(Native Method)
        at java.base@17.0.6/java.util.concurrent.locks.LockSupport.parkNanos(LockSupport.java:252)
        at java.base@17.0.6/java.util.concurrent.LinkedTransferQueue.awaitMatch(LinkedTransferQueue.java:676)
        at java.base@17.0.6/java.util.concurrent.LinkedTransferQueue.xfer(LinkedTransferQueue.java:616)
        at java.base@17.0.6/java.util.concurrent.LinkedTransferQueue.poll(LinkedTransferQueue.java:1294)
        at java.base@17.0.6/java.util.concurrent.ThreadPoolExecutor.getTask(ThreadPoolExecutor.java:1061)
        at java.base@17.0.6/java.util.concurrent.ThreadPoolExecutor.runWorker(ThreadPoolExecutor.java:1122)
        at java.base@17.0.6/java.util.concurrent.ThreadPoolExecutor$Worker.run(ThreadPoolExecutor.java:635)
        at java.base@17.0.6/java.lang.Thread.run(Thread.java:833)
  74) Thread[id=90, name=elasticsearch[node_s4][generic][T#4], state=TIMED_WAITING, group=TGRP-VietnameseAnalysisIntegrationTests]
        at java.base@17.0.6/jdk.internal.misc.Unsafe.park(Native Method)
        at java.base@17.0.6/java.util.concurrent.locks.LockSupport.parkNanos(LockSupport.java:252)
        at java.base@17.0.6/java.util.concurrent.LinkedTransferQueue.awaitMatch(LinkedTransferQueue.java:676)
        at java.base@17.0.6/java.util.concurrent.LinkedTransferQueue.xfer(LinkedTransferQueue.java:616)
        at java.base@17.0.6/java.util.concurrent.LinkedTransferQueue.poll(LinkedTransferQueue.java:1294)
        at java.base@17.0.6/java.util.concurrent.ThreadPoolExecutor.getTask(ThreadPoolExecutor.java:1061)
        at java.base@17.0.6/java.util.concurrent.ThreadPoolExecutor.runWorker(ThreadPoolExecutor.java:1122)
        at java.base@17.0.6/java.util.concurrent.ThreadPoolExecutor$Worker.run(ThreadPoolExecutor.java:635)
        at java.base@17.0.6/java.lang.Thread.run(Thread.java:833)
  75) Thread[id=115, name=elasticsearch[node_s1][generic][T#6], state=TIMED_WAITING, group=TGRP-VietnameseAnalysisIntegrationTests]
        at java.base@17.0.6/jdk.internal.misc.Unsafe.park(Native Method)
        at java.base@17.0.6/java.util.concurrent.locks.LockSupport.parkNanos(LockSupport.java:252)
        at java.base@17.0.6/java.util.concurrent.LinkedTransferQueue.awaitMatch(LinkedTransferQueue.java:676)
        at java.base@17.0.6/java.util.concurrent.LinkedTransferQueue.xfer(LinkedTransferQueue.java:616)
        at java.base@17.0.6/java.util.concurrent.LinkedTransferQueue.poll(LinkedTransferQueue.java:1294)
        at java.base@17.0.6/java.util.concurrent.ThreadPoolExecutor.getTask(ThreadPoolExecutor.java:1061)
        at java.base@17.0.6/java.util.concurrent.ThreadPoolExecutor.runWorker(ThreadPoolExecutor.java:1122)
        at java.base@17.0.6/java.util.concurrent.ThreadPoolExecutor$Worker.run(ThreadPoolExecutor.java:635)
        at java.base@17.0.6/java.lang.Thread.run(Thread.java:833)
  76) Thread[id=52, name=elasticsearch[node_s2][transport_worker][T#2], state=RUNNABLE, group=TGRP-VietnameseAnalysisIntegrationTests]
        at java.base@17.0.6/sun.nio.ch.EPoll.wait(Native Method)
        at java.base@17.0.6/sun.nio.ch.EPollSelectorImpl.doSelect(EPollSelectorImpl.java:118)
        at java.base@17.0.6/sun.nio.ch.SelectorImpl.lockAndDoSelect(SelectorImpl.java:129)
        at java.base@17.0.6/sun.nio.ch.SelectorImpl.select(SelectorImpl.java:146)
        at app//io.netty.channel.nio.NioEventLoop.select(NioEventLoop.java:879)
        at app//io.netty.channel.nio.NioEventLoop.run(NioEventLoop.java:526)
        at app//io.netty.util.concurrent.SingleThreadEventExecutor$4.run(SingleThreadEventExecutor.java:997)
        at app//io.netty.util.internal.ThreadExecutorMap$2.run(ThreadExecutorMap.java:74)
        at java.base@17.0.6/java.lang.Thread.run(Thread.java:833)
  77) Thread[id=33, name=elasticsearch[node_s1][scheduler][T#1], state=TIMED_WAITING, group=TGRP-VietnameseAnalysisIntegrationTests]
        at java.base@17.0.6/jdk.internal.misc.Unsafe.park(Native Method)
        at java.base@17.0.6/java.util.concurrent.locks.LockSupport.parkNanos(LockSupport.java:252)
        at java.base@17.0.6/java.util.concurrent.locks.AbstractQueuedSynchronizer$ConditionObject.awaitNanos(AbstractQueuedSynchronizer.java:1672)
        at java.base@17.0.6/java.util.concurrent.ScheduledThreadPoolExecutor$DelayedWorkQueue.take(ScheduledThreadPoolExecutor.java:1182)
        at java.base@17.0.6/java.util.concurrent.ScheduledThreadPoolExecutor$DelayedWorkQueue.take(ScheduledThreadPoolExecutor.java:899)
        at java.base@17.0.6/java.util.concurrent.ThreadPoolExecutor.getTask(ThreadPoolExecutor.java:1062)
        at java.base@17.0.6/java.util.concurrent.ThreadPoolExecutor.runWorker(ThreadPoolExecutor.java:1122)
        at java.base@17.0.6/java.util.concurrent.ThreadPoolExecutor$Worker.run(ThreadPoolExecutor.java:635)
        at java.base@17.0.6/java.lang.Thread.run(Thread.java:833)
  78) Thread[id=114, name=elasticsearch[node_s0][generic][T#5], state=TIMED_WAITING, group=TGRP-VietnameseAnalysisIntegrationTests]
        at java.base@17.0.6/jdk.internal.misc.Unsafe.park(Native Method)
        at java.base@17.0.6/java.util.concurrent.locks.LockSupport.parkNanos(LockSupport.java:252)
        at java.base@17.0.6/java.util.concurrent.LinkedTransferQueue.awaitMatch(LinkedTransferQueue.java:676)
        at java.base@17.0.6/java.util.concurrent.LinkedTransferQueue.xfer(LinkedTransferQueue.java:616)
        at java.base@17.0.6/java.util.concurrent.LinkedTransferQueue.poll(LinkedTransferQueue.java:1294)
        at java.base@17.0.6/java.util.concurrent.ThreadPoolExecutor.getTask(ThreadPoolExecutor.java:1061)
        at java.base@17.0.6/java.util.concurrent.ThreadPoolExecutor.runWorker(ThreadPoolExecutor.java:1122)
        at java.base@17.0.6/java.util.concurrent.ThreadPoolExecutor$Worker.run(ThreadPoolExecutor.java:635)
        at java.base@17.0.6/java.lang.Thread.run(Thread.java:833)
  79) Thread[id=102, name=elasticsearch[file-settings-watcher], state=WAITING, group=TGRP-VietnameseAnalysisIntegrationTests]
        at java.base@17.0.6/jdk.internal.misc.Unsafe.park(Native Method)
        at java.base@17.0.6/java.util.concurrent.locks.LockSupport.park(LockSupport.java:341)
        at java.base@17.0.6/java.util.concurrent.locks.AbstractQueuedSynchronizer$ConditionNode.block(AbstractQueuedSynchronizer.java:506)
        at java.base@17.0.6/java.util.concurrent.ForkJoinPool.unmanagedBlock(ForkJoinPool.java:3463)
        at java.base@17.0.6/java.util.concurrent.ForkJoinPool.managedBlock(ForkJoinPool.java:3434)
        at java.base@17.0.6/java.util.concurrent.locks.AbstractQueuedSynchronizer$ConditionObject.await(AbstractQueuedSynchronizer.java:1623)
        at java.base@17.0.6/java.util.concurrent.LinkedBlockingDeque.takeFirst(LinkedBlockingDeque.java:485)
        at java.base@17.0.6/java.util.concurrent.LinkedBlockingDeque.take(LinkedBlockingDeque.java:673)
        at java.base@17.0.6/sun.nio.fs.AbstractWatchService.take(AbstractWatchService.java:118)
        at app//org.elasticsearch.reservedstate.service.FileSettingsService.watcherThread(FileSettingsService.java:279)
        at app//org.elasticsearch.reservedstate.service.FileSettingsService$$Lambda$3476/0x000000080145aab8.run(Unknown Source)
        at java.base@17.0.6/java.lang.Thread.run(Thread.java:833)
  80) Thread[id=85, name=elasticsearch[node_s0][generic][T#2], state=TIMED_WAITING, group=TGRP-VietnameseAnalysisIntegrationTests]
        at java.base@17.0.6/jdk.internal.misc.Unsafe.park(Native Method)
        at java.base@17.0.6/java.util.concurrent.locks.LockSupport.parkNanos(LockSupport.java:252)
        at java.base@17.0.6/java.util.concurrent.LinkedTransferQueue.awaitMatch(LinkedTransferQueue.java:676)
        at java.base@17.0.6/java.util.concurrent.LinkedTransferQueue.xfer(LinkedTransferQueue.java:616)
        at java.base@17.0.6/java.util.concurrent.LinkedTransferQueue.poll(LinkedTransferQueue.java:1294)
        at java.base@17.0.6/java.util.concurrent.ThreadPoolExecutor.getTask(ThreadPoolExecutor.java:1061)
        at java.base@17.0.6/java.util.concurrent.ThreadPoolExecutor.runWorker(ThreadPoolExecutor.java:1122)
        at java.base@17.0.6/java.util.concurrent.ThreadPoolExecutor$Worker.run(ThreadPoolExecutor.java:635)
        at java.base@17.0.6/java.lang.Thread.run(Thread.java:833)
апр 18, 2023 4:09:13 ПРИЈЕ ПОДНЕ com.carrotsearch.randomizedtesting.ThreadLeakControl tryToInterruptAll
INFO: Starting to interrupt leaked threads:
   1) Thread[id=65, name=elasticsearch[node_s2][generic][T#1], state=TIMED_WAITING, group=TGRP-VietnameseAnalysisIntegrationTests]
   2) Thread[id=79, name=elasticsearch[node_s0][cluster_coordination][T#1], state=WAITING, group=TGRP-VietnameseAnalysisIntegrationTests]
   3) Thread[id=29, name=TEST-VietnameseAnalysisIntegrationTests.testVietnameseAnalyzer-seed#[837B9552CD9155BC], state=WAITING, group=TGRP-VietnameseAnalysisIntegrationTests]
   4) Thread[id=110, name=elasticsearch[node_s1][generic][T#5], state=TIMED_WAITING, group=TGRP-VietnameseAnalysisIntegrationTests]
   5) Thread[id=99, name=elasticsearch[node_s3][cluster_coordination][T#1], state=WAITING, group=TGRP-VietnameseAnalysisIntegrationTests]
   6) Thread[id=109, name=elasticsearch[node_s0][masterService#updateTask][T#2], state=WAITING, group=TGRP-VietnameseAnalysisIntegrationTests]
   7) Thread[id=93, name=elasticsearch[node_s1][AsyncLucenePersistedState#updateTask][T#1], state=WAITING, group=TGRP-VietnameseAnalysisIntegrationTests]
   8) Thread[id=46, name=elasticsearch[node_s3][transport_worker][T#1], state=RUNNABLE, group=TGRP-VietnameseAnalysisIntegrationTests]
   9) Thread[id=60, name=elasticsearch[node_s0][transport_worker][T#4], state=RUNNABLE, group=TGRP-VietnameseAnalysisIntegrationTests]
  10) Thread[id=100, name=elasticsearch[node_s0][management][T#1], state=TIMED_WAITING, group=TGRP-VietnameseAnalysisIntegrationTests]
  11) Thread[id=88, name=elasticsearch[node_s2][generic][T#4], state=TIMED_WAITING, group=TGRP-VietnameseAnalysisIntegrationTests]
  12) Thread[id=64, name=elasticsearch[node_s3][generic][T#1], state=TIMED_WAITING, group=TGRP-VietnameseAnalysisIntegrationTests]
  13) Thread[id=119, name=elasticsearch[node_s2][generic][T#6], state=TIMED_WAITING, group=TGRP-VietnameseAnalysisIntegrationTests]
  14) Thread[id=32, name=elasticsearch[node_s1][[timer]], state=TIMED_WAITING, group=TGRP-VietnameseAnalysisIntegrationTests]
  15) Thread[id=34, name=elasticsearch[node_s2][[timer]], state=TIMED_WAITING, group=TGRP-VietnameseAnalysisIntegrationTests]
  16) Thread[id=47, name=elasticsearch[node_s0][transport_worker][T#1], state=RUNNABLE, group=TGRP-VietnameseAnalysisIntegrationTests]
  17) Thread[id=56, name=elasticsearch[node_s2][transport_worker][T#4], state=RUNNABLE, group=TGRP-VietnameseAnalysisIntegrationTests]
  18) Thread[id=103, name=elasticsearch[node_s0][management][T#2], state=TIMED_WAITING, group=TGRP-VietnameseAnalysisIntegrationTests]
  19) Thread[id=55, name=elasticsearch[node_s4][transport_worker][T#3], state=RUNNABLE, group=TGRP-VietnameseAnalysisIntegrationTests]
  20) Thread[id=35, name=elasticsearch[node_s2][scheduler][T#1], state=TIMED_WAITING, group=TGRP-VietnameseAnalysisIntegrationTests]
  21) Thread[id=82, name=elasticsearch[node_s3][generic][T#3], state=TIMED_WAITING, group=TGRP-VietnameseAnalysisIntegrationTests]
  22) Thread[id=95, name=elasticsearch[node_s3][clusterApplierService#updateTask][T#1], state=WAITING, group=TGRP-VietnameseAnalysisIntegrationTests]
  23) Thread[id=111, name=elasticsearch[node_s4][generic][T#5], state=TIMED_WAITING, group=TGRP-VietnameseAnalysisIntegrationTests]
  24) Thread[id=49, name=elasticsearch[node_s4][transport_worker][T#1], state=RUNNABLE, group=TGRP-VietnameseAnalysisIntegrationTests]
  25) Thread[id=73, name=elasticsearch[node_s4][clusterApplierService#updateTask][T#1], state=WAITING, group=TGRP-VietnameseAnalysisIntegrationTests]
  26) Thread[id=116, name=elasticsearch[node_s3][generic][T#6], state=TIMED_WAITING, group=TGRP-VietnameseAnalysisIntegrationTests]
  27) Thread[id=74, name=elasticsearch[node_s0][clusterApplierService#updateTask][T#1], state=WAITING, group=TGRP-VietnameseAnalysisIntegrationTests]
  28) Thread[id=54, name=elasticsearch[node_s2][transport_worker][T#3], state=RUNNABLE, group=TGRP-VietnameseAnalysisIntegrationTests]
  29) Thread[id=117, name=elasticsearch[node_s4][generic][T#6], state=TIMED_WAITING, group=TGRP-VietnameseAnalysisIntegrationTests]
  30) Thread[id=61, name=elasticsearch[node_s0][generic][T#1], state=TIMED_WAITING, group=TGRP-VietnameseAnalysisIntegrationTests]
  31) Thread[id=81, name=elasticsearch[node_s4][generic][T#3], state=TIMED_WAITING, group=TGRP-VietnameseAnalysisIntegrationTests]
  32) Thread[id=91, name=elasticsearch[node_s0][generic][T#4], state=TIMED_WAITING, group=TGRP-VietnameseAnalysisIntegrationTests]
  33) Thread[id=107, name=elasticsearch[node_s4][management][T#1], state=WAITING, group=TGRP-VietnameseAnalysisIntegrationTests]
  34) Thread[id=71, name=elasticsearch[node_s2][clusterApplierService#updateTask][T#1], state=WAITING, group=TGRP-VietnameseAnalysisIntegrationTests]
  35) Thread[id=76, name=elasticsearch[node_s4][generic][T#2], state=TIMED_WAITING, group=TGRP-VietnameseAnalysisIntegrationTests]
  36) Thread[id=118, name=elasticsearch[node_s0][generic][T#6], state=TIMED_WAITING, group=TGRP-VietnameseAnalysisIntegrationTests]
  37) Thread[id=37, name=elasticsearch[node_s3][scheduler][T#1], state=TIMED_WAITING, group=TGRP-VietnameseAnalysisIntegrationTests]
  38) Thread[id=98, name=elasticsearch[node_s2][cluster_coordination][T#1], state=WAITING, group=TGRP-VietnameseAnalysisIntegrationTests]
  39) Thread[id=78, name=elasticsearch[node_s1][generic][T#2], state=TIMED_WAITING, group=TGRP-VietnameseAnalysisIntegrationTests]
  40) Thread[id=96, name=elasticsearch[node_s4][cluster_coordination][T#1], state=WAITING, group=TGRP-VietnameseAnalysisIntegrationTests]
  41) Thread[id=58, name=elasticsearch[node_s0][transport_worker][T#2], state=RUNNABLE, group=TGRP-VietnameseAnalysisIntegrationTests]
  42) Thread[id=31, name=elasticsearch[node_s0][scheduler][T#1], state=TIMED_WAITING, group=TGRP-VietnameseAnalysisIntegrationTests]
  43) Thread[id=75, name=elasticsearch[node_s2][generic][T#2], state=TIMED_WAITING, group=TGRP-VietnameseAnalysisIntegrationTests]
  44) Thread[id=50, name=elasticsearch[node_s1][transport_worker][T#2], state=RUNNABLE, group=TGRP-VietnameseAnalysisIntegrationTests]
  45) Thread[id=53, name=elasticsearch[node_s4][transport_worker][T#2], state=RUNNABLE, group=TGRP-VietnameseAnalysisIntegrationTests]
  46) Thread[id=36, name=elasticsearch[node_s3][[timer]], state=TIMED_WAITING, group=TGRP-VietnameseAnalysisIntegrationTests]
  47) Thread[id=83, name=elasticsearch[node_s2][generic][T#3], state=TIMED_WAITING, group=TGRP-VietnameseAnalysisIntegrationTests]
  48) Thread[id=94, name=elasticsearch[node_s2][AsyncLucenePersistedState#updateTask][T#1], state=WAITING, group=TGRP-VietnameseAnalysisIntegrationTests]
  49) Thread[id=77, name=elasticsearch[node_s3][generic][T#2], state=TIMED_WAITING, group=TGRP-VietnameseAnalysisIntegrationTests]
  50) Thread[id=97, name=elasticsearch[node_s1][cluster_coordination][T#1], state=WAITING, group=TGRP-VietnameseAnalysisIntegrationTests]
  51) Thread[id=89, name=elasticsearch[node_s1][generic][T#4], state=TIMED_WAITING, group=TGRP-VietnameseAnalysisIntegrationTests]
  52) Thread[id=101, name=FileSystemWatchService, state=RUNNABLE, group=TGRP-VietnameseAnalysisIntegrationTests]
  53) Thread[id=113, name=elasticsearch[node_s2][generic][T#5], state=TIMED_WAITING, group=TGRP-VietnameseAnalysisIntegrationTests]
  54) Thread[id=48, name=elasticsearch[node_s2][transport_worker][T#1], state=RUNNABLE, group=TGRP-VietnameseAnalysisIntegrationTests]
  55) Thread[id=63, name=elasticsearch[node_s1][generic][T#1], state=TIMED_WAITING, group=TGRP-VietnameseAnalysisIntegrationTests]
  56) Thread[id=72, name=elasticsearch[node_s1][clusterApplierService#updateTask][T#1], state=WAITING, group=TGRP-VietnameseAnalysisIntegrationTests]
  57) Thread[id=106, name=elasticsearch[node_s2][management][T#1], state=WAITING, group=TGRP-VietnameseAnalysisIntegrationTests]
  58) Thread[id=57, name=elasticsearch[node_s4][transport_worker][T#4], state=RUNNABLE, group=TGRP-VietnameseAnalysisIntegrationTests]
  59) Thread[id=39, name=elasticsearch[node_s4][scheduler][T#1], state=TIMED_WAITING, group=TGRP-VietnameseAnalysisIntegrationTests]
  60) Thread[id=108, name=elasticsearch[node_s3][management][T#2], state=TIMED_WAITING, group=TGRP-VietnameseAnalysisIntegrationTests]
  61) Thread[id=84, name=elasticsearch[node_s1][generic][T#3], state=TIMED_WAITING, group=TGRP-VietnameseAnalysisIntegrationTests]
  62) Thread[id=105, name=elasticsearch[node_s3][management][T#1], state=TIMED_WAITING, group=TGRP-VietnameseAnalysisIntegrationTests]
  63) Thread[id=66, name=elasticsearch[node_s4][generic][T#1], state=TIMED_WAITING, group=TGRP-VietnameseAnalysisIntegrationTests]
  64) Thread[id=38, name=elasticsearch[node_s4][[timer]], state=TIMED_WAITING, group=TGRP-VietnameseAnalysisIntegrationTests]
  65) Thread[id=59, name=elasticsearch[node_s0][transport_worker][T#3], state=RUNNABLE, group=TGRP-VietnameseAnalysisIntegrationTests]
  66) Thread[id=30, name=elasticsearch[node_s0][[timer]], state=TIMED_WAITING, group=TGRP-VietnameseAnalysisIntegrationTests]
  67) Thread[id=51, name=elasticsearch[node_s3][transport_worker][T#2], state=RUNNABLE, group=TGRP-VietnameseAnalysisIntegrationTests]
  68) Thread[id=45, name=elasticsearch[node_s1][transport_worker][T#1], state=RUNNABLE, group=TGRP-VietnameseAnalysisIntegrationTests]
  69) Thread[id=87, name=elasticsearch[node_s3][generic][T#4], state=TIMED_WAITING, group=TGRP-VietnameseAnalysisIntegrationTests]
  70) Thread[id=92, name=elasticsearch[node_s3][AsyncLucenePersistedState#updateTask][T#1], state=WAITING, group=TGRP-VietnameseAnalysisIntegrationTests]
  71) Thread[id=104, name=elasticsearch[node_s1][management][T#1], state=WAITING, group=TGRP-VietnameseAnalysisIntegrationTests]
  72) Thread[id=86, name=elasticsearch[node_s0][generic][T#3], state=TIMED_WAITING, group=TGRP-VietnameseAnalysisIntegrationTests]
  73) Thread[id=112, name=elasticsearch[node_s3][generic][T#5], state=TIMED_WAITING, group=TGRP-VietnameseAnalysisIntegrationTests]
  74) Thread[id=90, name=elasticsearch[node_s4][generic][T#4], state=TIMED_WAITING, group=TGRP-VietnameseAnalysisIntegrationTests]
  75) Thread[id=115, name=elasticsearch[node_s1][generic][T#6], state=TIMED_WAITING, group=TGRP-VietnameseAnalysisIntegrationTests]
  76) Thread[id=52, name=elasticsearch[node_s2][transport_worker][T#2], state=RUNNABLE, group=TGRP-VietnameseAnalysisIntegrationTests]
  77) Thread[id=33, name=elasticsearch[node_s1][scheduler][T#1], state=TIMED_WAITING, group=TGRP-VietnameseAnalysisIntegrationTests]
  78) Thread[id=114, name=elasticsearch[node_s0][generic][T#5], state=TIMED_WAITING, group=TGRP-VietnameseAnalysisIntegrationTests]
  79) Thread[id=102, name=elasticsearch[file-settings-watcher], state=WAITING, group=TGRP-VietnameseAnalysisIntegrationTests]
  80) Thread[id=85, name=elasticsearch[node_s0][generic][T#2], state=TIMED_WAITING, group=TGRP-VietnameseAnalysisIntegrationTests]
NOTE: leaving temporary files on disk at: /tmp/org.elasticsearch.index.analysis.VietnameseAnalysisIntegrationTests_837B9552CD9155BC-001
Apr 18, 2023 9:09:16 AM com.carrotsearch.randomizedtesting.ThreadLeakControl tryToInterruptAll
SEVERE: There are still zombie threads that couldn't be terminated:
   1) Thread[id=65, name=elasticsearch[node_s2][generic][T#1], state=TIMED_WAITING, group=TGRP-VietnameseAnalysisIntegrationTests]
        at java.base@17.0.6/jdk.internal.misc.Unsafe.park(Native Method)
        at java.base@17.0.6/java.util.concurrent.locks.LockSupport.parkNanos(LockSupport.java:252)
        at java.base@17.0.6/java.util.concurrent.LinkedTransferQueue.awaitMatch(LinkedTransferQueue.java:676)
        at java.base@17.0.6/java.util.concurrent.LinkedTransferQueue.xfer(LinkedTransferQueue.java:616)
        at java.base@17.0.6/java.util.concurrent.LinkedTransferQueue.poll(LinkedTransferQueue.java:1294)
        at java.base@17.0.6/java.util.concurrent.ThreadPoolExecutor.getTask(ThreadPoolExecutor.java:1061)
        at java.base@17.0.6/java.util.concurrent.ThreadPoolExecutor.runWorker(ThreadPoolExecutor.java:1122)
        at java.base@17.0.6/java.util.concurrent.ThreadPoolExecutor$Worker.run(ThreadPoolExecutor.java:635)
        at java.base@17.0.6/java.lang.Thread.run(Thread.java:833)
   2) Thread[id=79, name=elasticsearch[node_s0][cluster_coordination][T#1], state=WAITING, group=TGRP-VietnameseAnalysisIntegrationTests]
        at java.base@17.0.6/jdk.internal.misc.Unsafe.park(Native Method)
        at java.base@17.0.6/java.util.concurrent.locks.LockSupport.park(LockSupport.java:341)
        at java.base@17.0.6/java.util.concurrent.LinkedTransferQueue$Node.block(LinkedTransferQueue.java:470)
        at java.base@17.0.6/java.util.concurrent.ForkJoinPool.unmanagedBlock(ForkJoinPool.java:3463)
        at java.base@17.0.6/java.util.concurrent.ForkJoinPool.managedBlock(ForkJoinPool.java:3434)
        at java.base@17.0.6/java.util.concurrent.LinkedTransferQueue.awaitMatch(LinkedTransferQueue.java:669)
        at java.base@17.0.6/java.util.concurrent.LinkedTransferQueue.xfer(LinkedTransferQueue.java:616)
        at java.base@17.0.6/java.util.concurrent.LinkedTransferQueue.take(LinkedTransferQueue.java:1286)
        at java.base@17.0.6/java.util.concurrent.ThreadPoolExecutor.getTask(ThreadPoolExecutor.java:1062)
        at java.base@17.0.6/java.util.concurrent.ThreadPoolExecutor.runWorker(ThreadPoolExecutor.java:1122)
        at java.base@17.0.6/java.util.concurrent.ThreadPoolExecutor$Worker.run(ThreadPoolExecutor.java:635)
        at java.base@17.0.6/java.lang.Thread.run(Thread.java:833)
   3) Thread[id=110, name=elasticsearch[node_s1][generic][T#5], state=TIMED_WAITING, group=TGRP-VietnameseAnalysisIntegrationTests]
        at java.base@17.0.6/jdk.internal.misc.Unsafe.park(Native Method)
        at java.base@17.0.6/java.util.concurrent.locks.LockSupport.parkNanos(LockSupport.java:252)
        at java.base@17.0.6/java.util.concurrent.LinkedTransferQueue.awaitMatch(LinkedTransferQueue.java:676)
        at java.base@17.0.6/java.util.concurrent.LinkedTransferQueue.xfer(LinkedTransferQueue.java:616)
        at java.base@17.0.6/java.util.concurrent.LinkedTransferQueue.poll(LinkedTransferQueue.java:1294)
        at java.base@17.0.6/java.util.concurrent.ThreadPoolExecutor.getTask(ThreadPoolExecutor.java:1061)
        at java.base@17.0.6/java.util.concurrent.ThreadPoolExecutor.runWorker(ThreadPoolExecutor.java:1122)
        at java.base@17.0.6/java.util.concurrent.ThreadPoolExecutor$Worker.run(ThreadPoolExecutor.java:635)
        at java.base@17.0.6/java.lang.Thread.run(Thread.java:833)
   4) Thread[id=99, name=elasticsearch[node_s3][cluster_coordination][T#1], state=WAITING, group=TGRP-VietnameseAnalysisIntegrationTests]
        at java.base@17.0.6/jdk.internal.misc.Unsafe.park(Native Method)
        at java.base@17.0.6/java.util.concurrent.locks.LockSupport.park(LockSupport.java:341)
        at java.base@17.0.6/java.util.concurrent.LinkedTransferQueue$Node.block(LinkedTransferQueue.java:470)
        at java.base@17.0.6/java.util.concurrent.ForkJoinPool.unmanagedBlock(ForkJoinPool.java:3463)
        at java.base@17.0.6/java.util.concurrent.ForkJoinPool.managedBlock(ForkJoinPool.java:3434)
        at java.base@17.0.6/java.util.concurrent.LinkedTransferQueue.awaitMatch(LinkedTransferQueue.java:669)
        at java.base@17.0.6/java.util.concurrent.LinkedTransferQueue.xfer(LinkedTransferQueue.java:616)
        at java.base@17.0.6/java.util.concurrent.LinkedTransferQueue.take(LinkedTransferQueue.java:1286)
        at java.base@17.0.6/java.util.concurrent.ThreadPoolExecutor.getTask(ThreadPoolExecutor.java:1062)
        at java.base@17.0.6/java.util.concurrent.ThreadPoolExecutor.runWorker(ThreadPoolExecutor.java:1122)
        at java.base@17.0.6/java.util.concurrent.ThreadPoolExecutor$Worker.run(ThreadPoolExecutor.java:635)
        at java.base@17.0.6/java.lang.Thread.run(Thread.java:833)
   5) Thread[id=109, name=elasticsearch[node_s0][masterService#updateTask][T#2], state=WAITING, group=TGRP-VietnameseAnalysisIntegrationTests]
        at java.base@17.0.6/jdk.internal.misc.Unsafe.park(Native Method)
        at java.base@17.0.6/java.util.concurrent.locks.LockSupport.park(LockSupport.java:341)
        at java.base@17.0.6/java.util.concurrent.locks.AbstractQueuedSynchronizer$ConditionNode.block(AbstractQueuedSynchronizer.java:506)
        at java.base@17.0.6/java.util.concurrent.ForkJoinPool.unmanagedBlock(ForkJoinPool.java:3463)
        at java.base@17.0.6/java.util.concurrent.ForkJoinPool.managedBlock(ForkJoinPool.java:3434)
        at java.base@17.0.6/java.util.concurrent.locks.AbstractQueuedSynchronizer$ConditionObject.await(AbstractQueuedSynchronizer.java:1623)
        at java.base@17.0.6/java.util.concurrent.PriorityBlockingQueue.take(PriorityBlockingQueue.java:535)
        at java.base@17.0.6/java.util.concurrent.ThreadPoolExecutor.getTask(ThreadPoolExecutor.java:1062)
        at java.base@17.0.6/java.util.concurrent.ThreadPoolExecutor.runWorker(ThreadPoolExecutor.java:1122)
        at java.base@17.0.6/java.util.concurrent.ThreadPoolExecutor$Worker.run(ThreadPoolExecutor.java:635)
        at java.base@17.0.6/java.lang.Thread.run(Thread.java:833)
   6) Thread[id=93, name=elasticsearch[node_s1][AsyncLucenePersistedState#updateTask][T#1], state=WAITING, group=TGRP-VietnameseAnalysisIntegrationTests]
        at java.base@17.0.6/jdk.internal.misc.Unsafe.park(Native Method)
        at java.base@17.0.6/java.util.concurrent.locks.LockSupport.park(LockSupport.java:341)
        at java.base@17.0.6/java.util.concurrent.LinkedTransferQueue$Node.block(LinkedTransferQueue.java:470)
        at java.base@17.0.6/java.util.concurrent.ForkJoinPool.unmanagedBlock(ForkJoinPool.java:3463)
        at java.base@17.0.6/java.util.concurrent.ForkJoinPool.managedBlock(ForkJoinPool.java:3434)
        at java.base@17.0.6/java.util.concurrent.LinkedTransferQueue.awaitMatch(LinkedTransferQueue.java:669)
        at java.base@17.0.6/java.util.concurrent.LinkedTransferQueue.xfer(LinkedTransferQueue.java:616)
        at java.base@17.0.6/java.util.concurrent.LinkedTransferQueue.take(LinkedTransferQueue.java:1286)
        at app//org.elasticsearch.common.util.concurrent.SizeBlockingQueue.take(SizeBlockingQueue.java:152)
        at java.base@17.0.6/java.util.concurrent.ThreadPoolExecutor.getTask(ThreadPoolExecutor.java:1062)
        at java.base@17.0.6/java.util.concurrent.ThreadPoolExecutor.runWorker(ThreadPoolExecutor.java:1122)
        at java.base@17.0.6/java.util.concurrent.ThreadPoolExecutor$Worker.run(ThreadPoolExecutor.java:635)
        at java.base@17.0.6/java.lang.Thread.run(Thread.java:833)
   7) Thread[id=46, name=elasticsearch[node_s3][transport_worker][T#1], state=RUNNABLE, group=TGRP-VietnameseAnalysisIntegrationTests]
        at java.base@17.0.6/sun.nio.ch.EPoll.wait(Native Method)
        at java.base@17.0.6/sun.nio.ch.EPollSelectorImpl.doSelect(EPollSelectorImpl.java:118)
        at java.base@17.0.6/sun.nio.ch.SelectorImpl.lockAndDoSelect(SelectorImpl.java:129)
        at java.base@17.0.6/sun.nio.ch.SelectorImpl.select(SelectorImpl.java:146)
        at app//io.netty.channel.nio.NioEventLoop.select(NioEventLoop.java:879)
        at app//io.netty.channel.nio.NioEventLoop.run(NioEventLoop.java:526)
        at app//io.netty.util.concurrent.SingleThreadEventExecutor$4.run(SingleThreadEventExecutor.java:997)
        at app//io.netty.util.internal.ThreadExecutorMap$2.run(ThreadExecutorMap.java:74)
        at java.base@17.0.6/java.lang.Thread.run(Thread.java:833)
   8) Thread[id=60, name=elasticsearch[node_s0][transport_worker][T#4], state=RUNNABLE, group=TGRP-VietnameseAnalysisIntegrationTests]
        at java.base@17.0.6/sun.nio.ch.EPoll.wait(Native Method)
        at java.base@17.0.6/sun.nio.ch.EPollSelectorImpl.doSelect(EPollSelectorImpl.java:118)
        at java.base@17.0.6/sun.nio.ch.SelectorImpl.lockAndDoSelect(SelectorImpl.java:129)
        at java.base@17.0.6/sun.nio.ch.SelectorImpl.select(SelectorImpl.java:146)
        at app//io.netty.channel.nio.NioEventLoop.select(NioEventLoop.java:879)
        at app//io.netty.channel.nio.NioEventLoop.run(NioEventLoop.java:526)
        at app//io.netty.util.concurrent.SingleThreadEventExecutor$4.run(SingleThreadEventExecutor.java:997)
        at app//io.netty.util.internal.ThreadExecutorMap$2.run(ThreadExecutorMap.java:74)
        at java.base@17.0.6/java.lang.Thread.run(Thread.java:833)
   9) Thread[id=100, name=elasticsearch[node_s0][management][T#1], state=TIMED_WAITING, group=TGRP-VietnameseAnalysisIntegrationTests]
        at java.base@17.0.6/jdk.internal.misc.Unsafe.park(Native Method)
        at java.base@17.0.6/java.util.concurrent.locks.LockSupport.parkNanos(LockSupport.java:252)
        at java.base@17.0.6/java.util.concurrent.LinkedTransferQueue.awaitMatch(LinkedTransferQueue.java:676)
        at java.base@17.0.6/java.util.concurrent.LinkedTransferQueue.xfer(LinkedTransferQueue.java:616)
        at java.base@17.0.6/java.util.concurrent.LinkedTransferQueue.poll(LinkedTransferQueue.java:1294)
        at java.base@17.0.6/java.util.concurrent.ThreadPoolExecutor.getTask(ThreadPoolExecutor.java:1061)
        at java.base@17.0.6/java.util.concurrent.ThreadPoolExecutor.runWorker(ThreadPoolExecutor.java:1122)
        at java.base@17.0.6/java.util.concurrent.ThreadPoolExecutor$Worker.run(ThreadPoolExecutor.java:635)
        at java.base@17.0.6/java.lang.Thread.run(Thread.java:833)
  10) Thread[id=88, name=elasticsearch[node_s2][generic][T#4], state=TIMED_WAITING, group=TGRP-VietnameseAnalysisIntegrationTests]
        at java.base@17.0.6/jdk.internal.misc.Unsafe.park(Native Method)
        at java.base@17.0.6/java.util.concurrent.locks.LockSupport.parkNanos(LockSupport.java:252)
        at java.base@17.0.6/java.util.concurrent.LinkedTransferQueue.awaitMatch(LinkedTransferQueue.java:676)
        at java.base@17.0.6/java.util.concurrent.LinkedTransferQueue.xfer(LinkedTransferQueue.java:616)
        at java.base@17.0.6/java.util.concurrent.LinkedTransferQueue.poll(LinkedTransferQueue.java:1294)
        at java.base@17.0.6/java.util.concurrent.ThreadPoolExecutor.getTask(ThreadPoolExecutor.java:1061)
        at java.base@17.0.6/java.util.concurrent.ThreadPoolExecutor.runWorker(ThreadPoolExecutor.java:1122)
        at java.base@17.0.6/java.util.concurrent.ThreadPoolExecutor$Worker.run(ThreadPoolExecutor.java:635)
        at java.base@17.0.6/java.lang.Thread.run(Thread.java:833)
  11) Thread[id=64, name=elasticsearch[node_s3][generic][T#1], state=TIMED_WAITING, group=TGRP-VietnameseAnalysisIntegrationTests]
        at java.base@17.0.6/jdk.internal.misc.Unsafe.park(Native Method)
        at java.base@17.0.6/java.util.concurrent.locks.LockSupport.parkNanos(LockSupport.java:252)
        at java.base@17.0.6/java.util.concurrent.LinkedTransferQueue.awaitMatch(LinkedTransferQueue.java:676)
        at java.base@17.0.6/java.util.concurrent.LinkedTransferQueue.xfer(LinkedTransferQueue.java:616)
        at java.base@17.0.6/java.util.concurrent.LinkedTransferQueue.poll(LinkedTransferQueue.java:1294)
        at java.base@17.0.6/java.util.concurrent.ThreadPoolExecutor.getTask(ThreadPoolExecutor.java:1061)
        at java.base@17.0.6/java.util.concurrent.ThreadPoolExecutor.runWorker(ThreadPoolExecutor.java:1122)
        at java.base@17.0.6/java.util.concurrent.ThreadPoolExecutor$Worker.run(ThreadPoolExecutor.java:635)
        at java.base@17.0.6/java.lang.Thread.run(Thread.java:833)
  12) Thread[id=119, name=elasticsearch[node_s2][generic][T#6], state=TIMED_WAITING, group=TGRP-VietnameseAnalysisIntegrationTests]
        at java.base@17.0.6/jdk.internal.misc.Unsafe.park(Native Method)
        at java.base@17.0.6/java.util.concurrent.locks.LockSupport.parkNanos(LockSupport.java:252)
        at java.base@17.0.6/java.util.concurrent.LinkedTransferQueue.awaitMatch(LinkedTransferQueue.java:676)
        at java.base@17.0.6/java.util.concurrent.LinkedTransferQueue.xfer(LinkedTransferQueue.java:616)
        at java.base@17.0.6/java.util.concurrent.LinkedTransferQueue.poll(LinkedTransferQueue.java:1294)
        at java.base@17.0.6/java.util.concurrent.ThreadPoolExecutor.getTask(ThreadPoolExecutor.java:1061)
        at java.base@17.0.6/java.util.concurrent.ThreadPoolExecutor.runWorker(ThreadPoolExecutor.java:1122)
        at java.base@17.0.6/java.util.concurrent.ThreadPoolExecutor$Worker.run(ThreadPoolExecutor.java:635)
        at java.base@17.0.6/java.lang.Thread.run(Thread.java:833)
  13) Thread[id=47, name=elasticsearch[node_s0][transport_worker][T#1], state=RUNNABLE, group=TGRP-VietnameseAnalysisIntegrationTests]
        at java.base@17.0.6/sun.nio.ch.EPoll.wait(Native Method)
        at java.base@17.0.6/sun.nio.ch.EPollSelectorImpl.doSelect(EPollSelectorImpl.java:118)
        at java.base@17.0.6/sun.nio.ch.SelectorImpl.lockAndDoSelect(SelectorImpl.java:129)
        at java.base@17.0.6/sun.nio.ch.SelectorImpl.select(SelectorImpl.java:146)
        at app//io.netty.channel.nio.NioEventLoop.select(NioEventLoop.java:879)
        at app//io.netty.channel.nio.NioEventLoop.run(NioEventLoop.java:526)
        at app//io.netty.util.concurrent.SingleThreadEventExecutor$4.run(SingleThreadEventExecutor.java:997)
        at app//io.netty.util.internal.ThreadExecutorMap$2.run(ThreadExecutorMap.java:74)
        at java.base@17.0.6/java.lang.Thread.run(Thread.java:833)
  14) Thread[id=56, name=elasticsearch[node_s2][transport_worker][T#4], state=RUNNABLE, group=TGRP-VietnameseAnalysisIntegrationTests]
        at java.base@17.0.6/sun.nio.ch.EPoll.wait(Native Method)
        at java.base@17.0.6/sun.nio.ch.EPollSelectorImpl.doSelect(EPollSelectorImpl.java:118)
        at java.base@17.0.6/sun.nio.ch.SelectorImpl.lockAndDoSelect(SelectorImpl.java:129)
        at java.base@17.0.6/sun.nio.ch.SelectorImpl.select(SelectorImpl.java:146)
        at app//io.netty.channel.nio.NioEventLoop.select(NioEventLoop.java:879)
        at app//io.netty.channel.nio.NioEventLoop.run(NioEventLoop.java:526)
        at app//io.netty.util.concurrent.SingleThreadEventExecutor$4.run(SingleThreadEventExecutor.java:997)
        at app//io.netty.util.internal.ThreadExecutorMap$2.run(ThreadExecutorMap.java:74)
        at java.base@17.0.6/java.lang.Thread.run(Thread.java:833)
  15) Thread[id=103, name=elasticsearch[node_s0][management][T#2], state=TIMED_WAITING, group=TGRP-VietnameseAnalysisIntegrationTests]
        at java.base@17.0.6/jdk.internal.misc.Unsafe.park(Native Method)
        at java.base@17.0.6/java.util.concurrent.locks.LockSupport.parkNanos(LockSupport.java:252)
        at java.base@17.0.6/java.util.concurrent.LinkedTransferQueue.awaitMatch(LinkedTransferQueue.java:676)
        at java.base@17.0.6/java.util.concurrent.LinkedTransferQueue.xfer(LinkedTransferQueue.java:616)
        at java.base@17.0.6/java.util.concurrent.LinkedTransferQueue.poll(LinkedTransferQueue.java:1294)
        at java.base@17.0.6/java.util.concurrent.ThreadPoolExecutor.getTask(ThreadPoolExecutor.java:1061)
        at java.base@17.0.6/java.util.concurrent.ThreadPoolExecutor.runWorker(ThreadPoolExecutor.java:1122)
        at java.base@17.0.6/java.util.concurrent.ThreadPoolExecutor$Worker.run(ThreadPoolExecutor.java:635)
        at java.base@17.0.6/java.lang.Thread.run(Thread.java:833)
  16) Thread[id=55, name=elasticsearch[node_s4][transport_worker][T#3], state=RUNNABLE, group=TGRP-VietnameseAnalysisIntegrationTests]
        at java.base@17.0.6/sun.nio.ch.EPoll.wait(Native Method)
        at java.base@17.0.6/sun.nio.ch.EPollSelectorImpl.doSelect(EPollSelectorImpl.java:118)
        at java.base@17.0.6/sun.nio.ch.SelectorImpl.lockAndDoSelect(SelectorImpl.java:129)
        at java.base@17.0.6/sun.nio.ch.SelectorImpl.select(SelectorImpl.java:146)
        at app//io.netty.channel.nio.NioEventLoop.select(NioEventLoop.java:879)
        at app//io.netty.channel.nio.NioEventLoop.run(NioEventLoop.java:526)
        at app//io.netty.util.concurrent.SingleThreadEventExecutor$4.run(SingleThreadEventExecutor.java:997)
        at app//io.netty.util.internal.ThreadExecutorMap$2.run(ThreadExecutorMap.java:74)
        at java.base@17.0.6/java.lang.Thread.run(Thread.java:833)
  17) Thread[id=35, name=elasticsearch[node_s2][scheduler][T#1], state=TIMED_WAITING, group=TGRP-VietnameseAnalysisIntegrationTests]
        at java.base@17.0.6/jdk.internal.misc.Unsafe.park(Native Method)
        at java.base@17.0.6/java.util.concurrent.locks.LockSupport.parkNanos(LockSupport.java:252)
        at java.base@17.0.6/java.util.concurrent.locks.AbstractQueuedSynchronizer$ConditionObject.awaitNanos(AbstractQueuedSynchronizer.java:1672)
        at java.base@17.0.6/java.util.concurrent.ScheduledThreadPoolExecutor$DelayedWorkQueue.take(ScheduledThreadPoolExecutor.java:1182)
        at java.base@17.0.6/java.util.concurrent.ScheduledThreadPoolExecutor$DelayedWorkQueue.take(ScheduledThreadPoolExecutor.java:899)
        at java.base@17.0.6/java.util.concurrent.ThreadPoolExecutor.getTask(ThreadPoolExecutor.java:1062)
        at java.base@17.0.6/java.util.concurrent.ThreadPoolExecutor.runWorker(ThreadPoolExecutor.java:1122)
        at java.base@17.0.6/java.util.concurrent.ThreadPoolExecutor$Worker.run(ThreadPoolExecutor.java:635)
        at java.base@17.0.6/java.lang.Thread.run(Thread.java:833)
  18) Thread[id=82, name=elasticsearch[node_s3][generic][T#3], state=TIMED_WAITING, group=TGRP-VietnameseAnalysisIntegrationTests]
        at java.base@17.0.6/jdk.internal.misc.Unsafe.park(Native Method)
        at java.base@17.0.6/java.util.concurrent.locks.LockSupport.parkNanos(LockSupport.java:252)
        at java.base@17.0.6/java.util.concurrent.LinkedTransferQueue.awaitMatch(LinkedTransferQueue.java:676)
        at java.base@17.0.6/java.util.concurrent.LinkedTransferQueue.xfer(LinkedTransferQueue.java:616)
        at java.base@17.0.6/java.util.concurrent.LinkedTransferQueue.poll(LinkedTransferQueue.java:1294)
        at java.base@17.0.6/java.util.concurrent.ThreadPoolExecutor.getTask(ThreadPoolExecutor.java:1061)
        at java.base@17.0.6/java.util.concurrent.ThreadPoolExecutor.runWorker(ThreadPoolExecutor.java:1122)
        at java.base@17.0.6/java.util.concurrent.ThreadPoolExecutor$Worker.run(ThreadPoolExecutor.java:635)
        at java.base@17.0.6/java.lang.Thread.run(Thread.java:833)
  19) Thread[id=95, name=elasticsearch[node_s3][clusterApplierService#updateTask][T#1], state=WAITING, group=TGRP-VietnameseAnalysisIntegrationTests]
        at java.base@17.0.6/jdk.internal.misc.Unsafe.park(Native Method)
        at java.base@17.0.6/java.util.concurrent.locks.LockSupport.park(LockSupport.java:341)
        at java.base@17.0.6/java.util.concurrent.locks.AbstractQueuedSynchronizer$ConditionNode.block(AbstractQueuedSynchronizer.java:506)
        at java.base@17.0.6/java.util.concurrent.ForkJoinPool.unmanagedBlock(ForkJoinPool.java:3463)
        at java.base@17.0.6/java.util.concurrent.ForkJoinPool.managedBlock(ForkJoinPool.java:3434)
        at java.base@17.0.6/java.util.concurrent.locks.AbstractQueuedSynchronizer$ConditionObject.await(AbstractQueuedSynchronizer.java:1623)
        at java.base@17.0.6/java.util.concurrent.PriorityBlockingQueue.take(PriorityBlockingQueue.java:535)
        at java.base@17.0.6/java.util.concurrent.ThreadPoolExecutor.getTask(ThreadPoolExecutor.java:1062)
        at java.base@17.0.6/java.util.concurrent.ThreadPoolExecutor.runWorker(ThreadPoolExecutor.java:1122)
        at java.base@17.0.6/java.util.concurrent.ThreadPoolExecutor$Worker.run(ThreadPoolExecutor.java:635)
        at java.base@17.0.6/java.lang.Thread.run(Thread.java:833)
  20) Thread[id=111, name=elasticsearch[node_s4][generic][T#5], state=TIMED_WAITING, group=TGRP-VietnameseAnalysisIntegrationTests]
        at java.base@17.0.6/jdk.internal.misc.Unsafe.park(Native Method)
        at java.base@17.0.6/java.util.concurrent.locks.LockSupport.parkNanos(LockSupport.java:252)
        at java.base@17.0.6/java.util.concurrent.LinkedTransferQueue.awaitMatch(LinkedTransferQueue.java:676)
        at java.base@17.0.6/java.util.concurrent.LinkedTransferQueue.xfer(LinkedTransferQueue.java:616)
        at java.base@17.0.6/java.util.concurrent.LinkedTransferQueue.poll(LinkedTransferQueue.java:1294)
        at java.base@17.0.6/java.util.concurrent.ThreadPoolExecutor.getTask(ThreadPoolExecutor.java:1061)
        at java.base@17.0.6/java.util.concurrent.ThreadPoolExecutor.runWorker(ThreadPoolExecutor.java:1122)
        at java.base@17.0.6/java.util.concurrent.ThreadPoolExecutor$Worker.run(ThreadPoolExecutor.java:635)
        at java.base@17.0.6/java.lang.Thread.run(Thread.java:833)
  21) Thread[id=49, name=elasticsearch[node_s4][transport_worker][T#1], state=RUNNABLE, group=TGRP-VietnameseAnalysisIntegrationTests]
        at java.base@17.0.6/sun.nio.ch.EPoll.wait(Native Method)
        at java.base@17.0.6/sun.nio.ch.EPollSelectorImpl.doSelect(EPollSelectorImpl.java:118)
        at java.base@17.0.6/sun.nio.ch.SelectorImpl.lockAndDoSelect(SelectorImpl.java:129)
        at java.base@17.0.6/sun.nio.ch.SelectorImpl.select(SelectorImpl.java:146)
        at app//io.netty.channel.nio.NioEventLoop.select(NioEventLoop.java:879)
        at app//io.netty.channel.nio.NioEventLoop.run(NioEventLoop.java:526)
        at app//io.netty.util.concurrent.SingleThreadEventExecutor$4.run(SingleThreadEventExecutor.java:997)
        at app//io.netty.util.internal.ThreadExecutorMap$2.run(ThreadExecutorMap.java:74)
        at java.base@17.0.6/java.lang.Thread.run(Thread.java:833)
  22) Thread[id=73, name=elasticsearch[node_s4][clusterApplierService#updateTask][T#1], state=WAITING, group=TGRP-VietnameseAnalysisIntegrationTests]
        at java.base@17.0.6/jdk.internal.misc.Unsafe.park(Native Method)
        at java.base@17.0.6/java.util.concurrent.locks.LockSupport.park(LockSupport.java:341)
        at java.base@17.0.6/java.util.concurrent.locks.AbstractQueuedSynchronizer$ConditionNode.block(AbstractQueuedSynchronizer.java:506)
        at java.base@17.0.6/java.util.concurrent.ForkJoinPool.unmanagedBlock(ForkJoinPool.java:3463)
        at java.base@17.0.6/java.util.concurrent.ForkJoinPool.managedBlock(ForkJoinPool.java:3434)
        at java.base@17.0.6/java.util.concurrent.locks.AbstractQueuedSynchronizer$ConditionObject.await(AbstractQueuedSynchronizer.java:1623)
        at java.base@17.0.6/java.util.concurrent.PriorityBlockingQueue.take(PriorityBlockingQueue.java:535)
        at java.base@17.0.6/java.util.concurrent.ThreadPoolExecutor.getTask(ThreadPoolExecutor.java:1062)
        at java.base@17.0.6/java.util.concurrent.ThreadPoolExecutor.runWorker(ThreadPoolExecutor.java:1122)
        at java.base@17.0.6/java.util.concurrent.ThreadPoolExecutor$Worker.run(ThreadPoolExecutor.java:635)
        at java.base@17.0.6/java.lang.Thread.run(Thread.java:833)
  23) Thread[id=116, name=elasticsearch[node_s3][generic][T#6], state=TIMED_WAITING, group=TGRP-VietnameseAnalysisIntegrationTests]
        at java.base@17.0.6/jdk.internal.misc.Unsafe.park(Native Method)
        at java.base@17.0.6/java.util.concurrent.locks.LockSupport.parkNanos(LockSupport.java:252)
        at java.base@17.0.6/java.util.concurrent.LinkedTransferQueue.awaitMatch(LinkedTransferQueue.java:676)
        at java.base@17.0.6/java.util.concurrent.LinkedTransferQueue.xfer(LinkedTransferQueue.java:616)
        at java.base@17.0.6/java.util.concurrent.LinkedTransferQueue.poll(LinkedTransferQueue.java:1294)
        at java.base@17.0.6/java.util.concurrent.ThreadPoolExecutor.getTask(ThreadPoolExecutor.java:1061)
        at java.base@17.0.6/java.util.concurrent.ThreadPoolExecutor.runWorker(ThreadPoolExecutor.java:1122)
        at java.base@17.0.6/java.util.concurrent.ThreadPoolExecutor$Worker.run(ThreadPoolExecutor.java:635)
        at java.base@17.0.6/java.lang.Thread.run(Thread.java:833)
  24) Thread[id=74, name=elasticsearch[node_s0][clusterApplierService#updateTask][T#1], state=WAITING, group=TGRP-VietnameseAnalysisIntegrationTests]
        at java.base@17.0.6/jdk.internal.misc.Unsafe.park(Native Method)
        at java.base@17.0.6/java.util.concurrent.locks.LockSupport.park(LockSupport.java:341)
        at java.base@17.0.6/java.util.concurrent.locks.AbstractQueuedSynchronizer$ConditionNode.block(AbstractQueuedSynchronizer.java:506)
        at java.base@17.0.6/java.util.concurrent.ForkJoinPool.unmanagedBlock(ForkJoinPool.java:3463)
        at java.base@17.0.6/java.util.concurrent.ForkJoinPool.managedBlock(ForkJoinPool.java:3434)
        at java.base@17.0.6/java.util.concurrent.locks.AbstractQueuedSynchronizer$ConditionObject.await(AbstractQueuedSynchronizer.java:1623)
        at java.base@17.0.6/java.util.concurrent.PriorityBlockingQueue.take(PriorityBlockingQueue.java:535)
        at java.base@17.0.6/java.util.concurrent.ThreadPoolExecutor.getTask(ThreadPoolExecutor.java:1062)
        at java.base@17.0.6/java.util.concurrent.ThreadPoolExecutor.runWorker(ThreadPoolExecutor.java:1122)
        at java.base@17.0.6/java.util.concurrent.ThreadPoolExecutor$Worker.run(ThreadPoolExecutor.java:635)
        at java.base@17.0.6/java.lang.Thread.run(Thread.java:833)
  25) Thread[id=54, name=elasticsearch[node_s2][transport_worker][T#3], state=RUNNABLE, group=TGRP-VietnameseAnalysisIntegrationTests]
        at java.base@17.0.6/sun.nio.ch.EPoll.wait(Native Method)
        at java.base@17.0.6/sun.nio.ch.EPollSelectorImpl.doSelect(EPollSelectorImpl.java:118)
        at java.base@17.0.6/sun.nio.ch.SelectorImpl.lockAndDoSelect(SelectorImpl.java:129)
        at java.base@17.0.6/sun.nio.ch.SelectorImpl.select(SelectorImpl.java:146)
        at app//io.netty.channel.nio.NioEventLoop.select(NioEventLoop.java:879)
        at app//io.netty.channel.nio.NioEventLoop.run(NioEventLoop.java:526)
        at app//io.netty.util.concurrent.SingleThreadEventExecutor$4.run(SingleThreadEventExecutor.java:997)
        at app//io.netty.util.internal.ThreadExecutorMap$2.run(ThreadExecutorMap.java:74)
        at java.base@17.0.6/java.lang.Thread.run(Thread.java:833)
  26) Thread[id=117, name=elasticsearch[node_s4][generic][T#6], state=TIMED_WAITING, group=TGRP-VietnameseAnalysisIntegrationTests]
        at java.base@17.0.6/jdk.internal.misc.Unsafe.park(Native Method)
        at java.base@17.0.6/java.util.concurrent.locks.LockSupport.parkNanos(LockSupport.java:252)
        at java.base@17.0.6/java.util.concurrent.LinkedTransferQueue.awaitMatch(LinkedTransferQueue.java:676)
        at java.base@17.0.6/java.util.concurrent.LinkedTransferQueue.xfer(LinkedTransferQueue.java:616)
        at java.base@17.0.6/java.util.concurrent.LinkedTransferQueue.poll(LinkedTransferQueue.java:1294)
        at java.base@17.0.6/java.util.concurrent.ThreadPoolExecutor.getTask(ThreadPoolExecutor.java:1061)
        at java.base@17.0.6/java.util.concurrent.ThreadPoolExecutor.runWorker(ThreadPoolExecutor.java:1122)
        at java.base@17.0.6/java.util.concurrent.ThreadPoolExecutor$Worker.run(ThreadPoolExecutor.java:635)
        at java.base@17.0.6/java.lang.Thread.run(Thread.java:833)
  27) Thread[id=61, name=elasticsearch[node_s0][generic][T#1], state=TIMED_WAITING, group=TGRP-VietnameseAnalysisIntegrationTests]
        at java.base@17.0.6/jdk.internal.misc.Unsafe.park(Native Method)
        at java.base@17.0.6/java.util.concurrent.locks.LockSupport.parkNanos(LockSupport.java:252)
        at java.base@17.0.6/java.util.concurrent.LinkedTransferQueue.awaitMatch(LinkedTransferQueue.java:676)
        at java.base@17.0.6/java.util.concurrent.LinkedTransferQueue.xfer(LinkedTransferQueue.java:616)
        at java.base@17.0.6/java.util.concurrent.LinkedTransferQueue.poll(LinkedTransferQueue.java:1294)
        at java.base@17.0.6/java.util.concurrent.ThreadPoolExecutor.getTask(ThreadPoolExecutor.java:1061)
        at java.base@17.0.6/java.util.concurrent.ThreadPoolExecutor.runWorker(ThreadPoolExecutor.java:1122)
        at java.base@17.0.6/java.util.concurrent.ThreadPoolExecutor$Worker.run(ThreadPoolExecutor.java:635)
        at java.base@17.0.6/java.lang.Thread.run(Thread.java:833)
  28) Thread[id=81, name=elasticsearch[node_s4][generic][T#3], state=TIMED_WAITING, group=TGRP-VietnameseAnalysisIntegrationTests]
        at java.base@17.0.6/jdk.internal.misc.Unsafe.park(Native Method)
        at java.base@17.0.6/java.util.concurrent.locks.LockSupport.parkNanos(LockSupport.java:252)
        at java.base@17.0.6/java.util.concurrent.LinkedTransferQueue.awaitMatch(LinkedTransferQueue.java:676)
        at java.base@17.0.6/java.util.concurrent.LinkedTransferQueue.xfer(LinkedTransferQueue.java:616)
        at java.base@17.0.6/java.util.concurrent.LinkedTransferQueue.poll(LinkedTransferQueue.java:1294)
        at java.base@17.0.6/java.util.concurrent.ThreadPoolExecutor.getTask(ThreadPoolExecutor.java:1061)
        at java.base@17.0.6/java.util.concurrent.ThreadPoolExecutor.runWorker(ThreadPoolExecutor.java:1122)
        at java.base@17.0.6/java.util.concurrent.ThreadPoolExecutor$Worker.run(ThreadPoolExecutor.java:635)
        at java.base@17.0.6/java.lang.Thread.run(Thread.java:833)
  29) Thread[id=91, name=elasticsearch[node_s0][generic][T#4], state=TIMED_WAITING, group=TGRP-VietnameseAnalysisIntegrationTests]
        at java.base@17.0.6/jdk.internal.misc.Unsafe.park(Native Method)
        at java.base@17.0.6/java.util.concurrent.locks.LockSupport.parkNanos(LockSupport.java:252)
        at java.base@17.0.6/java.util.concurrent.LinkedTransferQueue.awaitMatch(LinkedTransferQueue.java:676)
        at java.base@17.0.6/java.util.concurrent.LinkedTransferQueue.xfer(LinkedTransferQueue.java:616)
        at java.base@17.0.6/java.util.concurrent.LinkedTransferQueue.poll(LinkedTransferQueue.java:1294)
        at java.base@17.0.6/java.util.concurrent.ThreadPoolExecutor.getTask(ThreadPoolExecutor.java:1061)
        at java.base@17.0.6/java.util.concurrent.ThreadPoolExecutor.runWorker(ThreadPoolExecutor.java:1122)
        at java.base@17.0.6/java.util.concurrent.ThreadPoolExecutor$Worker.run(ThreadPoolExecutor.java:635)
        at java.base@17.0.6/java.lang.Thread.run(Thread.java:833)
  30) Thread[id=107, name=elasticsearch[node_s4][management][T#1], state=WAITING, group=TGRP-VietnameseAnalysisIntegrationTests]
        at java.base@17.0.6/jdk.internal.misc.Unsafe.park(Native Method)
        at java.base@17.0.6/java.util.concurrent.locks.LockSupport.park(LockSupport.java:341)
        at java.base@17.0.6/java.util.concurrent.LinkedTransferQueue$Node.block(LinkedTransferQueue.java:470)
        at java.base@17.0.6/java.util.concurrent.ForkJoinPool.unmanagedBlock(ForkJoinPool.java:3463)
        at java.base@17.0.6/java.util.concurrent.ForkJoinPool.managedBlock(ForkJoinPool.java:3434)
        at java.base@17.0.6/java.util.concurrent.LinkedTransferQueue.awaitMatch(LinkedTransferQueue.java:669)
        at java.base@17.0.6/java.util.concurrent.LinkedTransferQueue.xfer(LinkedTransferQueue.java:616)
        at java.base@17.0.6/java.util.concurrent.LinkedTransferQueue.take(LinkedTransferQueue.java:1286)
        at java.base@17.0.6/java.util.concurrent.ThreadPoolExecutor.getTask(ThreadPoolExecutor.java:1062)
        at java.base@17.0.6/java.util.concurrent.ThreadPoolExecutor.runWorker(ThreadPoolExecutor.java:1122)
        at java.base@17.0.6/java.util.concurrent.ThreadPoolExecutor$Worker.run(ThreadPoolExecutor.java:635)
        at java.base@17.0.6/java.lang.Thread.run(Thread.java:833)
  31) Thread[id=71, name=elasticsearch[node_s2][clusterApplierService#updateTask][T#1], state=WAITING, group=TGRP-VietnameseAnalysisIntegrationTests]
        at java.base@17.0.6/jdk.internal.misc.Unsafe.park(Native Method)
        at java.base@17.0.6/java.util.concurrent.locks.LockSupport.park(LockSupport.java:341)
        at java.base@17.0.6/java.util.concurrent.locks.AbstractQueuedSynchronizer$ConditionNode.block(AbstractQueuedSynchronizer.java:506)
        at java.base@17.0.6/java.util.concurrent.ForkJoinPool.unmanagedBlock(ForkJoinPool.java:3463)
        at java.base@17.0.6/java.util.concurrent.ForkJoinPool.managedBlock(ForkJoinPool.java:3434)
        at java.base@17.0.6/java.util.concurrent.locks.AbstractQueuedSynchronizer$ConditionObject.await(AbstractQueuedSynchronizer.java:1623)
        at java.base@17.0.6/java.util.concurrent.PriorityBlockingQueue.take(PriorityBlockingQueue.java:535)
        at java.base@17.0.6/java.util.concurrent.ThreadPoolExecutor.getTask(ThreadPoolExecutor.java:1062)
        at java.base@17.0.6/java.util.concurrent.ThreadPoolExecutor.runWorker(ThreadPoolExecutor.java:1122)
        at java.base@17.0.6/java.util.concurrent.ThreadPoolExecutor$Worker.run(ThreadPoolExecutor.java:635)
        at java.base@17.0.6/java.lang.Thread.run(Thread.java:833)
  32) Thread[id=76, name=elasticsearch[node_s4][generic][T#2], state=TIMED_WAITING, group=TGRP-VietnameseAnalysisIntegrationTests]
        at java.base@17.0.6/jdk.internal.misc.Unsafe.park(Native Method)
        at java.base@17.0.6/java.util.concurrent.locks.LockSupport.parkNanos(LockSupport.java:252)
        at java.base@17.0.6/java.util.concurrent.LinkedTransferQueue.awaitMatch(LinkedTransferQueue.java:676)
        at java.base@17.0.6/java.util.concurrent.LinkedTransferQueue.xfer(LinkedTransferQueue.java:616)
        at java.base@17.0.6/java.util.concurrent.LinkedTransferQueue.poll(LinkedTransferQueue.java:1294)
        at java.base@17.0.6/java.util.concurrent.ThreadPoolExecutor.getTask(ThreadPoolExecutor.java:1061)
        at java.base@17.0.6/java.util.concurrent.ThreadPoolExecutor.runWorker(ThreadPoolExecutor.java:1122)
        at java.base@17.0.6/java.util.concurrent.ThreadPoolExecutor$Worker.run(ThreadPoolExecutor.java:635)
        at java.base@17.0.6/java.lang.Thread.run(Thread.java:833)
  33) Thread[id=118, name=elasticsearch[node_s0][generic][T#6], state=TIMED_WAITING, group=TGRP-VietnameseAnalysisIntegrationTests]
        at java.base@17.0.6/jdk.internal.misc.Unsafe.park(Native Method)
        at java.base@17.0.6/java.util.concurrent.locks.LockSupport.parkNanos(LockSupport.java:252)
        at java.base@17.0.6/java.util.concurrent.LinkedTransferQueue.awaitMatch(LinkedTransferQueue.java:676)
        at java.base@17.0.6/java.util.concurrent.LinkedTransferQueue.xfer(LinkedTransferQueue.java:616)
        at java.base@17.0.6/java.util.concurrent.LinkedTransferQueue.poll(LinkedTransferQueue.java:1294)
        at java.base@17.0.6/java.util.concurrent.ThreadPoolExecutor.getTask(ThreadPoolExecutor.java:1061)
        at java.base@17.0.6/java.util.concurrent.ThreadPoolExecutor.runWorker(ThreadPoolExecutor.java:1122)
        at java.base@17.0.6/java.util.concurrent.ThreadPoolExecutor$Worker.run(ThreadPoolExecutor.java:635)
        at java.base@17.0.6/java.lang.Thread.run(Thread.java:833)
  34) Thread[id=37, name=elasticsearch[node_s3][scheduler][T#1], state=TIMED_WAITING, group=TGRP-VietnameseAnalysisIntegrationTests]
        at java.base@17.0.6/jdk.internal.misc.Unsafe.park(Native Method)
        at java.base@17.0.6/java.util.concurrent.locks.LockSupport.parkNanos(LockSupport.java:252)
        at java.base@17.0.6/java.util.concurrent.locks.AbstractQueuedSynchronizer$ConditionObject.awaitNanos(AbstractQueuedSynchronizer.java:1672)
        at java.base@17.0.6/java.util.concurrent.ScheduledThreadPoolExecutor$DelayedWorkQueue.take(ScheduledThreadPoolExecutor.java:1182)
        at java.base@17.0.6/java.util.concurrent.ScheduledThreadPoolExecutor$DelayedWorkQueue.take(ScheduledThreadPoolExecutor.java:899)
        at java.base@17.0.6/java.util.concurrent.ThreadPoolExecutor.getTask(ThreadPoolExecutor.java:1062)
        at java.base@17.0.6/java.util.concurrent.ThreadPoolExecutor.runWorker(ThreadPoolExecutor.java:1122)
        at java.base@17.0.6/java.util.concurrent.ThreadPoolExecutor$Worker.run(ThreadPoolExecutor.java:635)
        at java.base@17.0.6/java.lang.Thread.run(Thread.java:833)
  35) Thread[id=98, name=elasticsearch[node_s2][cluster_coordination][T#1], state=WAITING, group=TGRP-VietnameseAnalysisIntegrationTests]
        at java.base@17.0.6/jdk.internal.misc.Unsafe.park(Native Method)
        at java.base@17.0.6/java.util.concurrent.locks.LockSupport.park(LockSupport.java:341)
        at java.base@17.0.6/java.util.concurrent.LinkedTransferQueue$Node.block(LinkedTransferQueue.java:470)
        at java.base@17.0.6/java.util.concurrent.ForkJoinPool.unmanagedBlock(ForkJoinPool.java:3463)
        at java.base@17.0.6/java.util.concurrent.ForkJoinPool.managedBlock(ForkJoinPool.java:3434)
        at java.base@17.0.6/java.util.concurrent.LinkedTransferQueue.awaitMatch(LinkedTransferQueue.java:669)
        at java.base@17.0.6/java.util.concurrent.LinkedTransferQueue.xfer(LinkedTransferQueue.java:616)
        at java.base@17.0.6/java.util.concurrent.LinkedTransferQueue.take(LinkedTransferQueue.java:1286)
        at java.base@17.0.6/java.util.concurrent.ThreadPoolExecutor.getTask(ThreadPoolExecutor.java:1062)
        at java.base@17.0.6/java.util.concurrent.ThreadPoolExecutor.runWorker(ThreadPoolExecutor.java:1122)
        at java.base@17.0.6/java.util.concurrent.ThreadPoolExecutor$Worker.run(ThreadPoolExecutor.java:635)
        at java.base@17.0.6/java.lang.Thread.run(Thread.java:833)
  36) Thread[id=78, name=elasticsearch[node_s1][generic][T#2], state=TIMED_WAITING, group=TGRP-VietnameseAnalysisIntegrationTests]
        at java.base@17.0.6/jdk.internal.misc.Unsafe.park(Native Method)
        at java.base@17.0.6/java.util.concurrent.locks.LockSupport.parkNanos(LockSupport.java:252)
        at java.base@17.0.6/java.util.concurrent.LinkedTransferQueue.awaitMatch(LinkedTransferQueue.java:676)
        at java.base@17.0.6/java.util.concurrent.LinkedTransferQueue.xfer(LinkedTransferQueue.java:616)
        at java.base@17.0.6/java.util.concurrent.LinkedTransferQueue.poll(LinkedTransferQueue.java:1294)
        at java.base@17.0.6/java.util.concurrent.ThreadPoolExecutor.getTask(ThreadPoolExecutor.java:1061)
        at java.base@17.0.6/java.util.concurrent.ThreadPoolExecutor.runWorker(ThreadPoolExecutor.java:1122)
        at java.base@17.0.6/java.util.concurrent.ThreadPoolExecutor$Worker.run(ThreadPoolExecutor.java:635)
        at java.base@17.0.6/java.lang.Thread.run(Thread.java:833)
  37) Thread[id=96, name=elasticsearch[node_s4][cluster_coordination][T#1], state=WAITING, group=TGRP-VietnameseAnalysisIntegrationTests]
        at java.base@17.0.6/jdk.internal.misc.Unsafe.park(Native Method)
        at java.base@17.0.6/java.util.concurrent.locks.LockSupport.park(LockSupport.java:341)
        at java.base@17.0.6/java.util.concurrent.LinkedTransferQueue$Node.block(LinkedTransferQueue.java:470)
        at java.base@17.0.6/java.util.concurrent.ForkJoinPool.unmanagedBlock(ForkJoinPool.java:3463)
        at java.base@17.0.6/java.util.concurrent.ForkJoinPool.managedBlock(ForkJoinPool.java:3434)
        at java.base@17.0.6/java.util.concurrent.LinkedTransferQueue.awaitMatch(LinkedTransferQueue.java:669)
        at java.base@17.0.6/java.util.concurrent.LinkedTransferQueue.xfer(LinkedTransferQueue.java:616)
        at java.base@17.0.6/java.util.concurrent.LinkedTransferQueue.take(LinkedTransferQueue.java:1286)
        at java.base@17.0.6/java.util.concurrent.ThreadPoolExecutor.getTask(ThreadPoolExecutor.java:1062)
        at java.base@17.0.6/java.util.concurrent.ThreadPoolExecutor.runWorker(ThreadPoolExecutor.java:1122)
        at java.base@17.0.6/java.util.concurrent.ThreadPoolExecutor$Worker.run(ThreadPoolExecutor.java:635)
        at java.base@17.0.6/java.lang.Thread.run(Thread.java:833)
  38) Thread[id=58, name=elasticsearch[node_s0][transport_worker][T#2], state=RUNNABLE, group=TGRP-VietnameseAnalysisIntegrationTests]
        at java.base@17.0.6/sun.nio.ch.EPoll.wait(Native Method)
        at java.base@17.0.6/sun.nio.ch.EPollSelectorImpl.doSelect(EPollSelectorImpl.java:118)
        at java.base@17.0.6/sun.nio.ch.SelectorImpl.lockAndDoSelect(SelectorImpl.java:129)
        at java.base@17.0.6/sun.nio.ch.SelectorImpl.select(SelectorImpl.java:146)
        at app//io.netty.channel.nio.NioEventLoop.select(NioEventLoop.java:879)
        at app//io.netty.channel.nio.NioEventLoop.run(NioEventLoop.java:526)
        at app//io.netty.util.concurrent.SingleThreadEventExecutor$4.run(SingleThreadEventExecutor.java:997)
        at app//io.netty.util.internal.ThreadExecutorMap$2.run(ThreadExecutorMap.java:74)
        at java.base@17.0.6/java.lang.Thread.run(Thread.java:833)
  39) Thread[id=31, name=elasticsearch[node_s0][scheduler][T#1], state=TIMED_WAITING, group=TGRP-VietnameseAnalysisIntegrationTests]
        at java.base@17.0.6/jdk.internal.misc.Unsafe.park(Native Method)
        at java.base@17.0.6/java.util.concurrent.locks.LockSupport.parkNanos(LockSupport.java:252)
        at java.base@17.0.6/java.util.concurrent.locks.AbstractQueuedSynchronizer$ConditionObject.awaitNanos(AbstractQueuedSynchronizer.java:1672)
        at java.base@17.0.6/java.util.concurrent.ScheduledThreadPoolExecutor$DelayedWorkQueue.take(ScheduledThreadPoolExecutor.java:1182)
        at java.base@17.0.6/java.util.concurrent.ScheduledThreadPoolExecutor$DelayedWorkQueue.take(ScheduledThreadPoolExecutor.java:899)
        at java.base@17.0.6/java.util.concurrent.ThreadPoolExecutor.getTask(ThreadPoolExecutor.java:1062)
        at java.base@17.0.6/java.util.concurrent.ThreadPoolExecutor.runWorker(ThreadPoolExecutor.java:1122)
        at java.base@17.0.6/java.util.concurrent.ThreadPoolExecutor$Worker.run(ThreadPoolExecutor.java:635)
        at java.base@17.0.6/java.lang.Thread.run(Thread.java:833)
  40) Thread[id=75, name=elasticsearch[node_s2][generic][T#2], state=TIMED_WAITING, group=TGRP-VietnameseAnalysisIntegrationTests]
        at java.base@17.0.6/jdk.internal.misc.Unsafe.park(Native Method)
        at java.base@17.0.6/java.util.concurrent.locks.LockSupport.parkNanos(LockSupport.java:252)
        at java.base@17.0.6/java.util.concurrent.LinkedTransferQueue.awaitMatch(LinkedTransferQueue.java:676)
        at java.base@17.0.6/java.util.concurrent.LinkedTransferQueue.xfer(LinkedTransferQueue.java:616)
        at java.base@17.0.6/java.util.concurrent.LinkedTransferQueue.poll(LinkedTransferQueue.java:1294)
        at java.base@17.0.6/java.util.concurrent.ThreadPoolExecutor.getTask(ThreadPoolExecutor.java:1061)
        at java.base@17.0.6/java.util.concurrent.ThreadPoolExecutor.runWorker(ThreadPoolExecutor.java:1122)
        at java.base@17.0.6/java.util.concurrent.ThreadPoolExecutor$Worker.run(ThreadPoolExecutor.java:635)
        at java.base@17.0.6/java.lang.Thread.run(Thread.java:833)
  41) Thread[id=50, name=elasticsearch[node_s1][transport_worker][T#2], state=RUNNABLE, group=TGRP-VietnameseAnalysisIntegrationTests]
        at java.base@17.0.6/sun.nio.ch.EPoll.wait(Native Method)
        at java.base@17.0.6/sun.nio.ch.EPollSelectorImpl.doSelect(EPollSelectorImpl.java:118)
        at java.base@17.0.6/sun.nio.ch.SelectorImpl.lockAndDoSelect(SelectorImpl.java:129)
        at java.base@17.0.6/sun.nio.ch.SelectorImpl.select(SelectorImpl.java:146)
        at app//io.netty.channel.nio.NioEventLoop.select(NioEventLoop.java:879)
        at app//io.netty.channel.nio.NioEventLoop.run(NioEventLoop.java:526)
        at app//io.netty.util.concurrent.SingleThreadEventExecutor$4.run(SingleThreadEventExecutor.java:997)
        at app//io.netty.util.internal.ThreadExecutorMap$2.run(ThreadExecutorMap.java:74)
        at java.base@17.0.6/java.lang.Thread.run(Thread.java:833)
  42) Thread[id=53, name=elasticsearch[node_s4][transport_worker][T#2], state=RUNNABLE, group=TGRP-VietnameseAnalysisIntegrationTests]
        at java.base@17.0.6/sun.nio.ch.EPoll.wait(Native Method)
        at java.base@17.0.6/sun.nio.ch.EPollSelectorImpl.doSelect(EPollSelectorImpl.java:118)
        at java.base@17.0.6/sun.nio.ch.SelectorImpl.lockAndDoSelect(SelectorImpl.java:129)
        at java.base@17.0.6/sun.nio.ch.SelectorImpl.select(SelectorImpl.java:146)
        at app//io.netty.channel.nio.NioEventLoop.select(NioEventLoop.java:879)
        at app//io.netty.channel.nio.NioEventLoop.run(NioEventLoop.java:526)
        at app//io.netty.util.concurrent.SingleThreadEventExecutor$4.run(SingleThreadEventExecutor.java:997)
        at app//io.netty.util.internal.ThreadExecutorMap$2.run(ThreadExecutorMap.java:74)
        at java.base@17.0.6/java.lang.Thread.run(Thread.java:833)
  43) Thread[id=83, name=elasticsearch[node_s2][generic][T#3], state=TIMED_WAITING, group=TGRP-VietnameseAnalysisIntegrationTests]
        at java.base@17.0.6/jdk.internal.misc.Unsafe.park(Native Method)
        at java.base@17.0.6/java.util.concurrent.locks.LockSupport.parkNanos(LockSupport.java:252)
        at java.base@17.0.6/java.util.concurrent.LinkedTransferQueue.awaitMatch(LinkedTransferQueue.java:676)
        at java.base@17.0.6/java.util.concurrent.LinkedTransferQueue.xfer(LinkedTransferQueue.java:616)
        at java.base@17.0.6/java.util.concurrent.LinkedTransferQueue.poll(LinkedTransferQueue.java:1294)
        at java.base@17.0.6/java.util.concurrent.ThreadPoolExecutor.getTask(ThreadPoolExecutor.java:1061)
        at java.base@17.0.6/java.util.concurrent.ThreadPoolExecutor.runWorker(ThreadPoolExecutor.java:1122)
        at java.base@17.0.6/java.util.concurrent.ThreadPoolExecutor$Worker.run(ThreadPoolExecutor.java:635)
        at java.base@17.0.6/java.lang.Thread.run(Thread.java:833)
  44) Thread[id=94, name=elasticsearch[node_s2][AsyncLucenePersistedState#updateTask][T#1], state=WAITING, group=TGRP-VietnameseAnalysisIntegrationTests]
        at java.base@17.0.6/jdk.internal.misc.Unsafe.park(Native Method)
        at java.base@17.0.6/java.util.concurrent.locks.LockSupport.park(LockSupport.java:341)
        at java.base@17.0.6/java.util.concurrent.LinkedTransferQueue$Node.block(LinkedTransferQueue.java:470)
        at java.base@17.0.6/java.util.concurrent.ForkJoinPool.unmanagedBlock(ForkJoinPool.java:3463)
        at java.base@17.0.6/java.util.concurrent.ForkJoinPool.managedBlock(ForkJoinPool.java:3434)
        at java.base@17.0.6/java.util.concurrent.LinkedTransferQueue.awaitMatch(LinkedTransferQueue.java:669)
        at java.base@17.0.6/java.util.concurrent.LinkedTransferQueue.xfer(LinkedTransferQueue.java:616)
        at java.base@17.0.6/java.util.concurrent.LinkedTransferQueue.take(LinkedTransferQueue.java:1286)
        at app//org.elasticsearch.common.util.concurrent.SizeBlockingQueue.take(SizeBlockingQueue.java:152)
        at java.base@17.0.6/java.util.concurrent.ThreadPoolExecutor.getTask(ThreadPoolExecutor.java:1062)
        at java.base@17.0.6/java.util.concurrent.ThreadPoolExecutor.runWorker(ThreadPoolExecutor.java:1122)
        at java.base@17.0.6/java.util.concurrent.ThreadPoolExecutor$Worker.run(ThreadPoolExecutor.java:635)
        at java.base@17.0.6/java.lang.Thread.run(Thread.java:833)
  45) Thread[id=77, name=elasticsearch[node_s3][generic][T#2], state=TIMED_WAITING, group=TGRP-VietnameseAnalysisIntegrationTests]
        at java.base@17.0.6/jdk.internal.misc.Unsafe.park(Native Method)
        at java.base@17.0.6/java.util.concurrent.locks.LockSupport.parkNanos(LockSupport.java:252)
        at java.base@17.0.6/java.util.concurrent.LinkedTransferQueue.awaitMatch(LinkedTransferQueue.java:676)
        at java.base@17.0.6/java.util.concurrent.LinkedTransferQueue.xfer(LinkedTransferQueue.java:616)
        at java.base@17.0.6/java.util.concurrent.LinkedTransferQueue.poll(LinkedTransferQueue.java:1294)
        at java.base@17.0.6/java.util.concurrent.ThreadPoolExecutor.getTask(ThreadPoolExecutor.java:1061)
        at java.base@17.0.6/java.util.concurrent.ThreadPoolExecutor.runWorker(ThreadPoolExecutor.java:1122)
        at java.base@17.0.6/java.util.concurrent.ThreadPoolExecutor$Worker.run(ThreadPoolExecutor.java:635)
        at java.base@17.0.6/java.lang.Thread.run(Thread.java:833)
  46) Thread[id=97, name=elasticsearch[node_s1][cluster_coordination][T#1], state=WAITING, group=TGRP-VietnameseAnalysisIntegrationTests]
        at java.base@17.0.6/jdk.internal.misc.Unsafe.park(Native Method)
        at java.base@17.0.6/java.util.concurrent.locks.LockSupport.park(LockSupport.java:341)
        at java.base@17.0.6/java.util.concurrent.LinkedTransferQueue$Node.block(LinkedTransferQueue.java:470)
        at java.base@17.0.6/java.util.concurrent.ForkJoinPool.unmanagedBlock(ForkJoinPool.java:3463)
        at java.base@17.0.6/java.util.concurrent.ForkJoinPool.managedBlock(ForkJoinPool.java:3434)
        at java.base@17.0.6/java.util.concurrent.LinkedTransferQueue.awaitMatch(LinkedTransferQueue.java:669)
        at java.base@17.0.6/java.util.concurrent.LinkedTransferQueue.xfer(LinkedTransferQueue.java:616)
        at java.base@17.0.6/java.util.concurrent.LinkedTransferQueue.take(LinkedTransferQueue.java:1286)
        at java.base@17.0.6/java.util.concurrent.ThreadPoolExecutor.getTask(ThreadPoolExecutor.java:1062)
        at java.base@17.0.6/java.util.concurrent.ThreadPoolExecutor.runWorker(ThreadPoolExecutor.java:1122)
        at java.base@17.0.6/java.util.concurrent.ThreadPoolExecutor$Worker.run(ThreadPoolExecutor.java:635)
        at java.base@17.0.6/java.lang.Thread.run(Thread.java:833)
  47) Thread[id=89, name=elasticsearch[node_s1][generic][T#4], state=TIMED_WAITING, group=TGRP-VietnameseAnalysisIntegrationTests]
        at java.base@17.0.6/jdk.internal.misc.Unsafe.park(Native Method)
        at java.base@17.0.6/java.util.concurrent.locks.LockSupport.parkNanos(LockSupport.java:252)
        at java.base@17.0.6/java.util.concurrent.LinkedTransferQueue.awaitMatch(LinkedTransferQueue.java:676)
        at java.base@17.0.6/java.util.concurrent.LinkedTransferQueue.xfer(LinkedTransferQueue.java:616)
        at java.base@17.0.6/java.util.concurrent.LinkedTransferQueue.poll(LinkedTransferQueue.java:1294)
        at java.base@17.0.6/java.util.concurrent.ThreadPoolExecutor.getTask(ThreadPoolExecutor.java:1061)
        at java.base@17.0.6/java.util.concurrent.ThreadPoolExecutor.runWorker(ThreadPoolExecutor.java:1122)
        at java.base@17.0.6/java.util.concurrent.ThreadPoolExecutor$Worker.run(ThreadPoolExecutor.java:635)
        at java.base@17.0.6/java.lang.Thread.run(Thread.java:833)
  48) Thread[id=101, name=FileSystemWatchService, state=RUNNABLE, group=TGRP-VietnameseAnalysisIntegrationTests]
        at java.base@17.0.6/sun.nio.fs.LinuxWatchService.poll(Native Method)
        at java.base@17.0.6/sun.nio.fs.LinuxWatchService$Poller.run(LinuxWatchService.java:314)
        at java.base@17.0.6/java.lang.Thread.run(Thread.java:833)
  49) Thread[id=113, name=elasticsearch[node_s2][generic][T#5], state=TIMED_WAITING, group=TGRP-VietnameseAnalysisIntegrationTests]
        at java.base@17.0.6/jdk.internal.misc.Unsafe.park(Native Method)
        at java.base@17.0.6/java.util.concurrent.locks.LockSupport.parkNanos(LockSupport.java:252)
        at java.base@17.0.6/java.util.concurrent.LinkedTransferQueue.awaitMatch(LinkedTransferQueue.java:676)
        at java.base@17.0.6/java.util.concurrent.LinkedTransferQueue.xfer(LinkedTransferQueue.java:616)
        at java.base@17.0.6/java.util.concurrent.LinkedTransferQueue.poll(LinkedTransferQueue.java:1294)
        at java.base@17.0.6/java.util.concurrent.ThreadPoolExecutor.getTask(ThreadPoolExecutor.java:1061)
        at java.base@17.0.6/java.util.concurrent.ThreadPoolExecutor.runWorker(ThreadPoolExecutor.java:1122)
        at java.base@17.0.6/java.util.concurrent.ThreadPoolExecutor$Worker.run(ThreadPoolExecutor.java:635)
        at java.base@17.0.6/java.lang.Thread.run(Thread.java:833)
  50) Thread[id=48, name=elasticsearch[node_s2][transport_worker][T#1], state=RUNNABLE, group=TGRP-VietnameseAnalysisIntegrationTests]
        at java.base@17.0.6/sun.nio.ch.EPoll.wait(Native Method)
        at java.base@17.0.6/sun.nio.ch.EPollSelectorImpl.doSelect(EPollSelectorImpl.java:118)
        at java.base@17.0.6/sun.nio.ch.SelectorImpl.lockAndDoSelect(SelectorImpl.java:129)
        at java.base@17.0.6/sun.nio.ch.SelectorImpl.select(SelectorImpl.java:146)
        at app//io.netty.channel.nio.NioEventLoop.select(NioEventLoop.java:879)
        at app//io.netty.channel.nio.NioEventLoop.run(NioEventLoop.java:526)
        at app//io.netty.util.concurrent.SingleThreadEventExecutor$4.run(SingleThreadEventExecutor.java:997)
        at app//io.netty.util.internal.ThreadExecutorMap$2.run(ThreadExecutorMap.java:74)
        at java.base@17.0.6/java.lang.Thread.run(Thread.java:833)
  51) Thread[id=63, name=elasticsearch[node_s1][generic][T#1], state=TIMED_WAITING, group=TGRP-VietnameseAnalysisIntegrationTests]
        at java.base@17.0.6/jdk.internal.misc.Unsafe.park(Native Method)
        at java.base@17.0.6/java.util.concurrent.locks.LockSupport.parkNanos(LockSupport.java:252)
        at java.base@17.0.6/java.util.concurrent.LinkedTransferQueue.awaitMatch(LinkedTransferQueue.java:676)
        at java.base@17.0.6/java.util.concurrent.LinkedTransferQueue.xfer(LinkedTransferQueue.java:616)
        at java.base@17.0.6/java.util.concurrent.LinkedTransferQueue.poll(LinkedTransferQueue.java:1294)
        at java.base@17.0.6/java.util.concurrent.ThreadPoolExecutor.getTask(ThreadPoolExecutor.java:1061)
        at java.base@17.0.6/java.util.concurrent.ThreadPoolExecutor.runWorker(ThreadPoolExecutor.java:1122)
        at java.base@17.0.6/java.util.concurrent.ThreadPoolExecutor$Worker.run(ThreadPoolExecutor.java:635)
        at java.base@17.0.6/java.lang.Thread.run(Thread.java:833)
  52) Thread[id=72, name=elasticsearch[node_s1][clusterApplierService#updateTask][T#1], state=WAITING, group=TGRP-VietnameseAnalysisIntegrationTests]
        at java.base@17.0.6/jdk.internal.misc.Unsafe.park(Native Method)
        at java.base@17.0.6/java.util.concurrent.locks.LockSupport.park(LockSupport.java:341)
        at java.base@17.0.6/java.util.concurrent.locks.AbstractQueuedSynchronizer$ConditionNode.block(AbstractQueuedSynchronizer.java:506)
        at java.base@17.0.6/java.util.concurrent.ForkJoinPool.unmanagedBlock(ForkJoinPool.java:3463)
        at java.base@17.0.6/java.util.concurrent.ForkJoinPool.managedBlock(ForkJoinPool.java:3434)
        at java.base@17.0.6/java.util.concurrent.locks.AbstractQueuedSynchronizer$ConditionObject.await(AbstractQueuedSynchronizer.java:1623)
        at java.base@17.0.6/java.util.concurrent.PriorityBlockingQueue.take(PriorityBlockingQueue.java:535)
        at java.base@17.0.6/java.util.concurrent.ThreadPoolExecutor.getTask(ThreadPoolExecutor.java:1062)
        at java.base@17.0.6/java.util.concurrent.ThreadPoolExecutor.runWorker(ThreadPoolExecutor.java:1122)
        at java.base@17.0.6/java.util.concurrent.ThreadPoolExecutor$Worker.run(ThreadPoolExecutor.java:635)
        at java.base@17.0.6/java.lang.Thread.run(Thread.java:833)
  53) Thread[id=106, name=elasticsearch[node_s2][management][T#1], state=WAITING, group=TGRP-VietnameseAnalysisIntegrationTests]
        at java.base@17.0.6/jdk.internal.misc.Unsafe.park(Native Method)
        at java.base@17.0.6/java.util.concurrent.locks.LockSupport.park(LockSupport.java:341)
        at java.base@17.0.6/java.util.concurrent.LinkedTransferQueue$Node.block(LinkedTransferQueue.java:470)
        at java.base@17.0.6/java.util.concurrent.ForkJoinPool.unmanagedBlock(ForkJoinPool.java:3463)
        at java.base@17.0.6/java.util.concurrent.ForkJoinPool.managedBlock(ForkJoinPool.java:3434)
        at java.base@17.0.6/java.util.concurrent.LinkedTransferQueue.awaitMatch(LinkedTransferQueue.java:669)
        at java.base@17.0.6/java.util.concurrent.LinkedTransferQueue.xfer(LinkedTransferQueue.java:616)
        at java.base@17.0.6/java.util.concurrent.LinkedTransferQueue.take(LinkedTransferQueue.java:1286)
        at java.base@17.0.6/java.util.concurrent.ThreadPoolExecutor.getTask(ThreadPoolExecutor.java:1062)
        at java.base@17.0.6/java.util.concurrent.ThreadPoolExecutor.runWorker(ThreadPoolExecutor.java:1122)
        at java.base@17.0.6/java.util.concurrent.ThreadPoolExecutor$Worker.run(ThreadPoolExecutor.java:635)
        at java.base@17.0.6/java.lang.Thread.run(Thread.java:833)
  54) Thread[id=57, name=elasticsearch[node_s4][transport_worker][T#4], state=RUNNABLE, group=TGRP-VietnameseAnalysisIntegrationTests]
        at java.base@17.0.6/sun.nio.ch.EPoll.wait(Native Method)
        at java.base@17.0.6/sun.nio.ch.EPollSelectorImpl.doSelect(EPollSelectorImpl.java:118)
        at java.base@17.0.6/sun.nio.ch.SelectorImpl.lockAndDoSelect(SelectorImpl.java:129)
        at java.base@17.0.6/sun.nio.ch.SelectorImpl.select(SelectorImpl.java:146)
        at app//io.netty.channel.nio.NioEventLoop.select(NioEventLoop.java:879)
        at app//io.netty.channel.nio.NioEventLoop.run(NioEventLoop.java:526)
        at app//io.netty.util.concurrent.SingleThreadEventExecutor$4.run(SingleThreadEventExecutor.java:997)
        at app//io.netty.util.internal.ThreadExecutorMap$2.run(ThreadExecutorMap.java:74)
        at java.base@17.0.6/java.lang.Thread.run(Thread.java:833)
  55) Thread[id=39, name=elasticsearch[node_s4][scheduler][T#1], state=TIMED_WAITING, group=TGRP-VietnameseAnalysisIntegrationTests]
        at java.base@17.0.6/jdk.internal.misc.Unsafe.park(Native Method)
        at java.base@17.0.6/java.util.concurrent.locks.LockSupport.parkNanos(LockSupport.java:252)
        at java.base@17.0.6/java.util.concurrent.locks.AbstractQueuedSynchronizer$ConditionObject.awaitNanos(AbstractQueuedSynchronizer.java:1672)
        at java.base@17.0.6/java.util.concurrent.ScheduledThreadPoolExecutor$DelayedWorkQueue.take(ScheduledThreadPoolExecutor.java:1182)
        at java.base@17.0.6/java.util.concurrent.ScheduledThreadPoolExecutor$DelayedWorkQueue.take(ScheduledThreadPoolExecutor.java:899)
        at java.base@17.0.6/java.util.concurrent.ThreadPoolExecutor.getTask(ThreadPoolExecutor.java:1062)
        at java.base@17.0.6/java.util.concurrent.ThreadPoolExecutor.runWorker(ThreadPoolExecutor.java:1122)
        at java.base@17.0.6/java.util.concurrent.ThreadPoolExecutor$Worker.run(ThreadPoolExecutor.java:635)
        at java.base@17.0.6/java.lang.Thread.run(Thread.java:833)
  56) Thread[id=108, name=elasticsearch[node_s3][management][T#2], state=TIMED_WAITING, group=TGRP-VietnameseAnalysisIntegrationTests]
        at java.base@17.0.6/jdk.internal.misc.Unsafe.park(Native Method)
        at java.base@17.0.6/java.util.concurrent.locks.LockSupport.parkNanos(LockSupport.java:252)
        at java.base@17.0.6/java.util.concurrent.LinkedTransferQueue.awaitMatch(LinkedTransferQueue.java:676)
        at java.base@17.0.6/java.util.concurrent.LinkedTransferQueue.xfer(LinkedTransferQueue.java:616)
        at java.base@17.0.6/java.util.concurrent.LinkedTransferQueue.poll(LinkedTransferQueue.java:1294)
        at java.base@17.0.6/java.util.concurrent.ThreadPoolExecutor.getTask(ThreadPoolExecutor.java:1061)
        at java.base@17.0.6/java.util.concurrent.ThreadPoolExecutor.runWorker(ThreadPoolExecutor.java:1122)
        at java.base@17.0.6/java.util.concurrent.ThreadPoolExecutor$Worker.run(ThreadPoolExecutor.java:635)
        at java.base@17.0.6/java.lang.Thread.run(Thread.java:833)
  57) Thread[id=84, name=elasticsearch[node_s1][generic][T#3], state=TIMED_WAITING, group=TGRP-VietnameseAnalysisIntegrationTests]
        at java.base@17.0.6/jdk.internal.misc.Unsafe.park(Native Method)
        at java.base@17.0.6/java.util.concurrent.locks.LockSupport.parkNanos(LockSupport.java:252)
        at java.base@17.0.6/java.util.concurrent.LinkedTransferQueue.awaitMatch(LinkedTransferQueue.java:676)
        at java.base@17.0.6/java.util.concurrent.LinkedTransferQueue.xfer(LinkedTransferQueue.java:616)
        at java.base@17.0.6/java.util.concurrent.LinkedTransferQueue.poll(LinkedTransferQueue.java:1294)
        at java.base@17.0.6/java.util.concurrent.ThreadPoolExecutor.getTask(ThreadPoolExecutor.java:1061)
        at java.base@17.0.6/java.util.concurrent.ThreadPoolExecutor.runWorker(ThreadPoolExecutor.java:1122)
        at java.base@17.0.6/java.util.concurrent.ThreadPoolExecutor$Worker.run(ThreadPoolExecutor.java:635)
        at java.base@17.0.6/java.lang.Thread.run(Thread.java:833)
  58) Thread[id=105, name=elasticsearch[node_s3][management][T#1], state=TIMED_WAITING, group=TGRP-VietnameseAnalysisIntegrationTests]
        at java.base@17.0.6/jdk.internal.misc.Unsafe.park(Native Method)
        at java.base@17.0.6/java.util.concurrent.locks.LockSupport.parkNanos(LockSupport.java:252)
        at java.base@17.0.6/java.util.concurrent.LinkedTransferQueue.awaitMatch(LinkedTransferQueue.java:676)
        at java.base@17.0.6/java.util.concurrent.LinkedTransferQueue.xfer(LinkedTransferQueue.java:616)
        at java.base@17.0.6/java.util.concurrent.LinkedTransferQueue.poll(LinkedTransferQueue.java:1294)
        at java.base@17.0.6/java.util.concurrent.ThreadPoolExecutor.getTask(ThreadPoolExecutor.java:1061)
        at java.base@17.0.6/java.util.concurrent.ThreadPoolExecutor.runWorker(ThreadPoolExecutor.java:1122)
        at java.base@17.0.6/java.util.concurrent.ThreadPoolExecutor$Worker.run(ThreadPoolExecutor.java:635)
        at java.base@17.0.6/java.lang.Thread.run(Thread.java:833)
  59) Thread[id=66, name=elasticsearch[node_s4][generic][T#1], state=TIMED_WAITING, group=TGRP-VietnameseAnalysisIntegrationTests]
        at java.base@17.0.6/jdk.internal.misc.Unsafe.park(Native Method)
        at java.base@17.0.6/java.util.concurrent.locks.LockSupport.parkNanos(LockSupport.java:252)
        at java.base@17.0.6/java.util.concurrent.LinkedTransferQueue.awaitMatch(LinkedTransferQueue.java:676)
        at java.base@17.0.6/java.util.concurrent.LinkedTransferQueue.xfer(LinkedTransferQueue.java:616)
        at java.base@17.0.6/java.util.concurrent.LinkedTransferQueue.poll(LinkedTransferQueue.java:1294)
        at java.base@17.0.6/java.util.concurrent.ThreadPoolExecutor.getTask(ThreadPoolExecutor.java:1061)
        at java.base@17.0.6/java.util.concurrent.ThreadPoolExecutor.runWorker(ThreadPoolExecutor.java:1122)
        at java.base@17.0.6/java.util.concurrent.ThreadPoolExecutor$Worker.run(ThreadPoolExecutor.java:635)
        at java.base@17.0.6/java.lang.Thread.run(Thread.java:833)
  60) Thread[id=59, name=elasticsearch[node_s0][transport_worker][T#3], state=RUNNABLE, group=TGRP-VietnameseAnalysisIntegrationTests]
        at java.base@17.0.6/sun.nio.ch.EPoll.wait(Native Method)
        at java.base@17.0.6/sun.nio.ch.EPollSelectorImpl.doSelect(EPollSelectorImpl.java:118)
        at java.base@17.0.6/sun.nio.ch.SelectorImpl.lockAndDoSelect(SelectorImpl.java:129)
        at java.base@17.0.6/sun.nio.ch.SelectorImpl.select(SelectorImpl.java:146)
        at app//io.netty.channel.nio.NioEventLoop.select(NioEventLoop.java:879)
        at app//io.netty.channel.nio.NioEventLoop.run(NioEventLoop.java:526)
        at app//io.netty.util.concurrent.SingleThreadEventExecutor$4.run(SingleThreadEventExecutor.java:997)
        at app//io.netty.util.internal.ThreadExecutorMap$2.run(ThreadExecutorMap.java:74)
        at java.base@17.0.6/java.lang.Thread.run(Thread.java:833)
  61) Thread[id=51, name=elasticsearch[node_s3][transport_worker][T#2], state=RUNNABLE, group=TGRP-VietnameseAnalysisIntegrationTests]
        at java.base@17.0.6/sun.nio.ch.EPoll.wait(Native Method)
        at java.base@17.0.6/sun.nio.ch.EPollSelectorImpl.doSelect(EPollSelectorImpl.java:118)
        at java.base@17.0.6/sun.nio.ch.SelectorImpl.lockAndDoSelect(SelectorImpl.java:129)
        at java.base@17.0.6/sun.nio.ch.SelectorImpl.select(SelectorImpl.java:146)
        at app//io.netty.channel.nio.NioEventLoop.select(NioEventLoop.java:879)
        at app//io.netty.channel.nio.NioEventLoop.run(NioEventLoop.java:526)
        at app//io.netty.util.concurrent.SingleThreadEventExecutor$4.run(SingleThreadEventExecutor.java:997)
        at app//io.netty.util.internal.ThreadExecutorMap$2.run(ThreadExecutorMap.java:74)
        at java.base@17.0.6/java.lang.Thread.run(Thread.java:833)
  62) Thread[id=45, name=elasticsearch[node_s1][transport_worker][T#1], state=RUNNABLE, group=TGRP-VietnameseAnalysisIntegrationTests]
        at java.base@17.0.6/sun.nio.ch.EPoll.wait(Native Method)
        at java.base@17.0.6/sun.nio.ch.EPollSelectorImpl.doSelect(EPollSelectorImpl.java:118)
        at java.base@17.0.6/sun.nio.ch.SelectorImpl.lockAndDoSelect(SelectorImpl.java:129)
        at java.base@17.0.6/sun.nio.ch.SelectorImpl.select(SelectorImpl.java:146)
        at app//io.netty.channel.nio.NioEventLoop.select(NioEventLoop.java:879)
        at app//io.netty.channel.nio.NioEventLoop.run(NioEventLoop.java:526)
        at app//io.netty.util.concurrent.SingleThreadEventExecutor$4.run(SingleThreadEventExecutor.java:997)
        at app//io.netty.util.internal.ThreadExecutorMap$2.run(ThreadExecutorMap.java:74)
        at java.base@17.0.6/java.lang.Thread.run(Thread.java:833)
  63) Thread[id=87, name=elasticsearch[node_s3][generic][T#4], state=TIMED_WAITING, group=TGRP-VietnameseAnalysisIntegrationTests]
        at java.base@17.0.6/jdk.internal.misc.Unsafe.park(Native Method)
        at java.base@17.0.6/java.util.concurrent.locks.LockSupport.parkNanos(LockSupport.java:252)
        at java.base@17.0.6/java.util.concurrent.LinkedTransferQueue.awaitMatch(LinkedTransferQueue.java:676)
        at java.base@17.0.6/java.util.concurrent.LinkedTransferQueue.xfer(LinkedTransferQueue.java:616)
        at java.base@17.0.6/java.util.concurrent.LinkedTransferQueue.poll(LinkedTransferQueue.java:1294)
        at java.base@17.0.6/java.util.concurrent.ThreadPoolExecutor.getTask(ThreadPoolExecutor.java:1061)
        at java.base@17.0.6/java.util.concurrent.ThreadPoolExecutor.runWorker(ThreadPoolExecutor.java:1122)
        at java.base@17.0.6/java.util.concurrent.ThreadPoolExecutor$Worker.run(ThreadPoolExecutor.java:635)
        at java.base@17.0.6/java.lang.Thread.run(Thread.java:833)
  64) Thread[id=92, name=elasticsearch[node_s3][AsyncLucenePersistedState#updateTask][T#1], state=WAITING, group=TGRP-VietnameseAnalysisIntegrationTests]
        at java.base@17.0.6/jdk.internal.misc.Unsafe.park(Native Method)
        at java.base@17.0.6/java.util.concurrent.locks.LockSupport.park(LockSupport.java:341)
        at java.base@17.0.6/java.util.concurrent.LinkedTransferQueue$Node.block(LinkedTransferQueue.java:470)
        at java.base@17.0.6/java.util.concurrent.ForkJoinPool.unmanagedBlock(ForkJoinPool.java:3463)
        at java.base@17.0.6/java.util.concurrent.ForkJoinPool.managedBlock(ForkJoinPool.java:3434)
        at java.base@17.0.6/java.util.concurrent.LinkedTransferQueue.awaitMatch(LinkedTransferQueue.java:669)
        at java.base@17.0.6/java.util.concurrent.LinkedTransferQueue.xfer(LinkedTransferQueue.java:616)
        at java.base@17.0.6/java.util.concurrent.LinkedTransferQueue.take(LinkedTransferQueue.java:1286)
        at app//org.elasticsearch.common.util.concurrent.SizeBlockingQueue.take(SizeBlockingQueue.java:152)
        at java.base@17.0.6/java.util.concurrent.ThreadPoolExecutor.getTask(ThreadPoolExecutor.java:1062)
        at java.base@17.0.6/java.util.concurrent.ThreadPoolExecutor.runWorker(ThreadPoolExecutor.java:1122)
        at java.base@17.0.6/java.util.concurrent.ThreadPoolExecutor$Worker.run(ThreadPoolExecutor.java:635)
        at java.base@17.0.6/java.lang.Thread.run(Thread.java:833)
  65) Thread[id=104, name=elasticsearch[node_s1][management][T#1], state=WAITING, group=TGRP-VietnameseAnalysisIntegrationTests]
        at java.base@17.0.6/jdk.internal.misc.Unsafe.park(Native Method)
        at java.base@17.0.6/java.util.concurrent.locks.LockSupport.park(LockSupport.java:341)
        at java.base@17.0.6/java.util.concurrent.LinkedTransferQueue$Node.block(LinkedTransferQueue.java:470)
        at java.base@17.0.6/java.util.concurrent.ForkJoinPool.unmanagedBlock(ForkJoinPool.java:3463)
        at java.base@17.0.6/java.util.concurrent.ForkJoinPool.managedBlock(ForkJoinPool.java:3434)
        at java.base@17.0.6/java.util.concurrent.LinkedTransferQueue.awaitMatch(LinkedTransferQueue.java:669)
        at java.base@17.0.6/java.util.concurrent.LinkedTransferQueue.xfer(LinkedTransferQueue.java:616)
        at java.base@17.0.6/java.util.concurrent.LinkedTransferQueue.take(LinkedTransferQueue.java:1286)
        at java.base@17.0.6/java.util.concurrent.ThreadPoolExecutor.getTask(ThreadPoolExecutor.java:1062)
        at java.base@17.0.6/java.util.concurrent.ThreadPoolExecutor.runWorker(ThreadPoolExecutor.java:1122)
        at java.base@17.0.6/java.util.concurrent.ThreadPoolExecutor$Worker.run(ThreadPoolExecutor.java:635)
        at java.base@17.0.6/java.lang.Thread.run(Thread.java:833)
  66) Thread[id=86, name=elasticsearch[node_s0][generic][T#3], state=TIMED_WAITING, group=TGRP-VietnameseAnalysisIntegrationTests]
        at java.base@17.0.6/jdk.internal.misc.Unsafe.park(Native Method)
        at java.base@17.0.6/java.util.concurrent.locks.LockSupport.parkNanos(LockSupport.java:252)
        at java.base@17.0.6/java.util.concurrent.LinkedTransferQueue.awaitMatch(LinkedTransferQueue.java:676)
        at java.base@17.0.6/java.util.concurrent.LinkedTransferQueue.xfer(LinkedTransferQueue.java:616)
        at java.base@17.0.6/java.util.concurrent.LinkedTransferQueue.poll(LinkedTransferQueue.java:1294)
        at java.base@17.0.6/java.util.concurrent.ThreadPoolExecutor.getTask(ThreadPoolExecutor.java:1061)
        at java.base@17.0.6/java.util.concurrent.ThreadPoolExecutor.runWorker(ThreadPoolExecutor.java:1122)
        at java.base@17.0.6/java.util.concurrent.ThreadPoolExecutor$Worker.run(ThreadPoolExecutor.java:635)
        at java.base@17.0.6/java.lang.Thread.run(Thread.java:833)
  67) Thread[id=112, name=elasticsearch[node_s3][generic][T#5], state=TIMED_WAITING, group=TGRP-VietnameseAnalysisIntegrationTests]
        at java.base@17.0.6/jdk.internal.misc.Unsafe.park(Native Method)
        at java.base@17.0.6/java.util.concurrent.locks.LockSupport.parkNanos(LockSupport.java:252)
        at java.base@17.0.6/java.util.concurrent.LinkedTransferQueue.awaitMatch(LinkedTransferQueue.java:676)
        at java.base@17.0.6/java.util.concurrent.LinkedTransferQueue.xfer(LinkedTransferQueue.java:616)
        at java.base@17.0.6/java.util.concurrent.LinkedTransferQueue.poll(LinkedTransferQueue.java:1294)
        at java.base@17.0.6/java.util.concurrent.ThreadPoolExecutor.getTask(ThreadPoolExecutor.java:1061)
        at java.base@17.0.6/java.util.concurrent.ThreadPoolExecutor.runWorker(ThreadPoolExecutor.java:1122)
        at java.base@17.0.6/java.util.concurrent.ThreadPoolExecutor$Worker.run(ThreadPoolExecutor.java:635)
        at java.base@17.0.6/java.lang.Thread.run(Thread.java:833)
  68) Thread[id=90, name=elasticsearch[node_s4][generic][T#4], state=TIMED_WAITING, group=TGRP-VietnameseAnalysisIntegrationTests]
        at java.base@17.0.6/jdk.internal.misc.Unsafe.park(Native Method)
        at java.base@17.0.6/java.util.concurrent.locks.LockSupport.parkNanos(LockSupport.java:252)
        at java.base@17.0.6/java.util.concurrent.LinkedTransferQueue.awaitMatch(LinkedTransferQueue.java:676)
        at java.base@17.0.6/java.util.concurrent.LinkedTransferQueue.xfer(LinkedTransferQueue.java:616)
        at java.base@17.0.6/java.util.concurrent.LinkedTransferQueue.poll(LinkedTransferQueue.java:1294)
        at java.base@17.0.6/java.util.concurrent.ThreadPoolExecutor.getTask(ThreadPoolExecutor.java:1061)
        at java.base@17.0.6/java.util.concurrent.ThreadPoolExecutor.runWorker(ThreadPoolExecutor.java:1122)
        at java.base@17.0.6/java.util.concurrent.ThreadPoolExecutor$Worker.run(ThreadPoolExecutor.java:635)
        at java.base@17.0.6/java.lang.Thread.run(Thread.java:833)
  69) Thread[id=115, name=elasticsearch[node_s1][generic][T#6], state=TIMED_WAITING, group=TGRP-VietnameseAnalysisIntegrationTests]
        at java.base@17.0.6/jdk.internal.misc.Unsafe.park(Native Method)
        at java.base@17.0.6/java.util.concurrent.locks.LockSupport.parkNanos(LockSupport.java:252)
        at java.base@17.0.6/java.util.concurrent.LinkedTransferQueue.awaitMatch(LinkedTransferQueue.java:676)
        at java.base@17.0.6/java.util.concurrent.LinkedTransferQueue.xfer(LinkedTransferQueue.java:616)
        at java.base@17.0.6/java.util.concurrent.LinkedTransferQueue.poll(LinkedTransferQueue.java:1294)
        at java.base@17.0.6/java.util.concurrent.ThreadPoolExecutor.getTask(ThreadPoolExecutor.java:1061)
        at java.base@17.0.6/java.util.concurrent.ThreadPoolExecutor.runWorker(ThreadPoolExecutor.java:1122)
        at java.base@17.0.6/java.util.concurrent.ThreadPoolExecutor$Worker.run(ThreadPoolExecutor.java:635)
        at java.base@17.0.6/java.lang.Thread.run(Thread.java:833)
  70) Thread[id=52, name=elasticsearch[node_s2][transport_worker][T#2], state=RUNNABLE, group=TGRP-VietnameseAnalysisIntegrationTests]
        at java.base@17.0.6/sun.nio.ch.EPoll.wait(Native Method)
        at java.base@17.0.6/sun.nio.ch.EPollSelectorImpl.doSelect(EPollSelectorImpl.java:118)
        at java.base@17.0.6/sun.nio.ch.SelectorImpl.lockAndDoSelect(SelectorImpl.java:129)
        at java.base@17.0.6/sun.nio.ch.SelectorImpl.select(SelectorImpl.java:146)
        at app//io.netty.channel.nio.NioEventLoop.select(NioEventLoop.java:879)
        at app//io.netty.channel.nio.NioEventLoop.run(NioEventLoop.java:526)
        at app//io.netty.util.concurrent.SingleThreadEventExecutor$4.run(SingleThreadEventExecutor.java:997)
        at app//io.netty.util.internal.ThreadExecutorMap$2.run(ThreadExecutorMap.java:74)
        at java.base@17.0.6/java.lang.Thread.run(Thread.java:833)
  71) Thread[id=33, name=elasticsearch[node_s1][scheduler][T#1], state=TIMED_WAITING, group=TGRP-VietnameseAnalysisIntegrationTests]
        at java.base@17.0.6/jdk.internal.misc.Unsafe.park(Native Method)
        at java.base@17.0.6/java.util.concurrent.locks.LockSupport.parkNanos(LockSupport.java:252)
        at java.base@17.0.6/java.util.concurrent.locks.AbstractQueuedSynchronizer$ConditionObject.awaitNanos(AbstractQueuedSynchronizer.java:1672)
        at java.base@17.0.6/java.util.concurrent.ScheduledThreadPoolExecutor$DelayedWorkQueue.take(ScheduledThreadPoolExecutor.java:1182)
        at java.base@17.0.6/java.util.concurrent.ScheduledThreadPoolExecutor$DelayedWorkQueue.take(ScheduledThreadPoolExecutor.java:899)
        at java.base@17.0.6/java.util.concurrent.ThreadPoolExecutor.getTask(ThreadPoolExecutor.java:1062)
        at java.base@17.0.6/java.util.concurrent.ThreadPoolExecutor.runWorker(ThreadPoolExecutor.java:1122)
        at java.base@17.0.6/java.util.concurrent.ThreadPoolExecutor$Worker.run(ThreadPoolExecutor.java:635)
        at java.base@17.0.6/java.lang.Thread.run(Thread.java:833)
  72) Thread[id=114, name=elasticsearch[node_s0][generic][T#5], state=TIMED_WAITING, group=TGRP-VietnameseAnalysisIntegrationTests]
        at java.base@17.0.6/jdk.internal.misc.Unsafe.park(Native Method)
        at java.base@17.0.6/java.util.concurrent.locks.LockSupport.parkNanos(LockSupport.java:252)
        at java.base@17.0.6/java.util.concurrent.LinkedTransferQueue.awaitMatch(LinkedTransferQueue.java:676)
        at java.base@17.0.6/java.util.concurrent.LinkedTransferQueue.xfer(LinkedTransferQueue.java:616)
        at java.base@17.0.6/java.util.concurrent.LinkedTransferQueue.poll(LinkedTransferQueue.java:1294)
        at java.base@17.0.6/java.util.concurrent.ThreadPoolExecutor.getTask(ThreadPoolExecutor.java:1061)
        at java.base@17.0.6/java.util.concurrent.ThreadPoolExecutor.runWorker(ThreadPoolExecutor.java:1122)
        at java.base@17.0.6/java.util.concurrent.ThreadPoolExecutor$Worker.run(ThreadPoolExecutor.java:635)
        at java.base@17.0.6/java.lang.Thread.run(Thread.java:833)
  73) Thread[id=85, name=elasticsearch[node_s0][generic][T#2], state=TIMED_WAITING, group=TGRP-VietnameseAnalysisIntegrationTests]
        at java.base@17.0.6/jdk.internal.misc.Unsafe.park(Native Method)
        at java.base@17.0.6/java.util.concurrent.locks.LockSupport.parkNanos(LockSupport.java:252)
        at java.base@17.0.6/java.util.concurrent.LinkedTransferQueue.awaitMatch(LinkedTransferQueue.java:676)
        at java.base@17.0.6/java.util.concurrent.LinkedTransferQueue.xfer(LinkedTransferQueue.java:616)
        at java.base@17.0.6/java.util.concurrent.LinkedTransferQueue.poll(LinkedTransferQueue.java:1294)
        at java.base@17.0.6/java.util.concurrent.ThreadPoolExecutor.getTask(ThreadPoolExecutor.java:1061)
        at java.base@17.0.6/java.util.concurrent.ThreadPoolExecutor.runWorker(ThreadPoolExecutor.java:1122)
        at java.base@17.0.6/java.util.concurrent.ThreadPoolExecutor$Worker.run(ThreadPoolExecutor.java:635)
        at java.base@17.0.6/java.lang.Thread.run(Thread.java:833)
]]></system-err>
  </testcase>
  <testcase name="org.elasticsearch.index.analysis.VietnameseAnalysisIntegrationTests" classname="org.elasticsearch.index.analysis.VietnameseAnalysisIntegrationTests" time="1,208.002">
    <error message="Captured an uncaught exception in thread: Thread[id=80, name=elasticsearch[node_s0][masterService#updateTask][T#1], state=RUNNABLE, group=TGRP-VietnameseAnalysisIntegrationTests]" type="com.carrotsearch.randomizedtesting.UncaughtExceptionError">com.carrotsearch.randomizedtesting.UncaughtExceptionError: Captured an uncaught exception in thread: Thread[id=80, name=elasticsearch[node_s0][masterService#updateTask][T#1], state=RUNNABLE, group=TGRP-VietnameseAnalysisIntegrationTests]
Caused by: java.lang.UnsatisfiedLinkError: no coccoc_tokenizer_jni in java.library.path: /usr/java/packages/lib:/usr/lib/x86_64-linux-gnu/jni:/lib/x86_64-linux-gnu:/usr/lib/x86_64-linux-gnu:/usr/lib/jni:/lib:/usr/lib
</error>
    <system-err><![CDATA[REPRODUCE WITH: ./gradlew 'null' --tests "org.elasticsearch.index.analysis.VietnameseAnalysisIntegrationTests" -Dtests.seed=837B9552CD9155BC -Dtests.locale=en-US -Dtests.timezone=Asia/Ho_Chi_Minh -Druntime.java=17
]]></system-err>
  </testcase>
</testsuite>